[2026-05-15T12:31:34.750+0700] {local_task_job_runner.py:123} INFO - ::group::Pre task execution logs
[2026-05-15T12:31:34.772+0700] {taskinstance.py:2613} INFO - Dependencies all met for dep_context=non-requeueable deps ti=<TaskInstance: dag_branch_practice.process_data scheduled__2026-05-14T00:00:00+00:00 [queued]>
[2026-05-15T12:31:34.780+0700] {taskinstance.py:2613} INFO - Dependencies all met for dep_context=requeueable deps ti=<TaskInstance: dag_branch_practice.process_data scheduled__2026-05-14T00:00:00+00:00 [queued]>
[2026-05-15T12:31:34.780+0700] {taskinstance.py:2866} INFO - Starting attempt 1 of 3
[2026-05-15T12:31:34.791+0700] {taskinstance.py:2889} INFO - Executing <Task(PythonOperator): process_data> on 2026-05-14 00:00:00+00:00
[2026-05-15T12:31:34.796+0700] {standard_task_runner.py:104} INFO - Running: ['airflow', 'tasks', 'run', 'dag_branch_practice', 'process_data', 'scheduled__2026-05-14T00:00:00+00:00', '--job-id', '27', '--raw', '--subdir', 'DAGS_FOLDER/dag_branch_practice.py', '--cfg-path', '/var/folders/zq/v7f__6w503x14tv39kvk6x580000gq/T/tmp2o4m2k76']
[2026-05-15T12:31:34.797+0700] {logging_mixin.py:190} WARNING - /Users/najma/de_learning/bulan_2/airflow_project/venv_airflow/lib/python3.12/site-packages/airflow/task/task_runner/standard_task_runner.py:70 DeprecationWarning: This process (pid=78783) is multi-threaded, use of fork() may lead to deadlocks in the child.
[2026-05-15T12:31:34.797+0700] {standard_task_runner.py:105} INFO - Job 27: Subtask process_data
[2026-05-15T12:31:34.798+0700] {standard_task_runner.py:72} INFO - Started process 78797 to run task
[2026-05-15T12:31:34.847+0700] {task_command.py:467} INFO - Running <TaskInstance: dag_branch_practice.process_data scheduled__2026-05-14T00:00:00+00:00 [running]> on host najmas-mac-air.local
[2026-05-15T12:31:34.908+0700] {taskinstance.py:3132} INFO - Exporting env vars: AIRFLOW_CTX_DAG_OWNER='najma' AIRFLOW_CTX_DAG_ID='dag_branch_practice' AIRFLOW_CTX_TASK_ID='process_data' AIRFLOW_CTX_EXECUTION_DATE='2026-05-14T00:00:00+00:00' AIRFLOW_CTX_TRY_NUMBER='1' AIRFLOW_CTX_DAG_RUN_ID='scheduled__2026-05-14T00:00:00+00:00'
[2026-05-15T12:31:34.909+0700] {logging_mixin.py:190} INFO - Task instance is in running state
[2026-05-15T12:31:34.909+0700] {logging_mixin.py:190} INFO -  Previous state of the Task instance: queued
[2026-05-15T12:31:34.909+0700] {logging_mixin.py:190} INFO - Current task name:process_data state:running start_date:2026-05-15 05:31:34.772789+00:00
[2026-05-15T12:31:34.910+0700] {logging_mixin.py:190} INFO - Dag name:dag_branch_practice and current dag run status:running
[2026-05-15T12:31:34.910+0700] {taskinstance.py:731} INFO - ::endgroup::
[2026-05-15T12:31:34.918+0700] {dag_branch_practice.py:60} INFO - Processing 9500 rows...
[2026-05-15T12:31:34.919+0700] {python.py:240} INFO - Done. Returned value was: {'processed': (19000,), 'status': 'success'}
[2026-05-15T12:31:34.940+0700] {taskinstance.py:340} INFO - ::group::Post task execution logs
[2026-05-15T12:31:34.941+0700] {taskinstance.py:352} INFO - Marking task as SUCCESS. dag_id=dag_branch_practice, task_id=process_data, run_id=scheduled__2026-05-14T00:00:00+00:00, execution_date=20260514T000000, start_date=20260515T053134, end_date=20260515T053134
[2026-05-15T12:31:34.949+0700] {logging_mixin.py:190} INFO - Task instance in success state
[2026-05-15T12:31:34.949+0700] {logging_mixin.py:190} INFO -  Previous state of the Task instance: running
[2026-05-15T12:31:34.949+0700] {logging_mixin.py:190} INFO - Dag name:dag_branch_practice queued_at:2026-05-15 05:31:24.738655+00:00
[2026-05-15T12:31:34.950+0700] {logging_mixin.py:190} INFO - Task hostname:najmas-mac-air.local operator:PythonOperator
[2026-05-15T12:31:34.996+0700] {local_task_job_runner.py:266} INFO - Task exited with return code 0
[2026-05-15T12:31:35.018+0700] {taskinstance.py:3895} INFO - 1 downstream tasks scheduled from follow-on schedule check
[2026-05-15T12:31:35.019+0700] {local_task_job_runner.py:245} INFO - ::endgroup::
