[2026-05-15T12:31:39.072+0700] {local_task_job_runner.py:123} INFO - ::group::Pre task execution logs
[2026-05-15T12:31:39.088+0700] {taskinstance.py:2613} INFO - Dependencies all met for dep_context=non-requeueable deps ti=<TaskInstance: dag_branch_practice.log_result scheduled__2026-05-14T00:00:00+00:00 [queued]>
[2026-05-15T12:31:39.094+0700] {taskinstance.py:2613} INFO - Dependencies all met for dep_context=requeueable deps ti=<TaskInstance: dag_branch_practice.log_result scheduled__2026-05-14T00:00:00+00:00 [queued]>
[2026-05-15T12:31:39.094+0700] {taskinstance.py:2866} INFO - Starting attempt 1 of 3
[2026-05-15T12:31:39.104+0700] {taskinstance.py:2889} INFO - Executing <Task(PostgresOperator): log_result> on 2026-05-14 00:00:00+00:00
[2026-05-15T12:31:39.110+0700] {standard_task_runner.py:104} INFO - Running: ['airflow', 'tasks', 'run', 'dag_branch_practice', 'log_result', 'scheduled__2026-05-14T00:00:00+00:00', '--job-id', '29', '--raw', '--subdir', 'DAGS_FOLDER/dag_branch_practice.py', '--cfg-path', '/var/folders/zq/v7f__6w503x14tv39kvk6x580000gq/T/tmp8m1w8x6v']
[2026-05-15T12:31:39.111+0700] {logging_mixin.py:190} WARNING - /Users/najma/de_learning/bulan_2/airflow_project/venv_airflow/lib/python3.12/site-packages/airflow/task/task_runner/standard_task_runner.py:70 DeprecationWarning: This process (pid=78841) is multi-threaded, use of fork() may lead to deadlocks in the child.
[2026-05-15T12:31:39.111+0700] {standard_task_runner.py:72} INFO - Started process 78855 to run task
[2026-05-15T12:31:39.111+0700] {standard_task_runner.py:105} INFO - Job 29: Subtask log_result
[2026-05-15T12:31:39.157+0700] {task_command.py:467} INFO - Running <TaskInstance: dag_branch_practice.log_result scheduled__2026-05-14T00:00:00+00:00 [running]> on host najmas-mac-air.local
[2026-05-15T12:31:39.225+0700] {taskinstance.py:3132} INFO - Exporting env vars: AIRFLOW_CTX_DAG_OWNER='najma' AIRFLOW_CTX_DAG_ID='dag_branch_practice' AIRFLOW_CTX_TASK_ID='log_result' AIRFLOW_CTX_EXECUTION_DATE='2026-05-14T00:00:00+00:00' AIRFLOW_CTX_TRY_NUMBER='1' AIRFLOW_CTX_DAG_RUN_ID='scheduled__2026-05-14T00:00:00+00:00'
[2026-05-15T12:31:39.226+0700] {logging_mixin.py:190} INFO - Task instance is in running state
[2026-05-15T12:31:39.226+0700] {logging_mixin.py:190} INFO -  Previous state of the Task instance: queued
[2026-05-15T12:31:39.226+0700] {logging_mixin.py:190} INFO - Current task name:log_result state:running start_date:2026-05-15 05:31:39.088299+00:00
[2026-05-15T12:31:39.227+0700] {logging_mixin.py:190} INFO - Dag name:dag_branch_practice and current dag run status:running
[2026-05-15T12:31:39.227+0700] {taskinstance.py:731} INFO - ::endgroup::
[2026-05-15T12:31:39.227+0700] {sql.py:278} INFO - Executing: 
            INSERT INTO pipeline_log (run_date, status)
            VALUES ('2026-05-14', 'BRANCH_COMPLETE');
        
[2026-05-15T12:31:39.236+0700] {base.py:84} INFO - Retrieving connection 'postgres_latihan_de'
[2026-05-15T12:31:39.246+0700] {base.py:84} INFO - Retrieving connection 'postgres_latihan_de'
[2026-05-15T12:31:39.252+0700] {sql.py:553} INFO - Running statement: 
            INSERT INTO pipeline_log (run_date, status)
            VALUES ('2026-05-14', 'BRANCH_COMPLETE');
        , parameters: None
[2026-05-15T12:31:39.254+0700] {sql.py:562} INFO - Rows affected: 1
[2026-05-15T12:31:39.264+0700] {taskinstance.py:340} INFO - ::group::Post task execution logs
[2026-05-15T12:31:39.265+0700] {taskinstance.py:352} INFO - Marking task as SUCCESS. dag_id=dag_branch_practice, task_id=log_result, run_id=scheduled__2026-05-14T00:00:00+00:00, execution_date=20260514T000000, start_date=20260515T053139, end_date=20260515T053139
[2026-05-15T12:31:39.274+0700] {logging_mixin.py:190} INFO - Task instance in success state
[2026-05-15T12:31:39.275+0700] {logging_mixin.py:190} INFO -  Previous state of the Task instance: running
[2026-05-15T12:31:39.275+0700] {logging_mixin.py:190} INFO - Dag name:dag_branch_practice queued_at:2026-05-15 05:31:24.738655+00:00
[2026-05-15T12:31:39.275+0700] {logging_mixin.py:190} INFO - Task hostname:najmas-mac-air.local operator:PostgresOperator
[2026-05-15T12:31:39.311+0700] {local_task_job_runner.py:266} INFO - Task exited with return code 0
[2026-05-15T12:31:39.331+0700] {taskinstance.py:3895} INFO - 0 downstream tasks scheduled from follow-on schedule check
[2026-05-15T12:31:39.331+0700] {local_task_job_runner.py:245} INFO - ::endgroup::
