[2026-05-15T12:31:26.168+0700] {local_task_job_runner.py:123} INFO - ::group::Pre task execution logs
[2026-05-15T12:31:26.183+0700] {taskinstance.py:2613} INFO - Dependencies all met for dep_context=non-requeueable deps ti=<TaskInstance: dag_branch_practice.extract scheduled__2026-05-14T00:00:00+00:00 [queued]>
[2026-05-15T12:31:26.189+0700] {taskinstance.py:2613} INFO - Dependencies all met for dep_context=requeueable deps ti=<TaskInstance: dag_branch_practice.extract scheduled__2026-05-14T00:00:00+00:00 [queued]>
[2026-05-15T12:31:26.189+0700] {taskinstance.py:2866} INFO - Starting attempt 1 of 3
[2026-05-15T12:31:26.199+0700] {taskinstance.py:2889} INFO - Executing <Task(PythonOperator): extract> on 2026-05-14 00:00:00+00:00
[2026-05-15T12:31:26.204+0700] {standard_task_runner.py:104} INFO - Running: ['airflow', 'tasks', 'run', 'dag_branch_practice', 'extract', 'scheduled__2026-05-14T00:00:00+00:00', '--job-id', '23', '--raw', '--subdir', 'DAGS_FOLDER/dag_branch_practice.py', '--cfg-path', '/var/folders/zq/v7f__6w503x14tv39kvk6x580000gq/T/tmpnli22nk5']
[2026-05-15T12:31:26.205+0700] {logging_mixin.py:190} WARNING - /Users/najma/de_learning/bulan_2/airflow_project/venv_airflow/lib/python3.12/site-packages/airflow/task/task_runner/standard_task_runner.py:70 DeprecationWarning: This process (pid=78664) is multi-threaded, use of fork() may lead to deadlocks in the child.
[2026-05-15T12:31:26.206+0700] {standard_task_runner.py:105} INFO - Job 23: Subtask extract
[2026-05-15T12:31:26.206+0700] {standard_task_runner.py:72} INFO - Started process 78680 to run task
[2026-05-15T12:31:26.251+0700] {task_command.py:467} INFO - Running <TaskInstance: dag_branch_practice.extract scheduled__2026-05-14T00:00:00+00:00 [running]> on host najmas-mac-air.local
[2026-05-15T12:31:26.326+0700] {taskinstance.py:3132} INFO - Exporting env vars: AIRFLOW_CTX_DAG_OWNER='najma' AIRFLOW_CTX_DAG_ID='dag_branch_practice' AIRFLOW_CTX_TASK_ID='extract' AIRFLOW_CTX_EXECUTION_DATE='2026-05-14T00:00:00+00:00' AIRFLOW_CTX_TRY_NUMBER='1' AIRFLOW_CTX_DAG_RUN_ID='scheduled__2026-05-14T00:00:00+00:00'
[2026-05-15T12:31:26.327+0700] {logging_mixin.py:190} INFO - Task instance is in running state
[2026-05-15T12:31:26.327+0700] {logging_mixin.py:190} INFO -  Previous state of the Task instance: queued
[2026-05-15T12:31:26.328+0700] {logging_mixin.py:190} INFO - Current task name:extract state:running start_date:2026-05-15 05:31:26.184106+00:00
[2026-05-15T12:31:26.328+0700] {logging_mixin.py:190} INFO - Dag name:dag_branch_practice and current dag run status:running
[2026-05-15T12:31:26.328+0700] {taskinstance.py:731} INFO - ::endgroup::
[2026-05-15T12:31:26.329+0700] {dag_branch_practice.py:41} INFO - Extracted 9500 rows for 2026-05-14
[2026-05-15T12:31:26.329+0700] {python.py:240} INFO - Done. Returned value was: {'rows': 9500, 'date': '2026-05-14'}
[2026-05-15T12:31:26.353+0700] {taskinstance.py:340} INFO - ::group::Post task execution logs
[2026-05-15T12:31:26.354+0700] {taskinstance.py:352} INFO - Marking task as SUCCESS. dag_id=dag_branch_practice, task_id=extract, run_id=scheduled__2026-05-14T00:00:00+00:00, execution_date=20260514T000000, start_date=20260515T053126, end_date=20260515T053126
[2026-05-15T12:31:26.362+0700] {logging_mixin.py:190} INFO - Task instance in success state
[2026-05-15T12:31:26.363+0700] {logging_mixin.py:190} INFO -  Previous state of the Task instance: running
[2026-05-15T12:31:26.363+0700] {logging_mixin.py:190} INFO - Dag name:dag_branch_practice queued_at:2026-05-15 05:31:24.738655+00:00
[2026-05-15T12:31:26.363+0700] {logging_mixin.py:190} INFO - Task hostname:najmas-mac-air.local operator:PythonOperator
[2026-05-15T12:31:26.405+0700] {local_task_job_runner.py:266} INFO - Task exited with return code 0
[2026-05-15T12:31:26.430+0700] {taskinstance.py:3895} INFO - 1 downstream tasks scheduled from follow-on schedule check
[2026-05-15T12:31:26.431+0700] {local_task_job_runner.py:245} INFO - ::endgroup::
