[2026-05-15T10:11:58.128+0700] {local_task_job_runner.py:123} INFO - ::group::Pre task execution logs
[2026-05-15T10:11:58.142+0700] {taskinstance.py:2613} INFO - Dependencies all met for dep_context=non-requeueable deps ti=<TaskInstance: dag_three_operators.insert_run_log manual__2026-05-15T03:11:50.113571+00:00 [queued]>
[2026-05-15T10:11:58.149+0700] {taskinstance.py:2613} INFO - Dependencies all met for dep_context=requeueable deps ti=<TaskInstance: dag_three_operators.insert_run_log manual__2026-05-15T03:11:50.113571+00:00 [queued]>
[2026-05-15T10:11:58.149+0700] {taskinstance.py:2866} INFO - Starting attempt 1 of 2
[2026-05-15T10:11:58.157+0700] {taskinstance.py:2889} INFO - Executing <Task(PostgresOperator): insert_run_log> on 2026-05-15 03:11:50.113571+00:00
[2026-05-15T10:11:58.162+0700] {standard_task_runner.py:104} INFO - Running: ['airflow', 'tasks', 'run', 'dag_three_operators', 'insert_run_log', 'manual__2026-05-15T03:11:50.113571+00:00', '--job-id', '13', '--raw', '--subdir', 'DAGS_FOLDER/dag_three_operators.py', '--cfg-path', '/var/folders/zq/v7f__6w503x14tv39kvk6x580000gq/T/tmpln__ibpg']
[2026-05-15T10:11:58.163+0700] {logging_mixin.py:190} WARNING - /Users/najma/de_learning/bulan_2/airflow_project/venv_airflow/lib/python3.12/site-packages/airflow/task/task_runner/standard_task_runner.py:70 DeprecationWarning: This process (pid=43355) is multi-threaded, use of fork() may lead to deadlocks in the child.
[2026-05-15T10:11:58.163+0700] {standard_task_runner.py:105} INFO - Job 13: Subtask insert_run_log
[2026-05-15T10:11:58.163+0700] {standard_task_runner.py:72} INFO - Started process 43369 to run task
[2026-05-15T10:11:58.215+0700] {task_command.py:467} INFO - Running <TaskInstance: dag_three_operators.insert_run_log manual__2026-05-15T03:11:50.113571+00:00 [running]> on host najmas-mac-air.local
[2026-05-15T10:11:58.291+0700] {taskinstance.py:3132} INFO - Exporting env vars: AIRFLOW_CTX_DAG_OWNER='najma' AIRFLOW_CTX_DAG_ID='dag_three_operators' AIRFLOW_CTX_TASK_ID='insert_run_log' AIRFLOW_CTX_EXECUTION_DATE='2026-05-15T03:11:50.113571+00:00' AIRFLOW_CTX_TRY_NUMBER='1' AIRFLOW_CTX_DAG_RUN_ID='manual__2026-05-15T03:11:50.113571+00:00'
[2026-05-15T10:11:58.293+0700] {logging_mixin.py:190} INFO - Task instance is in running state
[2026-05-15T10:11:58.293+0700] {logging_mixin.py:190} INFO -  Previous state of the Task instance: queued
[2026-05-15T10:11:58.293+0700] {logging_mixin.py:190} INFO - Current task name:insert_run_log state:running start_date:2026-05-15 03:11:58.142350+00:00
[2026-05-15T10:11:58.293+0700] {logging_mixin.py:190} INFO - Dag name:dag_three_operators and current dag run status:running
[2026-05-15T10:11:58.294+0700] {taskinstance.py:731} INFO - ::endgroup::
[2026-05-15T10:11:58.294+0700] {sql.py:278} INFO - Executing: 
            INSERT INTO pipeline_log (run_date, status)
            VALUES ('2026-05-15', 'SUCCESS');
        
[2026-05-15T10:11:58.304+0700] {base.py:84} INFO - Retrieving connection 'postgres_latihan_de'
[2026-05-15T10:11:58.313+0700] {base.py:84} INFO - Retrieving connection 'postgres_latihan_de'
[2026-05-15T10:11:58.317+0700] {sql.py:553} INFO - Running statement: 
            INSERT INTO pipeline_log (run_date, status)
            VALUES ('2026-05-15', 'SUCCESS');
        , parameters: None
[2026-05-15T10:11:58.319+0700] {sql.py:562} INFO - Rows affected: 1
[2026-05-15T10:11:58.328+0700] {taskinstance.py:340} INFO - ::group::Post task execution logs
[2026-05-15T10:11:58.329+0700] {taskinstance.py:352} INFO - Marking task as SUCCESS. dag_id=dag_three_operators, task_id=insert_run_log, run_id=manual__2026-05-15T03:11:50.113571+00:00, execution_date=20260515T031150, start_date=20260515T031158, end_date=20260515T031158
[2026-05-15T10:11:58.336+0700] {logging_mixin.py:190} INFO - Task instance in success state
[2026-05-15T10:11:58.337+0700] {logging_mixin.py:190} INFO -  Previous state of the Task instance: running
[2026-05-15T10:11:58.337+0700] {logging_mixin.py:190} INFO - Dag name:dag_three_operators queued_at:2026-05-15 03:11:50.127167+00:00
[2026-05-15T10:11:58.337+0700] {logging_mixin.py:190} INFO - Task hostname:najmas-mac-air.local operator:PostgresOperator
[2026-05-15T10:11:58.363+0700] {local_task_job_runner.py:266} INFO - Task exited with return code 0
[2026-05-15T10:11:58.382+0700] {taskinstance.py:3895} INFO - 0 downstream tasks scheduled from follow-on schedule check
[2026-05-15T10:11:58.383+0700] {local_task_job_runner.py:245} INFO - ::endgroup::
