[2026-05-15T11:54:55.631+0700] {local_task_job_runner.py:123} INFO - ::group::Pre task execution logs
[2026-05-15T11:54:55.646+0700] {taskinstance.py:2613} INFO - Dependencies all met for dep_context=non-requeueable deps ti=<TaskInstance: dag_xcom_practice.log_to_db manual__2026-05-15T04:54:39.829143+00:00 [queued]>
[2026-05-15T11:54:55.656+0700] {taskinstance.py:2613} INFO - Dependencies all met for dep_context=requeueable deps ti=<TaskInstance: dag_xcom_practice.log_to_db manual__2026-05-15T04:54:39.829143+00:00 [queued]>
[2026-05-15T11:54:55.656+0700] {taskinstance.py:2866} INFO - Starting attempt 1 of 2
[2026-05-15T11:54:55.666+0700] {taskinstance.py:2889} INFO - Executing <Task(PostgresOperator): log_to_db> on 2026-05-15 04:54:39.829143+00:00
[2026-05-15T11:54:55.671+0700] {standard_task_runner.py:104} INFO - Running: ['airflow', 'tasks', 'run', 'dag_xcom_practice', 'log_to_db', 'manual__2026-05-15T04:54:39.829143+00:00', '--job-id', '22', '--raw', '--subdir', 'DAGS_FOLDER/dag_xcom_practice.py', '--cfg-path', '/var/folders/zq/v7f__6w503x14tv39kvk6x580000gq/T/tmpxj34_ebs']
[2026-05-15T11:54:55.672+0700] {logging_mixin.py:190} WARNING - /Users/najma/de_learning/bulan_2/airflow_project/venv_airflow/lib/python3.12/site-packages/airflow/task/task_runner/standard_task_runner.py:70 DeprecationWarning: This process (pid=67292) is multi-threaded, use of fork() may lead to deadlocks in the child.
[2026-05-15T11:54:55.673+0700] {standard_task_runner.py:105} INFO - Job 22: Subtask log_to_db
[2026-05-15T11:54:55.673+0700] {standard_task_runner.py:72} INFO - Started process 67307 to run task
[2026-05-15T11:54:55.719+0700] {task_command.py:467} INFO - Running <TaskInstance: dag_xcom_practice.log_to_db manual__2026-05-15T04:54:39.829143+00:00 [running]> on host najmas-mac-air.local
[2026-05-15T11:54:55.784+0700] {taskinstance.py:3132} INFO - Exporting env vars: AIRFLOW_CTX_DAG_OWNER='najma' AIRFLOW_CTX_DAG_ID='dag_xcom_practice' AIRFLOW_CTX_TASK_ID='log_to_db' AIRFLOW_CTX_EXECUTION_DATE='2026-05-15T04:54:39.829143+00:00' AIRFLOW_CTX_TRY_NUMBER='1' AIRFLOW_CTX_DAG_RUN_ID='manual__2026-05-15T04:54:39.829143+00:00'
[2026-05-15T11:54:55.785+0700] {logging_mixin.py:190} INFO - Task instance is in running state
[2026-05-15T11:54:55.785+0700] {logging_mixin.py:190} INFO -  Previous state of the Task instance: queued
[2026-05-15T11:54:55.785+0700] {logging_mixin.py:190} INFO - Current task name:log_to_db state:running start_date:2026-05-15 04:54:55.646622+00:00
[2026-05-15T11:54:55.785+0700] {logging_mixin.py:190} INFO - Dag name:dag_xcom_practice and current dag run status:running
[2026-05-15T11:54:55.786+0700] {taskinstance.py:731} INFO - ::endgroup::
[2026-05-15T11:54:55.786+0700] {sql.py:278} INFO - Executing: 
            INSERT INTO pipeline_log (run_date, status)
            VALUES ('2026-05-15', 'XCOM_SUCCESS');
        
[2026-05-15T11:54:55.793+0700] {base.py:84} INFO - Retrieving connection 'postgres_latihan_de'
[2026-05-15T11:54:55.801+0700] {base.py:84} INFO - Retrieving connection 'postgres_latihan_de'
[2026-05-15T11:54:55.805+0700] {sql.py:553} INFO - Running statement: 
            INSERT INTO pipeline_log (run_date, status)
            VALUES ('2026-05-15', 'XCOM_SUCCESS');
        , parameters: None
[2026-05-15T11:54:55.806+0700] {sql.py:562} INFO - Rows affected: 1
[2026-05-15T11:54:55.817+0700] {taskinstance.py:340} INFO - ::group::Post task execution logs
[2026-05-15T11:54:55.817+0700] {taskinstance.py:352} INFO - Marking task as SUCCESS. dag_id=dag_xcom_practice, task_id=log_to_db, run_id=manual__2026-05-15T04:54:39.829143+00:00, execution_date=20260515T045439, start_date=20260515T045455, end_date=20260515T045455
[2026-05-15T11:54:55.825+0700] {logging_mixin.py:190} INFO - Task instance in success state
[2026-05-15T11:54:55.826+0700] {logging_mixin.py:190} INFO -  Previous state of the Task instance: running
[2026-05-15T11:54:55.826+0700] {logging_mixin.py:190} INFO - Dag name:dag_xcom_practice queued_at:2026-05-15 04:54:39.841954+00:00
[2026-05-15T11:54:55.826+0700] {logging_mixin.py:190} INFO - Task hostname:najmas-mac-air.local operator:PostgresOperator
[2026-05-15T11:54:55.872+0700] {local_task_job_runner.py:266} INFO - Task exited with return code 0
[2026-05-15T11:54:55.897+0700] {taskinstance.py:3895} INFO - 0 downstream tasks scheduled from follow-on schedule check
[2026-05-15T11:54:55.898+0700] {local_task_job_runner.py:245} INFO - ::endgroup::
