[2026-05-15T12:31:28.299+0700] {local_task_job_runner.py:123} INFO - ::group::Pre task execution logs
[2026-05-15T12:31:28.316+0700] {taskinstance.py:2613} INFO - Dependencies all met for dep_context=non-requeueable deps ti=<TaskInstance: dag_branch_practice.extract manual__2026-05-15T05:31:24.305955+00:00 [queued]>
[2026-05-15T12:31:28.322+0700] {taskinstance.py:2613} INFO - Dependencies all met for dep_context=requeueable deps ti=<TaskInstance: dag_branch_practice.extract manual__2026-05-15T05:31:24.305955+00:00 [queued]>
[2026-05-15T12:31:28.322+0700] {taskinstance.py:2866} INFO - Starting attempt 1 of 3
[2026-05-15T12:31:28.332+0700] {taskinstance.py:2889} INFO - Executing <Task(PythonOperator): extract> on 2026-05-15 05:31:24.305955+00:00
[2026-05-15T12:31:28.338+0700] {standard_task_runner.py:104} INFO - Running: ['airflow', 'tasks', 'run', 'dag_branch_practice', 'extract', 'manual__2026-05-15T05:31:24.305955+00:00', '--job-id', '24', '--raw', '--subdir', 'DAGS_FOLDER/dag_branch_practice.py', '--cfg-path', '/var/folders/zq/v7f__6w503x14tv39kvk6x580000gq/T/tmpf3x5g6ue']
[2026-05-15T12:31:28.339+0700] {logging_mixin.py:190} WARNING - /Users/najma/de_learning/bulan_2/airflow_project/venv_airflow/lib/python3.12/site-packages/airflow/task/task_runner/standard_task_runner.py:70 DeprecationWarning: This process (pid=78694) is multi-threaded, use of fork() may lead to deadlocks in the child.
[2026-05-15T12:31:28.339+0700] {standard_task_runner.py:72} INFO - Started process 78708 to run task
[2026-05-15T12:31:28.339+0700] {standard_task_runner.py:105} INFO - Job 24: Subtask extract
[2026-05-15T12:31:28.389+0700] {task_command.py:467} INFO - Running <TaskInstance: dag_branch_practice.extract manual__2026-05-15T05:31:24.305955+00:00 [running]> on host najmas-mac-air.local
[2026-05-15T12:31:28.452+0700] {taskinstance.py:3132} INFO - Exporting env vars: AIRFLOW_CTX_DAG_OWNER='najma' AIRFLOW_CTX_DAG_ID='dag_branch_practice' AIRFLOW_CTX_TASK_ID='extract' AIRFLOW_CTX_EXECUTION_DATE='2026-05-15T05:31:24.305955+00:00' AIRFLOW_CTX_TRY_NUMBER='1' AIRFLOW_CTX_DAG_RUN_ID='manual__2026-05-15T05:31:24.305955+00:00'
[2026-05-15T12:31:28.454+0700] {logging_mixin.py:190} INFO - Task instance is in running state
[2026-05-15T12:31:28.454+0700] {logging_mixin.py:190} INFO -  Previous state of the Task instance: queued
[2026-05-15T12:31:28.454+0700] {logging_mixin.py:190} INFO - Current task name:extract state:running start_date:2026-05-15 05:31:28.316814+00:00
[2026-05-15T12:31:28.454+0700] {logging_mixin.py:190} INFO - Dag name:dag_branch_practice and current dag run status:running
[2026-05-15T12:31:28.455+0700] {taskinstance.py:731} INFO - ::endgroup::
[2026-05-15T12:31:28.455+0700] {dag_branch_practice.py:41} INFO - Extracted 500 rows for 2026-05-15
[2026-05-15T12:31:28.455+0700] {python.py:240} INFO - Done. Returned value was: {'rows': 500, 'date': '2026-05-15'}
[2026-05-15T12:31:28.475+0700] {taskinstance.py:340} INFO - ::group::Post task execution logs
[2026-05-15T12:31:28.476+0700] {taskinstance.py:352} INFO - Marking task as SUCCESS. dag_id=dag_branch_practice, task_id=extract, run_id=manual__2026-05-15T05:31:24.305955+00:00, execution_date=20260515T053124, start_date=20260515T053128, end_date=20260515T053128
[2026-05-15T12:31:28.481+0700] {logging_mixin.py:190} INFO - Task instance in success state
[2026-05-15T12:31:28.482+0700] {logging_mixin.py:190} INFO -  Previous state of the Task instance: running
[2026-05-15T12:31:28.482+0700] {logging_mixin.py:190} INFO - Dag name:dag_branch_practice queued_at:2026-05-15 05:31:24.322075+00:00
[2026-05-15T12:31:28.482+0700] {logging_mixin.py:190} INFO - Task hostname:najmas-mac-air.local operator:PythonOperator
[2026-05-15T12:31:28.494+0700] {local_task_job_runner.py:266} INFO - Task exited with return code 0
[2026-05-15T12:31:28.521+0700] {taskinstance.py:3895} INFO - 1 downstream tasks scheduled from follow-on schedule check
[2026-05-15T12:31:28.522+0700] {local_task_job_runner.py:245} INFO - ::endgroup::
