[2026-05-15T10:11:56.286+0700] {local_task_job_runner.py:123} INFO - ::group::Pre task execution logs
[2026-05-15T10:11:56.299+0700] {taskinstance.py:2613} INFO - Dependencies all met for dep_context=non-requeueable deps ti=<TaskInstance: dag_three_operators.create_log_table manual__2026-05-15T03:11:50.113571+00:00 [queued]>
[2026-05-15T10:11:56.306+0700] {taskinstance.py:2613} INFO - Dependencies all met for dep_context=requeueable deps ti=<TaskInstance: dag_three_operators.create_log_table manual__2026-05-15T03:11:50.113571+00:00 [queued]>
[2026-05-15T10:11:56.306+0700] {taskinstance.py:2866} INFO - Starting attempt 1 of 2
[2026-05-15T10:11:56.315+0700] {taskinstance.py:2889} INFO - Executing <Task(PostgresOperator): create_log_table> on 2026-05-15 03:11:50.113571+00:00
[2026-05-15T10:11:56.320+0700] {logging_mixin.py:190} WARNING - /Users/najma/de_learning/bulan_2/airflow_project/venv_airflow/lib/python3.12/site-packages/airflow/task/task_runner/standard_task_runner.py:70 DeprecationWarning: This process (pid=43325) is multi-threaded, use of fork() may lead to deadlocks in the child.
[2026-05-15T10:11:56.321+0700] {standard_task_runner.py:72} INFO - Started process 43338 to run task
[2026-05-15T10:11:56.320+0700] {standard_task_runner.py:104} INFO - Running: ['airflow', 'tasks', 'run', 'dag_three_operators', 'create_log_table', 'manual__2026-05-15T03:11:50.113571+00:00', '--job-id', '12', '--raw', '--subdir', 'DAGS_FOLDER/dag_three_operators.py', '--cfg-path', '/var/folders/zq/v7f__6w503x14tv39kvk6x580000gq/T/tmp0tmhavad']
[2026-05-15T10:11:56.321+0700] {standard_task_runner.py:105} INFO - Job 12: Subtask create_log_table
[2026-05-15T10:11:56.365+0700] {task_command.py:467} INFO - Running <TaskInstance: dag_three_operators.create_log_table manual__2026-05-15T03:11:50.113571+00:00 [running]> on host najmas-mac-air.local
[2026-05-15T10:11:56.432+0700] {taskinstance.py:3132} INFO - Exporting env vars: AIRFLOW_CTX_DAG_OWNER='najma' AIRFLOW_CTX_DAG_ID='dag_three_operators' AIRFLOW_CTX_TASK_ID='create_log_table' AIRFLOW_CTX_EXECUTION_DATE='2026-05-15T03:11:50.113571+00:00' AIRFLOW_CTX_TRY_NUMBER='1' AIRFLOW_CTX_DAG_RUN_ID='manual__2026-05-15T03:11:50.113571+00:00'
[2026-05-15T10:11:56.433+0700] {logging_mixin.py:190} INFO - Task instance is in running state
[2026-05-15T10:11:56.433+0700] {logging_mixin.py:190} INFO -  Previous state of the Task instance: queued
[2026-05-15T10:11:56.433+0700] {logging_mixin.py:190} INFO - Current task name:create_log_table state:running start_date:2026-05-15 03:11:56.299978+00:00
[2026-05-15T10:11:56.433+0700] {logging_mixin.py:190} INFO - Dag name:dag_three_operators and current dag run status:running
[2026-05-15T10:11:56.434+0700] {taskinstance.py:731} INFO - ::endgroup::
[2026-05-15T10:11:56.434+0700] {sql.py:278} INFO - Executing: 
            CREATE TABLE IF NOT EXISTS pipeline_log (
                id              SERIAL PRIMARY KEY,
                run_date        DATE NOT NULL,
                status          VARCHAR(20),
                created_at      TIMESTAMP DEFAULT NOW()
            );
        
[2026-05-15T10:11:56.443+0700] {base.py:84} INFO - Retrieving connection 'postgres_latihan_de'
[2026-05-15T10:11:56.452+0700] {base.py:84} INFO - Retrieving connection 'postgres_latihan_de'
[2026-05-15T10:11:56.458+0700] {sql.py:553} INFO - Running statement: 
            CREATE TABLE IF NOT EXISTS pipeline_log (
                id              SERIAL PRIMARY KEY,
                run_date        DATE NOT NULL,
                status          VARCHAR(20),
                created_at      TIMESTAMP DEFAULT NOW()
            );
        , parameters: None
[2026-05-15T10:11:56.468+0700] {taskinstance.py:340} INFO - ::group::Post task execution logs
[2026-05-15T10:11:56.469+0700] {taskinstance.py:352} INFO - Marking task as SUCCESS. dag_id=dag_three_operators, task_id=create_log_table, run_id=manual__2026-05-15T03:11:50.113571+00:00, execution_date=20260515T031150, start_date=20260515T031156, end_date=20260515T031156
[2026-05-15T10:11:56.477+0700] {logging_mixin.py:190} INFO - Task instance in success state
[2026-05-15T10:11:56.477+0700] {logging_mixin.py:190} INFO -  Previous state of the Task instance: running
[2026-05-15T10:11:56.477+0700] {logging_mixin.py:190} INFO - Dag name:dag_three_operators queued_at:2026-05-15 03:11:50.127167+00:00
[2026-05-15T10:11:56.477+0700] {logging_mixin.py:190} INFO - Task hostname:najmas-mac-air.local operator:PostgresOperator
[2026-05-15T10:11:56.520+0700] {local_task_job_runner.py:266} INFO - Task exited with return code 0
[2026-05-15T10:11:56.541+0700] {taskinstance.py:3895} INFO - 1 downstream tasks scheduled from follow-on schedule check
[2026-05-15T10:11:56.542+0700] {local_task_job_runner.py:245} INFO - ::endgroup::
