[2026-05-15T12:32:41.269+0700] {local_task_job_runner.py:123} INFO - ::group::Pre task execution logs
[2026-05-15T12:32:41.291+0700] {taskinstance.py:2613} INFO - Dependencies all met for dep_context=non-requeueable deps ti=<TaskInstance: dag_branch_practice.handle_empty_data manual__2026-05-15T05:32:34.843133+00:00 [queued]>
[2026-05-15T12:32:41.301+0700] {taskinstance.py:2613} INFO - Dependencies all met for dep_context=requeueable deps ti=<TaskInstance: dag_branch_practice.handle_empty_data manual__2026-05-15T05:32:34.843133+00:00 [queued]>
[2026-05-15T12:32:41.302+0700] {taskinstance.py:2866} INFO - Starting attempt 1 of 3
[2026-05-15T12:32:41.311+0700] {taskinstance.py:2889} INFO - Executing <Task(PythonOperator): handle_empty_data> on 2026-05-15 05:32:34.843133+00:00
[2026-05-15T12:32:41.318+0700] {logging_mixin.py:190} WARNING - /Users/najma/de_learning/bulan_2/airflow_project/venv_airflow/lib/python3.12/site-packages/airflow/task/task_runner/standard_task_runner.py:70 DeprecationWarning: This process (pid=79407) is multi-threaded, use of fork() may lead to deadlocks in the child.
[2026-05-15T12:32:41.319+0700] {standard_task_runner.py:72} INFO - Started process 79421 to run task
[2026-05-15T12:32:41.320+0700] {standard_task_runner.py:104} INFO - Running: ['airflow', 'tasks', 'run', 'dag_branch_practice', 'handle_empty_data', 'manual__2026-05-15T05:32:34.843133+00:00', '--job-id', '41', '--raw', '--subdir', 'DAGS_FOLDER/dag_branch_practice.py', '--cfg-path', '/var/folders/zq/v7f__6w503x14tv39kvk6x580000gq/T/tmp6rzb1z72']
[2026-05-15T12:32:41.321+0700] {standard_task_runner.py:105} INFO - Job 41: Subtask handle_empty_data
[2026-05-15T12:32:41.385+0700] {task_command.py:467} INFO - Running <TaskInstance: dag_branch_practice.handle_empty_data manual__2026-05-15T05:32:34.843133+00:00 [running]> on host najmas-mac-air.local
[2026-05-15T12:32:41.469+0700] {taskinstance.py:3132} INFO - Exporting env vars: AIRFLOW_CTX_DAG_OWNER='najma' AIRFLOW_CTX_DAG_ID='dag_branch_practice' AIRFLOW_CTX_TASK_ID='handle_empty_data' AIRFLOW_CTX_EXECUTION_DATE='2026-05-15T05:32:34.843133+00:00' AIRFLOW_CTX_TRY_NUMBER='1' AIRFLOW_CTX_DAG_RUN_ID='manual__2026-05-15T05:32:34.843133+00:00'
[2026-05-15T12:32:41.470+0700] {logging_mixin.py:190} INFO - Task instance is in running state
[2026-05-15T12:32:41.470+0700] {logging_mixin.py:190} INFO -  Previous state of the Task instance: queued
[2026-05-15T12:32:41.471+0700] {logging_mixin.py:190} INFO - Current task name:handle_empty_data state:running start_date:2026-05-15 05:32:41.291837+00:00
[2026-05-15T12:32:41.471+0700] {logging_mixin.py:190} INFO - Dag name:dag_branch_practice and current dag run status:running
[2026-05-15T12:32:41.471+0700] {taskinstance.py:731} INFO - ::endgroup::
[2026-05-15T12:32:41.481+0700] {dag_branch_practice.py:68} WARNING - Insufficient data: 500 rows -- alerting team
[2026-05-15T12:32:41.481+0700] {python.py:240} INFO - Done. Returned value was: None
[2026-05-15T12:32:41.492+0700] {taskinstance.py:340} INFO - ::group::Post task execution logs
[2026-05-15T12:32:41.492+0700] {taskinstance.py:352} INFO - Marking task as SUCCESS. dag_id=dag_branch_practice, task_id=handle_empty_data, run_id=manual__2026-05-15T05:32:34.843133+00:00, execution_date=20260515T053234, start_date=20260515T053241, end_date=20260515T053241
[2026-05-15T12:32:41.498+0700] {logging_mixin.py:190} INFO - Task instance in success state
[2026-05-15T12:32:41.498+0700] {logging_mixin.py:190} INFO -  Previous state of the Task instance: running
[2026-05-15T12:32:41.499+0700] {logging_mixin.py:190} INFO - Dag name:dag_branch_practice queued_at:2026-05-15 05:32:34.849380+00:00
[2026-05-15T12:32:41.499+0700] {logging_mixin.py:190} INFO - Task hostname:najmas-mac-air.local operator:PythonOperator
[2026-05-15T12:32:41.518+0700] {local_task_job_runner.py:266} INFO - Task exited with return code 0
[2026-05-15T12:32:41.541+0700] {taskinstance.py:3895} INFO - 1 downstream tasks scheduled from follow-on schedule check
[2026-05-15T12:32:41.542+0700] {local_task_job_runner.py:245} INFO - ::endgroup::
