[2026-05-15T09:47:31.392+0700] {local_task_job_runner.py:123} INFO - ::group::Pre task execution logs
[2026-05-15T09:47:31.406+0700] {taskinstance.py:2613} INFO - Dependencies all met for dep_context=non-requeueable deps ti=<TaskInstance: dag_three_operators.check_disk_space scheduled__2026-05-14T00:00:00+00:00 [queued]>
[2026-05-15T09:47:31.411+0700] {taskinstance.py:2613} INFO - Dependencies all met for dep_context=requeueable deps ti=<TaskInstance: dag_three_operators.check_disk_space scheduled__2026-05-14T00:00:00+00:00 [queued]>
[2026-05-15T09:47:31.411+0700] {taskinstance.py:2866} INFO - Starting attempt 1 of 2
[2026-05-15T09:47:31.420+0700] {taskinstance.py:2889} INFO - Executing <Task(BashOperator): check_disk_space> on 2026-05-14 00:00:00+00:00
[2026-05-15T09:47:31.426+0700] {logging_mixin.py:190} WARNING - /Users/najma/de_learning/bulan_2/airflow_project/venv_airflow/lib/python3.12/site-packages/airflow/task/task_runner/standard_task_runner.py:70 DeprecationWarning: This process (pid=35564) is multi-threaded, use of fork() may lead to deadlocks in the child.
[2026-05-15T09:47:31.426+0700] {standard_task_runner.py:104} INFO - Running: ['airflow', 'tasks', 'run', 'dag_three_operators', 'check_disk_space', 'scheduled__2026-05-14T00:00:00+00:00', '--job-id', '2', '--raw', '--subdir', 'DAGS_FOLDER/dag_three_operators.py', '--cfg-path', '/var/folders/zq/v7f__6w503x14tv39kvk6x580000gq/T/tmpxkkufwwy']
[2026-05-15T09:47:31.427+0700] {standard_task_runner.py:72} INFO - Started process 35578 to run task
[2026-05-15T09:47:31.427+0700] {standard_task_runner.py:105} INFO - Job 2: Subtask check_disk_space
[2026-05-15T09:47:31.486+0700] {task_command.py:467} INFO - Running <TaskInstance: dag_three_operators.check_disk_space scheduled__2026-05-14T00:00:00+00:00 [running]> on host najmas-mac-air.local
[2026-05-15T09:47:31.561+0700] {taskinstance.py:3132} INFO - Exporting env vars: AIRFLOW_CTX_DAG_OWNER='najma' AIRFLOW_CTX_DAG_ID='dag_three_operators' AIRFLOW_CTX_TASK_ID='check_disk_space' AIRFLOW_CTX_EXECUTION_DATE='2026-05-14T00:00:00+00:00' AIRFLOW_CTX_TRY_NUMBER='1' AIRFLOW_CTX_DAG_RUN_ID='scheduled__2026-05-14T00:00:00+00:00'
[2026-05-15T09:47:31.562+0700] {logging_mixin.py:190} INFO - Task instance is in running state
[2026-05-15T09:47:31.562+0700] {logging_mixin.py:190} INFO -  Previous state of the Task instance: queued
[2026-05-15T09:47:31.563+0700] {logging_mixin.py:190} INFO - Current task name:check_disk_space state:running start_date:2026-05-15 02:47:31.406239+00:00
[2026-05-15T09:47:31.563+0700] {logging_mixin.py:190} INFO - Dag name:dag_three_operators and current dag run status:running
[2026-05-15T09:47:31.563+0700] {taskinstance.py:731} INFO - ::endgroup::
[2026-05-15T09:47:31.567+0700] {subprocess.py:78} INFO - Tmp dir root location: /var/folders/zq/v7f__6w503x14tv39kvk6x580000gq/T
[2026-05-15T09:47:31.567+0700] {subprocess.py:88} INFO - Running command: ['/bin/bash', '-c', 'df -h / | tail -1']
[2026-05-15T09:47:31.572+0700] {subprocess.py:99} INFO - Output:
[2026-05-15T09:47:31.588+0700] {subprocess.py:106} INFO - /dev/disk3s1s1  228Gi   12Gi   32Gi    28%  349475 337354520    0%   /
[2026-05-15T09:47:31.588+0700] {subprocess.py:110} INFO - Command exited with return code 0
[2026-05-15T09:47:31.619+0700] {taskinstance.py:340} INFO - ::group::Post task execution logs
[2026-05-15T09:47:31.620+0700] {taskinstance.py:352} INFO - Marking task as SUCCESS. dag_id=dag_three_operators, task_id=check_disk_space, run_id=scheduled__2026-05-14T00:00:00+00:00, execution_date=20260514T000000, start_date=20260515T024731, end_date=20260515T024731
[2026-05-15T09:47:31.630+0700] {logging_mixin.py:190} INFO - Task instance in success state
[2026-05-15T09:47:31.630+0700] {logging_mixin.py:190} INFO -  Previous state of the Task instance: running
[2026-05-15T09:47:31.630+0700] {logging_mixin.py:190} INFO - Dag name:dag_three_operators queued_at:2026-05-15 02:47:29.736203+00:00
[2026-05-15T09:47:31.630+0700] {logging_mixin.py:190} INFO - Task hostname:najmas-mac-air.local operator:BashOperator
[2026-05-15T09:47:31.672+0700] {local_task_job_runner.py:266} INFO - Task exited with return code 0
[2026-05-15T09:47:31.694+0700] {taskinstance.py:3895} INFO - 1 downstream tasks scheduled from follow-on schedule check
[2026-05-15T09:47:31.695+0700] {local_task_job_runner.py:245} INFO - ::endgroup::
