[2026-05-15T11:54:45.988+0700] {local_task_job_runner.py:123} INFO - ::group::Pre task execution logs
[2026-05-15T11:54:46.002+0700] {taskinstance.py:2613} INFO - Dependencies all met for dep_context=non-requeueable deps ti=<TaskInstance: dag_xcom_practice.transform scheduled__2026-05-14T00:00:00+00:00 [queued]>
[2026-05-15T11:54:46.008+0700] {taskinstance.py:2613} INFO - Dependencies all met for dep_context=requeueable deps ti=<TaskInstance: dag_xcom_practice.transform scheduled__2026-05-14T00:00:00+00:00 [queued]>
[2026-05-15T11:54:46.008+0700] {taskinstance.py:2866} INFO - Starting attempt 1 of 2
[2026-05-15T11:54:46.017+0700] {taskinstance.py:2889} INFO - Executing <Task(PythonOperator): transform> on 2026-05-14 00:00:00+00:00
[2026-05-15T11:54:46.021+0700] {standard_task_runner.py:104} INFO - Running: ['airflow', 'tasks', 'run', 'dag_xcom_practice', 'transform', 'scheduled__2026-05-14T00:00:00+00:00', '--job-id', '17', '--raw', '--subdir', 'DAGS_FOLDER/dag_xcom_practice.py', '--cfg-path', '/var/folders/zq/v7f__6w503x14tv39kvk6x580000gq/T/tmpjl076dqp']
[2026-05-15T11:54:46.022+0700] {logging_mixin.py:190} WARNING - /Users/najma/de_learning/bulan_2/airflow_project/venv_airflow/lib/python3.12/site-packages/airflow/task/task_runner/standard_task_runner.py:70 DeprecationWarning: This process (pid=67140) is multi-threaded, use of fork() may lead to deadlocks in the child.
[2026-05-15T11:54:46.023+0700] {standard_task_runner.py:72} INFO - Started process 67155 to run task
[2026-05-15T11:54:46.023+0700] {standard_task_runner.py:105} INFO - Job 17: Subtask transform
[2026-05-15T11:54:46.075+0700] {task_command.py:467} INFO - Running <TaskInstance: dag_xcom_practice.transform scheduled__2026-05-14T00:00:00+00:00 [running]> on host najmas-mac-air.local
[2026-05-15T11:54:46.140+0700] {taskinstance.py:3132} INFO - Exporting env vars: AIRFLOW_CTX_DAG_OWNER='najma' AIRFLOW_CTX_DAG_ID='dag_xcom_practice' AIRFLOW_CTX_TASK_ID='transform' AIRFLOW_CTX_EXECUTION_DATE='2026-05-14T00:00:00+00:00' AIRFLOW_CTX_TRY_NUMBER='1' AIRFLOW_CTX_DAG_RUN_ID='scheduled__2026-05-14T00:00:00+00:00'
[2026-05-15T11:54:46.141+0700] {logging_mixin.py:190} INFO - Task instance is in running state
[2026-05-15T11:54:46.141+0700] {logging_mixin.py:190} INFO -  Previous state of the Task instance: queued
[2026-05-15T11:54:46.141+0700] {logging_mixin.py:190} INFO - Current task name:transform state:running start_date:2026-05-15 04:54:46.002421+00:00
[2026-05-15T11:54:46.142+0700] {logging_mixin.py:190} INFO - Dag name:dag_xcom_practice and current dag run status:running
[2026-05-15T11:54:46.142+0700] {taskinstance.py:731} INFO - ::endgroup::
[2026-05-15T11:54:46.154+0700] {logging_mixin.py:190} INFO - Source: latihan_de | Input rows: 9500 | After transform: 19000
[2026-05-15T11:54:46.176+0700] {python.py:240} INFO - Done. Returned value was: None
[2026-05-15T11:54:46.185+0700] {taskinstance.py:340} INFO - ::group::Post task execution logs
[2026-05-15T11:54:46.186+0700] {taskinstance.py:352} INFO - Marking task as SUCCESS. dag_id=dag_xcom_practice, task_id=transform, run_id=scheduled__2026-05-14T00:00:00+00:00, execution_date=20260514T000000, start_date=20260515T045446, end_date=20260515T045446
[2026-05-15T11:54:46.192+0700] {logging_mixin.py:190} INFO - Task instance in success state
[2026-05-15T11:54:46.193+0700] {logging_mixin.py:190} INFO -  Previous state of the Task instance: running
[2026-05-15T11:54:46.193+0700] {logging_mixin.py:190} INFO - Dag name:dag_xcom_practice queued_at:2026-05-15 04:54:40.878595+00:00
[2026-05-15T11:54:46.193+0700] {logging_mixin.py:190} INFO - Task hostname:najmas-mac-air.local operator:PythonOperator
[2026-05-15T11:54:46.214+0700] {local_task_job_runner.py:266} INFO - Task exited with return code 0
[2026-05-15T11:54:46.236+0700] {taskinstance.py:3895} INFO - 1 downstream tasks scheduled from follow-on schedule check
[2026-05-15T11:54:46.236+0700] {local_task_job_runner.py:245} INFO - ::endgroup::
