[2026-05-15T12:32:30.044+0700] {local_task_job_runner.py:123} INFO - ::group::Pre task execution logs
[2026-05-15T12:32:30.061+0700] {taskinstance.py:2613} INFO - Dependencies all met for dep_context=non-requeueable deps ti=<TaskInstance: dag_branch_practice.log_result manual__2026-05-15T05:32:21.519671+00:00 [queued]>
[2026-05-15T12:32:30.068+0700] {taskinstance.py:2613} INFO - Dependencies all met for dep_context=requeueable deps ti=<TaskInstance: dag_branch_practice.log_result manual__2026-05-15T05:32:21.519671+00:00 [queued]>
[2026-05-15T12:32:30.068+0700] {taskinstance.py:2866} INFO - Starting attempt 1 of 3
[2026-05-15T12:32:30.079+0700] {taskinstance.py:2889} INFO - Executing <Task(PostgresOperator): log_result> on 2026-05-15 05:32:21.519671+00:00
[2026-05-15T12:32:30.084+0700] {standard_task_runner.py:104} INFO - Running: ['airflow', 'tasks', 'run', 'dag_branch_practice', 'log_result', 'manual__2026-05-15T05:32:21.519671+00:00', '--job-id', '38', '--raw', '--subdir', 'DAGS_FOLDER/dag_branch_practice.py', '--cfg-path', '/var/folders/zq/v7f__6w503x14tv39kvk6x580000gq/T/tmp59q5sfjv']
[2026-05-15T12:32:30.085+0700] {logging_mixin.py:190} WARNING - /Users/najma/de_learning/bulan_2/airflow_project/venv_airflow/lib/python3.12/site-packages/airflow/task/task_runner/standard_task_runner.py:70 DeprecationWarning: This process (pid=79294) is multi-threaded, use of fork() may lead to deadlocks in the child.
[2026-05-15T12:32:30.086+0700] {standard_task_runner.py:72} INFO - Started process 79308 to run task
[2026-05-15T12:32:30.086+0700] {standard_task_runner.py:105} INFO - Job 38: Subtask log_result
[2026-05-15T12:32:30.139+0700] {task_command.py:467} INFO - Running <TaskInstance: dag_branch_practice.log_result manual__2026-05-15T05:32:21.519671+00:00 [running]> on host najmas-mac-air.local
[2026-05-15T12:32:30.204+0700] {taskinstance.py:3132} INFO - Exporting env vars: AIRFLOW_CTX_DAG_OWNER='najma' AIRFLOW_CTX_DAG_ID='dag_branch_practice' AIRFLOW_CTX_TASK_ID='log_result' AIRFLOW_CTX_EXECUTION_DATE='2026-05-15T05:32:21.519671+00:00' AIRFLOW_CTX_TRY_NUMBER='1' AIRFLOW_CTX_DAG_RUN_ID='manual__2026-05-15T05:32:21.519671+00:00'
[2026-05-15T12:32:30.205+0700] {logging_mixin.py:190} INFO - Task instance is in running state
[2026-05-15T12:32:30.206+0700] {logging_mixin.py:190} INFO -  Previous state of the Task instance: queued
[2026-05-15T12:32:30.206+0700] {logging_mixin.py:190} INFO - Current task name:log_result state:running start_date:2026-05-15 05:32:30.062073+00:00
[2026-05-15T12:32:30.206+0700] {logging_mixin.py:190} INFO - Dag name:dag_branch_practice and current dag run status:running
[2026-05-15T12:32:30.207+0700] {taskinstance.py:731} INFO - ::endgroup::
[2026-05-15T12:32:30.207+0700] {sql.py:278} INFO - Executing: 
            INSERT INTO pipeline_log (run_date, status)
            VALUES ('2026-05-15', 'BRANCH_COMPLETE');
        
[2026-05-15T12:32:30.215+0700] {base.py:84} INFO - Retrieving connection 'postgres_latihan_de'
[2026-05-15T12:32:30.225+0700] {base.py:84} INFO - Retrieving connection 'postgres_latihan_de'
[2026-05-15T12:32:30.230+0700] {sql.py:553} INFO - Running statement: 
            INSERT INTO pipeline_log (run_date, status)
            VALUES ('2026-05-15', 'BRANCH_COMPLETE');
        , parameters: None
[2026-05-15T12:32:30.232+0700] {sql.py:562} INFO - Rows affected: 1
[2026-05-15T12:32:30.244+0700] {taskinstance.py:340} INFO - ::group::Post task execution logs
[2026-05-15T12:32:30.245+0700] {taskinstance.py:352} INFO - Marking task as SUCCESS. dag_id=dag_branch_practice, task_id=log_result, run_id=manual__2026-05-15T05:32:21.519671+00:00, execution_date=20260515T053221, start_date=20260515T053230, end_date=20260515T053230
[2026-05-15T12:32:30.253+0700] {logging_mixin.py:190} INFO - Task instance in success state
[2026-05-15T12:32:30.253+0700] {logging_mixin.py:190} INFO -  Previous state of the Task instance: running
[2026-05-15T12:32:30.254+0700] {logging_mixin.py:190} INFO - Dag name:dag_branch_practice queued_at:2026-05-15 05:32:21.531247+00:00
[2026-05-15T12:32:30.254+0700] {logging_mixin.py:190} INFO - Task hostname:najmas-mac-air.local operator:PostgresOperator
[2026-05-15T12:32:30.285+0700] {local_task_job_runner.py:266} INFO - Task exited with return code 0
[2026-05-15T12:32:30.303+0700] {taskinstance.py:3895} INFO - 0 downstream tasks scheduled from follow-on schedule check
[2026-05-15T12:32:30.304+0700] {local_task_job_runner.py:245} INFO - ::endgroup::
