[2026-05-13T12:16:10.447+0700] {processor.py:186} INFO - Started process (PID=7409) to work on /Users/najma/de_learning/bulan_2/airflow_project/venv_airflow/lib/python3.12/site-packages/airflow/example_dags/example_dynamic_task_mapping_with_no_taskflow_operators.py
[2026-05-13T12:16:10.448+0700] {processor.py:914} INFO - Processing file /Users/najma/de_learning/bulan_2/airflow_project/venv_airflow/lib/python3.12/site-packages/airflow/example_dags/example_dynamic_task_mapping_with_no_taskflow_operators.py for tasks to queue
[2026-05-13T12:16:10.449+0700] {logging_mixin.py:190} INFO - [2026-05-13T12:16:10.449+0700] {dagbag.py:588} INFO - Filling up the DagBag from /Users/najma/de_learning/bulan_2/airflow_project/venv_airflow/lib/python3.12/site-packages/airflow/example_dags/example_dynamic_task_mapping_with_no_taskflow_operators.py
[2026-05-13T12:16:10.453+0700] {processor.py:925} INFO - DAG(s) 'example_dynamic_task_mapping_with_no_taskflow_operators' retrieved from /Users/najma/de_learning/bulan_2/airflow_project/venv_airflow/lib/python3.12/site-packages/airflow/example_dags/example_dynamic_task_mapping_with_no_taskflow_operators.py
[2026-05-13T12:16:10.556+0700] {logging_mixin.py:190} INFO - [2026-05-13T12:16:10.556+0700] {override.py:1911} INFO - Created Permission View: can delete on DAG:example_dynamic_task_mapping_with_no_taskflow_operators
[2026-05-13T12:16:10.561+0700] {logging_mixin.py:190} INFO - [2026-05-13T12:16:10.561+0700] {override.py:1911} INFO - Created Permission View: can read on DAG:example_dynamic_task_mapping_with_no_taskflow_operators
[2026-05-13T12:16:10.564+0700] {logging_mixin.py:190} INFO - [2026-05-13T12:16:10.564+0700] {override.py:1911} INFO - Created Permission View: can edit on DAG:example_dynamic_task_mapping_with_no_taskflow_operators
[2026-05-13T12:16:10.568+0700] {logging_mixin.py:190} INFO - [2026-05-13T12:16:10.568+0700] {override.py:1911} INFO - Created Permission View: can create on DAG Run:example_dynamic_task_mapping_with_no_taskflow_operators
[2026-05-13T12:16:10.570+0700] {logging_mixin.py:190} INFO - [2026-05-13T12:16:10.570+0700] {override.py:1911} INFO - Created Permission View: can delete on DAG Run:example_dynamic_task_mapping_with_no_taskflow_operators
[2026-05-13T12:16:10.573+0700] {logging_mixin.py:190} INFO - [2026-05-13T12:16:10.573+0700] {override.py:1911} INFO - Created Permission View: can read on DAG Run:example_dynamic_task_mapping_with_no_taskflow_operators
[2026-05-13T12:16:10.576+0700] {logging_mixin.py:190} INFO - [2026-05-13T12:16:10.576+0700] {override.py:1911} INFO - Created Permission View: menu access on DAG Run:example_dynamic_task_mapping_with_no_taskflow_operators
[2026-05-13T12:16:10.576+0700] {logging_mixin.py:190} INFO - [2026-05-13T12:16:10.576+0700] {dag.py:3239} INFO - Sync 1 DAGs
[2026-05-13T12:16:10.582+0700] {logging_mixin.py:190} INFO - [2026-05-13T12:16:10.582+0700] {dag.py:3262} INFO - Creating ORM DAG for example_dynamic_task_mapping_with_no_taskflow_operators
[2026-05-13T12:16:10.582+0700] {logging_mixin.py:190} INFO - [2026-05-13T12:16:10.582+0700] {dag.py:4180} INFO - Setting next_dagrun for example_dynamic_task_mapping_with_no_taskflow_operators to None, run_after=None
[2026-05-13T12:16:10.590+0700] {processor.py:208} INFO - Processing /Users/najma/de_learning/bulan_2/airflow_project/venv_airflow/lib/python3.12/site-packages/airflow/example_dags/example_dynamic_task_mapping_with_no_taskflow_operators.py took 0.144 seconds
[2026-05-13T12:18:07.590+0700] {processor.py:186} INFO - Started process (PID=7554) to work on /Users/najma/de_learning/bulan_2/airflow_project/venv_airflow/lib/python3.12/site-packages/airflow/example_dags/example_dynamic_task_mapping_with_no_taskflow_operators.py
[2026-05-13T12:18:07.592+0700] {processor.py:914} INFO - Processing file /Users/najma/de_learning/bulan_2/airflow_project/venv_airflow/lib/python3.12/site-packages/airflow/example_dags/example_dynamic_task_mapping_with_no_taskflow_operators.py for tasks to queue
[2026-05-13T12:18:07.593+0700] {logging_mixin.py:190} INFO - [2026-05-13T12:18:07.592+0700] {dagbag.py:588} INFO - Filling up the DagBag from /Users/najma/de_learning/bulan_2/airflow_project/venv_airflow/lib/python3.12/site-packages/airflow/example_dags/example_dynamic_task_mapping_with_no_taskflow_operators.py
[2026-05-13T12:18:07.597+0700] {processor.py:925} INFO - DAG(s) 'example_dynamic_task_mapping_with_no_taskflow_operators' retrieved from /Users/najma/de_learning/bulan_2/airflow_project/venv_airflow/lib/python3.12/site-packages/airflow/example_dags/example_dynamic_task_mapping_with_no_taskflow_operators.py
[2026-05-13T12:18:07.649+0700] {logging_mixin.py:190} INFO - [2026-05-13T12:18:07.648+0700] {dag.py:3239} INFO - Sync 1 DAGs
[2026-05-13T12:18:07.655+0700] {logging_mixin.py:190} INFO - [2026-05-13T12:18:07.655+0700] {dag.py:4180} INFO - Setting next_dagrun for example_dynamic_task_mapping_with_no_taskflow_operators to None, run_after=None
[2026-05-13T12:18:07.664+0700] {processor.py:208} INFO - Processing /Users/najma/de_learning/bulan_2/airflow_project/venv_airflow/lib/python3.12/site-packages/airflow/example_dags/example_dynamic_task_mapping_with_no_taskflow_operators.py took 0.076 seconds
[2026-05-13T12:20:58.625+0700] {processor.py:186} INFO - Started process (PID=7952) to work on /Users/najma/de_learning/bulan_2/airflow_project/venv_airflow/lib/python3.12/site-packages/airflow/example_dags/example_dynamic_task_mapping_with_no_taskflow_operators.py
[2026-05-13T12:20:58.626+0700] {processor.py:914} INFO - Processing file /Users/najma/de_learning/bulan_2/airflow_project/venv_airflow/lib/python3.12/site-packages/airflow/example_dags/example_dynamic_task_mapping_with_no_taskflow_operators.py for tasks to queue
[2026-05-13T12:20:58.626+0700] {logging_mixin.py:190} INFO - [2026-05-13T12:20:58.626+0700] {dagbag.py:588} INFO - Filling up the DagBag from /Users/najma/de_learning/bulan_2/airflow_project/venv_airflow/lib/python3.12/site-packages/airflow/example_dags/example_dynamic_task_mapping_with_no_taskflow_operators.py
[2026-05-13T12:20:58.630+0700] {processor.py:925} INFO - DAG(s) 'example_dynamic_task_mapping_with_no_taskflow_operators' retrieved from /Users/najma/de_learning/bulan_2/airflow_project/venv_airflow/lib/python3.12/site-packages/airflow/example_dags/example_dynamic_task_mapping_with_no_taskflow_operators.py
[2026-05-13T12:20:58.681+0700] {logging_mixin.py:190} INFO - [2026-05-13T12:20:58.681+0700] {dag.py:3239} INFO - Sync 1 DAGs
[2026-05-13T12:20:58.688+0700] {logging_mixin.py:190} INFO - [2026-05-13T12:20:58.688+0700] {dag.py:4180} INFO - Setting next_dagrun for example_dynamic_task_mapping_with_no_taskflow_operators to None, run_after=None
[2026-05-13T12:20:58.698+0700] {processor.py:208} INFO - Processing /Users/najma/de_learning/bulan_2/airflow_project/venv_airflow/lib/python3.12/site-packages/airflow/example_dags/example_dynamic_task_mapping_with_no_taskflow_operators.py took 0.075 seconds
[2026-05-13T12:23:50.317+0700] {processor.py:186} INFO - Started process (PID=8160) to work on /Users/najma/de_learning/bulan_2/airflow_project/venv_airflow/lib/python3.12/site-packages/airflow/example_dags/example_dynamic_task_mapping_with_no_taskflow_operators.py
[2026-05-13T12:23:50.319+0700] {processor.py:914} INFO - Processing file /Users/najma/de_learning/bulan_2/airflow_project/venv_airflow/lib/python3.12/site-packages/airflow/example_dags/example_dynamic_task_mapping_with_no_taskflow_operators.py for tasks to queue
[2026-05-13T12:23:50.319+0700] {logging_mixin.py:190} INFO - [2026-05-13T12:23:50.319+0700] {dagbag.py:588} INFO - Filling up the DagBag from /Users/najma/de_learning/bulan_2/airflow_project/venv_airflow/lib/python3.12/site-packages/airflow/example_dags/example_dynamic_task_mapping_with_no_taskflow_operators.py
[2026-05-13T12:23:50.323+0700] {processor.py:925} INFO - DAG(s) 'example_dynamic_task_mapping_with_no_taskflow_operators' retrieved from /Users/najma/de_learning/bulan_2/airflow_project/venv_airflow/lib/python3.12/site-packages/airflow/example_dags/example_dynamic_task_mapping_with_no_taskflow_operators.py
[2026-05-13T12:23:50.376+0700] {logging_mixin.py:190} INFO - [2026-05-13T12:23:50.376+0700] {dag.py:3239} INFO - Sync 1 DAGs
[2026-05-13T12:23:50.383+0700] {logging_mixin.py:190} INFO - [2026-05-13T12:23:50.383+0700] {dag.py:4180} INFO - Setting next_dagrun for example_dynamic_task_mapping_with_no_taskflow_operators to None, run_after=None
[2026-05-13T12:23:50.392+0700] {processor.py:208} INFO - Processing /Users/najma/de_learning/bulan_2/airflow_project/venv_airflow/lib/python3.12/site-packages/airflow/example_dags/example_dynamic_task_mapping_with_no_taskflow_operators.py took 0.077 seconds
