[2026-05-13T12:15:03.612+0700] {processor.py:186} INFO - Started process (PID=6584) to work on /Users/najma/de_learning/bulan_2/airflow_project/venv_airflow/lib/python3.12/site-packages/airflow/example_dags/example_xcom.py
[2026-05-13T12:15:03.612+0700] {processor.py:914} INFO - Processing file /Users/najma/de_learning/bulan_2/airflow_project/venv_airflow/lib/python3.12/site-packages/airflow/example_dags/example_xcom.py for tasks to queue
[2026-05-13T12:15:03.613+0700] {logging_mixin.py:190} INFO - [2026-05-13T12:15:03.613+0700] {dagbag.py:588} INFO - Filling up the DagBag from /Users/najma/de_learning/bulan_2/airflow_project/venv_airflow/lib/python3.12/site-packages/airflow/example_dags/example_xcom.py
[2026-05-13T12:15:03.637+0700] {processor.py:925} INFO - DAG(s) 'example_xcom' retrieved from /Users/najma/de_learning/bulan_2/airflow_project/venv_airflow/lib/python3.12/site-packages/airflow/example_dags/example_xcom.py
[2026-05-13T12:15:03.740+0700] {logging_mixin.py:190} INFO - [2026-05-13T12:15:03.740+0700] {override.py:1911} INFO - Created Permission View: can edit on DAG:example_xcom
[2026-05-13T12:15:03.745+0700] {logging_mixin.py:190} INFO - [2026-05-13T12:15:03.745+0700] {override.py:1911} INFO - Created Permission View: can read on DAG:example_xcom
[2026-05-13T12:15:03.748+0700] {logging_mixin.py:190} INFO - [2026-05-13T12:15:03.748+0700] {override.py:1911} INFO - Created Permission View: can delete on DAG:example_xcom
[2026-05-13T12:15:03.752+0700] {logging_mixin.py:190} INFO - [2026-05-13T12:15:03.752+0700] {override.py:1911} INFO - Created Permission View: menu access on DAG Run:example_xcom
[2026-05-13T12:15:03.755+0700] {logging_mixin.py:190} INFO - [2026-05-13T12:15:03.755+0700] {override.py:1911} INFO - Created Permission View: can delete on DAG Run:example_xcom
[2026-05-13T12:15:03.758+0700] {logging_mixin.py:190} INFO - [2026-05-13T12:15:03.758+0700] {override.py:1911} INFO - Created Permission View: can read on DAG Run:example_xcom
[2026-05-13T12:15:03.761+0700] {logging_mixin.py:190} INFO - [2026-05-13T12:15:03.761+0700] {override.py:1911} INFO - Created Permission View: can create on DAG Run:example_xcom
[2026-05-13T12:15:03.761+0700] {logging_mixin.py:190} INFO - [2026-05-13T12:15:03.761+0700] {dag.py:3239} INFO - Sync 1 DAGs
[2026-05-13T12:15:03.768+0700] {logging_mixin.py:190} INFO - [2026-05-13T12:15:03.768+0700] {dag.py:3262} INFO - Creating ORM DAG for example_xcom
[2026-05-13T12:15:03.807+0700] {logging_mixin.py:190} INFO - [2026-05-13T12:15:03.807+0700] {dag.py:4180} INFO - Setting next_dagrun for example_xcom to 2021-01-01 00:00:00+00:00, run_after=2021-01-01 00:00:00+00:00
[2026-05-13T12:15:03.816+0700] {processor.py:208} INFO - Processing /Users/najma/de_learning/bulan_2/airflow_project/venv_airflow/lib/python3.12/site-packages/airflow/example_dags/example_xcom.py took 0.206 seconds
[2026-05-13T12:17:08.481+0700] {processor.py:186} INFO - Started process (PID=7489) to work on /Users/najma/de_learning/bulan_2/airflow_project/venv_airflow/lib/python3.12/site-packages/airflow/example_dags/example_xcom.py
[2026-05-13T12:17:08.482+0700] {processor.py:914} INFO - Processing file /Users/najma/de_learning/bulan_2/airflow_project/venv_airflow/lib/python3.12/site-packages/airflow/example_dags/example_xcom.py for tasks to queue
[2026-05-13T12:17:08.483+0700] {logging_mixin.py:190} INFO - [2026-05-13T12:17:08.483+0700] {dagbag.py:588} INFO - Filling up the DagBag from /Users/najma/de_learning/bulan_2/airflow_project/venv_airflow/lib/python3.12/site-packages/airflow/example_dags/example_xcom.py
[2026-05-13T12:17:08.505+0700] {processor.py:925} INFO - DAG(s) 'example_xcom' retrieved from /Users/najma/de_learning/bulan_2/airflow_project/venv_airflow/lib/python3.12/site-packages/airflow/example_dags/example_xcom.py
[2026-05-13T12:17:08.557+0700] {logging_mixin.py:190} INFO - [2026-05-13T12:17:08.557+0700] {dag.py:3239} INFO - Sync 1 DAGs
[2026-05-13T12:17:08.566+0700] {logging_mixin.py:190} INFO - [2026-05-13T12:17:08.566+0700] {dag.py:4180} INFO - Setting next_dagrun for example_xcom to 2021-01-01 00:00:00+00:00, run_after=2021-01-01 00:00:00+00:00
[2026-05-13T12:17:08.576+0700] {processor.py:208} INFO - Processing /Users/najma/de_learning/bulan_2/airflow_project/venv_airflow/lib/python3.12/site-packages/airflow/example_dags/example_xcom.py took 0.097 seconds
[2026-05-13T12:18:36.560+0700] {processor.py:186} INFO - Started process (PID=7585) to work on /Users/najma/de_learning/bulan_2/airflow_project/venv_airflow/lib/python3.12/site-packages/airflow/example_dags/example_xcom.py
[2026-05-13T12:18:36.561+0700] {processor.py:914} INFO - Processing file /Users/najma/de_learning/bulan_2/airflow_project/venv_airflow/lib/python3.12/site-packages/airflow/example_dags/example_xcom.py for tasks to queue
[2026-05-13T12:18:36.561+0700] {logging_mixin.py:190} INFO - [2026-05-13T12:18:36.561+0700] {dagbag.py:588} INFO - Filling up the DagBag from /Users/najma/de_learning/bulan_2/airflow_project/venv_airflow/lib/python3.12/site-packages/airflow/example_dags/example_xcom.py
[2026-05-13T12:18:36.586+0700] {processor.py:925} INFO - DAG(s) 'example_xcom' retrieved from /Users/najma/de_learning/bulan_2/airflow_project/venv_airflow/lib/python3.12/site-packages/airflow/example_dags/example_xcom.py
[2026-05-13T12:18:36.638+0700] {logging_mixin.py:190} INFO - [2026-05-13T12:18:36.638+0700] {dag.py:3239} INFO - Sync 1 DAGs
[2026-05-13T12:18:36.647+0700] {logging_mixin.py:190} INFO - [2026-05-13T12:18:36.647+0700] {dag.py:4180} INFO - Setting next_dagrun for example_xcom to 2021-01-01 00:00:00+00:00, run_after=2021-01-01 00:00:00+00:00
[2026-05-13T12:18:36.657+0700] {processor.py:208} INFO - Processing /Users/najma/de_learning/bulan_2/airflow_project/venv_airflow/lib/python3.12/site-packages/airflow/example_dags/example_xcom.py took 0.099 seconds
[2026-05-13T12:20:03.913+0700] {processor.py:186} INFO - Started process (PID=7879) to work on /Users/najma/de_learning/bulan_2/airflow_project/venv_airflow/lib/python3.12/site-packages/airflow/example_dags/example_xcom.py
[2026-05-13T12:20:03.914+0700] {processor.py:914} INFO - Processing file /Users/najma/de_learning/bulan_2/airflow_project/venv_airflow/lib/python3.12/site-packages/airflow/example_dags/example_xcom.py for tasks to queue
[2026-05-13T12:20:03.915+0700] {logging_mixin.py:190} INFO - [2026-05-13T12:20:03.915+0700] {dagbag.py:588} INFO - Filling up the DagBag from /Users/najma/de_learning/bulan_2/airflow_project/venv_airflow/lib/python3.12/site-packages/airflow/example_dags/example_xcom.py
[2026-05-13T12:20:03.938+0700] {processor.py:925} INFO - DAG(s) 'example_xcom' retrieved from /Users/najma/de_learning/bulan_2/airflow_project/venv_airflow/lib/python3.12/site-packages/airflow/example_dags/example_xcom.py
[2026-05-13T12:20:03.990+0700] {logging_mixin.py:190} INFO - [2026-05-13T12:20:03.989+0700] {dag.py:3239} INFO - Sync 1 DAGs
[2026-05-13T12:20:03.998+0700] {logging_mixin.py:190} INFO - [2026-05-13T12:20:03.998+0700] {dag.py:4180} INFO - Setting next_dagrun for example_xcom to 2021-01-01 00:00:00+00:00, run_after=2021-01-01 00:00:00+00:00
[2026-05-13T12:20:04.007+0700] {processor.py:208} INFO - Processing /Users/najma/de_learning/bulan_2/airflow_project/venv_airflow/lib/python3.12/site-packages/airflow/example_dags/example_xcom.py took 0.096 seconds
[2026-05-13T12:21:28.777+0700] {processor.py:186} INFO - Started process (PID=7987) to work on /Users/najma/de_learning/bulan_2/airflow_project/venv_airflow/lib/python3.12/site-packages/airflow/example_dags/example_xcom.py
[2026-05-13T12:21:28.777+0700] {processor.py:914} INFO - Processing file /Users/najma/de_learning/bulan_2/airflow_project/venv_airflow/lib/python3.12/site-packages/airflow/example_dags/example_xcom.py for tasks to queue
[2026-05-13T12:21:28.778+0700] {logging_mixin.py:190} INFO - [2026-05-13T12:21:28.778+0700] {dagbag.py:588} INFO - Filling up the DagBag from /Users/najma/de_learning/bulan_2/airflow_project/venv_airflow/lib/python3.12/site-packages/airflow/example_dags/example_xcom.py
[2026-05-13T12:21:28.801+0700] {processor.py:925} INFO - DAG(s) 'example_xcom' retrieved from /Users/najma/de_learning/bulan_2/airflow_project/venv_airflow/lib/python3.12/site-packages/airflow/example_dags/example_xcom.py
[2026-05-13T12:21:28.853+0700] {logging_mixin.py:190} INFO - [2026-05-13T12:21:28.853+0700] {dag.py:3239} INFO - Sync 1 DAGs
[2026-05-13T12:21:28.862+0700] {logging_mixin.py:190} INFO - [2026-05-13T12:21:28.862+0700] {dag.py:4180} INFO - Setting next_dagrun for example_xcom to 2021-01-01 00:00:00+00:00, run_after=2021-01-01 00:00:00+00:00
[2026-05-13T12:21:28.871+0700] {processor.py:208} INFO - Processing /Users/najma/de_learning/bulan_2/airflow_project/venv_airflow/lib/python3.12/site-packages/airflow/example_dags/example_xcom.py took 0.096 seconds
[2026-05-13T12:22:53.906+0700] {processor.py:186} INFO - Started process (PID=8096) to work on /Users/najma/de_learning/bulan_2/airflow_project/venv_airflow/lib/python3.12/site-packages/airflow/example_dags/example_xcom.py
[2026-05-13T12:22:53.908+0700] {processor.py:914} INFO - Processing file /Users/najma/de_learning/bulan_2/airflow_project/venv_airflow/lib/python3.12/site-packages/airflow/example_dags/example_xcom.py for tasks to queue
[2026-05-13T12:22:53.909+0700] {logging_mixin.py:190} INFO - [2026-05-13T12:22:53.908+0700] {dagbag.py:588} INFO - Filling up the DagBag from /Users/najma/de_learning/bulan_2/airflow_project/venv_airflow/lib/python3.12/site-packages/airflow/example_dags/example_xcom.py
[2026-05-13T12:22:53.931+0700] {processor.py:925} INFO - DAG(s) 'example_xcom' retrieved from /Users/najma/de_learning/bulan_2/airflow_project/venv_airflow/lib/python3.12/site-packages/airflow/example_dags/example_xcom.py
[2026-05-13T12:22:53.982+0700] {logging_mixin.py:190} INFO - [2026-05-13T12:22:53.982+0700] {dag.py:3239} INFO - Sync 1 DAGs
[2026-05-13T12:22:53.991+0700] {logging_mixin.py:190} INFO - [2026-05-13T12:22:53.991+0700] {dag.py:4180} INFO - Setting next_dagrun for example_xcom to 2021-01-01 00:00:00+00:00, run_after=2021-01-01 00:00:00+00:00
[2026-05-13T12:22:54.000+0700] {processor.py:208} INFO - Processing /Users/najma/de_learning/bulan_2/airflow_project/venv_airflow/lib/python3.12/site-packages/airflow/example_dags/example_xcom.py took 0.096 seconds
[2026-05-13T12:24:18.718+0700] {processor.py:186} INFO - Started process (PID=8191) to work on /Users/najma/de_learning/bulan_2/airflow_project/venv_airflow/lib/python3.12/site-packages/airflow/example_dags/example_xcom.py
[2026-05-13T12:24:18.719+0700] {processor.py:914} INFO - Processing file /Users/najma/de_learning/bulan_2/airflow_project/venv_airflow/lib/python3.12/site-packages/airflow/example_dags/example_xcom.py for tasks to queue
[2026-05-13T12:24:18.720+0700] {logging_mixin.py:190} INFO - [2026-05-13T12:24:18.720+0700] {dagbag.py:588} INFO - Filling up the DagBag from /Users/najma/de_learning/bulan_2/airflow_project/venv_airflow/lib/python3.12/site-packages/airflow/example_dags/example_xcom.py
[2026-05-13T12:24:18.743+0700] {processor.py:925} INFO - DAG(s) 'example_xcom' retrieved from /Users/najma/de_learning/bulan_2/airflow_project/venv_airflow/lib/python3.12/site-packages/airflow/example_dags/example_xcom.py
[2026-05-13T12:24:18.796+0700] {logging_mixin.py:190} INFO - [2026-05-13T12:24:18.795+0700] {dag.py:3239} INFO - Sync 1 DAGs
[2026-05-13T12:24:18.805+0700] {logging_mixin.py:190} INFO - [2026-05-13T12:24:18.805+0700] {dag.py:4180} INFO - Setting next_dagrun for example_xcom to 2021-01-01 00:00:00+00:00, run_after=2021-01-01 00:00:00+00:00
[2026-05-13T12:24:18.814+0700] {processor.py:208} INFO - Processing /Users/najma/de_learning/bulan_2/airflow_project/venv_airflow/lib/python3.12/site-packages/airflow/example_dags/example_xcom.py took 0.098 seconds
