[2026-05-13T12:16:24.132+0700] {processor.py:186} INFO - Started process (PID=7428) to work on /Users/najma/de_learning/bulan_2/airflow_project/venv_airflow/lib/python3.12/site-packages/airflow/example_dags/example_dag_decorator.py
[2026-05-13T12:16:24.132+0700] {processor.py:914} INFO - Processing file /Users/najma/de_learning/bulan_2/airflow_project/venv_airflow/lib/python3.12/site-packages/airflow/example_dags/example_dag_decorator.py for tasks to queue
[2026-05-13T12:16:24.133+0700] {logging_mixin.py:190} INFO - [2026-05-13T12:16:24.133+0700] {dagbag.py:588} INFO - Filling up the DagBag from /Users/najma/de_learning/bulan_2/airflow_project/venv_airflow/lib/python3.12/site-packages/airflow/example_dags/example_dag_decorator.py
[2026-05-13T12:16:24.260+0700] {processor.py:925} INFO - DAG(s) 'example_dag_decorator' retrieved from /Users/najma/de_learning/bulan_2/airflow_project/venv_airflow/lib/python3.12/site-packages/airflow/example_dags/example_dag_decorator.py
[2026-05-13T12:16:24.404+0700] {logging_mixin.py:190} INFO - [2026-05-13T12:16:24.404+0700] {override.py:1911} INFO - Created Permission View: can delete on DAG:example_dag_decorator
[2026-05-13T12:16:24.409+0700] {logging_mixin.py:190} INFO - [2026-05-13T12:16:24.408+0700] {override.py:1911} INFO - Created Permission View: can edit on DAG:example_dag_decorator
[2026-05-13T12:16:24.411+0700] {logging_mixin.py:190} INFO - [2026-05-13T12:16:24.411+0700] {override.py:1911} INFO - Created Permission View: can read on DAG:example_dag_decorator
[2026-05-13T12:16:24.417+0700] {logging_mixin.py:190} INFO - [2026-05-13T12:16:24.416+0700] {override.py:1911} INFO - Created Permission View: can delete on DAG Run:example_dag_decorator
[2026-05-13T12:16:24.420+0700] {logging_mixin.py:190} INFO - [2026-05-13T12:16:24.420+0700] {override.py:1911} INFO - Created Permission View: can read on DAG Run:example_dag_decorator
[2026-05-13T12:16:24.423+0700] {logging_mixin.py:190} INFO - [2026-05-13T12:16:24.422+0700] {override.py:1911} INFO - Created Permission View: menu access on DAG Run:example_dag_decorator
[2026-05-13T12:16:24.425+0700] {logging_mixin.py:190} INFO - [2026-05-13T12:16:24.425+0700] {override.py:1911} INFO - Created Permission View: can create on DAG Run:example_dag_decorator
[2026-05-13T12:16:24.426+0700] {logging_mixin.py:190} INFO - [2026-05-13T12:16:24.426+0700] {dag.py:3239} INFO - Sync 1 DAGs
[2026-05-13T12:16:24.433+0700] {logging_mixin.py:190} INFO - [2026-05-13T12:16:24.433+0700] {dag.py:3262} INFO - Creating ORM DAG for example_dag_decorator
[2026-05-13T12:16:24.433+0700] {logging_mixin.py:190} INFO - [2026-05-13T12:16:24.433+0700] {dag.py:4180} INFO - Setting next_dagrun for example_dag_decorator to None, run_after=None
[2026-05-13T12:16:24.441+0700] {processor.py:208} INFO - Processing /Users/najma/de_learning/bulan_2/airflow_project/venv_airflow/lib/python3.12/site-packages/airflow/example_dags/example_dag_decorator.py took 0.311 seconds
[2026-05-13T12:19:16.196+0700] {processor.py:186} INFO - Started process (PID=7821) to work on /Users/najma/de_learning/bulan_2/airflow_project/venv_airflow/lib/python3.12/site-packages/airflow/example_dags/example_dag_decorator.py
[2026-05-13T12:19:16.197+0700] {processor.py:914} INFO - Processing file /Users/najma/de_learning/bulan_2/airflow_project/venv_airflow/lib/python3.12/site-packages/airflow/example_dags/example_dag_decorator.py for tasks to queue
[2026-05-13T12:19:16.197+0700] {logging_mixin.py:190} INFO - [2026-05-13T12:19:16.197+0700] {dagbag.py:588} INFO - Filling up the DagBag from /Users/najma/de_learning/bulan_2/airflow_project/venv_airflow/lib/python3.12/site-packages/airflow/example_dags/example_dag_decorator.py
[2026-05-13T12:19:16.371+0700] {processor.py:925} INFO - DAG(s) 'example_dag_decorator' retrieved from /Users/najma/de_learning/bulan_2/airflow_project/venv_airflow/lib/python3.12/site-packages/airflow/example_dags/example_dag_decorator.py
[2026-05-13T12:19:16.550+0700] {logging_mixin.py:190} INFO - [2026-05-13T12:19:16.550+0700] {dag.py:3239} INFO - Sync 1 DAGs
[2026-05-13T12:19:16.556+0700] {logging_mixin.py:190} INFO - [2026-05-13T12:19:16.556+0700] {dag.py:4180} INFO - Setting next_dagrun for example_dag_decorator to None, run_after=None
[2026-05-13T12:19:16.566+0700] {processor.py:208} INFO - Processing /Users/najma/de_learning/bulan_2/airflow_project/venv_airflow/lib/python3.12/site-packages/airflow/example_dags/example_dag_decorator.py took 0.372 seconds
[2026-05-13T12:22:07.347+0700] {processor.py:186} INFO - Started process (PID=8031) to work on /Users/najma/de_learning/bulan_2/airflow_project/venv_airflow/lib/python3.12/site-packages/airflow/example_dags/example_dag_decorator.py
[2026-05-13T12:22:07.348+0700] {processor.py:914} INFO - Processing file /Users/najma/de_learning/bulan_2/airflow_project/venv_airflow/lib/python3.12/site-packages/airflow/example_dags/example_dag_decorator.py for tasks to queue
[2026-05-13T12:22:07.349+0700] {logging_mixin.py:190} INFO - [2026-05-13T12:22:07.349+0700] {dagbag.py:588} INFO - Filling up the DagBag from /Users/najma/de_learning/bulan_2/airflow_project/venv_airflow/lib/python3.12/site-packages/airflow/example_dags/example_dag_decorator.py
[2026-05-13T12:22:07.472+0700] {processor.py:925} INFO - DAG(s) 'example_dag_decorator' retrieved from /Users/najma/de_learning/bulan_2/airflow_project/venv_airflow/lib/python3.12/site-packages/airflow/example_dags/example_dag_decorator.py
[2026-05-13T12:22:07.618+0700] {logging_mixin.py:190} INFO - [2026-05-13T12:22:07.618+0700] {dag.py:3239} INFO - Sync 1 DAGs
[2026-05-13T12:22:07.624+0700] {logging_mixin.py:190} INFO - [2026-05-13T12:22:07.624+0700] {dag.py:4180} INFO - Setting next_dagrun for example_dag_decorator to None, run_after=None
[2026-05-13T12:22:07.634+0700] {processor.py:208} INFO - Processing /Users/najma/de_learning/bulan_2/airflow_project/venv_airflow/lib/python3.12/site-packages/airflow/example_dags/example_dag_decorator.py took 0.289 seconds
