[2026-05-13T12:16:01.812+0700] {processor.py:186} INFO - Started process (PID=7389) to work on /Users/najma/de_learning/bulan_2/airflow_project/venv_airflow/lib/python3.12/site-packages/airflow/example_dags/example_latest_only.py
[2026-05-13T12:16:01.813+0700] {processor.py:914} INFO - Processing file /Users/najma/de_learning/bulan_2/airflow_project/venv_airflow/lib/python3.12/site-packages/airflow/example_dags/example_latest_only.py for tasks to queue
[2026-05-13T12:16:01.815+0700] {logging_mixin.py:190} INFO - [2026-05-13T12:16:01.814+0700] {dagbag.py:588} INFO - Filling up the DagBag from /Users/najma/de_learning/bulan_2/airflow_project/venv_airflow/lib/python3.12/site-packages/airflow/example_dags/example_latest_only.py
[2026-05-13T12:16:01.820+0700] {processor.py:925} INFO - DAG(s) 'latest_only' retrieved from /Users/najma/de_learning/bulan_2/airflow_project/venv_airflow/lib/python3.12/site-packages/airflow/example_dags/example_latest_only.py
[2026-05-13T12:16:01.967+0700] {logging_mixin.py:190} INFO - [2026-05-13T12:16:01.966+0700] {override.py:1911} INFO - Created Permission View: can delete on DAG:latest_only
[2026-05-13T12:16:01.973+0700] {logging_mixin.py:190} INFO - [2026-05-13T12:16:01.973+0700] {override.py:1911} INFO - Created Permission View: can read on DAG:latest_only
[2026-05-13T12:16:01.976+0700] {logging_mixin.py:190} INFO - [2026-05-13T12:16:01.976+0700] {override.py:1911} INFO - Created Permission View: can edit on DAG:latest_only
[2026-05-13T12:16:01.982+0700] {logging_mixin.py:190} INFO - [2026-05-13T12:16:01.982+0700] {override.py:1911} INFO - Created Permission View: can delete on DAG Run:latest_only
[2026-05-13T12:16:01.987+0700] {logging_mixin.py:190} INFO - [2026-05-13T12:16:01.986+0700] {override.py:1911} INFO - Created Permission View: can read on DAG Run:latest_only
[2026-05-13T12:16:01.991+0700] {logging_mixin.py:190} INFO - [2026-05-13T12:16:01.991+0700] {override.py:1911} INFO - Created Permission View: menu access on DAG Run:latest_only
[2026-05-13T12:16:01.995+0700] {logging_mixin.py:190} INFO - [2026-05-13T12:16:01.995+0700] {override.py:1911} INFO - Created Permission View: can create on DAG Run:latest_only
[2026-05-13T12:16:01.995+0700] {logging_mixin.py:190} INFO - [2026-05-13T12:16:01.995+0700] {dag.py:3239} INFO - Sync 1 DAGs
[2026-05-13T12:16:02.005+0700] {logging_mixin.py:190} INFO - [2026-05-13T12:16:02.005+0700] {dag.py:3262} INFO - Creating ORM DAG for latest_only
[2026-05-13T12:16:02.011+0700] {logging_mixin.py:190} INFO - [2026-05-13T12:16:02.011+0700] {dag.py:4180} INFO - Setting next_dagrun for latest_only to 2026-05-13 00:00:00+00:00, run_after=2026-05-13 04:00:00+00:00
[2026-05-13T12:16:02.023+0700] {processor.py:208} INFO - Processing /Users/najma/de_learning/bulan_2/airflow_project/venv_airflow/lib/python3.12/site-packages/airflow/example_dags/example_latest_only.py took 0.214 seconds
[2026-05-13T12:17:58.955+0700] {processor.py:186} INFO - Started process (PID=7545) to work on /Users/najma/de_learning/bulan_2/airflow_project/venv_airflow/lib/python3.12/site-packages/airflow/example_dags/example_latest_only.py
[2026-05-13T12:17:58.956+0700] {processor.py:914} INFO - Processing file /Users/najma/de_learning/bulan_2/airflow_project/venv_airflow/lib/python3.12/site-packages/airflow/example_dags/example_latest_only.py for tasks to queue
[2026-05-13T12:17:58.956+0700] {logging_mixin.py:190} INFO - [2026-05-13T12:17:58.956+0700] {dagbag.py:588} INFO - Filling up the DagBag from /Users/najma/de_learning/bulan_2/airflow_project/venv_airflow/lib/python3.12/site-packages/airflow/example_dags/example_latest_only.py
[2026-05-13T12:17:58.961+0700] {processor.py:925} INFO - DAG(s) 'latest_only' retrieved from /Users/najma/de_learning/bulan_2/airflow_project/venv_airflow/lib/python3.12/site-packages/airflow/example_dags/example_latest_only.py
[2026-05-13T12:17:59.016+0700] {logging_mixin.py:190} INFO - [2026-05-13T12:17:59.016+0700] {dag.py:3239} INFO - Sync 1 DAGs
[2026-05-13T12:17:59.026+0700] {logging_mixin.py:190} INFO - [2026-05-13T12:17:59.026+0700] {dag.py:4180} INFO - Setting next_dagrun for latest_only to 2026-05-13 00:00:00+00:00, run_after=2026-05-13 04:00:00+00:00
[2026-05-13T12:17:59.037+0700] {processor.py:208} INFO - Processing /Users/najma/de_learning/bulan_2/airflow_project/venv_airflow/lib/python3.12/site-packages/airflow/example_dags/example_latest_only.py took 0.084 seconds
[2026-05-13T12:20:49.946+0700] {processor.py:186} INFO - Started process (PID=7935) to work on /Users/najma/de_learning/bulan_2/airflow_project/venv_airflow/lib/python3.12/site-packages/airflow/example_dags/example_latest_only.py
[2026-05-13T12:20:49.948+0700] {processor.py:914} INFO - Processing file /Users/najma/de_learning/bulan_2/airflow_project/venv_airflow/lib/python3.12/site-packages/airflow/example_dags/example_latest_only.py for tasks to queue
[2026-05-13T12:20:49.948+0700] {logging_mixin.py:190} INFO - [2026-05-13T12:20:49.948+0700] {dagbag.py:588} INFO - Filling up the DagBag from /Users/najma/de_learning/bulan_2/airflow_project/venv_airflow/lib/python3.12/site-packages/airflow/example_dags/example_latest_only.py
[2026-05-13T12:20:49.953+0700] {processor.py:925} INFO - DAG(s) 'latest_only' retrieved from /Users/najma/de_learning/bulan_2/airflow_project/venv_airflow/lib/python3.12/site-packages/airflow/example_dags/example_latest_only.py
[2026-05-13T12:20:50.008+0700] {logging_mixin.py:190} INFO - [2026-05-13T12:20:50.007+0700] {dag.py:3239} INFO - Sync 1 DAGs
[2026-05-13T12:20:50.021+0700] {logging_mixin.py:190} INFO - [2026-05-13T12:20:50.020+0700] {dag.py:4180} INFO - Setting next_dagrun for latest_only to 2026-05-13 00:00:00+00:00, run_after=2026-05-13 04:00:00+00:00
[2026-05-13T12:20:50.032+0700] {processor.py:208} INFO - Processing /Users/najma/de_learning/bulan_2/airflow_project/venv_airflow/lib/python3.12/site-packages/airflow/example_dags/example_latest_only.py took 0.087 seconds
[2026-05-13T12:23:42.297+0700] {processor.py:186} INFO - Started process (PID=8148) to work on /Users/najma/de_learning/bulan_2/airflow_project/venv_airflow/lib/python3.12/site-packages/airflow/example_dags/example_latest_only.py
[2026-05-13T12:23:42.298+0700] {processor.py:914} INFO - Processing file /Users/najma/de_learning/bulan_2/airflow_project/venv_airflow/lib/python3.12/site-packages/airflow/example_dags/example_latest_only.py for tasks to queue
[2026-05-13T12:23:42.298+0700] {logging_mixin.py:190} INFO - [2026-05-13T12:23:42.298+0700] {dagbag.py:588} INFO - Filling up the DagBag from /Users/najma/de_learning/bulan_2/airflow_project/venv_airflow/lib/python3.12/site-packages/airflow/example_dags/example_latest_only.py
[2026-05-13T12:23:42.302+0700] {processor.py:925} INFO - DAG(s) 'latest_only' retrieved from /Users/najma/de_learning/bulan_2/airflow_project/venv_airflow/lib/python3.12/site-packages/airflow/example_dags/example_latest_only.py
[2026-05-13T12:23:42.354+0700] {logging_mixin.py:190} INFO - [2026-05-13T12:23:42.354+0700] {dag.py:3239} INFO - Sync 1 DAGs
[2026-05-13T12:23:42.364+0700] {logging_mixin.py:190} INFO - [2026-05-13T12:23:42.364+0700] {dag.py:4180} INFO - Setting next_dagrun for latest_only to 2026-05-13 00:00:00+00:00, run_after=2026-05-13 04:00:00+00:00
[2026-05-13T12:23:42.374+0700] {processor.py:208} INFO - Processing /Users/najma/de_learning/bulan_2/airflow_project/venv_airflow/lib/python3.12/site-packages/airflow/example_dags/example_latest_only.py took 0.079 seconds
