[2026-05-13T12:15:23.981+0700] {processor.py:186} INFO - Started process (PID=6605) to work on /Users/najma/de_learning/bulan_2/airflow_project/venv_airflow/lib/python3.12/site-packages/airflow/example_dags/example_short_circuit_operator.py
[2026-05-13T12:15:23.982+0700] {processor.py:914} INFO - Processing file /Users/najma/de_learning/bulan_2/airflow_project/venv_airflow/lib/python3.12/site-packages/airflow/example_dags/example_short_circuit_operator.py for tasks to queue
[2026-05-13T12:15:23.982+0700] {logging_mixin.py:190} INFO - [2026-05-13T12:15:23.982+0700] {dagbag.py:588} INFO - Filling up the DagBag from /Users/najma/de_learning/bulan_2/airflow_project/venv_airflow/lib/python3.12/site-packages/airflow/example_dags/example_short_circuit_operator.py
[2026-05-13T12:15:23.998+0700] {processor.py:925} INFO - DAG(s) 'example_short_circuit_operator' retrieved from /Users/najma/de_learning/bulan_2/airflow_project/venv_airflow/lib/python3.12/site-packages/airflow/example_dags/example_short_circuit_operator.py
[2026-05-13T12:15:24.096+0700] {logging_mixin.py:190} INFO - [2026-05-13T12:15:24.096+0700] {override.py:1911} INFO - Created Permission View: can read on DAG:example_short_circuit_operator
[2026-05-13T12:15:24.101+0700] {logging_mixin.py:190} INFO - [2026-05-13T12:15:24.101+0700] {override.py:1911} INFO - Created Permission View: can edit on DAG:example_short_circuit_operator
[2026-05-13T12:15:24.104+0700] {logging_mixin.py:190} INFO - [2026-05-13T12:15:24.104+0700] {override.py:1911} INFO - Created Permission View: can delete on DAG:example_short_circuit_operator
[2026-05-13T12:15:24.108+0700] {logging_mixin.py:190} INFO - [2026-05-13T12:15:24.108+0700] {override.py:1911} INFO - Created Permission View: menu access on DAG Run:example_short_circuit_operator
[2026-05-13T12:15:24.110+0700] {logging_mixin.py:190} INFO - [2026-05-13T12:15:24.110+0700] {override.py:1911} INFO - Created Permission View: can create on DAG Run:example_short_circuit_operator
[2026-05-13T12:15:24.113+0700] {logging_mixin.py:190} INFO - [2026-05-13T12:15:24.113+0700] {override.py:1911} INFO - Created Permission View: can read on DAG Run:example_short_circuit_operator
[2026-05-13T12:15:24.116+0700] {logging_mixin.py:190} INFO - [2026-05-13T12:15:24.116+0700] {override.py:1911} INFO - Created Permission View: can delete on DAG Run:example_short_circuit_operator
[2026-05-13T12:15:24.116+0700] {logging_mixin.py:190} INFO - [2026-05-13T12:15:24.116+0700] {dag.py:3239} INFO - Sync 1 DAGs
[2026-05-13T12:15:24.122+0700] {logging_mixin.py:190} INFO - [2026-05-13T12:15:24.122+0700] {dag.py:3262} INFO - Creating ORM DAG for example_short_circuit_operator
[2026-05-13T12:15:24.122+0700] {logging_mixin.py:190} INFO - [2026-05-13T12:15:24.122+0700] {dag.py:4180} INFO - Setting next_dagrun for example_short_circuit_operator to None, run_after=None
[2026-05-13T12:15:24.131+0700] {processor.py:208} INFO - Processing /Users/najma/de_learning/bulan_2/airflow_project/venv_airflow/lib/python3.12/site-packages/airflow/example_dags/example_short_circuit_operator.py took 0.152 seconds
[2026-05-13T12:17:29.142+0700] {processor.py:186} INFO - Started process (PID=7512) to work on /Users/najma/de_learning/bulan_2/airflow_project/venv_airflow/lib/python3.12/site-packages/airflow/example_dags/example_short_circuit_operator.py
[2026-05-13T12:17:29.143+0700] {processor.py:914} INFO - Processing file /Users/najma/de_learning/bulan_2/airflow_project/venv_airflow/lib/python3.12/site-packages/airflow/example_dags/example_short_circuit_operator.py for tasks to queue
[2026-05-13T12:17:29.143+0700] {logging_mixin.py:190} INFO - [2026-05-13T12:17:29.143+0700] {dagbag.py:588} INFO - Filling up the DagBag from /Users/najma/de_learning/bulan_2/airflow_project/venv_airflow/lib/python3.12/site-packages/airflow/example_dags/example_short_circuit_operator.py
[2026-05-13T12:17:29.159+0700] {processor.py:925} INFO - DAG(s) 'example_short_circuit_operator' retrieved from /Users/najma/de_learning/bulan_2/airflow_project/venv_airflow/lib/python3.12/site-packages/airflow/example_dags/example_short_circuit_operator.py
[2026-05-13T12:17:29.212+0700] {logging_mixin.py:190} INFO - [2026-05-13T12:17:29.212+0700] {dag.py:3239} INFO - Sync 1 DAGs
[2026-05-13T12:17:29.218+0700] {logging_mixin.py:190} INFO - [2026-05-13T12:17:29.217+0700] {dag.py:4180} INFO - Setting next_dagrun for example_short_circuit_operator to None, run_after=None
[2026-05-13T12:17:29.227+0700] {processor.py:208} INFO - Processing /Users/najma/de_learning/bulan_2/airflow_project/venv_airflow/lib/python3.12/site-packages/airflow/example_dags/example_short_circuit_operator.py took 0.087 seconds
[2026-05-13T12:18:56.198+0700] {processor.py:186} INFO - Started process (PID=7607) to work on /Users/najma/de_learning/bulan_2/airflow_project/venv_airflow/lib/python3.12/site-packages/airflow/example_dags/example_short_circuit_operator.py
[2026-05-13T12:18:56.199+0700] {processor.py:914} INFO - Processing file /Users/najma/de_learning/bulan_2/airflow_project/venv_airflow/lib/python3.12/site-packages/airflow/example_dags/example_short_circuit_operator.py for tasks to queue
[2026-05-13T12:18:56.200+0700] {logging_mixin.py:190} INFO - [2026-05-13T12:18:56.200+0700] {dagbag.py:588} INFO - Filling up the DagBag from /Users/najma/de_learning/bulan_2/airflow_project/venv_airflow/lib/python3.12/site-packages/airflow/example_dags/example_short_circuit_operator.py
[2026-05-13T12:18:56.216+0700] {processor.py:925} INFO - DAG(s) 'example_short_circuit_operator' retrieved from /Users/najma/de_learning/bulan_2/airflow_project/venv_airflow/lib/python3.12/site-packages/airflow/example_dags/example_short_circuit_operator.py
[2026-05-13T12:18:56.268+0700] {logging_mixin.py:190} INFO - [2026-05-13T12:18:56.268+0700] {dag.py:3239} INFO - Sync 1 DAGs
[2026-05-13T12:18:56.274+0700] {logging_mixin.py:190} INFO - [2026-05-13T12:18:56.273+0700] {dag.py:4180} INFO - Setting next_dagrun for example_short_circuit_operator to None, run_after=None
[2026-05-13T12:18:56.284+0700] {processor.py:208} INFO - Processing /Users/najma/de_learning/bulan_2/airflow_project/venv_airflow/lib/python3.12/site-packages/airflow/example_dags/example_short_circuit_operator.py took 0.088 seconds
[2026-05-13T12:20:22.387+0700] {processor.py:186} INFO - Started process (PID=7903) to work on /Users/najma/de_learning/bulan_2/airflow_project/venv_airflow/lib/python3.12/site-packages/airflow/example_dags/example_short_circuit_operator.py
[2026-05-13T12:20:22.388+0700] {processor.py:914} INFO - Processing file /Users/najma/de_learning/bulan_2/airflow_project/venv_airflow/lib/python3.12/site-packages/airflow/example_dags/example_short_circuit_operator.py for tasks to queue
[2026-05-13T12:20:22.389+0700] {logging_mixin.py:190} INFO - [2026-05-13T12:20:22.389+0700] {dagbag.py:588} INFO - Filling up the DagBag from /Users/najma/de_learning/bulan_2/airflow_project/venv_airflow/lib/python3.12/site-packages/airflow/example_dags/example_short_circuit_operator.py
[2026-05-13T12:20:22.405+0700] {processor.py:925} INFO - DAG(s) 'example_short_circuit_operator' retrieved from /Users/najma/de_learning/bulan_2/airflow_project/venv_airflow/lib/python3.12/site-packages/airflow/example_dags/example_short_circuit_operator.py
[2026-05-13T12:20:22.456+0700] {logging_mixin.py:190} INFO - [2026-05-13T12:20:22.456+0700] {dag.py:3239} INFO - Sync 1 DAGs
[2026-05-13T12:20:22.462+0700] {logging_mixin.py:190} INFO - [2026-05-13T12:20:22.462+0700] {dag.py:4180} INFO - Setting next_dagrun for example_short_circuit_operator to None, run_after=None
[2026-05-13T12:20:22.472+0700] {processor.py:208} INFO - Processing /Users/najma/de_learning/bulan_2/airflow_project/venv_airflow/lib/python3.12/site-packages/airflow/example_dags/example_short_circuit_operator.py took 0.087 seconds
[2026-05-13T12:21:49.117+0700] {processor.py:186} INFO - Started process (PID=8010) to work on /Users/najma/de_learning/bulan_2/airflow_project/venv_airflow/lib/python3.12/site-packages/airflow/example_dags/example_short_circuit_operator.py
[2026-05-13T12:21:49.117+0700] {processor.py:914} INFO - Processing file /Users/najma/de_learning/bulan_2/airflow_project/venv_airflow/lib/python3.12/site-packages/airflow/example_dags/example_short_circuit_operator.py for tasks to queue
[2026-05-13T12:21:49.118+0700] {logging_mixin.py:190} INFO - [2026-05-13T12:21:49.118+0700] {dagbag.py:588} INFO - Filling up the DagBag from /Users/najma/de_learning/bulan_2/airflow_project/venv_airflow/lib/python3.12/site-packages/airflow/example_dags/example_short_circuit_operator.py
[2026-05-13T12:21:49.135+0700] {processor.py:925} INFO - DAG(s) 'example_short_circuit_operator' retrieved from /Users/najma/de_learning/bulan_2/airflow_project/venv_airflow/lib/python3.12/site-packages/airflow/example_dags/example_short_circuit_operator.py
[2026-05-13T12:21:49.188+0700] {logging_mixin.py:190} INFO - [2026-05-13T12:21:49.187+0700] {dag.py:3239} INFO - Sync 1 DAGs
[2026-05-13T12:21:49.193+0700] {logging_mixin.py:190} INFO - [2026-05-13T12:21:49.193+0700] {dag.py:4180} INFO - Setting next_dagrun for example_short_circuit_operator to None, run_after=None
[2026-05-13T12:21:49.202+0700] {processor.py:208} INFO - Processing /Users/najma/de_learning/bulan_2/airflow_project/venv_airflow/lib/python3.12/site-packages/airflow/example_dags/example_short_circuit_operator.py took 0.088 seconds
[2026-05-13T12:23:14.039+0700] {processor.py:186} INFO - Started process (PID=8117) to work on /Users/najma/de_learning/bulan_2/airflow_project/venv_airflow/lib/python3.12/site-packages/airflow/example_dags/example_short_circuit_operator.py
[2026-05-13T12:23:14.041+0700] {processor.py:914} INFO - Processing file /Users/najma/de_learning/bulan_2/airflow_project/venv_airflow/lib/python3.12/site-packages/airflow/example_dags/example_short_circuit_operator.py for tasks to queue
[2026-05-13T12:23:14.041+0700] {logging_mixin.py:190} INFO - [2026-05-13T12:23:14.041+0700] {dagbag.py:588} INFO - Filling up the DagBag from /Users/najma/de_learning/bulan_2/airflow_project/venv_airflow/lib/python3.12/site-packages/airflow/example_dags/example_short_circuit_operator.py
[2026-05-13T12:23:14.057+0700] {processor.py:925} INFO - DAG(s) 'example_short_circuit_operator' retrieved from /Users/najma/de_learning/bulan_2/airflow_project/venv_airflow/lib/python3.12/site-packages/airflow/example_dags/example_short_circuit_operator.py
[2026-05-13T12:23:14.109+0700] {logging_mixin.py:190} INFO - [2026-05-13T12:23:14.109+0700] {dag.py:3239} INFO - Sync 1 DAGs
[2026-05-13T12:23:14.114+0700] {logging_mixin.py:190} INFO - [2026-05-13T12:23:14.114+0700] {dag.py:4180} INFO - Setting next_dagrun for example_short_circuit_operator to None, run_after=None
[2026-05-13T12:23:14.124+0700] {processor.py:208} INFO - Processing /Users/najma/de_learning/bulan_2/airflow_project/venv_airflow/lib/python3.12/site-packages/airflow/example_dags/example_short_circuit_operator.py took 0.087 seconds
[2026-05-13T12:24:38.659+0700] {processor.py:186} INFO - Started process (PID=8213) to work on /Users/najma/de_learning/bulan_2/airflow_project/venv_airflow/lib/python3.12/site-packages/airflow/example_dags/example_short_circuit_operator.py
[2026-05-13T12:24:38.661+0700] {processor.py:914} INFO - Processing file /Users/najma/de_learning/bulan_2/airflow_project/venv_airflow/lib/python3.12/site-packages/airflow/example_dags/example_short_circuit_operator.py for tasks to queue
[2026-05-13T12:24:38.661+0700] {logging_mixin.py:190} INFO - [2026-05-13T12:24:38.661+0700] {dagbag.py:588} INFO - Filling up the DagBag from /Users/najma/de_learning/bulan_2/airflow_project/venv_airflow/lib/python3.12/site-packages/airflow/example_dags/example_short_circuit_operator.py
[2026-05-13T12:24:38.678+0700] {processor.py:925} INFO - DAG(s) 'example_short_circuit_operator' retrieved from /Users/najma/de_learning/bulan_2/airflow_project/venv_airflow/lib/python3.12/site-packages/airflow/example_dags/example_short_circuit_operator.py
[2026-05-13T12:24:38.730+0700] {logging_mixin.py:190} INFO - [2026-05-13T12:24:38.730+0700] {dag.py:3239} INFO - Sync 1 DAGs
[2026-05-13T12:24:38.736+0700] {logging_mixin.py:190} INFO - [2026-05-13T12:24:38.736+0700] {dag.py:4180} INFO - Setting next_dagrun for example_short_circuit_operator to None, run_after=None
[2026-05-13T12:24:38.745+0700] {processor.py:208} INFO - Processing /Users/najma/de_learning/bulan_2/airflow_project/venv_airflow/lib/python3.12/site-packages/airflow/example_dags/example_short_circuit_operator.py took 0.088 seconds
