[2026-05-13T12:15:16.261+0700] {processor.py:186} INFO - Started process (PID=6596) to work on /Users/najma/de_learning/bulan_2/airflow_project/venv_airflow/lib/python3.12/site-packages/airflow/example_dags/example_task_group.py
[2026-05-13T12:15:16.262+0700] {processor.py:914} INFO - Processing file /Users/najma/de_learning/bulan_2/airflow_project/venv_airflow/lib/python3.12/site-packages/airflow/example_dags/example_task_group.py for tasks to queue
[2026-05-13T12:15:16.262+0700] {logging_mixin.py:190} INFO - [2026-05-13T12:15:16.262+0700] {dagbag.py:588} INFO - Filling up the DagBag from /Users/najma/de_learning/bulan_2/airflow_project/venv_airflow/lib/python3.12/site-packages/airflow/example_dags/example_task_group.py
[2026-05-13T12:15:16.268+0700] {processor.py:925} INFO - DAG(s) 'example_task_group' retrieved from /Users/najma/de_learning/bulan_2/airflow_project/venv_airflow/lib/python3.12/site-packages/airflow/example_dags/example_task_group.py
[2026-05-13T12:15:16.368+0700] {logging_mixin.py:190} INFO - [2026-05-13T12:15:16.368+0700] {override.py:1911} INFO - Created Permission View: can delete on DAG:example_task_group
[2026-05-13T12:15:16.373+0700] {logging_mixin.py:190} INFO - [2026-05-13T12:15:16.373+0700] {override.py:1911} INFO - Created Permission View: can read on DAG:example_task_group
[2026-05-13T12:15:16.376+0700] {logging_mixin.py:190} INFO - [2026-05-13T12:15:16.376+0700] {override.py:1911} INFO - Created Permission View: can edit on DAG:example_task_group
[2026-05-13T12:15:16.380+0700] {logging_mixin.py:190} INFO - [2026-05-13T12:15:16.380+0700] {override.py:1911} INFO - Created Permission View: can create on DAG Run:example_task_group
[2026-05-13T12:15:16.382+0700] {logging_mixin.py:190} INFO - [2026-05-13T12:15:16.382+0700] {override.py:1911} INFO - Created Permission View: menu access on DAG Run:example_task_group
[2026-05-13T12:15:16.385+0700] {logging_mixin.py:190} INFO - [2026-05-13T12:15:16.385+0700] {override.py:1911} INFO - Created Permission View: can read on DAG Run:example_task_group
[2026-05-13T12:15:16.388+0700] {logging_mixin.py:190} INFO - [2026-05-13T12:15:16.388+0700] {override.py:1911} INFO - Created Permission View: can delete on DAG Run:example_task_group
[2026-05-13T12:15:16.388+0700] {logging_mixin.py:190} INFO - [2026-05-13T12:15:16.388+0700] {dag.py:3239} INFO - Sync 1 DAGs
[2026-05-13T12:15:16.394+0700] {logging_mixin.py:190} INFO - [2026-05-13T12:15:16.394+0700] {dag.py:3262} INFO - Creating ORM DAG for example_task_group
[2026-05-13T12:15:16.394+0700] {logging_mixin.py:190} INFO - [2026-05-13T12:15:16.394+0700] {dag.py:4180} INFO - Setting next_dagrun for example_task_group to None, run_after=None
[2026-05-13T12:15:16.402+0700] {processor.py:208} INFO - Processing /Users/najma/de_learning/bulan_2/airflow_project/venv_airflow/lib/python3.12/site-packages/airflow/example_dags/example_task_group.py took 0.143 seconds
[2026-05-13T12:17:20.840+0700] {processor.py:186} INFO - Started process (PID=7504) to work on /Users/najma/de_learning/bulan_2/airflow_project/venv_airflow/lib/python3.12/site-packages/airflow/example_dags/example_task_group.py
[2026-05-13T12:17:20.841+0700] {processor.py:914} INFO - Processing file /Users/najma/de_learning/bulan_2/airflow_project/venv_airflow/lib/python3.12/site-packages/airflow/example_dags/example_task_group.py for tasks to queue
[2026-05-13T12:17:20.842+0700] {logging_mixin.py:190} INFO - [2026-05-13T12:17:20.842+0700] {dagbag.py:588} INFO - Filling up the DagBag from /Users/najma/de_learning/bulan_2/airflow_project/venv_airflow/lib/python3.12/site-packages/airflow/example_dags/example_task_group.py
[2026-05-13T12:17:20.847+0700] {processor.py:925} INFO - DAG(s) 'example_task_group' retrieved from /Users/najma/de_learning/bulan_2/airflow_project/venv_airflow/lib/python3.12/site-packages/airflow/example_dags/example_task_group.py
[2026-05-13T12:17:20.900+0700] {logging_mixin.py:190} INFO - [2026-05-13T12:17:20.900+0700] {dag.py:3239} INFO - Sync 1 DAGs
[2026-05-13T12:17:20.907+0700] {logging_mixin.py:190} INFO - [2026-05-13T12:17:20.906+0700] {dag.py:4180} INFO - Setting next_dagrun for example_task_group to None, run_after=None
[2026-05-13T12:17:20.916+0700] {processor.py:208} INFO - Processing /Users/najma/de_learning/bulan_2/airflow_project/venv_airflow/lib/python3.12/site-packages/airflow/example_dags/example_task_group.py took 0.077 seconds
[2026-05-13T12:18:47.942+0700] {processor.py:186} INFO - Started process (PID=7599) to work on /Users/najma/de_learning/bulan_2/airflow_project/venv_airflow/lib/python3.12/site-packages/airflow/example_dags/example_task_group.py
[2026-05-13T12:18:47.944+0700] {processor.py:914} INFO - Processing file /Users/najma/de_learning/bulan_2/airflow_project/venv_airflow/lib/python3.12/site-packages/airflow/example_dags/example_task_group.py for tasks to queue
[2026-05-13T12:18:47.944+0700] {logging_mixin.py:190} INFO - [2026-05-13T12:18:47.944+0700] {dagbag.py:588} INFO - Filling up the DagBag from /Users/najma/de_learning/bulan_2/airflow_project/venv_airflow/lib/python3.12/site-packages/airflow/example_dags/example_task_group.py
[2026-05-13T12:18:47.950+0700] {processor.py:925} INFO - DAG(s) 'example_task_group' retrieved from /Users/najma/de_learning/bulan_2/airflow_project/venv_airflow/lib/python3.12/site-packages/airflow/example_dags/example_task_group.py
[2026-05-13T12:18:48.003+0700] {logging_mixin.py:190} INFO - [2026-05-13T12:18:48.003+0700] {dag.py:3239} INFO - Sync 1 DAGs
[2026-05-13T12:18:48.009+0700] {logging_mixin.py:190} INFO - [2026-05-13T12:18:48.009+0700] {dag.py:4180} INFO - Setting next_dagrun for example_task_group to None, run_after=None
[2026-05-13T12:18:48.018+0700] {processor.py:208} INFO - Processing /Users/najma/de_learning/bulan_2/airflow_project/venv_airflow/lib/python3.12/site-packages/airflow/example_dags/example_task_group.py took 0.078 seconds
[2026-05-13T12:20:15.661+0700] {processor.py:186} INFO - Started process (PID=7892) to work on /Users/najma/de_learning/bulan_2/airflow_project/venv_airflow/lib/python3.12/site-packages/airflow/example_dags/example_task_group.py
[2026-05-13T12:20:15.663+0700] {processor.py:914} INFO - Processing file /Users/najma/de_learning/bulan_2/airflow_project/venv_airflow/lib/python3.12/site-packages/airflow/example_dags/example_task_group.py for tasks to queue
[2026-05-13T12:20:15.663+0700] {logging_mixin.py:190} INFO - [2026-05-13T12:20:15.663+0700] {dagbag.py:588} INFO - Filling up the DagBag from /Users/najma/de_learning/bulan_2/airflow_project/venv_airflow/lib/python3.12/site-packages/airflow/example_dags/example_task_group.py
[2026-05-13T12:20:15.669+0700] {processor.py:925} INFO - DAG(s) 'example_task_group' retrieved from /Users/najma/de_learning/bulan_2/airflow_project/venv_airflow/lib/python3.12/site-packages/airflow/example_dags/example_task_group.py
[2026-05-13T12:20:15.721+0700] {logging_mixin.py:190} INFO - [2026-05-13T12:20:15.721+0700] {dag.py:3239} INFO - Sync 1 DAGs
[2026-05-13T12:20:15.727+0700] {logging_mixin.py:190} INFO - [2026-05-13T12:20:15.727+0700] {dag.py:4180} INFO - Setting next_dagrun for example_task_group to None, run_after=None
[2026-05-13T12:20:15.737+0700] {processor.py:208} INFO - Processing /Users/najma/de_learning/bulan_2/airflow_project/venv_airflow/lib/python3.12/site-packages/airflow/example_dags/example_task_group.py took 0.077 seconds
[2026-05-13T12:21:41.054+0700] {processor.py:186} INFO - Started process (PID=8000) to work on /Users/najma/de_learning/bulan_2/airflow_project/venv_airflow/lib/python3.12/site-packages/airflow/example_dags/example_task_group.py
[2026-05-13T12:21:41.056+0700] {processor.py:914} INFO - Processing file /Users/najma/de_learning/bulan_2/airflow_project/venv_airflow/lib/python3.12/site-packages/airflow/example_dags/example_task_group.py for tasks to queue
[2026-05-13T12:21:41.056+0700] {logging_mixin.py:190} INFO - [2026-05-13T12:21:41.056+0700] {dagbag.py:588} INFO - Filling up the DagBag from /Users/najma/de_learning/bulan_2/airflow_project/venv_airflow/lib/python3.12/site-packages/airflow/example_dags/example_task_group.py
[2026-05-13T12:21:41.062+0700] {processor.py:925} INFO - DAG(s) 'example_task_group' retrieved from /Users/najma/de_learning/bulan_2/airflow_project/venv_airflow/lib/python3.12/site-packages/airflow/example_dags/example_task_group.py
[2026-05-13T12:21:41.114+0700] {logging_mixin.py:190} INFO - [2026-05-13T12:21:41.114+0700] {dag.py:3239} INFO - Sync 1 DAGs
[2026-05-13T12:21:41.121+0700] {logging_mixin.py:190} INFO - [2026-05-13T12:21:41.120+0700] {dag.py:4180} INFO - Setting next_dagrun for example_task_group to None, run_after=None
[2026-05-13T12:21:41.130+0700] {processor.py:208} INFO - Processing /Users/najma/de_learning/bulan_2/airflow_project/venv_airflow/lib/python3.12/site-packages/airflow/example_dags/example_task_group.py took 0.078 seconds
[2026-05-13T12:23:06.205+0700] {processor.py:186} INFO - Started process (PID=8109) to work on /Users/najma/de_learning/bulan_2/airflow_project/venv_airflow/lib/python3.12/site-packages/airflow/example_dags/example_task_group.py
[2026-05-13T12:23:06.206+0700] {processor.py:914} INFO - Processing file /Users/najma/de_learning/bulan_2/airflow_project/venv_airflow/lib/python3.12/site-packages/airflow/example_dags/example_task_group.py for tasks to queue
[2026-05-13T12:23:06.207+0700] {logging_mixin.py:190} INFO - [2026-05-13T12:23:06.207+0700] {dagbag.py:588} INFO - Filling up the DagBag from /Users/najma/de_learning/bulan_2/airflow_project/venv_airflow/lib/python3.12/site-packages/airflow/example_dags/example_task_group.py
[2026-05-13T12:23:06.212+0700] {processor.py:925} INFO - DAG(s) 'example_task_group' retrieved from /Users/najma/de_learning/bulan_2/airflow_project/venv_airflow/lib/python3.12/site-packages/airflow/example_dags/example_task_group.py
[2026-05-13T12:23:06.264+0700] {logging_mixin.py:190} INFO - [2026-05-13T12:23:06.264+0700] {dag.py:3239} INFO - Sync 1 DAGs
[2026-05-13T12:23:06.270+0700] {logging_mixin.py:190} INFO - [2026-05-13T12:23:06.270+0700] {dag.py:4180} INFO - Setting next_dagrun for example_task_group to None, run_after=None
[2026-05-13T12:23:06.280+0700] {processor.py:208} INFO - Processing /Users/najma/de_learning/bulan_2/airflow_project/venv_airflow/lib/python3.12/site-packages/airflow/example_dags/example_task_group.py took 0.077 seconds
[2026-05-13T12:24:31.422+0700] {processor.py:186} INFO - Started process (PID=8204) to work on /Users/najma/de_learning/bulan_2/airflow_project/venv_airflow/lib/python3.12/site-packages/airflow/example_dags/example_task_group.py
[2026-05-13T12:24:31.423+0700] {processor.py:914} INFO - Processing file /Users/najma/de_learning/bulan_2/airflow_project/venv_airflow/lib/python3.12/site-packages/airflow/example_dags/example_task_group.py for tasks to queue
[2026-05-13T12:24:31.424+0700] {logging_mixin.py:190} INFO - [2026-05-13T12:24:31.423+0700] {dagbag.py:588} INFO - Filling up the DagBag from /Users/najma/de_learning/bulan_2/airflow_project/venv_airflow/lib/python3.12/site-packages/airflow/example_dags/example_task_group.py
[2026-05-13T12:24:31.429+0700] {processor.py:925} INFO - DAG(s) 'example_task_group' retrieved from /Users/najma/de_learning/bulan_2/airflow_project/venv_airflow/lib/python3.12/site-packages/airflow/example_dags/example_task_group.py
[2026-05-13T12:24:31.482+0700] {logging_mixin.py:190} INFO - [2026-05-13T12:24:31.481+0700] {dag.py:3239} INFO - Sync 1 DAGs
[2026-05-13T12:24:31.488+0700] {logging_mixin.py:190} INFO - [2026-05-13T12:24:31.488+0700] {dag.py:4180} INFO - Setting next_dagrun for example_task_group to None, run_after=None
[2026-05-13T12:24:31.497+0700] {processor.py:208} INFO - Processing /Users/najma/de_learning/bulan_2/airflow_project/venv_airflow/lib/python3.12/site-packages/airflow/example_dags/example_task_group.py took 0.077 seconds
