[2026-05-13T12:15:40.260+0700] {processor.py:186} INFO - Started process (PID=7053) to work on /Users/najma/de_learning/bulan_2/airflow_project/venv_airflow/lib/python3.12/site-packages/airflow/example_dags/example_python_operator.py
[2026-05-13T12:15:40.260+0700] {processor.py:914} INFO - Processing file /Users/najma/de_learning/bulan_2/airflow_project/venv_airflow/lib/python3.12/site-packages/airflow/example_dags/example_python_operator.py for tasks to queue
[2026-05-13T12:15:40.261+0700] {logging_mixin.py:190} INFO - [2026-05-13T12:15:40.261+0700] {dagbag.py:588} INFO - Filling up the DagBag from /Users/najma/de_learning/bulan_2/airflow_project/venv_airflow/lib/python3.12/site-packages/airflow/example_dags/example_python_operator.py
[2026-05-13T12:15:40.278+0700] {processor.py:925} INFO - DAG(s) 'example_python_operator' retrieved from /Users/najma/de_learning/bulan_2/airflow_project/venv_airflow/lib/python3.12/site-packages/airflow/example_dags/example_python_operator.py
[2026-05-13T12:15:40.377+0700] {logging_mixin.py:190} INFO - [2026-05-13T12:15:40.377+0700] {override.py:1911} INFO - Created Permission View: can delete on DAG:example_python_operator
[2026-05-13T12:15:40.382+0700] {logging_mixin.py:190} INFO - [2026-05-13T12:15:40.382+0700] {override.py:1911} INFO - Created Permission View: can edit on DAG:example_python_operator
[2026-05-13T12:15:40.385+0700] {logging_mixin.py:190} INFO - [2026-05-13T12:15:40.385+0700] {override.py:1911} INFO - Created Permission View: can read on DAG:example_python_operator
[2026-05-13T12:15:40.389+0700] {logging_mixin.py:190} INFO - [2026-05-13T12:15:40.389+0700] {override.py:1911} INFO - Created Permission View: can delete on DAG Run:example_python_operator
[2026-05-13T12:15:40.391+0700] {logging_mixin.py:190} INFO - [2026-05-13T12:15:40.391+0700] {override.py:1911} INFO - Created Permission View: can create on DAG Run:example_python_operator
[2026-05-13T12:15:40.394+0700] {logging_mixin.py:190} INFO - [2026-05-13T12:15:40.394+0700] {override.py:1911} INFO - Created Permission View: menu access on DAG Run:example_python_operator
[2026-05-13T12:15:40.397+0700] {logging_mixin.py:190} INFO - [2026-05-13T12:15:40.397+0700] {override.py:1911} INFO - Created Permission View: can read on DAG Run:example_python_operator
[2026-05-13T12:15:40.397+0700] {logging_mixin.py:190} INFO - [2026-05-13T12:15:40.397+0700] {dag.py:3239} INFO - Sync 1 DAGs
[2026-05-13T12:15:40.403+0700] {logging_mixin.py:190} INFO - [2026-05-13T12:15:40.403+0700] {dag.py:3262} INFO - Creating ORM DAG for example_python_operator
[2026-05-13T12:15:40.403+0700] {logging_mixin.py:190} INFO - [2026-05-13T12:15:40.403+0700] {dag.py:4180} INFO - Setting next_dagrun for example_python_operator to None, run_after=None
[2026-05-13T12:15:40.444+0700] {processor.py:208} INFO - Processing /Users/najma/de_learning/bulan_2/airflow_project/venv_airflow/lib/python3.12/site-packages/airflow/example_dags/example_python_operator.py took 0.186 seconds
[2026-05-13T12:17:41.528+0700] {processor.py:186} INFO - Started process (PID=7525) to work on /Users/najma/de_learning/bulan_2/airflow_project/venv_airflow/lib/python3.12/site-packages/airflow/example_dags/example_python_operator.py
[2026-05-13T12:17:41.529+0700] {processor.py:914} INFO - Processing file /Users/najma/de_learning/bulan_2/airflow_project/venv_airflow/lib/python3.12/site-packages/airflow/example_dags/example_python_operator.py for tasks to queue
[2026-05-13T12:17:41.529+0700] {logging_mixin.py:190} INFO - [2026-05-13T12:17:41.529+0700] {dagbag.py:588} INFO - Filling up the DagBag from /Users/najma/de_learning/bulan_2/airflow_project/venv_airflow/lib/python3.12/site-packages/airflow/example_dags/example_python_operator.py
[2026-05-13T12:17:41.547+0700] {processor.py:925} INFO - DAG(s) 'example_python_operator' retrieved from /Users/najma/de_learning/bulan_2/airflow_project/venv_airflow/lib/python3.12/site-packages/airflow/example_dags/example_python_operator.py
[2026-05-13T12:17:41.663+0700] {logging_mixin.py:190} INFO - [2026-05-13T12:17:41.663+0700] {dag.py:3239} INFO - Sync 1 DAGs
[2026-05-13T12:17:41.668+0700] {logging_mixin.py:190} INFO - [2026-05-13T12:17:41.668+0700] {dag.py:4180} INFO - Setting next_dagrun for example_python_operator to None, run_after=None
[2026-05-13T12:17:41.712+0700] {processor.py:208} INFO - Processing /Users/najma/de_learning/bulan_2/airflow_project/venv_airflow/lib/python3.12/site-packages/airflow/example_dags/example_python_operator.py took 0.186 seconds
[2026-05-13T12:20:31.867+0700] {processor.py:186} INFO - Started process (PID=7913) to work on /Users/najma/de_learning/bulan_2/airflow_project/venv_airflow/lib/python3.12/site-packages/airflow/example_dags/example_python_operator.py
[2026-05-13T12:20:31.868+0700] {processor.py:914} INFO - Processing file /Users/najma/de_learning/bulan_2/airflow_project/venv_airflow/lib/python3.12/site-packages/airflow/example_dags/example_python_operator.py for tasks to queue
[2026-05-13T12:20:31.869+0700] {logging_mixin.py:190} INFO - [2026-05-13T12:20:31.869+0700] {dagbag.py:588} INFO - Filling up the DagBag from /Users/najma/de_learning/bulan_2/airflow_project/venv_airflow/lib/python3.12/site-packages/airflow/example_dags/example_python_operator.py
[2026-05-13T12:20:31.888+0700] {processor.py:925} INFO - DAG(s) 'example_python_operator' retrieved from /Users/najma/de_learning/bulan_2/airflow_project/venv_airflow/lib/python3.12/site-packages/airflow/example_dags/example_python_operator.py
[2026-05-13T12:20:32.019+0700] {logging_mixin.py:190} INFO - [2026-05-13T12:20:32.019+0700] {dag.py:3239} INFO - Sync 1 DAGs
[2026-05-13T12:20:32.024+0700] {logging_mixin.py:190} INFO - [2026-05-13T12:20:32.024+0700] {dag.py:4180} INFO - Setting next_dagrun for example_python_operator to None, run_after=None
[2026-05-13T12:20:32.073+0700] {processor.py:208} INFO - Processing /Users/najma/de_learning/bulan_2/airflow_project/venv_airflow/lib/python3.12/site-packages/airflow/example_dags/example_python_operator.py took 0.208 seconds
[2026-05-13T12:23:24.506+0700] {processor.py:186} INFO - Started process (PID=8128) to work on /Users/najma/de_learning/bulan_2/airflow_project/venv_airflow/lib/python3.12/site-packages/airflow/example_dags/example_python_operator.py
[2026-05-13T12:23:24.507+0700] {processor.py:914} INFO - Processing file /Users/najma/de_learning/bulan_2/airflow_project/venv_airflow/lib/python3.12/site-packages/airflow/example_dags/example_python_operator.py for tasks to queue
[2026-05-13T12:23:24.508+0700] {logging_mixin.py:190} INFO - [2026-05-13T12:23:24.508+0700] {dagbag.py:588} INFO - Filling up the DagBag from /Users/najma/de_learning/bulan_2/airflow_project/venv_airflow/lib/python3.12/site-packages/airflow/example_dags/example_python_operator.py
[2026-05-13T12:23:24.525+0700] {processor.py:925} INFO - DAG(s) 'example_python_operator' retrieved from /Users/najma/de_learning/bulan_2/airflow_project/venv_airflow/lib/python3.12/site-packages/airflow/example_dags/example_python_operator.py
[2026-05-13T12:23:24.647+0700] {logging_mixin.py:190} INFO - [2026-05-13T12:23:24.647+0700] {dag.py:3239} INFO - Sync 1 DAGs
[2026-05-13T12:23:24.652+0700] {logging_mixin.py:190} INFO - [2026-05-13T12:23:24.652+0700] {dag.py:4180} INFO - Setting next_dagrun for example_python_operator to None, run_after=None
[2026-05-13T12:23:24.694+0700] {processor.py:208} INFO - Processing /Users/najma/de_learning/bulan_2/airflow_project/venv_airflow/lib/python3.12/site-packages/airflow/example_dags/example_python_operator.py took 0.190 seconds
