[2026-05-13T12:16:12.705+0700] {processor.py:186} INFO - Started process (PID=7413) to work on /Users/najma/de_learning/bulan_2/airflow_project/venv_airflow/lib/python3.12/site-packages/airflow/example_dags/example_dynamic_task_mapping.py
[2026-05-13T12:16:12.706+0700] {processor.py:914} INFO - Processing file /Users/najma/de_learning/bulan_2/airflow_project/venv_airflow/lib/python3.12/site-packages/airflow/example_dags/example_dynamic_task_mapping.py for tasks to queue
[2026-05-13T12:16:12.707+0700] {logging_mixin.py:190} INFO - [2026-05-13T12:16:12.706+0700] {dagbag.py:588} INFO - Filling up the DagBag from /Users/najma/de_learning/bulan_2/airflow_project/venv_airflow/lib/python3.12/site-packages/airflow/example_dags/example_dynamic_task_mapping.py
[2026-05-13T12:16:12.729+0700] {processor.py:925} INFO - DAG(s) 'example_dynamic_task_mapping' retrieved from /Users/najma/de_learning/bulan_2/airflow_project/venv_airflow/lib/python3.12/site-packages/airflow/example_dags/example_dynamic_task_mapping.py
[2026-05-13T12:16:12.828+0700] {logging_mixin.py:190} INFO - [2026-05-13T12:16:12.827+0700] {override.py:1911} INFO - Created Permission View: can read on DAG:example_dynamic_task_mapping
[2026-05-13T12:16:12.832+0700] {logging_mixin.py:190} INFO - [2026-05-13T12:16:12.832+0700] {override.py:1911} INFO - Created Permission View: can delete on DAG:example_dynamic_task_mapping
[2026-05-13T12:16:12.835+0700] {logging_mixin.py:190} INFO - [2026-05-13T12:16:12.835+0700] {override.py:1911} INFO - Created Permission View: can edit on DAG:example_dynamic_task_mapping
[2026-05-13T12:16:12.839+0700] {logging_mixin.py:190} INFO - [2026-05-13T12:16:12.839+0700] {override.py:1911} INFO - Created Permission View: can read on DAG Run:example_dynamic_task_mapping
[2026-05-13T12:16:12.842+0700] {logging_mixin.py:190} INFO - [2026-05-13T12:16:12.841+0700] {override.py:1911} INFO - Created Permission View: menu access on DAG Run:example_dynamic_task_mapping
[2026-05-13T12:16:12.844+0700] {logging_mixin.py:190} INFO - [2026-05-13T12:16:12.844+0700] {override.py:1911} INFO - Created Permission View: can create on DAG Run:example_dynamic_task_mapping
[2026-05-13T12:16:12.847+0700] {logging_mixin.py:190} INFO - [2026-05-13T12:16:12.847+0700] {override.py:1911} INFO - Created Permission View: can delete on DAG Run:example_dynamic_task_mapping
[2026-05-13T12:16:12.847+0700] {logging_mixin.py:190} INFO - [2026-05-13T12:16:12.847+0700] {dag.py:3239} INFO - Sync 1 DAGs
[2026-05-13T12:16:12.854+0700] {logging_mixin.py:190} INFO - [2026-05-13T12:16:12.854+0700] {dag.py:3262} INFO - Creating ORM DAG for example_dynamic_task_mapping
[2026-05-13T12:16:12.854+0700] {logging_mixin.py:190} INFO - [2026-05-13T12:16:12.854+0700] {dag.py:4180} INFO - Setting next_dagrun for example_dynamic_task_mapping to None, run_after=None
[2026-05-13T12:16:12.895+0700] {processor.py:208} INFO - Processing /Users/najma/de_learning/bulan_2/airflow_project/venv_airflow/lib/python3.12/site-packages/airflow/example_dags/example_dynamic_task_mapping.py took 0.192 seconds
[2026-05-13T12:18:09.699+0700] {processor.py:186} INFO - Started process (PID=7556) to work on /Users/najma/de_learning/bulan_2/airflow_project/venv_airflow/lib/python3.12/site-packages/airflow/example_dags/example_dynamic_task_mapping.py
[2026-05-13T12:18:09.700+0700] {processor.py:914} INFO - Processing file /Users/najma/de_learning/bulan_2/airflow_project/venv_airflow/lib/python3.12/site-packages/airflow/example_dags/example_dynamic_task_mapping.py for tasks to queue
[2026-05-13T12:18:09.700+0700] {logging_mixin.py:190} INFO - [2026-05-13T12:18:09.700+0700] {dagbag.py:588} INFO - Filling up the DagBag from /Users/najma/de_learning/bulan_2/airflow_project/venv_airflow/lib/python3.12/site-packages/airflow/example_dags/example_dynamic_task_mapping.py
[2026-05-13T12:18:09.723+0700] {processor.py:925} INFO - DAG(s) 'example_dynamic_task_mapping' retrieved from /Users/najma/de_learning/bulan_2/airflow_project/venv_airflow/lib/python3.12/site-packages/airflow/example_dags/example_dynamic_task_mapping.py
[2026-05-13T12:18:09.779+0700] {logging_mixin.py:190} INFO - [2026-05-13T12:18:09.779+0700] {dag.py:3239} INFO - Sync 1 DAGs
[2026-05-13T12:18:09.785+0700] {logging_mixin.py:190} INFO - [2026-05-13T12:18:09.785+0700] {dag.py:4180} INFO - Setting next_dagrun for example_dynamic_task_mapping to None, run_after=None
[2026-05-13T12:18:09.794+0700] {processor.py:208} INFO - Processing /Users/najma/de_learning/bulan_2/airflow_project/venv_airflow/lib/python3.12/site-packages/airflow/example_dags/example_dynamic_task_mapping.py took 0.097 seconds
[2026-05-13T12:21:00.463+0700] {processor.py:186} INFO - Started process (PID=7955) to work on /Users/najma/de_learning/bulan_2/airflow_project/venv_airflow/lib/python3.12/site-packages/airflow/example_dags/example_dynamic_task_mapping.py
[2026-05-13T12:21:00.464+0700] {processor.py:914} INFO - Processing file /Users/najma/de_learning/bulan_2/airflow_project/venv_airflow/lib/python3.12/site-packages/airflow/example_dags/example_dynamic_task_mapping.py for tasks to queue
[2026-05-13T12:21:00.465+0700] {logging_mixin.py:190} INFO - [2026-05-13T12:21:00.465+0700] {dagbag.py:588} INFO - Filling up the DagBag from /Users/najma/de_learning/bulan_2/airflow_project/venv_airflow/lib/python3.12/site-packages/airflow/example_dags/example_dynamic_task_mapping.py
[2026-05-13T12:21:00.486+0700] {processor.py:925} INFO - DAG(s) 'example_dynamic_task_mapping' retrieved from /Users/najma/de_learning/bulan_2/airflow_project/venv_airflow/lib/python3.12/site-packages/airflow/example_dags/example_dynamic_task_mapping.py
[2026-05-13T12:21:00.537+0700] {logging_mixin.py:190} INFO - [2026-05-13T12:21:00.536+0700] {dag.py:3239} INFO - Sync 1 DAGs
[2026-05-13T12:21:00.542+0700] {logging_mixin.py:190} INFO - [2026-05-13T12:21:00.542+0700] {dag.py:4180} INFO - Setting next_dagrun for example_dynamic_task_mapping to None, run_after=None
[2026-05-13T12:21:00.551+0700] {processor.py:208} INFO - Processing /Users/najma/de_learning/bulan_2/airflow_project/venv_airflow/lib/python3.12/site-packages/airflow/example_dags/example_dynamic_task_mapping.py took 0.090 seconds
[2026-05-13T12:23:52.487+0700] {processor.py:186} INFO - Started process (PID=8162) to work on /Users/najma/de_learning/bulan_2/airflow_project/venv_airflow/lib/python3.12/site-packages/airflow/example_dags/example_dynamic_task_mapping.py
[2026-05-13T12:23:52.489+0700] {processor.py:914} INFO - Processing file /Users/najma/de_learning/bulan_2/airflow_project/venv_airflow/lib/python3.12/site-packages/airflow/example_dags/example_dynamic_task_mapping.py for tasks to queue
[2026-05-13T12:23:52.490+0700] {logging_mixin.py:190} INFO - [2026-05-13T12:23:52.489+0700] {dagbag.py:588} INFO - Filling up the DagBag from /Users/najma/de_learning/bulan_2/airflow_project/venv_airflow/lib/python3.12/site-packages/airflow/example_dags/example_dynamic_task_mapping.py
[2026-05-13T12:23:52.511+0700] {processor.py:925} INFO - DAG(s) 'example_dynamic_task_mapping' retrieved from /Users/najma/de_learning/bulan_2/airflow_project/venv_airflow/lib/python3.12/site-packages/airflow/example_dags/example_dynamic_task_mapping.py
[2026-05-13T12:23:52.562+0700] {logging_mixin.py:190} INFO - [2026-05-13T12:23:52.562+0700] {dag.py:3239} INFO - Sync 1 DAGs
[2026-05-13T12:23:52.567+0700] {logging_mixin.py:190} INFO - [2026-05-13T12:23:52.567+0700] {dag.py:4180} INFO - Setting next_dagrun for example_dynamic_task_mapping to None, run_after=None
[2026-05-13T12:23:52.576+0700] {processor.py:208} INFO - Processing /Users/najma/de_learning/bulan_2/airflow_project/venv_airflow/lib/python3.12/site-packages/airflow/example_dags/example_dynamic_task_mapping.py took 0.091 seconds
