[2026-05-13T12:15:01.226+0700] {processor.py:186} INFO - Started process (PID=6582) to work on /Users/najma/de_learning/bulan_2/airflow_project/venv_airflow/lib/python3.12/site-packages/airflow/example_dags/example_xcomargs.py
[2026-05-13T12:15:01.226+0700] {processor.py:914} INFO - Processing file /Users/najma/de_learning/bulan_2/airflow_project/venv_airflow/lib/python3.12/site-packages/airflow/example_dags/example_xcomargs.py for tasks to queue
[2026-05-13T12:15:01.227+0700] {logging_mixin.py:190} INFO - [2026-05-13T12:15:01.227+0700] {dagbag.py:588} INFO - Filling up the DagBag from /Users/najma/de_learning/bulan_2/airflow_project/venv_airflow/lib/python3.12/site-packages/airflow/example_dags/example_xcomargs.py
[2026-05-13T12:15:01.251+0700] {processor.py:925} INFO - DAG(s) 'example_xcom_args_with_operators', 'example_xcom_args' retrieved from /Users/najma/de_learning/bulan_2/airflow_project/venv_airflow/lib/python3.12/site-packages/airflow/example_dags/example_xcomargs.py
[2026-05-13T12:15:01.354+0700] {logging_mixin.py:190} INFO - [2026-05-13T12:15:01.353+0700] {override.py:1911} INFO - Created Permission View: can edit on DAG:example_xcom_args_with_operators
[2026-05-13T12:15:01.358+0700] {logging_mixin.py:190} INFO - [2026-05-13T12:15:01.358+0700] {override.py:1911} INFO - Created Permission View: can delete on DAG:example_xcom_args_with_operators
[2026-05-13T12:15:01.362+0700] {logging_mixin.py:190} INFO - [2026-05-13T12:15:01.361+0700] {override.py:1911} INFO - Created Permission View: can read on DAG:example_xcom_args_with_operators
[2026-05-13T12:15:01.366+0700] {logging_mixin.py:190} INFO - [2026-05-13T12:15:01.366+0700] {override.py:1911} INFO - Created Permission View: menu access on DAG Run:example_xcom_args_with_operators
[2026-05-13T12:15:01.369+0700] {logging_mixin.py:190} INFO - [2026-05-13T12:15:01.369+0700] {override.py:1911} INFO - Created Permission View: can delete on DAG Run:example_xcom_args_with_operators
[2026-05-13T12:15:01.372+0700] {logging_mixin.py:190} INFO - [2026-05-13T12:15:01.372+0700] {override.py:1911} INFO - Created Permission View: can read on DAG Run:example_xcom_args_with_operators
[2026-05-13T12:15:01.374+0700] {logging_mixin.py:190} INFO - [2026-05-13T12:15:01.374+0700] {override.py:1911} INFO - Created Permission View: can create on DAG Run:example_xcom_args_with_operators
[2026-05-13T12:15:01.382+0700] {logging_mixin.py:190} INFO - [2026-05-13T12:15:01.382+0700] {override.py:1911} INFO - Created Permission View: can edit on DAG:example_xcom_args
[2026-05-13T12:15:01.385+0700] {logging_mixin.py:190} INFO - [2026-05-13T12:15:01.385+0700] {override.py:1911} INFO - Created Permission View: can delete on DAG:example_xcom_args
[2026-05-13T12:15:01.387+0700] {logging_mixin.py:190} INFO - [2026-05-13T12:15:01.387+0700] {override.py:1911} INFO - Created Permission View: can read on DAG:example_xcom_args
[2026-05-13T12:15:01.391+0700] {logging_mixin.py:190} INFO - [2026-05-13T12:15:01.391+0700] {override.py:1911} INFO - Created Permission View: menu access on DAG Run:example_xcom_args
[2026-05-13T12:15:01.394+0700] {logging_mixin.py:190} INFO - [2026-05-13T12:15:01.394+0700] {override.py:1911} INFO - Created Permission View: can delete on DAG Run:example_xcom_args
[2026-05-13T12:15:01.397+0700] {logging_mixin.py:190} INFO - [2026-05-13T12:15:01.397+0700] {override.py:1911} INFO - Created Permission View: can read on DAG Run:example_xcom_args
[2026-05-13T12:15:01.400+0700] {logging_mixin.py:190} INFO - [2026-05-13T12:15:01.400+0700] {override.py:1911} INFO - Created Permission View: can create on DAG Run:example_xcom_args
[2026-05-13T12:15:01.400+0700] {logging_mixin.py:190} INFO - [2026-05-13T12:15:01.400+0700] {dag.py:3239} INFO - Sync 2 DAGs
[2026-05-13T12:15:01.407+0700] {logging_mixin.py:190} INFO - [2026-05-13T12:15:01.407+0700] {dag.py:3262} INFO - Creating ORM DAG for example_xcom_args
[2026-05-13T12:15:01.408+0700] {logging_mixin.py:190} INFO - [2026-05-13T12:15:01.408+0700] {dag.py:3262} INFO - Creating ORM DAG for example_xcom_args_with_operators
[2026-05-13T12:15:01.408+0700] {logging_mixin.py:190} INFO - [2026-05-13T12:15:01.408+0700] {dag.py:4180} INFO - Setting next_dagrun for example_xcom_args to None, run_after=None
[2026-05-13T12:15:01.408+0700] {logging_mixin.py:190} INFO - [2026-05-13T12:15:01.408+0700] {dag.py:4180} INFO - Setting next_dagrun for example_xcom_args_with_operators to None, run_after=None
[2026-05-13T12:15:01.454+0700] {processor.py:208} INFO - Processing /Users/najma/de_learning/bulan_2/airflow_project/venv_airflow/lib/python3.12/site-packages/airflow/example_dags/example_xcomargs.py took 0.230 seconds
[2026-05-13T12:17:06.300+0700] {processor.py:186} INFO - Started process (PID=7486) to work on /Users/najma/de_learning/bulan_2/airflow_project/venv_airflow/lib/python3.12/site-packages/airflow/example_dags/example_xcomargs.py
[2026-05-13T12:17:06.301+0700] {processor.py:914} INFO - Processing file /Users/najma/de_learning/bulan_2/airflow_project/venv_airflow/lib/python3.12/site-packages/airflow/example_dags/example_xcomargs.py for tasks to queue
[2026-05-13T12:17:06.302+0700] {logging_mixin.py:190} INFO - [2026-05-13T12:17:06.302+0700] {dagbag.py:588} INFO - Filling up the DagBag from /Users/najma/de_learning/bulan_2/airflow_project/venv_airflow/lib/python3.12/site-packages/airflow/example_dags/example_xcomargs.py
[2026-05-13T12:17:06.325+0700] {processor.py:925} INFO - DAG(s) 'example_xcom_args', 'example_xcom_args_with_operators' retrieved from /Users/najma/de_learning/bulan_2/airflow_project/venv_airflow/lib/python3.12/site-packages/airflow/example_dags/example_xcomargs.py
[2026-05-13T12:17:06.377+0700] {logging_mixin.py:190} INFO - [2026-05-13T12:17:06.377+0700] {dag.py:3239} INFO - Sync 2 DAGs
[2026-05-13T12:17:06.383+0700] {logging_mixin.py:190} INFO - [2026-05-13T12:17:06.383+0700] {dag.py:4180} INFO - Setting next_dagrun for example_xcom_args to None, run_after=None
[2026-05-13T12:17:06.384+0700] {logging_mixin.py:190} INFO - [2026-05-13T12:17:06.384+0700] {dag.py:4180} INFO - Setting next_dagrun for example_xcom_args_with_operators to None, run_after=None
[2026-05-13T12:17:06.393+0700] {processor.py:208} INFO - Processing /Users/najma/de_learning/bulan_2/airflow_project/venv_airflow/lib/python3.12/site-packages/airflow/example_dags/example_xcomargs.py took 0.094 seconds
[2026-05-13T12:18:34.327+0700] {processor.py:186} INFO - Started process (PID=7583) to work on /Users/najma/de_learning/bulan_2/airflow_project/venv_airflow/lib/python3.12/site-packages/airflow/example_dags/example_xcomargs.py
[2026-05-13T12:18:34.328+0700] {processor.py:914} INFO - Processing file /Users/najma/de_learning/bulan_2/airflow_project/venv_airflow/lib/python3.12/site-packages/airflow/example_dags/example_xcomargs.py for tasks to queue
[2026-05-13T12:18:34.329+0700] {logging_mixin.py:190} INFO - [2026-05-13T12:18:34.329+0700] {dagbag.py:588} INFO - Filling up the DagBag from /Users/najma/de_learning/bulan_2/airflow_project/venv_airflow/lib/python3.12/site-packages/airflow/example_dags/example_xcomargs.py
[2026-05-13T12:18:34.352+0700] {processor.py:925} INFO - DAG(s) 'example_xcom_args', 'example_xcom_args_with_operators' retrieved from /Users/najma/de_learning/bulan_2/airflow_project/venv_airflow/lib/python3.12/site-packages/airflow/example_dags/example_xcomargs.py
[2026-05-13T12:18:34.405+0700] {logging_mixin.py:190} INFO - [2026-05-13T12:18:34.405+0700] {dag.py:3239} INFO - Sync 2 DAGs
[2026-05-13T12:18:34.411+0700] {logging_mixin.py:190} INFO - [2026-05-13T12:18:34.411+0700] {dag.py:4180} INFO - Setting next_dagrun for example_xcom_args to None, run_after=None
[2026-05-13T12:18:34.413+0700] {logging_mixin.py:190} INFO - [2026-05-13T12:18:34.413+0700] {dag.py:4180} INFO - Setting next_dagrun for example_xcom_args_with_operators to None, run_after=None
[2026-05-13T12:18:34.422+0700] {processor.py:208} INFO - Processing /Users/najma/de_learning/bulan_2/airflow_project/venv_airflow/lib/python3.12/site-packages/airflow/example_dags/example_xcomargs.py took 0.097 seconds
[2026-05-13T12:20:01.727+0700] {processor.py:186} INFO - Started process (PID=7877) to work on /Users/najma/de_learning/bulan_2/airflow_project/venv_airflow/lib/python3.12/site-packages/airflow/example_dags/example_xcomargs.py
[2026-05-13T12:20:01.727+0700] {processor.py:914} INFO - Processing file /Users/najma/de_learning/bulan_2/airflow_project/venv_airflow/lib/python3.12/site-packages/airflow/example_dags/example_xcomargs.py for tasks to queue
[2026-05-13T12:20:01.728+0700] {logging_mixin.py:190} INFO - [2026-05-13T12:20:01.728+0700] {dagbag.py:588} INFO - Filling up the DagBag from /Users/najma/de_learning/bulan_2/airflow_project/venv_airflow/lib/python3.12/site-packages/airflow/example_dags/example_xcomargs.py
[2026-05-13T12:20:01.752+0700] {processor.py:925} INFO - DAG(s) 'example_xcom_args_with_operators', 'example_xcom_args' retrieved from /Users/najma/de_learning/bulan_2/airflow_project/venv_airflow/lib/python3.12/site-packages/airflow/example_dags/example_xcomargs.py
[2026-05-13T12:20:01.805+0700] {logging_mixin.py:190} INFO - [2026-05-13T12:20:01.805+0700] {dag.py:3239} INFO - Sync 2 DAGs
[2026-05-13T12:20:01.811+0700] {logging_mixin.py:190} INFO - [2026-05-13T12:20:01.811+0700] {dag.py:4180} INFO - Setting next_dagrun for example_xcom_args to None, run_after=None
[2026-05-13T12:20:01.812+0700] {logging_mixin.py:190} INFO - [2026-05-13T12:20:01.812+0700] {dag.py:4180} INFO - Setting next_dagrun for example_xcom_args_with_operators to None, run_after=None
[2026-05-13T12:20:01.821+0700] {processor.py:208} INFO - Processing /Users/najma/de_learning/bulan_2/airflow_project/venv_airflow/lib/python3.12/site-packages/airflow/example_dags/example_xcomargs.py took 0.096 seconds
[2026-05-13T12:21:26.603+0700] {processor.py:186} INFO - Started process (PID=7984) to work on /Users/najma/de_learning/bulan_2/airflow_project/venv_airflow/lib/python3.12/site-packages/airflow/example_dags/example_xcomargs.py
[2026-05-13T12:21:26.604+0700] {processor.py:914} INFO - Processing file /Users/najma/de_learning/bulan_2/airflow_project/venv_airflow/lib/python3.12/site-packages/airflow/example_dags/example_xcomargs.py for tasks to queue
[2026-05-13T12:21:26.605+0700] {logging_mixin.py:190} INFO - [2026-05-13T12:21:26.604+0700] {dagbag.py:588} INFO - Filling up the DagBag from /Users/najma/de_learning/bulan_2/airflow_project/venv_airflow/lib/python3.12/site-packages/airflow/example_dags/example_xcomargs.py
[2026-05-13T12:21:26.628+0700] {processor.py:925} INFO - DAG(s) 'example_xcom_args_with_operators', 'example_xcom_args' retrieved from /Users/najma/de_learning/bulan_2/airflow_project/venv_airflow/lib/python3.12/site-packages/airflow/example_dags/example_xcomargs.py
[2026-05-13T12:21:26.680+0700] {logging_mixin.py:190} INFO - [2026-05-13T12:21:26.680+0700] {dag.py:3239} INFO - Sync 2 DAGs
[2026-05-13T12:21:26.685+0700] {logging_mixin.py:190} INFO - [2026-05-13T12:21:26.685+0700] {dag.py:4180} INFO - Setting next_dagrun for example_xcom_args to None, run_after=None
[2026-05-13T12:21:26.687+0700] {logging_mixin.py:190} INFO - [2026-05-13T12:21:26.687+0700] {dag.py:4180} INFO - Setting next_dagrun for example_xcom_args_with_operators to None, run_after=None
[2026-05-13T12:21:26.695+0700] {processor.py:208} INFO - Processing /Users/najma/de_learning/bulan_2/airflow_project/venv_airflow/lib/python3.12/site-packages/airflow/example_dags/example_xcomargs.py took 0.094 seconds
[2026-05-13T12:22:51.741+0700] {processor.py:186} INFO - Started process (PID=8094) to work on /Users/najma/de_learning/bulan_2/airflow_project/venv_airflow/lib/python3.12/site-packages/airflow/example_dags/example_xcomargs.py
[2026-05-13T12:22:51.743+0700] {processor.py:914} INFO - Processing file /Users/najma/de_learning/bulan_2/airflow_project/venv_airflow/lib/python3.12/site-packages/airflow/example_dags/example_xcomargs.py for tasks to queue
[2026-05-13T12:22:51.743+0700] {logging_mixin.py:190} INFO - [2026-05-13T12:22:51.743+0700] {dagbag.py:588} INFO - Filling up the DagBag from /Users/najma/de_learning/bulan_2/airflow_project/venv_airflow/lib/python3.12/site-packages/airflow/example_dags/example_xcomargs.py
[2026-05-13T12:22:51.767+0700] {processor.py:925} INFO - DAG(s) 'example_xcom_args_with_operators', 'example_xcom_args' retrieved from /Users/najma/de_learning/bulan_2/airflow_project/venv_airflow/lib/python3.12/site-packages/airflow/example_dags/example_xcomargs.py
[2026-05-13T12:22:51.819+0700] {logging_mixin.py:190} INFO - [2026-05-13T12:22:51.819+0700] {dag.py:3239} INFO - Sync 2 DAGs
[2026-05-13T12:22:51.825+0700] {logging_mixin.py:190} INFO - [2026-05-13T12:22:51.824+0700] {dag.py:4180} INFO - Setting next_dagrun for example_xcom_args to None, run_after=None
[2026-05-13T12:22:51.826+0700] {logging_mixin.py:190} INFO - [2026-05-13T12:22:51.826+0700] {dag.py:4180} INFO - Setting next_dagrun for example_xcom_args_with_operators to None, run_after=None
[2026-05-13T12:22:51.834+0700] {processor.py:208} INFO - Processing /Users/najma/de_learning/bulan_2/airflow_project/venv_airflow/lib/python3.12/site-packages/airflow/example_dags/example_xcomargs.py took 0.095 seconds
[2026-05-13T12:24:16.479+0700] {processor.py:186} INFO - Started process (PID=8189) to work on /Users/najma/de_learning/bulan_2/airflow_project/venv_airflow/lib/python3.12/site-packages/airflow/example_dags/example_xcomargs.py
[2026-05-13T12:24:16.480+0700] {processor.py:914} INFO - Processing file /Users/najma/de_learning/bulan_2/airflow_project/venv_airflow/lib/python3.12/site-packages/airflow/example_dags/example_xcomargs.py for tasks to queue
[2026-05-13T12:24:16.481+0700] {logging_mixin.py:190} INFO - [2026-05-13T12:24:16.481+0700] {dagbag.py:588} INFO - Filling up the DagBag from /Users/najma/de_learning/bulan_2/airflow_project/venv_airflow/lib/python3.12/site-packages/airflow/example_dags/example_xcomargs.py
[2026-05-13T12:24:16.507+0700] {processor.py:925} INFO - DAG(s) 'example_xcom_args_with_operators', 'example_xcom_args' retrieved from /Users/najma/de_learning/bulan_2/airflow_project/venv_airflow/lib/python3.12/site-packages/airflow/example_dags/example_xcomargs.py
[2026-05-13T12:24:16.563+0700] {logging_mixin.py:190} INFO - [2026-05-13T12:24:16.563+0700] {dag.py:3239} INFO - Sync 2 DAGs
[2026-05-13T12:24:16.569+0700] {logging_mixin.py:190} INFO - [2026-05-13T12:24:16.569+0700] {dag.py:4180} INFO - Setting next_dagrun for example_xcom_args to None, run_after=None
[2026-05-13T12:24:16.571+0700] {logging_mixin.py:190} INFO - [2026-05-13T12:24:16.570+0700] {dag.py:4180} INFO - Setting next_dagrun for example_xcom_args_with_operators to None, run_after=None
[2026-05-13T12:24:16.580+0700] {processor.py:208} INFO - Processing /Users/najma/de_learning/bulan_2/airflow_project/venv_airflow/lib/python3.12/site-packages/airflow/example_dags/example_xcomargs.py took 0.105 seconds
