[2026-05-13T12:15:54.821+0700] {processor.py:186} INFO - Started process (PID=7080) to work on /Users/najma/de_learning/bulan_2/airflow_project/venv_airflow/lib/python3.12/site-packages/airflow/example_dags/example_local_kubernetes_executor.py
[2026-05-13T12:15:54.821+0700] {processor.py:914} INFO - Processing file /Users/najma/de_learning/bulan_2/airflow_project/venv_airflow/lib/python3.12/site-packages/airflow/example_dags/example_local_kubernetes_executor.py for tasks to queue
[2026-05-13T12:15:54.822+0700] {logging_mixin.py:190} INFO - [2026-05-13T12:15:54.822+0700] {dagbag.py:588} INFO - Filling up the DagBag from /Users/najma/de_learning/bulan_2/airflow_project/venv_airflow/lib/python3.12/site-packages/airflow/example_dags/example_local_kubernetes_executor.py
[2026-05-13T12:15:54.843+0700] {logging_mixin.py:190} INFO - [2026-05-13T12:15:54.842+0700] {example_local_kubernetes_executor.py:40} WARNING - Could not import DAGs in example_local_kubernetes_executor.py
Traceback (most recent call last):
  File "/Users/najma/de_learning/bulan_2/airflow_project/venv_airflow/lib/python3.12/site-packages/airflow/example_dags/example_local_kubernetes_executor.py", line 38, in <module>
    from kubernetes.client import models as k8s
ModuleNotFoundError: No module named 'kubernetes'
[2026-05-13T12:15:54.843+0700] {logging_mixin.py:190} INFO - [2026-05-13T12:15:54.843+0700] {example_local_kubernetes_executor.py:41} WARNING - Install Kubernetes dependencies with: pip install apache-airflow[cncf.kubernetes]
[2026-05-13T12:15:54.843+0700] {processor.py:927} WARNING - No viable dags retrieved from /Users/najma/de_learning/bulan_2/airflow_project/venv_airflow/lib/python3.12/site-packages/airflow/example_dags/example_local_kubernetes_executor.py
[2026-05-13T12:15:54.889+0700] {processor.py:208} INFO - Processing /Users/najma/de_learning/bulan_2/airflow_project/venv_airflow/lib/python3.12/site-packages/airflow/example_dags/example_local_kubernetes_executor.py took 0.070 seconds
[2026-05-13T12:17:55.799+0700] {processor.py:186} INFO - Started process (PID=7541) to work on /Users/najma/de_learning/bulan_2/airflow_project/venv_airflow/lib/python3.12/site-packages/airflow/example_dags/example_local_kubernetes_executor.py
[2026-05-13T12:17:55.800+0700] {processor.py:914} INFO - Processing file /Users/najma/de_learning/bulan_2/airflow_project/venv_airflow/lib/python3.12/site-packages/airflow/example_dags/example_local_kubernetes_executor.py for tasks to queue
[2026-05-13T12:17:55.801+0700] {logging_mixin.py:190} INFO - [2026-05-13T12:17:55.801+0700] {dagbag.py:588} INFO - Filling up the DagBag from /Users/najma/de_learning/bulan_2/airflow_project/venv_airflow/lib/python3.12/site-packages/airflow/example_dags/example_local_kubernetes_executor.py
[2026-05-13T12:17:55.822+0700] {logging_mixin.py:190} INFO - [2026-05-13T12:17:55.822+0700] {example_local_kubernetes_executor.py:40} WARNING - Could not import DAGs in example_local_kubernetes_executor.py
Traceback (most recent call last):
  File "/Users/najma/de_learning/bulan_2/airflow_project/venv_airflow/lib/python3.12/site-packages/airflow/example_dags/example_local_kubernetes_executor.py", line 38, in <module>
    from kubernetes.client import models as k8s
ModuleNotFoundError: No module named 'kubernetes'
[2026-05-13T12:17:55.823+0700] {logging_mixin.py:190} INFO - [2026-05-13T12:17:55.822+0700] {example_local_kubernetes_executor.py:41} WARNING - Install Kubernetes dependencies with: pip install apache-airflow[cncf.kubernetes]
[2026-05-13T12:17:55.823+0700] {processor.py:927} WARNING - No viable dags retrieved from /Users/najma/de_learning/bulan_2/airflow_project/venv_airflow/lib/python3.12/site-packages/airflow/example_dags/example_local_kubernetes_executor.py
[2026-05-13T12:17:55.868+0700] {processor.py:208} INFO - Processing /Users/najma/de_learning/bulan_2/airflow_project/venv_airflow/lib/python3.12/site-packages/airflow/example_dags/example_local_kubernetes_executor.py took 0.070 seconds
[2026-05-13T12:20:46.823+0700] {processor.py:186} INFO - Started process (PID=7929) to work on /Users/najma/de_learning/bulan_2/airflow_project/venv_airflow/lib/python3.12/site-packages/airflow/example_dags/example_local_kubernetes_executor.py
[2026-05-13T12:20:46.824+0700] {processor.py:914} INFO - Processing file /Users/najma/de_learning/bulan_2/airflow_project/venv_airflow/lib/python3.12/site-packages/airflow/example_dags/example_local_kubernetes_executor.py for tasks to queue
[2026-05-13T12:20:46.825+0700] {logging_mixin.py:190} INFO - [2026-05-13T12:20:46.825+0700] {dagbag.py:588} INFO - Filling up the DagBag from /Users/najma/de_learning/bulan_2/airflow_project/venv_airflow/lib/python3.12/site-packages/airflow/example_dags/example_local_kubernetes_executor.py
[2026-05-13T12:20:46.849+0700] {logging_mixin.py:190} INFO - [2026-05-13T12:20:46.849+0700] {example_local_kubernetes_executor.py:40} WARNING - Could not import DAGs in example_local_kubernetes_executor.py
Traceback (most recent call last):
  File "/Users/najma/de_learning/bulan_2/airflow_project/venv_airflow/lib/python3.12/site-packages/airflow/example_dags/example_local_kubernetes_executor.py", line 38, in <module>
    from kubernetes.client import models as k8s
ModuleNotFoundError: No module named 'kubernetes'
[2026-05-13T12:20:46.850+0700] {logging_mixin.py:190} INFO - [2026-05-13T12:20:46.849+0700] {example_local_kubernetes_executor.py:41} WARNING - Install Kubernetes dependencies with: pip install apache-airflow[cncf.kubernetes]
[2026-05-13T12:20:46.850+0700] {processor.py:927} WARNING - No viable dags retrieved from /Users/najma/de_learning/bulan_2/airflow_project/venv_airflow/lib/python3.12/site-packages/airflow/example_dags/example_local_kubernetes_executor.py
[2026-05-13T12:20:46.898+0700] {processor.py:208} INFO - Processing /Users/najma/de_learning/bulan_2/airflow_project/venv_airflow/lib/python3.12/site-packages/airflow/example_dags/example_local_kubernetes_executor.py took 0.077 seconds
[2026-05-13T12:23:37.960+0700] {processor.py:186} INFO - Started process (PID=8143) to work on /Users/najma/de_learning/bulan_2/airflow_project/venv_airflow/lib/python3.12/site-packages/airflow/example_dags/example_local_kubernetes_executor.py
[2026-05-13T12:23:37.960+0700] {processor.py:914} INFO - Processing file /Users/najma/de_learning/bulan_2/airflow_project/venv_airflow/lib/python3.12/site-packages/airflow/example_dags/example_local_kubernetes_executor.py for tasks to queue
[2026-05-13T12:23:37.961+0700] {logging_mixin.py:190} INFO - [2026-05-13T12:23:37.961+0700] {dagbag.py:588} INFO - Filling up the DagBag from /Users/najma/de_learning/bulan_2/airflow_project/venv_airflow/lib/python3.12/site-packages/airflow/example_dags/example_local_kubernetes_executor.py
[2026-05-13T12:23:37.982+0700] {logging_mixin.py:190} INFO - [2026-05-13T12:23:37.982+0700] {example_local_kubernetes_executor.py:40} WARNING - Could not import DAGs in example_local_kubernetes_executor.py
Traceback (most recent call last):
  File "/Users/najma/de_learning/bulan_2/airflow_project/venv_airflow/lib/python3.12/site-packages/airflow/example_dags/example_local_kubernetes_executor.py", line 38, in <module>
    from kubernetes.client import models as k8s
ModuleNotFoundError: No module named 'kubernetes'
[2026-05-13T12:23:37.982+0700] {logging_mixin.py:190} INFO - [2026-05-13T12:23:37.982+0700] {example_local_kubernetes_executor.py:41} WARNING - Install Kubernetes dependencies with: pip install apache-airflow[cncf.kubernetes]
[2026-05-13T12:23:37.983+0700] {processor.py:927} WARNING - No viable dags retrieved from /Users/najma/de_learning/bulan_2/airflow_project/venv_airflow/lib/python3.12/site-packages/airflow/example_dags/example_local_kubernetes_executor.py
[2026-05-13T12:23:38.027+0700] {processor.py:208} INFO - Processing /Users/najma/de_learning/bulan_2/airflow_project/venv_airflow/lib/python3.12/site-packages/airflow/example_dags/example_local_kubernetes_executor.py took 0.070 seconds
