[2026-05-13T12:15:46.811+0700] {processor.py:186} INFO - Started process (PID=7070) to work on /Users/najma/de_learning/bulan_2/airflow_project/venv_airflow/lib/python3.12/site-packages/airflow/example_dags/example_params_ui_tutorial.py
[2026-05-13T12:15:46.812+0700] {processor.py:914} INFO - Processing file /Users/najma/de_learning/bulan_2/airflow_project/venv_airflow/lib/python3.12/site-packages/airflow/example_dags/example_params_ui_tutorial.py for tasks to queue
[2026-05-13T12:15:46.812+0700] {logging_mixin.py:190} INFO - [2026-05-13T12:15:46.812+0700] {dagbag.py:588} INFO - Filling up the DagBag from /Users/najma/de_learning/bulan_2/airflow_project/venv_airflow/lib/python3.12/site-packages/airflow/example_dags/example_params_ui_tutorial.py
[2026-05-13T12:15:46.835+0700] {processor.py:925} INFO - DAG(s) 'example_params_ui_tutorial' retrieved from /Users/najma/de_learning/bulan_2/airflow_project/venv_airflow/lib/python3.12/site-packages/airflow/example_dags/example_params_ui_tutorial.py
[2026-05-13T12:15:46.945+0700] {logging_mixin.py:190} INFO - [2026-05-13T12:15:46.945+0700] {override.py:1911} INFO - Created Permission View: can delete on DAG:example_params_ui_tutorial
[2026-05-13T12:15:46.950+0700] {logging_mixin.py:190} INFO - [2026-05-13T12:15:46.949+0700] {override.py:1911} INFO - Created Permission View: can read on DAG:example_params_ui_tutorial
[2026-05-13T12:15:46.952+0700] {logging_mixin.py:190} INFO - [2026-05-13T12:15:46.952+0700] {override.py:1911} INFO - Created Permission View: can edit on DAG:example_params_ui_tutorial
[2026-05-13T12:15:46.957+0700] {logging_mixin.py:190} INFO - [2026-05-13T12:15:46.956+0700] {override.py:1911} INFO - Created Permission View: can create on DAG Run:example_params_ui_tutorial
[2026-05-13T12:15:46.960+0700] {logging_mixin.py:190} INFO - [2026-05-13T12:15:46.960+0700] {override.py:1911} INFO - Created Permission View: can delete on DAG Run:example_params_ui_tutorial
[2026-05-13T12:15:46.963+0700] {logging_mixin.py:190} INFO - [2026-05-13T12:15:46.963+0700] {override.py:1911} INFO - Created Permission View: can read on DAG Run:example_params_ui_tutorial
[2026-05-13T12:15:46.966+0700] {logging_mixin.py:190} INFO - [2026-05-13T12:15:46.966+0700] {override.py:1911} INFO - Created Permission View: menu access on DAG Run:example_params_ui_tutorial
[2026-05-13T12:15:46.966+0700] {logging_mixin.py:190} INFO - [2026-05-13T12:15:46.966+0700] {dag.py:3239} INFO - Sync 1 DAGs
[2026-05-13T12:15:47.006+0700] {logging_mixin.py:190} INFO - [2026-05-13T12:15:47.006+0700] {dag.py:3262} INFO - Creating ORM DAG for example_params_ui_tutorial
[2026-05-13T12:15:47.006+0700] {logging_mixin.py:190} INFO - [2026-05-13T12:15:47.006+0700] {dag.py:4180} INFO - Setting next_dagrun for example_params_ui_tutorial to None, run_after=None
[2026-05-13T12:15:47.015+0700] {processor.py:208} INFO - Processing /Users/najma/de_learning/bulan_2/airflow_project/venv_airflow/lib/python3.12/site-packages/airflow/example_dags/example_params_ui_tutorial.py took 0.206 seconds
[2026-05-13T12:17:47.713+0700] {processor.py:186} INFO - Started process (PID=7533) to work on /Users/najma/de_learning/bulan_2/airflow_project/venv_airflow/lib/python3.12/site-packages/airflow/example_dags/example_params_ui_tutorial.py
[2026-05-13T12:17:47.714+0700] {processor.py:914} INFO - Processing file /Users/najma/de_learning/bulan_2/airflow_project/venv_airflow/lib/python3.12/site-packages/airflow/example_dags/example_params_ui_tutorial.py for tasks to queue
[2026-05-13T12:17:47.715+0700] {logging_mixin.py:190} INFO - [2026-05-13T12:17:47.714+0700] {dagbag.py:588} INFO - Filling up the DagBag from /Users/najma/de_learning/bulan_2/airflow_project/venv_airflow/lib/python3.12/site-packages/airflow/example_dags/example_params_ui_tutorial.py
[2026-05-13T12:17:47.738+0700] {processor.py:925} INFO - DAG(s) 'example_params_ui_tutorial' retrieved from /Users/najma/de_learning/bulan_2/airflow_project/venv_airflow/lib/python3.12/site-packages/airflow/example_dags/example_params_ui_tutorial.py
[2026-05-13T12:17:47.802+0700] {logging_mixin.py:190} INFO - [2026-05-13T12:17:47.802+0700] {dag.py:3239} INFO - Sync 1 DAGs
[2026-05-13T12:17:47.807+0700] {logging_mixin.py:190} INFO - [2026-05-13T12:17:47.807+0700] {dag.py:4180} INFO - Setting next_dagrun for example_params_ui_tutorial to None, run_after=None
[2026-05-13T12:17:47.817+0700] {processor.py:208} INFO - Processing /Users/najma/de_learning/bulan_2/airflow_project/venv_airflow/lib/python3.12/site-packages/airflow/example_dags/example_params_ui_tutorial.py took 0.106 seconds
[2026-05-13T12:20:38.753+0700] {processor.py:186} INFO - Started process (PID=7919) to work on /Users/najma/de_learning/bulan_2/airflow_project/venv_airflow/lib/python3.12/site-packages/airflow/example_dags/example_params_ui_tutorial.py
[2026-05-13T12:20:38.753+0700] {processor.py:914} INFO - Processing file /Users/najma/de_learning/bulan_2/airflow_project/venv_airflow/lib/python3.12/site-packages/airflow/example_dags/example_params_ui_tutorial.py for tasks to queue
[2026-05-13T12:20:38.754+0700] {logging_mixin.py:190} INFO - [2026-05-13T12:20:38.754+0700] {dagbag.py:588} INFO - Filling up the DagBag from /Users/najma/de_learning/bulan_2/airflow_project/venv_airflow/lib/python3.12/site-packages/airflow/example_dags/example_params_ui_tutorial.py
[2026-05-13T12:20:38.778+0700] {processor.py:925} INFO - DAG(s) 'example_params_ui_tutorial' retrieved from /Users/najma/de_learning/bulan_2/airflow_project/venv_airflow/lib/python3.12/site-packages/airflow/example_dags/example_params_ui_tutorial.py
[2026-05-13T12:20:38.842+0700] {logging_mixin.py:190} INFO - [2026-05-13T12:20:38.842+0700] {dag.py:3239} INFO - Sync 1 DAGs
[2026-05-13T12:20:38.848+0700] {logging_mixin.py:190} INFO - [2026-05-13T12:20:38.848+0700] {dag.py:4180} INFO - Setting next_dagrun for example_params_ui_tutorial to None, run_after=None
[2026-05-13T12:20:38.857+0700] {processor.py:208} INFO - Processing /Users/najma/de_learning/bulan_2/airflow_project/venv_airflow/lib/python3.12/site-packages/airflow/example_dags/example_params_ui_tutorial.py took 0.106 seconds
[2026-05-13T12:23:29.570+0700] {processor.py:186} INFO - Started process (PID=8134) to work on /Users/najma/de_learning/bulan_2/airflow_project/venv_airflow/lib/python3.12/site-packages/airflow/example_dags/example_params_ui_tutorial.py
[2026-05-13T12:23:29.571+0700] {processor.py:914} INFO - Processing file /Users/najma/de_learning/bulan_2/airflow_project/venv_airflow/lib/python3.12/site-packages/airflow/example_dags/example_params_ui_tutorial.py for tasks to queue
[2026-05-13T12:23:29.572+0700] {logging_mixin.py:190} INFO - [2026-05-13T12:23:29.572+0700] {dagbag.py:588} INFO - Filling up the DagBag from /Users/najma/de_learning/bulan_2/airflow_project/venv_airflow/lib/python3.12/site-packages/airflow/example_dags/example_params_ui_tutorial.py
[2026-05-13T12:23:29.595+0700] {processor.py:925} INFO - DAG(s) 'example_params_ui_tutorial' retrieved from /Users/najma/de_learning/bulan_2/airflow_project/venv_airflow/lib/python3.12/site-packages/airflow/example_dags/example_params_ui_tutorial.py
[2026-05-13T12:23:29.659+0700] {logging_mixin.py:190} INFO - [2026-05-13T12:23:29.659+0700] {dag.py:3239} INFO - Sync 1 DAGs
[2026-05-13T12:23:29.664+0700] {logging_mixin.py:190} INFO - [2026-05-13T12:23:29.664+0700] {dag.py:4180} INFO - Setting next_dagrun for example_params_ui_tutorial to None, run_after=None
[2026-05-13T12:23:29.674+0700] {processor.py:208} INFO - Processing /Users/najma/de_learning/bulan_2/airflow_project/venv_airflow/lib/python3.12/site-packages/airflow/example_dags/example_params_ui_tutorial.py took 0.105 seconds
