[2026-05-13T12:15:37.888+0700] {processor.py:186} INFO - Started process (PID=7023) to work on /Users/najma/de_learning/bulan_2/airflow_project/venv_airflow/lib/python3.12/site-packages/airflow/example_dags/example_sensor_decorator.py
[2026-05-13T12:15:37.889+0700] {processor.py:914} INFO - Processing file /Users/najma/de_learning/bulan_2/airflow_project/venv_airflow/lib/python3.12/site-packages/airflow/example_dags/example_sensor_decorator.py for tasks to queue
[2026-05-13T12:15:37.890+0700] {logging_mixin.py:190} INFO - [2026-05-13T12:15:37.889+0700] {dagbag.py:588} INFO - Filling up the DagBag from /Users/najma/de_learning/bulan_2/airflow_project/venv_airflow/lib/python3.12/site-packages/airflow/example_dags/example_sensor_decorator.py
[2026-05-13T12:15:37.916+0700] {processor.py:925} INFO - DAG(s) 'example_sensor_decorator' retrieved from /Users/najma/de_learning/bulan_2/airflow_project/venv_airflow/lib/python3.12/site-packages/airflow/example_dags/example_sensor_decorator.py
[2026-05-13T12:15:37.963+0700] {logging_mixin.py:190} INFO - [2026-05-13T12:15:37.963+0700] {workday.py:41} WARNING - Could not import pandas. Holidays will not be considered.
[2026-05-13T12:15:38.022+0700] {logging_mixin.py:190} INFO - [2026-05-13T12:15:38.021+0700] {override.py:1911} INFO - Created Permission View: can read on DAG:example_sensor_decorator
[2026-05-13T12:15:38.026+0700] {logging_mixin.py:190} INFO - [2026-05-13T12:15:38.026+0700] {override.py:1911} INFO - Created Permission View: can delete on DAG:example_sensor_decorator
[2026-05-13T12:15:38.029+0700] {logging_mixin.py:190} INFO - [2026-05-13T12:15:38.029+0700] {override.py:1911} INFO - Created Permission View: can edit on DAG:example_sensor_decorator
[2026-05-13T12:15:38.033+0700] {logging_mixin.py:190} INFO - [2026-05-13T12:15:38.033+0700] {override.py:1911} INFO - Created Permission View: can create on DAG Run:example_sensor_decorator
[2026-05-13T12:15:38.035+0700] {logging_mixin.py:190} INFO - [2026-05-13T12:15:38.035+0700] {override.py:1911} INFO - Created Permission View: can read on DAG Run:example_sensor_decorator
[2026-05-13T12:15:38.038+0700] {logging_mixin.py:190} INFO - [2026-05-13T12:15:38.038+0700] {override.py:1911} INFO - Created Permission View: can delete on DAG Run:example_sensor_decorator
[2026-05-13T12:15:38.041+0700] {logging_mixin.py:190} INFO - [2026-05-13T12:15:38.041+0700] {override.py:1911} INFO - Created Permission View: menu access on DAG Run:example_sensor_decorator
[2026-05-13T12:15:38.041+0700] {logging_mixin.py:190} INFO - [2026-05-13T12:15:38.041+0700] {dag.py:3239} INFO - Sync 1 DAGs
[2026-05-13T12:15:38.079+0700] {logging_mixin.py:190} INFO - [2026-05-13T12:15:38.078+0700] {dag.py:3262} INFO - Creating ORM DAG for example_sensor_decorator
[2026-05-13T12:15:38.079+0700] {logging_mixin.py:190} INFO - [2026-05-13T12:15:38.079+0700] {dag.py:4180} INFO - Setting next_dagrun for example_sensor_decorator to None, run_after=None
[2026-05-13T12:15:38.088+0700] {processor.py:208} INFO - Processing /Users/najma/de_learning/bulan_2/airflow_project/venv_airflow/lib/python3.12/site-packages/airflow/example_dags/example_sensor_decorator.py took 0.201 seconds
[2026-05-13T12:17:39.313+0700] {processor.py:186} INFO - Started process (PID=7522) to work on /Users/najma/de_learning/bulan_2/airflow_project/venv_airflow/lib/python3.12/site-packages/airflow/example_dags/example_sensor_decorator.py
[2026-05-13T12:17:39.315+0700] {processor.py:914} INFO - Processing file /Users/najma/de_learning/bulan_2/airflow_project/venv_airflow/lib/python3.12/site-packages/airflow/example_dags/example_sensor_decorator.py for tasks to queue
[2026-05-13T12:17:39.315+0700] {logging_mixin.py:190} INFO - [2026-05-13T12:17:39.315+0700] {dagbag.py:588} INFO - Filling up the DagBag from /Users/najma/de_learning/bulan_2/airflow_project/venv_airflow/lib/python3.12/site-packages/airflow/example_dags/example_sensor_decorator.py
[2026-05-13T12:17:39.337+0700] {processor.py:925} INFO - DAG(s) 'example_sensor_decorator' retrieved from /Users/najma/de_learning/bulan_2/airflow_project/venv_airflow/lib/python3.12/site-packages/airflow/example_dags/example_sensor_decorator.py
[2026-05-13T12:17:39.383+0700] {logging_mixin.py:190} INFO - [2026-05-13T12:17:39.383+0700] {workday.py:41} WARNING - Could not import pandas. Holidays will not be considered.
[2026-05-13T12:17:39.394+0700] {logging_mixin.py:190} INFO - [2026-05-13T12:17:39.394+0700] {dag.py:3239} INFO - Sync 1 DAGs
[2026-05-13T12:17:39.400+0700] {logging_mixin.py:190} INFO - [2026-05-13T12:17:39.400+0700] {dag.py:4180} INFO - Setting next_dagrun for example_sensor_decorator to None, run_after=None
[2026-05-13T12:17:39.411+0700] {processor.py:208} INFO - Processing /Users/najma/de_learning/bulan_2/airflow_project/venv_airflow/lib/python3.12/site-packages/airflow/example_dags/example_sensor_decorator.py took 0.100 seconds
[2026-05-13T12:19:06.626+0700] {processor.py:186} INFO - Started process (PID=7622) to work on /Users/najma/de_learning/bulan_2/airflow_project/venv_airflow/lib/python3.12/site-packages/airflow/example_dags/example_sensor_decorator.py
[2026-05-13T12:19:06.626+0700] {processor.py:914} INFO - Processing file /Users/najma/de_learning/bulan_2/airflow_project/venv_airflow/lib/python3.12/site-packages/airflow/example_dags/example_sensor_decorator.py for tasks to queue
[2026-05-13T12:19:06.627+0700] {logging_mixin.py:190} INFO - [2026-05-13T12:19:06.627+0700] {dagbag.py:588} INFO - Filling up the DagBag from /Users/najma/de_learning/bulan_2/airflow_project/venv_airflow/lib/python3.12/site-packages/airflow/example_dags/example_sensor_decorator.py
[2026-05-13T12:19:06.650+0700] {processor.py:925} INFO - DAG(s) 'example_sensor_decorator' retrieved from /Users/najma/de_learning/bulan_2/airflow_project/venv_airflow/lib/python3.12/site-packages/airflow/example_dags/example_sensor_decorator.py
[2026-05-13T12:19:06.697+0700] {logging_mixin.py:190} INFO - [2026-05-13T12:19:06.697+0700] {workday.py:41} WARNING - Could not import pandas. Holidays will not be considered.
[2026-05-13T12:19:06.710+0700] {logging_mixin.py:190} INFO - [2026-05-13T12:19:06.709+0700] {dag.py:3239} INFO - Sync 1 DAGs
[2026-05-13T12:19:06.715+0700] {logging_mixin.py:190} INFO - [2026-05-13T12:19:06.715+0700] {dag.py:4180} INFO - Setting next_dagrun for example_sensor_decorator to None, run_after=None
[2026-05-13T12:19:06.725+0700] {processor.py:208} INFO - Processing /Users/najma/de_learning/bulan_2/airflow_project/venv_airflow/lib/python3.12/site-packages/airflow/example_dags/example_sensor_decorator.py took 0.101 seconds
[2026-05-13T12:21:57.567+0700] {processor.py:186} INFO - Started process (PID=8020) to work on /Users/najma/de_learning/bulan_2/airflow_project/venv_airflow/lib/python3.12/site-packages/airflow/example_dags/example_sensor_decorator.py
[2026-05-13T12:21:57.568+0700] {processor.py:914} INFO - Processing file /Users/najma/de_learning/bulan_2/airflow_project/venv_airflow/lib/python3.12/site-packages/airflow/example_dags/example_sensor_decorator.py for tasks to queue
[2026-05-13T12:21:57.569+0700] {logging_mixin.py:190} INFO - [2026-05-13T12:21:57.569+0700] {dagbag.py:588} INFO - Filling up the DagBag from /Users/najma/de_learning/bulan_2/airflow_project/venv_airflow/lib/python3.12/site-packages/airflow/example_dags/example_sensor_decorator.py
[2026-05-13T12:21:57.592+0700] {processor.py:925} INFO - DAG(s) 'example_sensor_decorator' retrieved from /Users/najma/de_learning/bulan_2/airflow_project/venv_airflow/lib/python3.12/site-packages/airflow/example_dags/example_sensor_decorator.py
[2026-05-13T12:21:57.639+0700] {logging_mixin.py:190} INFO - [2026-05-13T12:21:57.638+0700] {workday.py:41} WARNING - Could not import pandas. Holidays will not be considered.
[2026-05-13T12:21:57.650+0700] {logging_mixin.py:190} INFO - [2026-05-13T12:21:57.650+0700] {dag.py:3239} INFO - Sync 1 DAGs
[2026-05-13T12:21:57.656+0700] {logging_mixin.py:190} INFO - [2026-05-13T12:21:57.656+0700] {dag.py:4180} INFO - Setting next_dagrun for example_sensor_decorator to None, run_after=None
[2026-05-13T12:21:57.666+0700] {processor.py:208} INFO - Processing /Users/najma/de_learning/bulan_2/airflow_project/venv_airflow/lib/python3.12/site-packages/airflow/example_dags/example_sensor_decorator.py took 0.101 seconds
[2026-05-13T12:24:48.823+0700] {processor.py:186} INFO - Started process (PID=8226) to work on /Users/najma/de_learning/bulan_2/airflow_project/venv_airflow/lib/python3.12/site-packages/airflow/example_dags/example_sensor_decorator.py
[2026-05-13T12:24:48.824+0700] {processor.py:914} INFO - Processing file /Users/najma/de_learning/bulan_2/airflow_project/venv_airflow/lib/python3.12/site-packages/airflow/example_dags/example_sensor_decorator.py for tasks to queue
[2026-05-13T12:24:48.825+0700] {logging_mixin.py:190} INFO - [2026-05-13T12:24:48.825+0700] {dagbag.py:588} INFO - Filling up the DagBag from /Users/najma/de_learning/bulan_2/airflow_project/venv_airflow/lib/python3.12/site-packages/airflow/example_dags/example_sensor_decorator.py
[2026-05-13T12:24:48.846+0700] {processor.py:925} INFO - DAG(s) 'example_sensor_decorator' retrieved from /Users/najma/de_learning/bulan_2/airflow_project/venv_airflow/lib/python3.12/site-packages/airflow/example_dags/example_sensor_decorator.py
[2026-05-13T12:24:48.892+0700] {logging_mixin.py:190} INFO - [2026-05-13T12:24:48.892+0700] {workday.py:41} WARNING - Could not import pandas. Holidays will not be considered.
[2026-05-13T12:24:48.903+0700] {logging_mixin.py:190} INFO - [2026-05-13T12:24:48.903+0700] {dag.py:3239} INFO - Sync 1 DAGs
[2026-05-13T12:24:48.909+0700] {logging_mixin.py:190} INFO - [2026-05-13T12:24:48.909+0700] {dag.py:4180} INFO - Setting next_dagrun for example_sensor_decorator to None, run_after=None
[2026-05-13T12:24:48.918+0700] {processor.py:208} INFO - Processing /Users/najma/de_learning/bulan_2/airflow_project/venv_airflow/lib/python3.12/site-packages/airflow/example_dags/example_sensor_decorator.py took 0.097 seconds
