[2026-05-13T12:16:28.082+0700] {processor.py:186} INFO - Started process (PID=7436) to work on /Users/najma/de_learning/bulan_2/airflow_project/venv_airflow/lib/python3.12/site-packages/airflow/example_dags/example_branch_python_dop_operator_3.py
[2026-05-13T12:16:28.083+0700] {processor.py:914} INFO - Processing file /Users/najma/de_learning/bulan_2/airflow_project/venv_airflow/lib/python3.12/site-packages/airflow/example_dags/example_branch_python_dop_operator_3.py for tasks to queue
[2026-05-13T12:16:28.083+0700] {logging_mixin.py:190} INFO - [2026-05-13T12:16:28.083+0700] {dagbag.py:588} INFO - Filling up the DagBag from /Users/najma/de_learning/bulan_2/airflow_project/venv_airflow/lib/python3.12/site-packages/airflow/example_dags/example_branch_python_dop_operator_3.py
[2026-05-13T12:16:28.109+0700] {processor.py:925} INFO - DAG(s) 'example_branch_dop_operator_v3' retrieved from /Users/najma/de_learning/bulan_2/airflow_project/venv_airflow/lib/python3.12/site-packages/airflow/example_dags/example_branch_python_dop_operator_3.py
[2026-05-13T12:16:28.209+0700] {logging_mixin.py:190} INFO - [2026-05-13T12:16:28.208+0700] {override.py:1911} INFO - Created Permission View: can read on DAG:example_branch_dop_operator_v3
[2026-05-13T12:16:28.213+0700] {logging_mixin.py:190} INFO - [2026-05-13T12:16:28.213+0700] {override.py:1911} INFO - Created Permission View: can edit on DAG:example_branch_dop_operator_v3
[2026-05-13T12:16:28.217+0700] {logging_mixin.py:190} INFO - [2026-05-13T12:16:28.217+0700] {override.py:1911} INFO - Created Permission View: can delete on DAG:example_branch_dop_operator_v3
[2026-05-13T12:16:28.221+0700] {logging_mixin.py:190} INFO - [2026-05-13T12:16:28.221+0700] {override.py:1911} INFO - Created Permission View: menu access on DAG Run:example_branch_dop_operator_v3
[2026-05-13T12:16:28.224+0700] {logging_mixin.py:190} INFO - [2026-05-13T12:16:28.223+0700] {override.py:1911} INFO - Created Permission View: can read on DAG Run:example_branch_dop_operator_v3
[2026-05-13T12:16:28.226+0700] {logging_mixin.py:190} INFO - [2026-05-13T12:16:28.226+0700] {override.py:1911} INFO - Created Permission View: can create on DAG Run:example_branch_dop_operator_v3
[2026-05-13T12:16:28.229+0700] {logging_mixin.py:190} INFO - [2026-05-13T12:16:28.229+0700] {override.py:1911} INFO - Created Permission View: can delete on DAG Run:example_branch_dop_operator_v3
[2026-05-13T12:16:28.229+0700] {logging_mixin.py:190} INFO - [2026-05-13T12:16:28.229+0700] {dag.py:3239} INFO - Sync 1 DAGs
[2026-05-13T12:16:28.236+0700] {logging_mixin.py:190} INFO - [2026-05-13T12:16:28.236+0700] {dag.py:3262} INFO - Creating ORM DAG for example_branch_dop_operator_v3
[2026-05-13T12:16:28.276+0700] {logging_mixin.py:190} INFO - [2026-05-13T12:16:28.276+0700] {dag.py:4180} INFO - Setting next_dagrun for example_branch_dop_operator_v3 to 2026-05-13 05:15:00+00:00, run_after=2026-05-13 05:16:00+00:00
[2026-05-13T12:16:28.285+0700] {processor.py:208} INFO - Processing /Users/najma/de_learning/bulan_2/airflow_project/venv_airflow/lib/python3.12/site-packages/airflow/example_dags/example_branch_python_dop_operator_3.py took 0.205 seconds
[2026-05-13T12:19:21.052+0700] {processor.py:186} INFO - Started process (PID=7829) to work on /Users/najma/de_learning/bulan_2/airflow_project/venv_airflow/lib/python3.12/site-packages/airflow/example_dags/example_branch_python_dop_operator_3.py
[2026-05-13T12:19:21.052+0700] {processor.py:914} INFO - Processing file /Users/najma/de_learning/bulan_2/airflow_project/venv_airflow/lib/python3.12/site-packages/airflow/example_dags/example_branch_python_dop_operator_3.py for tasks to queue
[2026-05-13T12:19:21.053+0700] {logging_mixin.py:190} INFO - [2026-05-13T12:19:21.053+0700] {dagbag.py:588} INFO - Filling up the DagBag from /Users/najma/de_learning/bulan_2/airflow_project/venv_airflow/lib/python3.12/site-packages/airflow/example_dags/example_branch_python_dop_operator_3.py
[2026-05-13T12:19:21.078+0700] {processor.py:925} INFO - DAG(s) 'example_branch_dop_operator_v3' retrieved from /Users/najma/de_learning/bulan_2/airflow_project/venv_airflow/lib/python3.12/site-packages/airflow/example_dags/example_branch_python_dop_operator_3.py
[2026-05-13T12:19:21.128+0700] {logging_mixin.py:190} INFO - [2026-05-13T12:19:21.128+0700] {dag.py:3239} INFO - Sync 1 DAGs
[2026-05-13T12:19:21.140+0700] {logging_mixin.py:190} INFO - [2026-05-13T12:19:21.140+0700] {dag.py:4180} INFO - Setting next_dagrun for example_branch_dop_operator_v3 to 2026-05-13 05:18:00+00:00, run_after=2026-05-13 05:19:00+00:00
[2026-05-13T12:19:21.149+0700] {processor.py:208} INFO - Processing /Users/najma/de_learning/bulan_2/airflow_project/venv_airflow/lib/python3.12/site-packages/airflow/example_dags/example_branch_python_dop_operator_3.py took 0.099 seconds
[2026-05-13T12:22:11.163+0700] {processor.py:186} INFO - Started process (PID=8035) to work on /Users/najma/de_learning/bulan_2/airflow_project/venv_airflow/lib/python3.12/site-packages/airflow/example_dags/example_branch_python_dop_operator_3.py
[2026-05-13T12:22:11.164+0700] {processor.py:914} INFO - Processing file /Users/najma/de_learning/bulan_2/airflow_project/venv_airflow/lib/python3.12/site-packages/airflow/example_dags/example_branch_python_dop_operator_3.py for tasks to queue
[2026-05-13T12:22:11.165+0700] {logging_mixin.py:190} INFO - [2026-05-13T12:22:11.164+0700] {dagbag.py:588} INFO - Filling up the DagBag from /Users/najma/de_learning/bulan_2/airflow_project/venv_airflow/lib/python3.12/site-packages/airflow/example_dags/example_branch_python_dop_operator_3.py
[2026-05-13T12:22:11.188+0700] {processor.py:925} INFO - DAG(s) 'example_branch_dop_operator_v3' retrieved from /Users/najma/de_learning/bulan_2/airflow_project/venv_airflow/lib/python3.12/site-packages/airflow/example_dags/example_branch_python_dop_operator_3.py
[2026-05-13T12:22:11.238+0700] {logging_mixin.py:190} INFO - [2026-05-13T12:22:11.238+0700] {dag.py:3239} INFO - Sync 1 DAGs
[2026-05-13T12:22:11.249+0700] {logging_mixin.py:190} INFO - [2026-05-13T12:22:11.249+0700] {dag.py:4180} INFO - Setting next_dagrun for example_branch_dop_operator_v3 to 2026-05-13 05:21:00+00:00, run_after=2026-05-13 05:22:00+00:00
[2026-05-13T12:22:11.259+0700] {processor.py:208} INFO - Processing /Users/najma/de_learning/bulan_2/airflow_project/venv_airflow/lib/python3.12/site-packages/airflow/example_dags/example_branch_python_dop_operator_3.py took 0.098 seconds
