[2026-05-13T12:16:38.460+0700] {processor.py:186} INFO - Started process (PID=7449) to work on /Users/najma/de_learning/bulan_2/airflow_project/venv_airflow/lib/python3.12/site-packages/airflow/example_dags/example_branch_datetime_operator.py
[2026-05-13T12:16:38.460+0700] {processor.py:914} INFO - Processing file /Users/najma/de_learning/bulan_2/airflow_project/venv_airflow/lib/python3.12/site-packages/airflow/example_dags/example_branch_datetime_operator.py for tasks to queue
[2026-05-13T12:16:38.461+0700] {logging_mixin.py:190} INFO - [2026-05-13T12:16:38.461+0700] {dagbag.py:588} INFO - Filling up the DagBag from /Users/najma/de_learning/bulan_2/airflow_project/venv_airflow/lib/python3.12/site-packages/airflow/example_dags/example_branch_datetime_operator.py
[2026-05-13T12:16:38.469+0700] {processor.py:925} INFO - DAG(s) 'example_branch_datetime_operator', 'example_branch_datetime_operator_2', 'example_branch_datetime_operator_3' retrieved from /Users/najma/de_learning/bulan_2/airflow_project/venv_airflow/lib/python3.12/site-packages/airflow/example_dags/example_branch_datetime_operator.py
[2026-05-13T12:16:38.574+0700] {logging_mixin.py:190} INFO - [2026-05-13T12:16:38.574+0700] {override.py:1911} INFO - Created Permission View: can read on DAG:example_branch_datetime_operator
[2026-05-13T12:16:38.579+0700] {logging_mixin.py:190} INFO - [2026-05-13T12:16:38.578+0700] {override.py:1911} INFO - Created Permission View: can delete on DAG:example_branch_datetime_operator
[2026-05-13T12:16:38.582+0700] {logging_mixin.py:190} INFO - [2026-05-13T12:16:38.582+0700] {override.py:1911} INFO - Created Permission View: can edit on DAG:example_branch_datetime_operator
[2026-05-13T12:16:38.586+0700] {logging_mixin.py:190} INFO - [2026-05-13T12:16:38.586+0700] {override.py:1911} INFO - Created Permission View: can read on DAG Run:example_branch_datetime_operator
[2026-05-13T12:16:38.589+0700] {logging_mixin.py:190} INFO - [2026-05-13T12:16:38.589+0700] {override.py:1911} INFO - Created Permission View: can create on DAG Run:example_branch_datetime_operator
[2026-05-13T12:16:38.592+0700] {logging_mixin.py:190} INFO - [2026-05-13T12:16:38.592+0700] {override.py:1911} INFO - Created Permission View: can delete on DAG Run:example_branch_datetime_operator
[2026-05-13T12:16:38.595+0700] {logging_mixin.py:190} INFO - [2026-05-13T12:16:38.594+0700] {override.py:1911} INFO - Created Permission View: menu access on DAG Run:example_branch_datetime_operator
[2026-05-13T12:16:38.601+0700] {logging_mixin.py:190} INFO - [2026-05-13T12:16:38.601+0700] {override.py:1911} INFO - Created Permission View: can read on DAG:example_branch_datetime_operator_2
[2026-05-13T12:16:38.604+0700] {logging_mixin.py:190} INFO - [2026-05-13T12:16:38.604+0700] {override.py:1911} INFO - Created Permission View: can delete on DAG:example_branch_datetime_operator_2
[2026-05-13T12:16:38.607+0700] {logging_mixin.py:190} INFO - [2026-05-13T12:16:38.607+0700] {override.py:1911} INFO - Created Permission View: can edit on DAG:example_branch_datetime_operator_2
[2026-05-13T12:16:38.610+0700] {logging_mixin.py:190} INFO - [2026-05-13T12:16:38.610+0700] {override.py:1911} INFO - Created Permission View: can read on DAG Run:example_branch_datetime_operator_2
[2026-05-13T12:16:38.613+0700] {logging_mixin.py:190} INFO - [2026-05-13T12:16:38.613+0700] {override.py:1911} INFO - Created Permission View: can create on DAG Run:example_branch_datetime_operator_2
[2026-05-13T12:16:38.616+0700] {logging_mixin.py:190} INFO - [2026-05-13T12:16:38.616+0700] {override.py:1911} INFO - Created Permission View: can delete on DAG Run:example_branch_datetime_operator_2
[2026-05-13T12:16:38.619+0700] {logging_mixin.py:190} INFO - [2026-05-13T12:16:38.619+0700] {override.py:1911} INFO - Created Permission View: menu access on DAG Run:example_branch_datetime_operator_2
[2026-05-13T12:16:38.625+0700] {logging_mixin.py:190} INFO - [2026-05-13T12:16:38.625+0700] {override.py:1911} INFO - Created Permission View: can read on DAG:example_branch_datetime_operator_3
[2026-05-13T12:16:38.627+0700] {logging_mixin.py:190} INFO - [2026-05-13T12:16:38.627+0700] {override.py:1911} INFO - Created Permission View: can delete on DAG:example_branch_datetime_operator_3
[2026-05-13T12:16:38.630+0700] {logging_mixin.py:190} INFO - [2026-05-13T12:16:38.630+0700] {override.py:1911} INFO - Created Permission View: can edit on DAG:example_branch_datetime_operator_3
[2026-05-13T12:16:38.634+0700] {logging_mixin.py:190} INFO - [2026-05-13T12:16:38.634+0700] {override.py:1911} INFO - Created Permission View: can read on DAG Run:example_branch_datetime_operator_3
[2026-05-13T12:16:38.637+0700] {logging_mixin.py:190} INFO - [2026-05-13T12:16:38.637+0700] {override.py:1911} INFO - Created Permission View: can create on DAG Run:example_branch_datetime_operator_3
[2026-05-13T12:16:38.640+0700] {logging_mixin.py:190} INFO - [2026-05-13T12:16:38.640+0700] {override.py:1911} INFO - Created Permission View: can delete on DAG Run:example_branch_datetime_operator_3
[2026-05-13T12:16:38.643+0700] {logging_mixin.py:190} INFO - [2026-05-13T12:16:38.642+0700] {override.py:1911} INFO - Created Permission View: menu access on DAG Run:example_branch_datetime_operator_3
[2026-05-13T12:16:38.643+0700] {logging_mixin.py:190} INFO - [2026-05-13T12:16:38.643+0700] {dag.py:3239} INFO - Sync 3 DAGs
[2026-05-13T12:16:38.649+0700] {logging_mixin.py:190} INFO - [2026-05-13T12:16:38.649+0700] {dag.py:3262} INFO - Creating ORM DAG for example_branch_datetime_operator
[2026-05-13T12:16:38.650+0700] {logging_mixin.py:190} INFO - [2026-05-13T12:16:38.649+0700] {dag.py:3262} INFO - Creating ORM DAG for example_branch_datetime_operator_3
[2026-05-13T12:16:38.650+0700] {logging_mixin.py:190} INFO - [2026-05-13T12:16:38.650+0700] {dag.py:3262} INFO - Creating ORM DAG for example_branch_datetime_operator_2
[2026-05-13T12:16:38.655+0700] {logging_mixin.py:190} INFO - [2026-05-13T12:16:38.655+0700] {dag.py:4180} INFO - Setting next_dagrun for example_branch_datetime_operator to 2026-05-12 00:00:00+00:00, run_after=2026-05-13 00:00:00+00:00
[2026-05-13T12:16:38.655+0700] {logging_mixin.py:190} INFO - [2026-05-13T12:16:38.655+0700] {dag.py:4180} INFO - Setting next_dagrun for example_branch_datetime_operator_2 to 2026-05-12 00:00:00+00:00, run_after=2026-05-13 00:00:00+00:00
[2026-05-13T12:16:38.656+0700] {logging_mixin.py:190} INFO - [2026-05-13T12:16:38.656+0700] {dag.py:4180} INFO - Setting next_dagrun for example_branch_datetime_operator_3 to 2026-05-12 00:00:00+00:00, run_after=2026-05-13 00:00:00+00:00
[2026-05-13T12:16:38.665+0700] {processor.py:208} INFO - Processing /Users/najma/de_learning/bulan_2/airflow_project/venv_airflow/lib/python3.12/site-packages/airflow/example_dags/example_branch_datetime_operator.py took 0.207 seconds
[2026-05-13T12:19:31.276+0700] {processor.py:186} INFO - Started process (PID=7841) to work on /Users/najma/de_learning/bulan_2/airflow_project/venv_airflow/lib/python3.12/site-packages/airflow/example_dags/example_branch_datetime_operator.py
[2026-05-13T12:19:31.277+0700] {processor.py:914} INFO - Processing file /Users/najma/de_learning/bulan_2/airflow_project/venv_airflow/lib/python3.12/site-packages/airflow/example_dags/example_branch_datetime_operator.py for tasks to queue
[2026-05-13T12:19:31.278+0700] {logging_mixin.py:190} INFO - [2026-05-13T12:19:31.277+0700] {dagbag.py:588} INFO - Filling up the DagBag from /Users/najma/de_learning/bulan_2/airflow_project/venv_airflow/lib/python3.12/site-packages/airflow/example_dags/example_branch_datetime_operator.py
[2026-05-13T12:19:31.285+0700] {processor.py:925} INFO - DAG(s) 'example_branch_datetime_operator_2', 'example_branch_datetime_operator_3', 'example_branch_datetime_operator' retrieved from /Users/najma/de_learning/bulan_2/airflow_project/venv_airflow/lib/python3.12/site-packages/airflow/example_dags/example_branch_datetime_operator.py
[2026-05-13T12:19:31.341+0700] {logging_mixin.py:190} INFO - [2026-05-13T12:19:31.340+0700] {dag.py:3239} INFO - Sync 3 DAGs
[2026-05-13T12:19:31.351+0700] {logging_mixin.py:190} INFO - [2026-05-13T12:19:31.351+0700] {dag.py:4180} INFO - Setting next_dagrun for example_branch_datetime_operator to 2026-05-12 00:00:00+00:00, run_after=2026-05-13 00:00:00+00:00
[2026-05-13T12:19:31.354+0700] {logging_mixin.py:190} INFO - [2026-05-13T12:19:31.353+0700] {dag.py:4180} INFO - Setting next_dagrun for example_branch_datetime_operator_2 to 2026-05-12 00:00:00+00:00, run_after=2026-05-13 00:00:00+00:00
[2026-05-13T12:19:31.355+0700] {logging_mixin.py:190} INFO - [2026-05-13T12:19:31.354+0700] {dag.py:4180} INFO - Setting next_dagrun for example_branch_datetime_operator_3 to 2026-05-12 00:00:00+00:00, run_after=2026-05-13 00:00:00+00:00
[2026-05-13T12:19:31.363+0700] {processor.py:208} INFO - Processing /Users/najma/de_learning/bulan_2/airflow_project/venv_airflow/lib/python3.12/site-packages/airflow/example_dags/example_branch_datetime_operator.py took 0.089 seconds
[2026-05-13T12:22:21.830+0700] {processor.py:186} INFO - Started process (PID=8061) to work on /Users/najma/de_learning/bulan_2/airflow_project/venv_airflow/lib/python3.12/site-packages/airflow/example_dags/example_branch_datetime_operator.py
[2026-05-13T12:22:21.831+0700] {processor.py:914} INFO - Processing file /Users/najma/de_learning/bulan_2/airflow_project/venv_airflow/lib/python3.12/site-packages/airflow/example_dags/example_branch_datetime_operator.py for tasks to queue
[2026-05-13T12:22:21.832+0700] {logging_mixin.py:190} INFO - [2026-05-13T12:22:21.831+0700] {dagbag.py:588} INFO - Filling up the DagBag from /Users/najma/de_learning/bulan_2/airflow_project/venv_airflow/lib/python3.12/site-packages/airflow/example_dags/example_branch_datetime_operator.py
[2026-05-13T12:22:21.840+0700] {processor.py:925} INFO - DAG(s) 'example_branch_datetime_operator', 'example_branch_datetime_operator_2', 'example_branch_datetime_operator_3' retrieved from /Users/najma/de_learning/bulan_2/airflow_project/venv_airflow/lib/python3.12/site-packages/airflow/example_dags/example_branch_datetime_operator.py
[2026-05-13T12:22:21.903+0700] {logging_mixin.py:190} INFO - [2026-05-13T12:22:21.903+0700] {dag.py:3239} INFO - Sync 3 DAGs
[2026-05-13T12:22:21.914+0700] {logging_mixin.py:190} INFO - [2026-05-13T12:22:21.914+0700] {dag.py:4180} INFO - Setting next_dagrun for example_branch_datetime_operator to 2026-05-12 00:00:00+00:00, run_after=2026-05-13 00:00:00+00:00
[2026-05-13T12:22:21.917+0700] {logging_mixin.py:190} INFO - [2026-05-13T12:22:21.917+0700] {dag.py:4180} INFO - Setting next_dagrun for example_branch_datetime_operator_2 to 2026-05-12 00:00:00+00:00, run_after=2026-05-13 00:00:00+00:00
[2026-05-13T12:22:21.918+0700] {logging_mixin.py:190} INFO - [2026-05-13T12:22:21.918+0700] {dag.py:4180} INFO - Setting next_dagrun for example_branch_datetime_operator_3 to 2026-05-12 00:00:00+00:00, run_after=2026-05-13 00:00:00+00:00
[2026-05-13T12:22:21.927+0700] {processor.py:208} INFO - Processing /Users/najma/de_learning/bulan_2/airflow_project/venv_airflow/lib/python3.12/site-packages/airflow/example_dags/example_branch_datetime_operator.py took 0.100 seconds
