[2026-05-13T12:15:18.485+0700] {processor.py:186} INFO - Started process (PID=6598) to work on /Users/najma/de_learning/bulan_2/airflow_project/venv_airflow/lib/python3.12/site-packages/airflow/example_dags/example_subdag_operator.py
[2026-05-13T12:15:18.485+0700] {processor.py:914} INFO - Processing file /Users/najma/de_learning/bulan_2/airflow_project/venv_airflow/lib/python3.12/site-packages/airflow/example_dags/example_subdag_operator.py for tasks to queue
[2026-05-13T12:15:18.486+0700] {logging_mixin.py:190} INFO - [2026-05-13T12:15:18.486+0700] {dagbag.py:588} INFO - Filling up the DagBag from /Users/najma/de_learning/bulan_2/airflow_project/venv_airflow/lib/python3.12/site-packages/airflow/example_dags/example_subdag_operator.py
[2026-05-13T12:15:18.540+0700] {processor.py:925} INFO - DAG(s) 'example_subdag_operator.section-1', 'example_subdag_operator.section-2', 'example_subdag_operator' retrieved from /Users/najma/de_learning/bulan_2/airflow_project/venv_airflow/lib/python3.12/site-packages/airflow/example_dags/example_subdag_operator.py
[2026-05-13T12:15:18.548+0700] {logging_mixin.py:190} INFO - [2026-05-13T12:15:18.548+0700] {workday.py:41} WARNING - Could not import pandas. Holidays will not be considered.
[2026-05-13T12:15:18.604+0700] {logging_mixin.py:190} INFO - [2026-05-13T12:15:18.604+0700] {override.py:1911} INFO - Created Permission View: can read on DAG:example_subdag_operator
[2026-05-13T12:15:18.609+0700] {logging_mixin.py:190} INFO - [2026-05-13T12:15:18.609+0700] {override.py:1911} INFO - Created Permission View: can edit on DAG:example_subdag_operator
[2026-05-13T12:15:18.612+0700] {logging_mixin.py:190} INFO - [2026-05-13T12:15:18.612+0700] {override.py:1911} INFO - Created Permission View: can delete on DAG:example_subdag_operator
[2026-05-13T12:15:18.616+0700] {logging_mixin.py:190} INFO - [2026-05-13T12:15:18.616+0700] {override.py:1911} INFO - Created Permission View: menu access on DAG Run:example_subdag_operator
[2026-05-13T12:15:18.618+0700] {logging_mixin.py:190} INFO - [2026-05-13T12:15:18.618+0700] {override.py:1911} INFO - Created Permission View: can read on DAG Run:example_subdag_operator
[2026-05-13T12:15:18.621+0700] {logging_mixin.py:190} INFO - [2026-05-13T12:15:18.621+0700] {override.py:1911} INFO - Created Permission View: can delete on DAG Run:example_subdag_operator
[2026-05-13T12:15:18.624+0700] {logging_mixin.py:190} INFO - [2026-05-13T12:15:18.624+0700] {override.py:1911} INFO - Created Permission View: can create on DAG Run:example_subdag_operator
[2026-05-13T12:15:18.624+0700] {logging_mixin.py:190} INFO - [2026-05-13T12:15:18.624+0700] {dag.py:3239} INFO - Sync 3 DAGs
[2026-05-13T12:15:18.630+0700] {logging_mixin.py:190} INFO - [2026-05-13T12:15:18.630+0700] {dag.py:3262} INFO - Creating ORM DAG for example_subdag_operator.section-1
[2026-05-13T12:15:18.630+0700] {logging_mixin.py:190} INFO - [2026-05-13T12:15:18.630+0700] {dag.py:3262} INFO - Creating ORM DAG for example_subdag_operator
[2026-05-13T12:15:18.630+0700] {logging_mixin.py:190} INFO - [2026-05-13T12:15:18.630+0700] {dag.py:3262} INFO - Creating ORM DAG for example_subdag_operator.section-2
[2026-05-13T12:15:18.634+0700] {logging_mixin.py:190} INFO - [2026-05-13T12:15:18.634+0700] {dag.py:4180} INFO - Setting next_dagrun for example_subdag_operator to 2022-01-01 00:00:00+00:00, run_after=2022-01-01 00:00:00+00:00
[2026-05-13T12:15:18.635+0700] {logging_mixin.py:190} INFO - [2026-05-13T12:15:18.634+0700] {dag.py:4180} INFO - Setting next_dagrun for example_subdag_operator.section-1 to None, run_after=None
[2026-05-13T12:15:18.635+0700] {logging_mixin.py:190} INFO - [2026-05-13T12:15:18.635+0700] {dag.py:4180} INFO - Setting next_dagrun for example_subdag_operator.section-2 to None, run_after=None
[2026-05-13T12:15:18.638+0700] {logging_mixin.py:190} INFO - [2026-05-13T12:15:18.638+0700] {dag.py:3239} INFO - Sync 2 DAGs
[2026-05-13T12:15:18.640+0700] {logging_mixin.py:190} INFO - [2026-05-13T12:15:18.640+0700] {dag.py:4180} INFO - Setting next_dagrun for example_subdag_operator.section-1 to None, run_after=None
[2026-05-13T12:15:18.641+0700] {logging_mixin.py:190} INFO - [2026-05-13T12:15:18.641+0700] {dag.py:4180} INFO - Setting next_dagrun for example_subdag_operator.section-2 to None, run_after=None
[2026-05-13T12:15:18.647+0700] {processor.py:208} INFO - Processing /Users/najma/de_learning/bulan_2/airflow_project/venv_airflow/lib/python3.12/site-packages/airflow/example_dags/example_subdag_operator.py took 0.165 seconds
[2026-05-13T12:17:23.012+0700] {processor.py:186} INFO - Started process (PID=7506) to work on /Users/najma/de_learning/bulan_2/airflow_project/venv_airflow/lib/python3.12/site-packages/airflow/example_dags/example_subdag_operator.py
[2026-05-13T12:17:23.013+0700] {processor.py:914} INFO - Processing file /Users/najma/de_learning/bulan_2/airflow_project/venv_airflow/lib/python3.12/site-packages/airflow/example_dags/example_subdag_operator.py for tasks to queue
[2026-05-13T12:17:23.014+0700] {logging_mixin.py:190} INFO - [2026-05-13T12:17:23.014+0700] {dagbag.py:588} INFO - Filling up the DagBag from /Users/najma/de_learning/bulan_2/airflow_project/venv_airflow/lib/python3.12/site-packages/airflow/example_dags/example_subdag_operator.py
[2026-05-13T12:17:23.069+0700] {processor.py:925} INFO - DAG(s) 'example_subdag_operator.section-1', 'example_subdag_operator.section-2', 'example_subdag_operator' retrieved from /Users/najma/de_learning/bulan_2/airflow_project/venv_airflow/lib/python3.12/site-packages/airflow/example_dags/example_subdag_operator.py
[2026-05-13T12:17:23.078+0700] {logging_mixin.py:190} INFO - [2026-05-13T12:17:23.077+0700] {workday.py:41} WARNING - Could not import pandas. Holidays will not be considered.
[2026-05-13T12:17:23.087+0700] {logging_mixin.py:190} INFO - [2026-05-13T12:17:23.087+0700] {dag.py:3239} INFO - Sync 3 DAGs
[2026-05-13T12:17:23.097+0700] {logging_mixin.py:190} INFO - [2026-05-13T12:17:23.097+0700] {dag.py:4180} INFO - Setting next_dagrun for example_subdag_operator to 2022-01-01 00:00:00+00:00, run_after=2022-01-01 00:00:00+00:00
[2026-05-13T12:17:23.099+0700] {logging_mixin.py:190} INFO - [2026-05-13T12:17:23.099+0700] {dag.py:4180} INFO - Setting next_dagrun for example_subdag_operator.section-1 to None, run_after=None
[2026-05-13T12:17:23.099+0700] {logging_mixin.py:190} INFO - [2026-05-13T12:17:23.099+0700] {dag.py:4180} INFO - Setting next_dagrun for example_subdag_operator.section-2 to None, run_after=None
[2026-05-13T12:17:23.102+0700] {logging_mixin.py:190} INFO - [2026-05-13T12:17:23.102+0700] {dag.py:3239} INFO - Sync 2 DAGs
[2026-05-13T12:17:23.104+0700] {logging_mixin.py:190} INFO - [2026-05-13T12:17:23.104+0700] {dag.py:4180} INFO - Setting next_dagrun for example_subdag_operator.section-1 to None, run_after=None
[2026-05-13T12:17:23.104+0700] {logging_mixin.py:190} INFO - [2026-05-13T12:17:23.104+0700] {dag.py:4180} INFO - Setting next_dagrun for example_subdag_operator.section-2 to None, run_after=None
[2026-05-13T12:17:23.110+0700] {processor.py:208} INFO - Processing /Users/najma/de_learning/bulan_2/airflow_project/venv_airflow/lib/python3.12/site-packages/airflow/example_dags/example_subdag_operator.py took 0.099 seconds
[2026-05-13T12:18:50.107+0700] {processor.py:186} INFO - Started process (PID=7601) to work on /Users/najma/de_learning/bulan_2/airflow_project/venv_airflow/lib/python3.12/site-packages/airflow/example_dags/example_subdag_operator.py
[2026-05-13T12:18:50.108+0700] {processor.py:914} INFO - Processing file /Users/najma/de_learning/bulan_2/airflow_project/venv_airflow/lib/python3.12/site-packages/airflow/example_dags/example_subdag_operator.py for tasks to queue
[2026-05-13T12:18:50.109+0700] {logging_mixin.py:190} INFO - [2026-05-13T12:18:50.109+0700] {dagbag.py:588} INFO - Filling up the DagBag from /Users/najma/de_learning/bulan_2/airflow_project/venv_airflow/lib/python3.12/site-packages/airflow/example_dags/example_subdag_operator.py
[2026-05-13T12:18:50.164+0700] {processor.py:925} INFO - DAG(s) 'example_subdag_operator.section-1', 'example_subdag_operator.section-2', 'example_subdag_operator' retrieved from /Users/najma/de_learning/bulan_2/airflow_project/venv_airflow/lib/python3.12/site-packages/airflow/example_dags/example_subdag_operator.py
[2026-05-13T12:18:50.172+0700] {logging_mixin.py:190} INFO - [2026-05-13T12:18:50.172+0700] {workday.py:41} WARNING - Could not import pandas. Holidays will not be considered.
[2026-05-13T12:18:50.181+0700] {logging_mixin.py:190} INFO - [2026-05-13T12:18:50.181+0700] {dag.py:3239} INFO - Sync 3 DAGs
[2026-05-13T12:18:50.191+0700] {logging_mixin.py:190} INFO - [2026-05-13T12:18:50.191+0700] {dag.py:4180} INFO - Setting next_dagrun for example_subdag_operator to 2022-01-01 00:00:00+00:00, run_after=2022-01-01 00:00:00+00:00
[2026-05-13T12:18:50.192+0700] {logging_mixin.py:190} INFO - [2026-05-13T12:18:50.192+0700] {dag.py:4180} INFO - Setting next_dagrun for example_subdag_operator.section-1 to None, run_after=None
[2026-05-13T12:18:50.193+0700] {logging_mixin.py:190} INFO - [2026-05-13T12:18:50.193+0700] {dag.py:4180} INFO - Setting next_dagrun for example_subdag_operator.section-2 to None, run_after=None
[2026-05-13T12:18:50.196+0700] {logging_mixin.py:190} INFO - [2026-05-13T12:18:50.196+0700] {dag.py:3239} INFO - Sync 2 DAGs
[2026-05-13T12:18:50.198+0700] {logging_mixin.py:190} INFO - [2026-05-13T12:18:50.198+0700] {dag.py:4180} INFO - Setting next_dagrun for example_subdag_operator.section-1 to None, run_after=None
[2026-05-13T12:18:50.198+0700] {logging_mixin.py:190} INFO - [2026-05-13T12:18:50.198+0700] {dag.py:4180} INFO - Setting next_dagrun for example_subdag_operator.section-2 to None, run_after=None
[2026-05-13T12:18:50.204+0700] {processor.py:208} INFO - Processing /Users/najma/de_learning/bulan_2/airflow_project/venv_airflow/lib/python3.12/site-packages/airflow/example_dags/example_subdag_operator.py took 0.098 seconds
[2026-05-13T12:20:16.891+0700] {processor.py:186} INFO - Started process (PID=7894) to work on /Users/najma/de_learning/bulan_2/airflow_project/venv_airflow/lib/python3.12/site-packages/airflow/example_dags/example_subdag_operator.py
[2026-05-13T12:20:16.893+0700] {processor.py:914} INFO - Processing file /Users/najma/de_learning/bulan_2/airflow_project/venv_airflow/lib/python3.12/site-packages/airflow/example_dags/example_subdag_operator.py for tasks to queue
[2026-05-13T12:20:16.893+0700] {logging_mixin.py:190} INFO - [2026-05-13T12:20:16.893+0700] {dagbag.py:588} INFO - Filling up the DagBag from /Users/najma/de_learning/bulan_2/airflow_project/venv_airflow/lib/python3.12/site-packages/airflow/example_dags/example_subdag_operator.py
[2026-05-13T12:20:16.949+0700] {processor.py:925} INFO - DAG(s) 'example_subdag_operator.section-1', 'example_subdag_operator.section-2', 'example_subdag_operator' retrieved from /Users/najma/de_learning/bulan_2/airflow_project/venv_airflow/lib/python3.12/site-packages/airflow/example_dags/example_subdag_operator.py
[2026-05-13T12:20:16.957+0700] {logging_mixin.py:190} INFO - [2026-05-13T12:20:16.957+0700] {workday.py:41} WARNING - Could not import pandas. Holidays will not be considered.
[2026-05-13T12:20:16.966+0700] {logging_mixin.py:190} INFO - [2026-05-13T12:20:16.966+0700] {dag.py:3239} INFO - Sync 3 DAGs
[2026-05-13T12:20:16.976+0700] {logging_mixin.py:190} INFO - [2026-05-13T12:20:16.976+0700] {dag.py:4180} INFO - Setting next_dagrun for example_subdag_operator to 2022-01-01 00:00:00+00:00, run_after=2022-01-01 00:00:00+00:00
[2026-05-13T12:20:16.977+0700] {logging_mixin.py:190} INFO - [2026-05-13T12:20:16.977+0700] {dag.py:4180} INFO - Setting next_dagrun for example_subdag_operator.section-1 to None, run_after=None
[2026-05-13T12:20:16.978+0700] {logging_mixin.py:190} INFO - [2026-05-13T12:20:16.978+0700] {dag.py:4180} INFO - Setting next_dagrun for example_subdag_operator.section-2 to None, run_after=None
[2026-05-13T12:20:16.981+0700] {logging_mixin.py:190} INFO - [2026-05-13T12:20:16.981+0700] {dag.py:3239} INFO - Sync 2 DAGs
[2026-05-13T12:20:16.983+0700] {logging_mixin.py:190} INFO - [2026-05-13T12:20:16.983+0700] {dag.py:4180} INFO - Setting next_dagrun for example_subdag_operator.section-1 to None, run_after=None
[2026-05-13T12:20:16.983+0700] {logging_mixin.py:190} INFO - [2026-05-13T12:20:16.983+0700] {dag.py:4180} INFO - Setting next_dagrun for example_subdag_operator.section-2 to None, run_after=None
[2026-05-13T12:20:16.990+0700] {processor.py:208} INFO - Processing /Users/najma/de_learning/bulan_2/airflow_project/venv_airflow/lib/python3.12/site-packages/airflow/example_dags/example_subdag_operator.py took 0.101 seconds
[2026-05-13T12:21:42.837+0700] {processor.py:186} INFO - Started process (PID=8002) to work on /Users/najma/de_learning/bulan_2/airflow_project/venv_airflow/lib/python3.12/site-packages/airflow/example_dags/example_subdag_operator.py
[2026-05-13T12:21:42.838+0700] {processor.py:914} INFO - Processing file /Users/najma/de_learning/bulan_2/airflow_project/venv_airflow/lib/python3.12/site-packages/airflow/example_dags/example_subdag_operator.py for tasks to queue
[2026-05-13T12:21:42.839+0700] {logging_mixin.py:190} INFO - [2026-05-13T12:21:42.839+0700] {dagbag.py:588} INFO - Filling up the DagBag from /Users/najma/de_learning/bulan_2/airflow_project/venv_airflow/lib/python3.12/site-packages/airflow/example_dags/example_subdag_operator.py
[2026-05-13T12:21:42.895+0700] {processor.py:925} INFO - DAG(s) 'example_subdag_operator.section-1', 'example_subdag_operator.section-2', 'example_subdag_operator' retrieved from /Users/najma/de_learning/bulan_2/airflow_project/venv_airflow/lib/python3.12/site-packages/airflow/example_dags/example_subdag_operator.py
[2026-05-13T12:21:42.904+0700] {logging_mixin.py:190} INFO - [2026-05-13T12:21:42.904+0700] {workday.py:41} WARNING - Could not import pandas. Holidays will not be considered.
[2026-05-13T12:21:42.915+0700] {logging_mixin.py:190} INFO - [2026-05-13T12:21:42.915+0700] {dag.py:3239} INFO - Sync 3 DAGs
[2026-05-13T12:21:42.925+0700] {logging_mixin.py:190} INFO - [2026-05-13T12:21:42.925+0700] {dag.py:4180} INFO - Setting next_dagrun for example_subdag_operator to 2022-01-01 00:00:00+00:00, run_after=2022-01-01 00:00:00+00:00
[2026-05-13T12:21:42.927+0700] {logging_mixin.py:190} INFO - [2026-05-13T12:21:42.927+0700] {dag.py:4180} INFO - Setting next_dagrun for example_subdag_operator.section-1 to None, run_after=None
[2026-05-13T12:21:42.927+0700] {logging_mixin.py:190} INFO - [2026-05-13T12:21:42.927+0700] {dag.py:4180} INFO - Setting next_dagrun for example_subdag_operator.section-2 to None, run_after=None
[2026-05-13T12:21:42.930+0700] {logging_mixin.py:190} INFO - [2026-05-13T12:21:42.930+0700] {dag.py:3239} INFO - Sync 2 DAGs
[2026-05-13T12:21:42.932+0700] {logging_mixin.py:190} INFO - [2026-05-13T12:21:42.932+0700] {dag.py:4180} INFO - Setting next_dagrun for example_subdag_operator.section-1 to None, run_after=None
[2026-05-13T12:21:42.932+0700] {logging_mixin.py:190} INFO - [2026-05-13T12:21:42.932+0700] {dag.py:4180} INFO - Setting next_dagrun for example_subdag_operator.section-2 to None, run_after=None
[2026-05-13T12:21:42.938+0700] {processor.py:208} INFO - Processing /Users/najma/de_learning/bulan_2/airflow_project/venv_airflow/lib/python3.12/site-packages/airflow/example_dags/example_subdag_operator.py took 0.103 seconds
[2026-05-13T12:23:08.041+0700] {processor.py:186} INFO - Started process (PID=8111) to work on /Users/najma/de_learning/bulan_2/airflow_project/venv_airflow/lib/python3.12/site-packages/airflow/example_dags/example_subdag_operator.py
[2026-05-13T12:23:08.043+0700] {processor.py:914} INFO - Processing file /Users/najma/de_learning/bulan_2/airflow_project/venv_airflow/lib/python3.12/site-packages/airflow/example_dags/example_subdag_operator.py for tasks to queue
[2026-05-13T12:23:08.043+0700] {logging_mixin.py:190} INFO - [2026-05-13T12:23:08.043+0700] {dagbag.py:588} INFO - Filling up the DagBag from /Users/najma/de_learning/bulan_2/airflow_project/venv_airflow/lib/python3.12/site-packages/airflow/example_dags/example_subdag_operator.py
[2026-05-13T12:23:08.097+0700] {processor.py:925} INFO - DAG(s) 'example_subdag_operator.section-1', 'example_subdag_operator.section-2', 'example_subdag_operator' retrieved from /Users/najma/de_learning/bulan_2/airflow_project/venv_airflow/lib/python3.12/site-packages/airflow/example_dags/example_subdag_operator.py
[2026-05-13T12:23:08.105+0700] {logging_mixin.py:190} INFO - [2026-05-13T12:23:08.105+0700] {workday.py:41} WARNING - Could not import pandas. Holidays will not be considered.
[2026-05-13T12:23:08.114+0700] {logging_mixin.py:190} INFO - [2026-05-13T12:23:08.114+0700] {dag.py:3239} INFO - Sync 3 DAGs
[2026-05-13T12:23:08.124+0700] {logging_mixin.py:190} INFO - [2026-05-13T12:23:08.124+0700] {dag.py:4180} INFO - Setting next_dagrun for example_subdag_operator to 2022-01-01 00:00:00+00:00, run_after=2022-01-01 00:00:00+00:00
[2026-05-13T12:23:08.126+0700] {logging_mixin.py:190} INFO - [2026-05-13T12:23:08.126+0700] {dag.py:4180} INFO - Setting next_dagrun for example_subdag_operator.section-1 to None, run_after=None
[2026-05-13T12:23:08.126+0700] {logging_mixin.py:190} INFO - [2026-05-13T12:23:08.126+0700] {dag.py:4180} INFO - Setting next_dagrun for example_subdag_operator.section-2 to None, run_after=None
[2026-05-13T12:23:08.129+0700] {logging_mixin.py:190} INFO - [2026-05-13T12:23:08.129+0700] {dag.py:3239} INFO - Sync 2 DAGs
[2026-05-13T12:23:08.131+0700] {logging_mixin.py:190} INFO - [2026-05-13T12:23:08.131+0700] {dag.py:4180} INFO - Setting next_dagrun for example_subdag_operator.section-1 to None, run_after=None
[2026-05-13T12:23:08.131+0700] {logging_mixin.py:190} INFO - [2026-05-13T12:23:08.131+0700] {dag.py:4180} INFO - Setting next_dagrun for example_subdag_operator.section-2 to None, run_after=None
[2026-05-13T12:23:08.137+0700] {processor.py:208} INFO - Processing /Users/najma/de_learning/bulan_2/airflow_project/venv_airflow/lib/python3.12/site-packages/airflow/example_dags/example_subdag_operator.py took 0.097 seconds
[2026-05-13T12:24:32.641+0700] {processor.py:186} INFO - Started process (PID=8206) to work on /Users/najma/de_learning/bulan_2/airflow_project/venv_airflow/lib/python3.12/site-packages/airflow/example_dags/example_subdag_operator.py
[2026-05-13T12:24:32.642+0700] {processor.py:914} INFO - Processing file /Users/najma/de_learning/bulan_2/airflow_project/venv_airflow/lib/python3.12/site-packages/airflow/example_dags/example_subdag_operator.py for tasks to queue
[2026-05-13T12:24:32.643+0700] {logging_mixin.py:190} INFO - [2026-05-13T12:24:32.643+0700] {dagbag.py:588} INFO - Filling up the DagBag from /Users/najma/de_learning/bulan_2/airflow_project/venv_airflow/lib/python3.12/site-packages/airflow/example_dags/example_subdag_operator.py
[2026-05-13T12:24:32.696+0700] {processor.py:925} INFO - DAG(s) 'example_subdag_operator.section-1', 'example_subdag_operator.section-2', 'example_subdag_operator' retrieved from /Users/najma/de_learning/bulan_2/airflow_project/venv_airflow/lib/python3.12/site-packages/airflow/example_dags/example_subdag_operator.py
[2026-05-13T12:24:32.705+0700] {logging_mixin.py:190} INFO - [2026-05-13T12:24:32.705+0700] {workday.py:41} WARNING - Could not import pandas. Holidays will not be considered.
[2026-05-13T12:24:32.714+0700] {logging_mixin.py:190} INFO - [2026-05-13T12:24:32.714+0700] {dag.py:3239} INFO - Sync 3 DAGs
[2026-05-13T12:24:32.724+0700] {logging_mixin.py:190} INFO - [2026-05-13T12:24:32.724+0700] {dag.py:4180} INFO - Setting next_dagrun for example_subdag_operator to 2022-01-01 00:00:00+00:00, run_after=2022-01-01 00:00:00+00:00
[2026-05-13T12:24:32.726+0700] {logging_mixin.py:190} INFO - [2026-05-13T12:24:32.725+0700] {dag.py:4180} INFO - Setting next_dagrun for example_subdag_operator.section-1 to None, run_after=None
[2026-05-13T12:24:32.726+0700] {logging_mixin.py:190} INFO - [2026-05-13T12:24:32.726+0700] {dag.py:4180} INFO - Setting next_dagrun for example_subdag_operator.section-2 to None, run_after=None
[2026-05-13T12:24:32.729+0700] {logging_mixin.py:190} INFO - [2026-05-13T12:24:32.729+0700] {dag.py:3239} INFO - Sync 2 DAGs
[2026-05-13T12:24:32.731+0700] {logging_mixin.py:190} INFO - [2026-05-13T12:24:32.731+0700] {dag.py:4180} INFO - Setting next_dagrun for example_subdag_operator.section-1 to None, run_after=None
[2026-05-13T12:24:32.731+0700] {logging_mixin.py:190} INFO - [2026-05-13T12:24:32.731+0700] {dag.py:4180} INFO - Setting next_dagrun for example_subdag_operator.section-2 to None, run_after=None
[2026-05-13T12:24:32.737+0700] {processor.py:208} INFO - Processing /Users/najma/de_learning/bulan_2/airflow_project/venv_airflow/lib/python3.12/site-packages/airflow/example_dags/example_subdag_operator.py took 0.097 seconds
