[2026-05-13T12:15:53.196+0700] {processor.py:186} INFO - Started process (PID=7078) to work on /Users/najma/de_learning/bulan_2/airflow_project/venv_airflow/lib/python3.12/site-packages/airflow/example_dags/example_nested_branch_dag.py
[2026-05-13T12:15:53.196+0700] {processor.py:914} INFO - Processing file /Users/najma/de_learning/bulan_2/airflow_project/venv_airflow/lib/python3.12/site-packages/airflow/example_dags/example_nested_branch_dag.py for tasks to queue
[2026-05-13T12:15:53.197+0700] {logging_mixin.py:190} INFO - [2026-05-13T12:15:53.197+0700] {dagbag.py:588} INFO - Filling up the DagBag from /Users/najma/de_learning/bulan_2/airflow_project/venv_airflow/lib/python3.12/site-packages/airflow/example_dags/example_nested_branch_dag.py
[2026-05-13T12:15:53.221+0700] {processor.py:925} INFO - DAG(s) 'example_nested_branch_dag' retrieved from /Users/najma/de_learning/bulan_2/airflow_project/venv_airflow/lib/python3.12/site-packages/airflow/example_dags/example_nested_branch_dag.py
[2026-05-13T12:15:53.320+0700] {logging_mixin.py:190} INFO - [2026-05-13T12:15:53.319+0700] {override.py:1911} INFO - Created Permission View: can read on DAG:example_nested_branch_dag
[2026-05-13T12:15:53.324+0700] {logging_mixin.py:190} INFO - [2026-05-13T12:15:53.324+0700] {override.py:1911} INFO - Created Permission View: can edit on DAG:example_nested_branch_dag
[2026-05-13T12:15:53.327+0700] {logging_mixin.py:190} INFO - [2026-05-13T12:15:53.327+0700] {override.py:1911} INFO - Created Permission View: can delete on DAG:example_nested_branch_dag
[2026-05-13T12:15:53.331+0700] {logging_mixin.py:190} INFO - [2026-05-13T12:15:53.331+0700] {override.py:1911} INFO - Created Permission View: can read on DAG Run:example_nested_branch_dag
[2026-05-13T12:15:53.334+0700] {logging_mixin.py:190} INFO - [2026-05-13T12:15:53.333+0700] {override.py:1911} INFO - Created Permission View: can delete on DAG Run:example_nested_branch_dag
[2026-05-13T12:15:53.336+0700] {logging_mixin.py:190} INFO - [2026-05-13T12:15:53.336+0700] {override.py:1911} INFO - Created Permission View: menu access on DAG Run:example_nested_branch_dag
[2026-05-13T12:15:53.339+0700] {logging_mixin.py:190} INFO - [2026-05-13T12:15:53.339+0700] {override.py:1911} INFO - Created Permission View: can create on DAG Run:example_nested_branch_dag
[2026-05-13T12:15:53.339+0700] {logging_mixin.py:190} INFO - [2026-05-13T12:15:53.339+0700] {dag.py:3239} INFO - Sync 1 DAGs
[2026-05-13T12:15:53.346+0700] {logging_mixin.py:190} INFO - [2026-05-13T12:15:53.346+0700] {dag.py:3262} INFO - Creating ORM DAG for example_nested_branch_dag
[2026-05-13T12:15:53.382+0700] {logging_mixin.py:190} INFO - [2026-05-13T12:15:53.382+0700] {dag.py:4180} INFO - Setting next_dagrun for example_nested_branch_dag to 2026-05-12 00:00:00+00:00, run_after=2026-05-13 00:00:00+00:00
[2026-05-13T12:15:53.391+0700] {processor.py:208} INFO - Processing /Users/najma/de_learning/bulan_2/airflow_project/venv_airflow/lib/python3.12/site-packages/airflow/example_dags/example_nested_branch_dag.py took 0.197 seconds
[2026-05-13T12:17:53.627+0700] {processor.py:186} INFO - Started process (PID=7539) to work on /Users/najma/de_learning/bulan_2/airflow_project/venv_airflow/lib/python3.12/site-packages/airflow/example_dags/example_nested_branch_dag.py
[2026-05-13T12:17:53.628+0700] {processor.py:914} INFO - Processing file /Users/najma/de_learning/bulan_2/airflow_project/venv_airflow/lib/python3.12/site-packages/airflow/example_dags/example_nested_branch_dag.py for tasks to queue
[2026-05-13T12:17:53.629+0700] {logging_mixin.py:190} INFO - [2026-05-13T12:17:53.628+0700] {dagbag.py:588} INFO - Filling up the DagBag from /Users/najma/de_learning/bulan_2/airflow_project/venv_airflow/lib/python3.12/site-packages/airflow/example_dags/example_nested_branch_dag.py
[2026-05-13T12:17:53.653+0700] {processor.py:925} INFO - DAG(s) 'example_nested_branch_dag' retrieved from /Users/najma/de_learning/bulan_2/airflow_project/venv_airflow/lib/python3.12/site-packages/airflow/example_dags/example_nested_branch_dag.py
[2026-05-13T12:17:53.705+0700] {logging_mixin.py:190} INFO - [2026-05-13T12:17:53.704+0700] {dag.py:3239} INFO - Sync 1 DAGs
[2026-05-13T12:17:53.714+0700] {logging_mixin.py:190} INFO - [2026-05-13T12:17:53.714+0700] {dag.py:4180} INFO - Setting next_dagrun for example_nested_branch_dag to 2026-05-12 00:00:00+00:00, run_after=2026-05-13 00:00:00+00:00
[2026-05-13T12:17:53.724+0700] {processor.py:208} INFO - Processing /Users/najma/de_learning/bulan_2/airflow_project/venv_airflow/lib/python3.12/site-packages/airflow/example_dags/example_nested_branch_dag.py took 0.099 seconds
[2026-05-13T12:20:44.639+0700] {processor.py:186} INFO - Started process (PID=7926) to work on /Users/najma/de_learning/bulan_2/airflow_project/venv_airflow/lib/python3.12/site-packages/airflow/example_dags/example_nested_branch_dag.py
[2026-05-13T12:20:44.640+0700] {processor.py:914} INFO - Processing file /Users/najma/de_learning/bulan_2/airflow_project/venv_airflow/lib/python3.12/site-packages/airflow/example_dags/example_nested_branch_dag.py for tasks to queue
[2026-05-13T12:20:44.640+0700] {logging_mixin.py:190} INFO - [2026-05-13T12:20:44.640+0700] {dagbag.py:588} INFO - Filling up the DagBag from /Users/najma/de_learning/bulan_2/airflow_project/venv_airflow/lib/python3.12/site-packages/airflow/example_dags/example_nested_branch_dag.py
[2026-05-13T12:20:44.664+0700] {processor.py:925} INFO - DAG(s) 'example_nested_branch_dag' retrieved from /Users/najma/de_learning/bulan_2/airflow_project/venv_airflow/lib/python3.12/site-packages/airflow/example_dags/example_nested_branch_dag.py
[2026-05-13T12:20:44.715+0700] {logging_mixin.py:190} INFO - [2026-05-13T12:20:44.715+0700] {dag.py:3239} INFO - Sync 1 DAGs
[2026-05-13T12:20:44.725+0700] {logging_mixin.py:190} INFO - [2026-05-13T12:20:44.725+0700] {dag.py:4180} INFO - Setting next_dagrun for example_nested_branch_dag to 2026-05-12 00:00:00+00:00, run_after=2026-05-13 00:00:00+00:00
[2026-05-13T12:20:44.734+0700] {processor.py:208} INFO - Processing /Users/najma/de_learning/bulan_2/airflow_project/venv_airflow/lib/python3.12/site-packages/airflow/example_dags/example_nested_branch_dag.py took 0.097 seconds
[2026-05-13T12:23:36.246+0700] {processor.py:186} INFO - Started process (PID=8141) to work on /Users/najma/de_learning/bulan_2/airflow_project/venv_airflow/lib/python3.12/site-packages/airflow/example_dags/example_nested_branch_dag.py
[2026-05-13T12:23:36.247+0700] {processor.py:914} INFO - Processing file /Users/najma/de_learning/bulan_2/airflow_project/venv_airflow/lib/python3.12/site-packages/airflow/example_dags/example_nested_branch_dag.py for tasks to queue
[2026-05-13T12:23:36.248+0700] {logging_mixin.py:190} INFO - [2026-05-13T12:23:36.248+0700] {dagbag.py:588} INFO - Filling up the DagBag from /Users/najma/de_learning/bulan_2/airflow_project/venv_airflow/lib/python3.12/site-packages/airflow/example_dags/example_nested_branch_dag.py
[2026-05-13T12:23:36.271+0700] {processor.py:925} INFO - DAG(s) 'example_nested_branch_dag' retrieved from /Users/najma/de_learning/bulan_2/airflow_project/venv_airflow/lib/python3.12/site-packages/airflow/example_dags/example_nested_branch_dag.py
[2026-05-13T12:23:36.323+0700] {logging_mixin.py:190} INFO - [2026-05-13T12:23:36.323+0700] {dag.py:3239} INFO - Sync 1 DAGs
[2026-05-13T12:23:36.333+0700] {logging_mixin.py:190} INFO - [2026-05-13T12:23:36.332+0700] {dag.py:4180} INFO - Setting next_dagrun for example_nested_branch_dag to 2026-05-12 00:00:00+00:00, run_after=2026-05-13 00:00:00+00:00
[2026-05-13T12:23:36.342+0700] {processor.py:208} INFO - Processing /Users/najma/de_learning/bulan_2/airflow_project/venv_airflow/lib/python3.12/site-packages/airflow/example_dags/example_nested_branch_dag.py took 0.098 seconds
