[2026-05-13T12:16:36.726+0700] {processor.py:186} INFO - Started process (PID=7447) to work on /Users/najma/de_learning/bulan_2/airflow_project/venv_airflow/lib/python3.12/site-packages/airflow/example_dags/example_branch_day_of_week_operator.py
[2026-05-13T12:16:36.727+0700] {processor.py:914} INFO - Processing file /Users/najma/de_learning/bulan_2/airflow_project/venv_airflow/lib/python3.12/site-packages/airflow/example_dags/example_branch_day_of_week_operator.py for tasks to queue
[2026-05-13T12:16:36.728+0700] {logging_mixin.py:190} INFO - [2026-05-13T12:16:36.728+0700] {dagbag.py:588} INFO - Filling up the DagBag from /Users/najma/de_learning/bulan_2/airflow_project/venv_airflow/lib/python3.12/site-packages/airflow/example_dags/example_branch_day_of_week_operator.py
[2026-05-13T12:16:36.734+0700] {processor.py:925} INFO - DAG(s) 'example_weekday_branch_operator' retrieved from /Users/najma/de_learning/bulan_2/airflow_project/venv_airflow/lib/python3.12/site-packages/airflow/example_dags/example_branch_day_of_week_operator.py
[2026-05-13T12:16:36.835+0700] {logging_mixin.py:190} INFO - [2026-05-13T12:16:36.835+0700] {override.py:1911} INFO - Created Permission View: can delete on DAG:example_weekday_branch_operator
[2026-05-13T12:16:36.840+0700] {logging_mixin.py:190} INFO - [2026-05-13T12:16:36.839+0700] {override.py:1911} INFO - Created Permission View: can read on DAG:example_weekday_branch_operator
[2026-05-13T12:16:36.843+0700] {logging_mixin.py:190} INFO - [2026-05-13T12:16:36.843+0700] {override.py:1911} INFO - Created Permission View: can edit on DAG:example_weekday_branch_operator
[2026-05-13T12:16:36.847+0700] {logging_mixin.py:190} INFO - [2026-05-13T12:16:36.846+0700] {override.py:1911} INFO - Created Permission View: can delete on DAG Run:example_weekday_branch_operator
[2026-05-13T12:16:36.849+0700] {logging_mixin.py:190} INFO - [2026-05-13T12:16:36.849+0700] {override.py:1911} INFO - Created Permission View: menu access on DAG Run:example_weekday_branch_operator
[2026-05-13T12:16:36.852+0700] {logging_mixin.py:190} INFO - [2026-05-13T12:16:36.852+0700] {override.py:1911} INFO - Created Permission View: can read on DAG Run:example_weekday_branch_operator
[2026-05-13T12:16:36.855+0700] {logging_mixin.py:190} INFO - [2026-05-13T12:16:36.855+0700] {override.py:1911} INFO - Created Permission View: can create on DAG Run:example_weekday_branch_operator
[2026-05-13T12:16:36.855+0700] {logging_mixin.py:190} INFO - [2026-05-13T12:16:36.855+0700] {dag.py:3239} INFO - Sync 1 DAGs
[2026-05-13T12:16:36.861+0700] {logging_mixin.py:190} INFO - [2026-05-13T12:16:36.861+0700] {dag.py:3262} INFO - Creating ORM DAG for example_weekday_branch_operator
[2026-05-13T12:16:36.865+0700] {logging_mixin.py:190} INFO - [2026-05-13T12:16:36.865+0700] {dag.py:4180} INFO - Setting next_dagrun for example_weekday_branch_operator to 2026-05-12 00:00:00+00:00, run_after=2026-05-13 00:00:00+00:00
[2026-05-13T12:16:36.873+0700] {processor.py:208} INFO - Processing /Users/najma/de_learning/bulan_2/airflow_project/venv_airflow/lib/python3.12/site-packages/airflow/example_dags/example_branch_day_of_week_operator.py took 0.149 seconds
[2026-05-13T12:19:29.106+0700] {processor.py:186} INFO - Started process (PID=7838) to work on /Users/najma/de_learning/bulan_2/airflow_project/venv_airflow/lib/python3.12/site-packages/airflow/example_dags/example_branch_day_of_week_operator.py
[2026-05-13T12:19:29.107+0700] {processor.py:914} INFO - Processing file /Users/najma/de_learning/bulan_2/airflow_project/venv_airflow/lib/python3.12/site-packages/airflow/example_dags/example_branch_day_of_week_operator.py for tasks to queue
[2026-05-13T12:19:29.108+0700] {logging_mixin.py:190} INFO - [2026-05-13T12:19:29.108+0700] {dagbag.py:588} INFO - Filling up the DagBag from /Users/najma/de_learning/bulan_2/airflow_project/venv_airflow/lib/python3.12/site-packages/airflow/example_dags/example_branch_day_of_week_operator.py
[2026-05-13T12:19:29.115+0700] {processor.py:925} INFO - DAG(s) 'example_weekday_branch_operator' retrieved from /Users/najma/de_learning/bulan_2/airflow_project/venv_airflow/lib/python3.12/site-packages/airflow/example_dags/example_branch_day_of_week_operator.py
[2026-05-13T12:19:29.171+0700] {logging_mixin.py:190} INFO - [2026-05-13T12:19:29.171+0700] {dag.py:3239} INFO - Sync 1 DAGs
[2026-05-13T12:19:29.181+0700] {logging_mixin.py:190} INFO - [2026-05-13T12:19:29.181+0700] {dag.py:4180} INFO - Setting next_dagrun for example_weekday_branch_operator to 2026-05-12 00:00:00+00:00, run_after=2026-05-13 00:00:00+00:00
[2026-05-13T12:19:29.191+0700] {processor.py:208} INFO - Processing /Users/najma/de_learning/bulan_2/airflow_project/venv_airflow/lib/python3.12/site-packages/airflow/example_dags/example_branch_day_of_week_operator.py took 0.087 seconds
[2026-05-13T12:22:19.601+0700] {processor.py:186} INFO - Started process (PID=8044) to work on /Users/najma/de_learning/bulan_2/airflow_project/venv_airflow/lib/python3.12/site-packages/airflow/example_dags/example_branch_day_of_week_operator.py
[2026-05-13T12:22:19.603+0700] {processor.py:914} INFO - Processing file /Users/najma/de_learning/bulan_2/airflow_project/venv_airflow/lib/python3.12/site-packages/airflow/example_dags/example_branch_day_of_week_operator.py for tasks to queue
[2026-05-13T12:22:19.603+0700] {logging_mixin.py:190} INFO - [2026-05-13T12:22:19.603+0700] {dagbag.py:588} INFO - Filling up the DagBag from /Users/najma/de_learning/bulan_2/airflow_project/venv_airflow/lib/python3.12/site-packages/airflow/example_dags/example_branch_day_of_week_operator.py
[2026-05-13T12:22:19.610+0700] {processor.py:925} INFO - DAG(s) 'example_weekday_branch_operator' retrieved from /Users/najma/de_learning/bulan_2/airflow_project/venv_airflow/lib/python3.12/site-packages/airflow/example_dags/example_branch_day_of_week_operator.py
[2026-05-13T12:22:19.662+0700] {logging_mixin.py:190} INFO - [2026-05-13T12:22:19.662+0700] {dag.py:3239} INFO - Sync 1 DAGs
[2026-05-13T12:22:19.673+0700] {logging_mixin.py:190} INFO - [2026-05-13T12:22:19.673+0700] {dag.py:4180} INFO - Setting next_dagrun for example_weekday_branch_operator to 2026-05-12 00:00:00+00:00, run_after=2026-05-13 00:00:00+00:00
[2026-05-13T12:22:19.682+0700] {processor.py:208} INFO - Processing /Users/najma/de_learning/bulan_2/airflow_project/venv_airflow/lib/python3.12/site-packages/airflow/example_dags/example_branch_day_of_week_operator.py took 0.083 seconds
