[2026-05-13T12:16:34.442+0700] {processor.py:186} INFO - Started process (PID=7445) to work on /Users/najma/de_learning/bulan_2/airflow_project/venv_airflow/lib/python3.12/site-packages/airflow/example_dags/example_branch_labels.py
[2026-05-13T12:16:34.443+0700] {processor.py:914} INFO - Processing file /Users/najma/de_learning/bulan_2/airflow_project/venv_airflow/lib/python3.12/site-packages/airflow/example_dags/example_branch_labels.py for tasks to queue
[2026-05-13T12:16:34.443+0700] {logging_mixin.py:190} INFO - [2026-05-13T12:16:34.443+0700] {dagbag.py:588} INFO - Filling up the DagBag from /Users/najma/de_learning/bulan_2/airflow_project/venv_airflow/lib/python3.12/site-packages/airflow/example_dags/example_branch_labels.py
[2026-05-13T12:16:34.449+0700] {processor.py:925} INFO - DAG(s) 'example_branch_labels' retrieved from /Users/najma/de_learning/bulan_2/airflow_project/venv_airflow/lib/python3.12/site-packages/airflow/example_dags/example_branch_labels.py
[2026-05-13T12:16:34.549+0700] {logging_mixin.py:190} INFO - [2026-05-13T12:16:34.549+0700] {override.py:1911} INFO - Created Permission View: can delete on DAG:example_branch_labels
[2026-05-13T12:16:34.554+0700] {logging_mixin.py:190} INFO - [2026-05-13T12:16:34.554+0700] {override.py:1911} INFO - Created Permission View: can read on DAG:example_branch_labels
[2026-05-13T12:16:34.557+0700] {logging_mixin.py:190} INFO - [2026-05-13T12:16:34.557+0700] {override.py:1911} INFO - Created Permission View: can edit on DAG:example_branch_labels
[2026-05-13T12:16:34.561+0700] {logging_mixin.py:190} INFO - [2026-05-13T12:16:34.560+0700] {override.py:1911} INFO - Created Permission View: can create on DAG Run:example_branch_labels
[2026-05-13T12:16:34.563+0700] {logging_mixin.py:190} INFO - [2026-05-13T12:16:34.563+0700] {override.py:1911} INFO - Created Permission View: menu access on DAG Run:example_branch_labels
[2026-05-13T12:16:34.566+0700] {logging_mixin.py:190} INFO - [2026-05-13T12:16:34.566+0700] {override.py:1911} INFO - Created Permission View: can delete on DAG Run:example_branch_labels
[2026-05-13T12:16:34.569+0700] {logging_mixin.py:190} INFO - [2026-05-13T12:16:34.569+0700] {override.py:1911} INFO - Created Permission View: can read on DAG Run:example_branch_labels
[2026-05-13T12:16:34.569+0700] {logging_mixin.py:190} INFO - [2026-05-13T12:16:34.569+0700] {dag.py:3239} INFO - Sync 1 DAGs
[2026-05-13T12:16:34.575+0700] {logging_mixin.py:190} INFO - [2026-05-13T12:16:34.575+0700] {dag.py:3262} INFO - Creating ORM DAG for example_branch_labels
[2026-05-13T12:16:34.580+0700] {logging_mixin.py:190} INFO - [2026-05-13T12:16:34.580+0700] {dag.py:4180} INFO - Setting next_dagrun for example_branch_labels to 2026-05-12 00:00:00+00:00, run_after=2026-05-13 00:00:00+00:00
[2026-05-13T12:16:34.587+0700] {processor.py:208} INFO - Processing /Users/najma/de_learning/bulan_2/airflow_project/venv_airflow/lib/python3.12/site-packages/airflow/example_dags/example_branch_labels.py took 0.147 seconds
[2026-05-13T12:19:27.394+0700] {processor.py:186} INFO - Started process (PID=7835) to work on /Users/najma/de_learning/bulan_2/airflow_project/venv_airflow/lib/python3.12/site-packages/airflow/example_dags/example_branch_labels.py
[2026-05-13T12:19:27.395+0700] {processor.py:914} INFO - Processing file /Users/najma/de_learning/bulan_2/airflow_project/venv_airflow/lib/python3.12/site-packages/airflow/example_dags/example_branch_labels.py for tasks to queue
[2026-05-13T12:19:27.395+0700] {logging_mixin.py:190} INFO - [2026-05-13T12:19:27.395+0700] {dagbag.py:588} INFO - Filling up the DagBag from /Users/najma/de_learning/bulan_2/airflow_project/venv_airflow/lib/python3.12/site-packages/airflow/example_dags/example_branch_labels.py
[2026-05-13T12:19:27.401+0700] {processor.py:925} INFO - DAG(s) 'example_branch_labels' retrieved from /Users/najma/de_learning/bulan_2/airflow_project/venv_airflow/lib/python3.12/site-packages/airflow/example_dags/example_branch_labels.py
[2026-05-13T12:19:27.454+0700] {logging_mixin.py:190} INFO - [2026-05-13T12:19:27.454+0700] {dag.py:3239} INFO - Sync 1 DAGs
[2026-05-13T12:19:27.465+0700] {logging_mixin.py:190} INFO - [2026-05-13T12:19:27.465+0700] {dag.py:4180} INFO - Setting next_dagrun for example_branch_labels to 2026-05-12 00:00:00+00:00, run_after=2026-05-13 00:00:00+00:00
[2026-05-13T12:19:27.474+0700] {processor.py:208} INFO - Processing /Users/najma/de_learning/bulan_2/airflow_project/venv_airflow/lib/python3.12/site-packages/airflow/example_dags/example_branch_labels.py took 0.082 seconds
[2026-05-13T12:22:17.838+0700] {processor.py:186} INFO - Started process (PID=8041) to work on /Users/najma/de_learning/bulan_2/airflow_project/venv_airflow/lib/python3.12/site-packages/airflow/example_dags/example_branch_labels.py
[2026-05-13T12:22:17.840+0700] {processor.py:914} INFO - Processing file /Users/najma/de_learning/bulan_2/airflow_project/venv_airflow/lib/python3.12/site-packages/airflow/example_dags/example_branch_labels.py for tasks to queue
[2026-05-13T12:22:17.840+0700] {logging_mixin.py:190} INFO - [2026-05-13T12:22:17.840+0700] {dagbag.py:588} INFO - Filling up the DagBag from /Users/najma/de_learning/bulan_2/airflow_project/venv_airflow/lib/python3.12/site-packages/airflow/example_dags/example_branch_labels.py
[2026-05-13T12:22:17.846+0700] {processor.py:925} INFO - DAG(s) 'example_branch_labels' retrieved from /Users/najma/de_learning/bulan_2/airflow_project/venv_airflow/lib/python3.12/site-packages/airflow/example_dags/example_branch_labels.py
[2026-05-13T12:22:17.897+0700] {logging_mixin.py:190} INFO - [2026-05-13T12:22:17.897+0700] {dag.py:3239} INFO - Sync 1 DAGs
[2026-05-13T12:22:17.908+0700] {logging_mixin.py:190} INFO - [2026-05-13T12:22:17.907+0700] {dag.py:4180} INFO - Setting next_dagrun for example_branch_labels to 2026-05-12 00:00:00+00:00, run_after=2026-05-13 00:00:00+00:00
[2026-05-13T12:22:17.917+0700] {processor.py:208} INFO - Processing /Users/najma/de_learning/bulan_2/airflow_project/venv_airflow/lib/python3.12/site-packages/airflow/example_dags/example_branch_labels.py took 0.080 seconds
