[2026-05-13T12:16:14.460+0700] {processor.py:186} INFO - Started process (PID=7415) to work on /Users/najma/de_learning/bulan_2/airflow_project/venv_airflow/lib/python3.12/site-packages/airflow/example_dags/example_display_name.py
[2026-05-13T12:16:14.461+0700] {processor.py:914} INFO - Processing file /Users/najma/de_learning/bulan_2/airflow_project/venv_airflow/lib/python3.12/site-packages/airflow/example_dags/example_display_name.py for tasks to queue
[2026-05-13T12:16:14.462+0700] {logging_mixin.py:190} INFO - [2026-05-13T12:16:14.462+0700] {dagbag.py:588} INFO - Filling up the DagBag from /Users/najma/de_learning/bulan_2/airflow_project/venv_airflow/lib/python3.12/site-packages/airflow/example_dags/example_display_name.py
[2026-05-13T12:16:14.488+0700] {processor.py:925} INFO - DAG(s) 'example_display_name' retrieved from /Users/najma/de_learning/bulan_2/airflow_project/venv_airflow/lib/python3.12/site-packages/airflow/example_dags/example_display_name.py
[2026-05-13T12:16:14.587+0700] {logging_mixin.py:190} INFO - [2026-05-13T12:16:14.586+0700] {override.py:1911} INFO - Created Permission View: can read on DAG:example_display_name
[2026-05-13T12:16:14.591+0700] {logging_mixin.py:190} INFO - [2026-05-13T12:16:14.591+0700] {override.py:1911} INFO - Created Permission View: can edit on DAG:example_display_name
[2026-05-13T12:16:14.594+0700] {logging_mixin.py:190} INFO - [2026-05-13T12:16:14.594+0700] {override.py:1911} INFO - Created Permission View: can delete on DAG:example_display_name
[2026-05-13T12:16:14.598+0700] {logging_mixin.py:190} INFO - [2026-05-13T12:16:14.598+0700] {override.py:1911} INFO - Created Permission View: menu access on DAG Run:example_display_name
[2026-05-13T12:16:14.601+0700] {logging_mixin.py:190} INFO - [2026-05-13T12:16:14.601+0700] {override.py:1911} INFO - Created Permission View: can read on DAG Run:example_display_name
[2026-05-13T12:16:14.604+0700] {logging_mixin.py:190} INFO - [2026-05-13T12:16:14.604+0700] {override.py:1911} INFO - Created Permission View: can create on DAG Run:example_display_name
[2026-05-13T12:16:14.606+0700] {logging_mixin.py:190} INFO - [2026-05-13T12:16:14.606+0700] {override.py:1911} INFO - Created Permission View: can delete on DAG Run:example_display_name
[2026-05-13T12:16:14.607+0700] {logging_mixin.py:190} INFO - [2026-05-13T12:16:14.607+0700] {dag.py:3239} INFO - Sync 1 DAGs
[2026-05-13T12:16:14.646+0700] {logging_mixin.py:190} INFO - [2026-05-13T12:16:14.645+0700] {dag.py:3262} INFO - Creating ORM DAG for example_display_name
[2026-05-13T12:16:14.646+0700] {logging_mixin.py:190} INFO - [2026-05-13T12:16:14.646+0700] {dag.py:4180} INFO - Setting next_dagrun for example_display_name to None, run_after=None
[2026-05-13T12:16:14.656+0700] {processor.py:208} INFO - Processing /Users/najma/de_learning/bulan_2/airflow_project/venv_airflow/lib/python3.12/site-packages/airflow/example_dags/example_display_name.py took 0.197 seconds
[2026-05-13T12:19:08.807+0700] {processor.py:186} INFO - Started process (PID=7813) to work on /Users/najma/de_learning/bulan_2/airflow_project/venv_airflow/lib/python3.12/site-packages/airflow/example_dags/example_display_name.py
[2026-05-13T12:19:08.807+0700] {processor.py:914} INFO - Processing file /Users/najma/de_learning/bulan_2/airflow_project/venv_airflow/lib/python3.12/site-packages/airflow/example_dags/example_display_name.py for tasks to queue
[2026-05-13T12:19:08.808+0700] {logging_mixin.py:190} INFO - [2026-05-13T12:19:08.808+0700] {dagbag.py:588} INFO - Filling up the DagBag from /Users/najma/de_learning/bulan_2/airflow_project/venv_airflow/lib/python3.12/site-packages/airflow/example_dags/example_display_name.py
[2026-05-13T12:19:08.830+0700] {processor.py:925} INFO - DAG(s) 'example_display_name' retrieved from /Users/najma/de_learning/bulan_2/airflow_project/venv_airflow/lib/python3.12/site-packages/airflow/example_dags/example_display_name.py
[2026-05-13T12:19:08.880+0700] {logging_mixin.py:190} INFO - [2026-05-13T12:19:08.880+0700] {dag.py:3239} INFO - Sync 1 DAGs
[2026-05-13T12:19:08.886+0700] {logging_mixin.py:190} INFO - [2026-05-13T12:19:08.885+0700] {dag.py:4180} INFO - Setting next_dagrun for example_display_name to None, run_after=None
[2026-05-13T12:19:08.895+0700] {processor.py:208} INFO - Processing /Users/najma/de_learning/bulan_2/airflow_project/venv_airflow/lib/python3.12/site-packages/airflow/example_dags/example_display_name.py took 0.090 seconds
[2026-05-13T12:21:59.803+0700] {processor.py:186} INFO - Started process (PID=8023) to work on /Users/najma/de_learning/bulan_2/airflow_project/venv_airflow/lib/python3.12/site-packages/airflow/example_dags/example_display_name.py
[2026-05-13T12:21:59.804+0700] {processor.py:914} INFO - Processing file /Users/najma/de_learning/bulan_2/airflow_project/venv_airflow/lib/python3.12/site-packages/airflow/example_dags/example_display_name.py for tasks to queue
[2026-05-13T12:21:59.805+0700] {logging_mixin.py:190} INFO - [2026-05-13T12:21:59.805+0700] {dagbag.py:588} INFO - Filling up the DagBag from /Users/najma/de_learning/bulan_2/airflow_project/venv_airflow/lib/python3.12/site-packages/airflow/example_dags/example_display_name.py
[2026-05-13T12:21:59.827+0700] {processor.py:925} INFO - DAG(s) 'example_display_name' retrieved from /Users/najma/de_learning/bulan_2/airflow_project/venv_airflow/lib/python3.12/site-packages/airflow/example_dags/example_display_name.py
[2026-05-13T12:21:59.876+0700] {logging_mixin.py:190} INFO - [2026-05-13T12:21:59.876+0700] {dag.py:3239} INFO - Sync 1 DAGs
[2026-05-13T12:21:59.882+0700] {logging_mixin.py:190} INFO - [2026-05-13T12:21:59.882+0700] {dag.py:4180} INFO - Setting next_dagrun for example_display_name to None, run_after=None
[2026-05-13T12:21:59.891+0700] {processor.py:208} INFO - Processing /Users/najma/de_learning/bulan_2/airflow_project/venv_airflow/lib/python3.12/site-packages/airflow/example_dags/example_display_name.py took 0.090 seconds
[2026-05-13T12:24:51.008+0700] {processor.py:186} INFO - Started process (PID=8228) to work on /Users/najma/de_learning/bulan_2/airflow_project/venv_airflow/lib/python3.12/site-packages/airflow/example_dags/example_display_name.py
[2026-05-13T12:24:51.009+0700] {processor.py:914} INFO - Processing file /Users/najma/de_learning/bulan_2/airflow_project/venv_airflow/lib/python3.12/site-packages/airflow/example_dags/example_display_name.py for tasks to queue
[2026-05-13T12:24:51.010+0700] {logging_mixin.py:190} INFO - [2026-05-13T12:24:51.010+0700] {dagbag.py:588} INFO - Filling up the DagBag from /Users/najma/de_learning/bulan_2/airflow_project/venv_airflow/lib/python3.12/site-packages/airflow/example_dags/example_display_name.py
[2026-05-13T12:24:51.031+0700] {processor.py:925} INFO - DAG(s) 'example_display_name' retrieved from /Users/najma/de_learning/bulan_2/airflow_project/venv_airflow/lib/python3.12/site-packages/airflow/example_dags/example_display_name.py
[2026-05-13T12:24:51.081+0700] {logging_mixin.py:190} INFO - [2026-05-13T12:24:51.081+0700] {dag.py:3239} INFO - Sync 1 DAGs
[2026-05-13T12:24:51.086+0700] {logging_mixin.py:190} INFO - [2026-05-13T12:24:51.086+0700] {dag.py:4180} INFO - Setting next_dagrun for example_display_name to None, run_after=None
[2026-05-13T12:24:51.096+0700] {processor.py:208} INFO - Processing /Users/najma/de_learning/bulan_2/airflow_project/venv_airflow/lib/python3.12/site-packages/airflow/example_dags/example_display_name.py took 0.089 seconds
