[2026-05-13T12:15:13.971+0700] {processor.py:186} INFO - Started process (PID=6594) to work on /Users/najma/de_learning/bulan_2/airflow_project/venv_airflow/lib/python3.12/site-packages/airflow/example_dags/example_task_group_decorator.py
[2026-05-13T12:15:13.972+0700] {processor.py:914} INFO - Processing file /Users/najma/de_learning/bulan_2/airflow_project/venv_airflow/lib/python3.12/site-packages/airflow/example_dags/example_task_group_decorator.py for tasks to queue
[2026-05-13T12:15:13.972+0700] {logging_mixin.py:190} INFO - [2026-05-13T12:15:13.972+0700] {dagbag.py:588} INFO - Filling up the DagBag from /Users/najma/de_learning/bulan_2/airflow_project/venv_airflow/lib/python3.12/site-packages/airflow/example_dags/example_task_group_decorator.py
[2026-05-13T12:15:13.999+0700] {processor.py:925} INFO - DAG(s) 'example_task_group_decorator' retrieved from /Users/najma/de_learning/bulan_2/airflow_project/venv_airflow/lib/python3.12/site-packages/airflow/example_dags/example_task_group_decorator.py
[2026-05-13T12:15:14.099+0700] {logging_mixin.py:190} INFO - [2026-05-13T12:15:14.098+0700] {override.py:1911} INFO - Created Permission View: can delete on DAG:example_task_group_decorator
[2026-05-13T12:15:14.103+0700] {logging_mixin.py:190} INFO - [2026-05-13T12:15:14.103+0700] {override.py:1911} INFO - Created Permission View: can read on DAG:example_task_group_decorator
[2026-05-13T12:15:14.106+0700] {logging_mixin.py:190} INFO - [2026-05-13T12:15:14.106+0700] {override.py:1911} INFO - Created Permission View: can edit on DAG:example_task_group_decorator
[2026-05-13T12:15:14.111+0700] {logging_mixin.py:190} INFO - [2026-05-13T12:15:14.110+0700] {override.py:1911} INFO - Created Permission View: can delete on DAG Run:example_task_group_decorator
[2026-05-13T12:15:14.114+0700] {logging_mixin.py:190} INFO - [2026-05-13T12:15:14.113+0700] {override.py:1911} INFO - Created Permission View: can create on DAG Run:example_task_group_decorator
[2026-05-13T12:15:14.116+0700] {logging_mixin.py:190} INFO - [2026-05-13T12:15:14.116+0700] {override.py:1911} INFO - Created Permission View: menu access on DAG Run:example_task_group_decorator
[2026-05-13T12:15:14.119+0700] {logging_mixin.py:190} INFO - [2026-05-13T12:15:14.119+0700] {override.py:1911} INFO - Created Permission View: can read on DAG Run:example_task_group_decorator
[2026-05-13T12:15:14.119+0700] {logging_mixin.py:190} INFO - [2026-05-13T12:15:14.119+0700] {dag.py:3239} INFO - Sync 1 DAGs
[2026-05-13T12:15:14.160+0700] {logging_mixin.py:190} INFO - [2026-05-13T12:15:14.160+0700] {dag.py:3262} INFO - Creating ORM DAG for example_task_group_decorator
[2026-05-13T12:15:14.160+0700] {logging_mixin.py:190} INFO - [2026-05-13T12:15:14.160+0700] {dag.py:4180} INFO - Setting next_dagrun for example_task_group_decorator to None, run_after=None
[2026-05-13T12:15:14.170+0700] {processor.py:208} INFO - Processing /Users/najma/de_learning/bulan_2/airflow_project/venv_airflow/lib/python3.12/site-packages/airflow/example_dags/example_task_group_decorator.py took 0.201 seconds
[2026-05-13T12:17:18.994+0700] {processor.py:186} INFO - Started process (PID=7502) to work on /Users/najma/de_learning/bulan_2/airflow_project/venv_airflow/lib/python3.12/site-packages/airflow/example_dags/example_task_group_decorator.py
[2026-05-13T12:17:18.995+0700] {processor.py:914} INFO - Processing file /Users/najma/de_learning/bulan_2/airflow_project/venv_airflow/lib/python3.12/site-packages/airflow/example_dags/example_task_group_decorator.py for tasks to queue
[2026-05-13T12:17:18.996+0700] {logging_mixin.py:190} INFO - [2026-05-13T12:17:18.996+0700] {dagbag.py:588} INFO - Filling up the DagBag from /Users/najma/de_learning/bulan_2/airflow_project/venv_airflow/lib/python3.12/site-packages/airflow/example_dags/example_task_group_decorator.py
[2026-05-13T12:17:19.022+0700] {processor.py:925} INFO - DAG(s) 'example_task_group_decorator' retrieved from /Users/najma/de_learning/bulan_2/airflow_project/venv_airflow/lib/python3.12/site-packages/airflow/example_dags/example_task_group_decorator.py
[2026-05-13T12:17:19.077+0700] {logging_mixin.py:190} INFO - [2026-05-13T12:17:19.077+0700] {dag.py:3239} INFO - Sync 1 DAGs
[2026-05-13T12:17:19.082+0700] {logging_mixin.py:190} INFO - [2026-05-13T12:17:19.082+0700] {dag.py:4180} INFO - Setting next_dagrun for example_task_group_decorator to None, run_after=None
[2026-05-13T12:17:19.092+0700] {processor.py:208} INFO - Processing /Users/najma/de_learning/bulan_2/airflow_project/venv_airflow/lib/python3.12/site-packages/airflow/example_dags/example_task_group_decorator.py took 0.099 seconds
[2026-05-13T12:18:45.783+0700] {processor.py:186} INFO - Started process (PID=7596) to work on /Users/najma/de_learning/bulan_2/airflow_project/venv_airflow/lib/python3.12/site-packages/airflow/example_dags/example_task_group_decorator.py
[2026-05-13T12:18:45.784+0700] {processor.py:914} INFO - Processing file /Users/najma/de_learning/bulan_2/airflow_project/venv_airflow/lib/python3.12/site-packages/airflow/example_dags/example_task_group_decorator.py for tasks to queue
[2026-05-13T12:18:45.785+0700] {logging_mixin.py:190} INFO - [2026-05-13T12:18:45.785+0700] {dagbag.py:588} INFO - Filling up the DagBag from /Users/najma/de_learning/bulan_2/airflow_project/venv_airflow/lib/python3.12/site-packages/airflow/example_dags/example_task_group_decorator.py
[2026-05-13T12:18:45.810+0700] {processor.py:925} INFO - DAG(s) 'example_task_group_decorator' retrieved from /Users/najma/de_learning/bulan_2/airflow_project/venv_airflow/lib/python3.12/site-packages/airflow/example_dags/example_task_group_decorator.py
[2026-05-13T12:18:45.864+0700] {logging_mixin.py:190} INFO - [2026-05-13T12:18:45.864+0700] {dag.py:3239} INFO - Sync 1 DAGs
[2026-05-13T12:18:45.870+0700] {logging_mixin.py:190} INFO - [2026-05-13T12:18:45.870+0700] {dag.py:4180} INFO - Setting next_dagrun for example_task_group_decorator to None, run_after=None
[2026-05-13T12:18:45.879+0700] {processor.py:208} INFO - Processing /Users/najma/de_learning/bulan_2/airflow_project/venv_airflow/lib/python3.12/site-packages/airflow/example_dags/example_task_group_decorator.py took 0.099 seconds
[2026-05-13T12:20:14.099+0700] {processor.py:186} INFO - Started process (PID=7890) to work on /Users/najma/de_learning/bulan_2/airflow_project/venv_airflow/lib/python3.12/site-packages/airflow/example_dags/example_task_group_decorator.py
[2026-05-13T12:20:14.101+0700] {processor.py:914} INFO - Processing file /Users/najma/de_learning/bulan_2/airflow_project/venv_airflow/lib/python3.12/site-packages/airflow/example_dags/example_task_group_decorator.py for tasks to queue
[2026-05-13T12:20:14.101+0700] {logging_mixin.py:190} INFO - [2026-05-13T12:20:14.101+0700] {dagbag.py:588} INFO - Filling up the DagBag from /Users/najma/de_learning/bulan_2/airflow_project/venv_airflow/lib/python3.12/site-packages/airflow/example_dags/example_task_group_decorator.py
[2026-05-13T12:20:14.127+0700] {processor.py:925} INFO - DAG(s) 'example_task_group_decorator' retrieved from /Users/najma/de_learning/bulan_2/airflow_project/venv_airflow/lib/python3.12/site-packages/airflow/example_dags/example_task_group_decorator.py
[2026-05-13T12:20:14.183+0700] {logging_mixin.py:190} INFO - [2026-05-13T12:20:14.183+0700] {dag.py:3239} INFO - Sync 1 DAGs
[2026-05-13T12:20:14.189+0700] {logging_mixin.py:190} INFO - [2026-05-13T12:20:14.189+0700] {dag.py:4180} INFO - Setting next_dagrun for example_task_group_decorator to None, run_after=None
[2026-05-13T12:20:14.199+0700] {processor.py:208} INFO - Processing /Users/najma/de_learning/bulan_2/airflow_project/venv_airflow/lib/python3.12/site-packages/airflow/example_dags/example_task_group_decorator.py took 0.102 seconds
[2026-05-13T12:21:38.861+0700] {processor.py:186} INFO - Started process (PID=7997) to work on /Users/najma/de_learning/bulan_2/airflow_project/venv_airflow/lib/python3.12/site-packages/airflow/example_dags/example_task_group_decorator.py
[2026-05-13T12:21:38.864+0700] {processor.py:914} INFO - Processing file /Users/najma/de_learning/bulan_2/airflow_project/venv_airflow/lib/python3.12/site-packages/airflow/example_dags/example_task_group_decorator.py for tasks to queue
[2026-05-13T12:21:38.864+0700] {logging_mixin.py:190} INFO - [2026-05-13T12:21:38.864+0700] {dagbag.py:588} INFO - Filling up the DagBag from /Users/najma/de_learning/bulan_2/airflow_project/venv_airflow/lib/python3.12/site-packages/airflow/example_dags/example_task_group_decorator.py
[2026-05-13T12:21:38.897+0700] {processor.py:925} INFO - DAG(s) 'example_task_group_decorator' retrieved from /Users/najma/de_learning/bulan_2/airflow_project/venv_airflow/lib/python3.12/site-packages/airflow/example_dags/example_task_group_decorator.py
[2026-05-13T12:21:38.952+0700] {logging_mixin.py:190} INFO - [2026-05-13T12:21:38.952+0700] {dag.py:3239} INFO - Sync 1 DAGs
[2026-05-13T12:21:38.957+0700] {logging_mixin.py:190} INFO - [2026-05-13T12:21:38.957+0700] {dag.py:4180} INFO - Setting next_dagrun for example_task_group_decorator to None, run_after=None
[2026-05-13T12:21:38.967+0700] {processor.py:208} INFO - Processing /Users/najma/de_learning/bulan_2/airflow_project/venv_airflow/lib/python3.12/site-packages/airflow/example_dags/example_task_group_decorator.py took 0.107 seconds
[2026-05-13T12:23:04.041+0700] {processor.py:186} INFO - Started process (PID=8107) to work on /Users/najma/de_learning/bulan_2/airflow_project/venv_airflow/lib/python3.12/site-packages/airflow/example_dags/example_task_group_decorator.py
[2026-05-13T12:23:04.042+0700] {processor.py:914} INFO - Processing file /Users/najma/de_learning/bulan_2/airflow_project/venv_airflow/lib/python3.12/site-packages/airflow/example_dags/example_task_group_decorator.py for tasks to queue
[2026-05-13T12:23:04.043+0700] {logging_mixin.py:190} INFO - [2026-05-13T12:23:04.043+0700] {dagbag.py:588} INFO - Filling up the DagBag from /Users/najma/de_learning/bulan_2/airflow_project/venv_airflow/lib/python3.12/site-packages/airflow/example_dags/example_task_group_decorator.py
[2026-05-13T12:23:04.068+0700] {processor.py:925} INFO - DAG(s) 'example_task_group_decorator' retrieved from /Users/najma/de_learning/bulan_2/airflow_project/venv_airflow/lib/python3.12/site-packages/airflow/example_dags/example_task_group_decorator.py
[2026-05-13T12:23:04.122+0700] {logging_mixin.py:190} INFO - [2026-05-13T12:23:04.122+0700] {dag.py:3239} INFO - Sync 1 DAGs
[2026-05-13T12:23:04.127+0700] {logging_mixin.py:190} INFO - [2026-05-13T12:23:04.127+0700] {dag.py:4180} INFO - Setting next_dagrun for example_task_group_decorator to None, run_after=None
[2026-05-13T12:23:04.137+0700] {processor.py:208} INFO - Processing /Users/najma/de_learning/bulan_2/airflow_project/venv_airflow/lib/python3.12/site-packages/airflow/example_dags/example_task_group_decorator.py took 0.098 seconds
[2026-05-13T12:24:29.262+0700] {processor.py:186} INFO - Started process (PID=8202) to work on /Users/najma/de_learning/bulan_2/airflow_project/venv_airflow/lib/python3.12/site-packages/airflow/example_dags/example_task_group_decorator.py
[2026-05-13T12:24:29.263+0700] {processor.py:914} INFO - Processing file /Users/najma/de_learning/bulan_2/airflow_project/venv_airflow/lib/python3.12/site-packages/airflow/example_dags/example_task_group_decorator.py for tasks to queue
[2026-05-13T12:24:29.263+0700] {logging_mixin.py:190} INFO - [2026-05-13T12:24:29.263+0700] {dagbag.py:588} INFO - Filling up the DagBag from /Users/najma/de_learning/bulan_2/airflow_project/venv_airflow/lib/python3.12/site-packages/airflow/example_dags/example_task_group_decorator.py
[2026-05-13T12:24:29.289+0700] {processor.py:925} INFO - DAG(s) 'example_task_group_decorator' retrieved from /Users/najma/de_learning/bulan_2/airflow_project/venv_airflow/lib/python3.12/site-packages/airflow/example_dags/example_task_group_decorator.py
[2026-05-13T12:24:29.342+0700] {logging_mixin.py:190} INFO - [2026-05-13T12:24:29.342+0700] {dag.py:3239} INFO - Sync 1 DAGs
[2026-05-13T12:24:29.348+0700] {logging_mixin.py:190} INFO - [2026-05-13T12:24:29.348+0700] {dag.py:4180} INFO - Setting next_dagrun for example_task_group_decorator to None, run_after=None
[2026-05-13T12:24:29.357+0700] {processor.py:208} INFO - Processing /Users/najma/de_learning/bulan_2/airflow_project/venv_airflow/lib/python3.12/site-packages/airflow/example_dags/example_task_group_decorator.py took 0.098 seconds
