[2026-05-13T12:15:58.200+0700] {processor.py:186} INFO - Started process (PID=7083) to work on /Users/najma/de_learning/bulan_2/airflow_project/venv_airflow/lib/python3.12/site-packages/airflow/example_dags/example_latest_only_with_trigger.py
[2026-05-13T12:15:58.201+0700] {processor.py:914} INFO - Processing file /Users/najma/de_learning/bulan_2/airflow_project/venv_airflow/lib/python3.12/site-packages/airflow/example_dags/example_latest_only_with_trigger.py for tasks to queue
[2026-05-13T12:15:58.202+0700] {logging_mixin.py:190} INFO - [2026-05-13T12:15:58.202+0700] {dagbag.py:588} INFO - Filling up the DagBag from /Users/najma/de_learning/bulan_2/airflow_project/venv_airflow/lib/python3.12/site-packages/airflow/example_dags/example_latest_only_with_trigger.py
[2026-05-13T12:15:58.213+0700] {processor.py:925} INFO - DAG(s) 'latest_only_with_trigger' retrieved from /Users/najma/de_learning/bulan_2/airflow_project/venv_airflow/lib/python3.12/site-packages/airflow/example_dags/example_latest_only_with_trigger.py
[2026-05-13T12:15:58.644+0700] {logging_mixin.py:190} INFO - [2026-05-13T12:15:58.643+0700] {override.py:1911} INFO - Created Permission View: can edit on DAG:latest_only_with_trigger
[2026-05-13T12:15:58.653+0700] {logging_mixin.py:190} INFO - [2026-05-13T12:15:58.653+0700] {override.py:1911} INFO - Created Permission View: can delete on DAG:latest_only_with_trigger
[2026-05-13T12:15:58.659+0700] {logging_mixin.py:190} INFO - [2026-05-13T12:15:58.658+0700] {override.py:1911} INFO - Created Permission View: can read on DAG:latest_only_with_trigger
[2026-05-13T12:15:58.670+0700] {logging_mixin.py:190} INFO - [2026-05-13T12:15:58.669+0700] {override.py:1911} INFO - Created Permission View: menu access on DAG Run:latest_only_with_trigger
[2026-05-13T12:15:58.677+0700] {logging_mixin.py:190} INFO - [2026-05-13T12:15:58.677+0700] {override.py:1911} INFO - Created Permission View: can delete on DAG Run:latest_only_with_trigger
[2026-05-13T12:15:58.684+0700] {logging_mixin.py:190} INFO - [2026-05-13T12:15:58.684+0700] {override.py:1911} INFO - Created Permission View: can create on DAG Run:latest_only_with_trigger
[2026-05-13T12:15:58.691+0700] {logging_mixin.py:190} INFO - [2026-05-13T12:15:58.691+0700] {override.py:1911} INFO - Created Permission View: can read on DAG Run:latest_only_with_trigger
[2026-05-13T12:15:58.692+0700] {logging_mixin.py:190} INFO - [2026-05-13T12:15:58.691+0700] {dag.py:3239} INFO - Sync 1 DAGs
[2026-05-13T12:15:58.706+0700] {logging_mixin.py:190} INFO - [2026-05-13T12:15:58.706+0700] {dag.py:3262} INFO - Creating ORM DAG for latest_only_with_trigger
[2026-05-13T12:15:58.716+0700] {logging_mixin.py:190} INFO - [2026-05-13T12:15:58.716+0700] {dag.py:4180} INFO - Setting next_dagrun for latest_only_with_trigger to 2026-05-13 00:00:00+00:00, run_after=2026-05-13 04:00:00+00:00
[2026-05-13T12:15:58.732+0700] {processor.py:208} INFO - Processing /Users/najma/de_learning/bulan_2/airflow_project/venv_airflow/lib/python3.12/site-packages/airflow/example_dags/example_latest_only_with_trigger.py took 0.536 seconds
[2026-05-13T12:17:57.583+0700] {processor.py:186} INFO - Started process (PID=7543) to work on /Users/najma/de_learning/bulan_2/airflow_project/venv_airflow/lib/python3.12/site-packages/airflow/example_dags/example_latest_only_with_trigger.py
[2026-05-13T12:17:57.585+0700] {processor.py:914} INFO - Processing file /Users/najma/de_learning/bulan_2/airflow_project/venv_airflow/lib/python3.12/site-packages/airflow/example_dags/example_latest_only_with_trigger.py for tasks to queue
[2026-05-13T12:17:57.585+0700] {logging_mixin.py:190} INFO - [2026-05-13T12:17:57.585+0700] {dagbag.py:588} INFO - Filling up the DagBag from /Users/najma/de_learning/bulan_2/airflow_project/venv_airflow/lib/python3.12/site-packages/airflow/example_dags/example_latest_only_with_trigger.py
[2026-05-13T12:17:57.590+0700] {processor.py:925} INFO - DAG(s) 'latest_only_with_trigger' retrieved from /Users/najma/de_learning/bulan_2/airflow_project/venv_airflow/lib/python3.12/site-packages/airflow/example_dags/example_latest_only_with_trigger.py
[2026-05-13T12:17:57.642+0700] {logging_mixin.py:190} INFO - [2026-05-13T12:17:57.642+0700] {dag.py:3239} INFO - Sync 1 DAGs
[2026-05-13T12:17:57.653+0700] {logging_mixin.py:190} INFO - [2026-05-13T12:17:57.653+0700] {dag.py:4180} INFO - Setting next_dagrun for latest_only_with_trigger to 2026-05-13 00:00:00+00:00, run_after=2026-05-13 04:00:00+00:00
[2026-05-13T12:17:57.662+0700] {processor.py:208} INFO - Processing /Users/najma/de_learning/bulan_2/airflow_project/venv_airflow/lib/python3.12/site-packages/airflow/example_dags/example_latest_only_with_trigger.py took 0.081 seconds
[2026-05-13T12:20:48.249+0700] {processor.py:186} INFO - Started process (PID=7932) to work on /Users/najma/de_learning/bulan_2/airflow_project/venv_airflow/lib/python3.12/site-packages/airflow/example_dags/example_latest_only_with_trigger.py
[2026-05-13T12:20:48.250+0700] {processor.py:914} INFO - Processing file /Users/najma/de_learning/bulan_2/airflow_project/venv_airflow/lib/python3.12/site-packages/airflow/example_dags/example_latest_only_with_trigger.py for tasks to queue
[2026-05-13T12:20:48.251+0700] {logging_mixin.py:190} INFO - [2026-05-13T12:20:48.251+0700] {dagbag.py:588} INFO - Filling up the DagBag from /Users/najma/de_learning/bulan_2/airflow_project/venv_airflow/lib/python3.12/site-packages/airflow/example_dags/example_latest_only_with_trigger.py
[2026-05-13T12:20:48.256+0700] {processor.py:925} INFO - DAG(s) 'latest_only_with_trigger' retrieved from /Users/najma/de_learning/bulan_2/airflow_project/venv_airflow/lib/python3.12/site-packages/airflow/example_dags/example_latest_only_with_trigger.py
[2026-05-13T12:20:48.311+0700] {logging_mixin.py:190} INFO - [2026-05-13T12:20:48.311+0700] {dag.py:3239} INFO - Sync 1 DAGs
[2026-05-13T12:20:48.322+0700] {logging_mixin.py:190} INFO - [2026-05-13T12:20:48.322+0700] {dag.py:4180} INFO - Setting next_dagrun for latest_only_with_trigger to 2026-05-13 00:00:00+00:00, run_after=2026-05-13 04:00:00+00:00
[2026-05-13T12:20:48.332+0700] {processor.py:208} INFO - Processing /Users/najma/de_learning/bulan_2/airflow_project/venv_airflow/lib/python3.12/site-packages/airflow/example_dags/example_latest_only_with_trigger.py took 0.085 seconds
[2026-05-13T12:23:40.126+0700] {processor.py:186} INFO - Started process (PID=8146) to work on /Users/najma/de_learning/bulan_2/airflow_project/venv_airflow/lib/python3.12/site-packages/airflow/example_dags/example_latest_only_with_trigger.py
[2026-05-13T12:23:40.127+0700] {processor.py:914} INFO - Processing file /Users/najma/de_learning/bulan_2/airflow_project/venv_airflow/lib/python3.12/site-packages/airflow/example_dags/example_latest_only_with_trigger.py for tasks to queue
[2026-05-13T12:23:40.127+0700] {logging_mixin.py:190} INFO - [2026-05-13T12:23:40.127+0700] {dagbag.py:588} INFO - Filling up the DagBag from /Users/najma/de_learning/bulan_2/airflow_project/venv_airflow/lib/python3.12/site-packages/airflow/example_dags/example_latest_only_with_trigger.py
[2026-05-13T12:23:40.132+0700] {processor.py:925} INFO - DAG(s) 'latest_only_with_trigger' retrieved from /Users/najma/de_learning/bulan_2/airflow_project/venv_airflow/lib/python3.12/site-packages/airflow/example_dags/example_latest_only_with_trigger.py
[2026-05-13T12:23:40.184+0700] {logging_mixin.py:190} INFO - [2026-05-13T12:23:40.184+0700] {dag.py:3239} INFO - Sync 1 DAGs
[2026-05-13T12:23:40.195+0700] {logging_mixin.py:190} INFO - [2026-05-13T12:23:40.195+0700] {dag.py:4180} INFO - Setting next_dagrun for latest_only_with_trigger to 2026-05-13 00:00:00+00:00, run_after=2026-05-13 04:00:00+00:00
[2026-05-13T12:23:40.204+0700] {processor.py:208} INFO - Processing /Users/najma/de_learning/bulan_2/airflow_project/venv_airflow/lib/python3.12/site-packages/airflow/example_dags/example_latest_only_with_trigger.py took 0.081 seconds
