[2026-05-13T12:15:05.959+0700] {processor.py:186} INFO - Started process (PID=6586) to work on /Users/najma/de_learning/bulan_2/airflow_project/venv_airflow/lib/python3.12/site-packages/airflow/example_dags/example_workday_timetable.py
[2026-05-13T12:15:05.960+0700] {processor.py:914} INFO - Processing file /Users/najma/de_learning/bulan_2/airflow_project/venv_airflow/lib/python3.12/site-packages/airflow/example_dags/example_workday_timetable.py for tasks to queue
[2026-05-13T12:15:05.961+0700] {logging_mixin.py:190} INFO - [2026-05-13T12:15:05.961+0700] {dagbag.py:588} INFO - Filling up the DagBag from /Users/najma/de_learning/bulan_2/airflow_project/venv_airflow/lib/python3.12/site-packages/airflow/example_dags/example_workday_timetable.py
[2026-05-13T12:15:05.963+0700] {logging_mixin.py:190} INFO - [2026-05-13T12:15:05.962+0700] {workday.py:41} WARNING - Could not import pandas. Holidays will not be considered.
[2026-05-13T12:15:05.966+0700] {processor.py:925} INFO - DAG(s) 'example_workday_timetable' retrieved from /Users/najma/de_learning/bulan_2/airflow_project/venv_airflow/lib/python3.12/site-packages/airflow/example_dags/example_workday_timetable.py
[2026-05-13T12:15:06.017+0700] {logging_mixin.py:190} INFO - [2026-05-13T12:15:06.017+0700] {workday.py:41} WARNING - Could not import pandas. Holidays will not be considered.
[2026-05-13T12:15:06.080+0700] {logging_mixin.py:190} INFO - [2026-05-13T12:15:06.080+0700] {override.py:1911} INFO - Created Permission View: can delete on DAG:example_workday_timetable
[2026-05-13T12:15:06.085+0700] {logging_mixin.py:190} INFO - [2026-05-13T12:15:06.085+0700] {override.py:1911} INFO - Created Permission View: can edit on DAG:example_workday_timetable
[2026-05-13T12:15:06.088+0700] {logging_mixin.py:190} INFO - [2026-05-13T12:15:06.088+0700] {override.py:1911} INFO - Created Permission View: can read on DAG:example_workday_timetable
[2026-05-13T12:15:06.091+0700] {logging_mixin.py:190} INFO - [2026-05-13T12:15:06.091+0700] {override.py:1911} INFO - Created Permission View: can delete on DAG Run:example_workday_timetable
[2026-05-13T12:15:06.094+0700] {logging_mixin.py:190} INFO - [2026-05-13T12:15:06.094+0700] {override.py:1911} INFO - Created Permission View: can create on DAG Run:example_workday_timetable
[2026-05-13T12:15:06.097+0700] {logging_mixin.py:190} INFO - [2026-05-13T12:15:06.097+0700] {override.py:1911} INFO - Created Permission View: menu access on DAG Run:example_workday_timetable
[2026-05-13T12:15:06.100+0700] {logging_mixin.py:190} INFO - [2026-05-13T12:15:06.100+0700] {override.py:1911} INFO - Created Permission View: can read on DAG Run:example_workday_timetable
[2026-05-13T12:15:06.100+0700] {logging_mixin.py:190} INFO - [2026-05-13T12:15:06.100+0700] {dag.py:3239} INFO - Sync 1 DAGs
[2026-05-13T12:15:06.107+0700] {logging_mixin.py:190} INFO - [2026-05-13T12:15:06.107+0700] {dag.py:3262} INFO - Creating ORM DAG for example_workday_timetable
[2026-05-13T12:15:06.111+0700] {logging_mixin.py:190} INFO - [2026-05-13T12:15:06.111+0700] {dag.py:4180} INFO - Setting next_dagrun for example_workday_timetable to 2021-01-01 00:00:00+00:00, run_after=2021-01-02 00:00:00+00:00
[2026-05-13T12:15:06.120+0700] {processor.py:208} INFO - Processing /Users/najma/de_learning/bulan_2/airflow_project/venv_airflow/lib/python3.12/site-packages/airflow/example_dags/example_workday_timetable.py took 0.162 seconds
[2026-05-13T12:17:10.686+0700] {processor.py:186} INFO - Started process (PID=7491) to work on /Users/najma/de_learning/bulan_2/airflow_project/venv_airflow/lib/python3.12/site-packages/airflow/example_dags/example_workday_timetable.py
[2026-05-13T12:17:10.687+0700] {processor.py:914} INFO - Processing file /Users/najma/de_learning/bulan_2/airflow_project/venv_airflow/lib/python3.12/site-packages/airflow/example_dags/example_workday_timetable.py for tasks to queue
[2026-05-13T12:17:10.688+0700] {logging_mixin.py:190} INFO - [2026-05-13T12:17:10.688+0700] {dagbag.py:588} INFO - Filling up the DagBag from /Users/najma/de_learning/bulan_2/airflow_project/venv_airflow/lib/python3.12/site-packages/airflow/example_dags/example_workday_timetable.py
[2026-05-13T12:17:10.690+0700] {logging_mixin.py:190} INFO - [2026-05-13T12:17:10.690+0700] {workday.py:41} WARNING - Could not import pandas. Holidays will not be considered.
[2026-05-13T12:17:10.693+0700] {processor.py:925} INFO - DAG(s) 'example_workday_timetable' retrieved from /Users/najma/de_learning/bulan_2/airflow_project/venv_airflow/lib/python3.12/site-packages/airflow/example_dags/example_workday_timetable.py
[2026-05-13T12:17:10.741+0700] {logging_mixin.py:190} INFO - [2026-05-13T12:17:10.741+0700] {workday.py:41} WARNING - Could not import pandas. Holidays will not be considered.
[2026-05-13T12:17:10.752+0700] {logging_mixin.py:190} INFO - [2026-05-13T12:17:10.752+0700] {dag.py:3239} INFO - Sync 1 DAGs
[2026-05-13T12:17:10.762+0700] {logging_mixin.py:190} INFO - [2026-05-13T12:17:10.762+0700] {dag.py:4180} INFO - Setting next_dagrun for example_workday_timetable to 2021-01-01 00:00:00+00:00, run_after=2021-01-02 00:00:00+00:00
[2026-05-13T12:17:10.772+0700] {processor.py:208} INFO - Processing /Users/najma/de_learning/bulan_2/airflow_project/venv_airflow/lib/python3.12/site-packages/airflow/example_dags/example_workday_timetable.py took 0.087 seconds
[2026-05-13T12:18:37.950+0700] {processor.py:186} INFO - Started process (PID=7587) to work on /Users/najma/de_learning/bulan_2/airflow_project/venv_airflow/lib/python3.12/site-packages/airflow/example_dags/example_workday_timetable.py
[2026-05-13T12:18:37.951+0700] {processor.py:914} INFO - Processing file /Users/najma/de_learning/bulan_2/airflow_project/venv_airflow/lib/python3.12/site-packages/airflow/example_dags/example_workday_timetable.py for tasks to queue
[2026-05-13T12:18:37.951+0700] {logging_mixin.py:190} INFO - [2026-05-13T12:18:37.951+0700] {dagbag.py:588} INFO - Filling up the DagBag from /Users/najma/de_learning/bulan_2/airflow_project/venv_airflow/lib/python3.12/site-packages/airflow/example_dags/example_workday_timetable.py
[2026-05-13T12:18:37.953+0700] {logging_mixin.py:190} INFO - [2026-05-13T12:18:37.953+0700] {workday.py:41} WARNING - Could not import pandas. Holidays will not be considered.
[2026-05-13T12:18:37.956+0700] {processor.py:925} INFO - DAG(s) 'example_workday_timetable' retrieved from /Users/najma/de_learning/bulan_2/airflow_project/venv_airflow/lib/python3.12/site-packages/airflow/example_dags/example_workday_timetable.py
[2026-05-13T12:18:38.004+0700] {logging_mixin.py:190} INFO - [2026-05-13T12:18:38.004+0700] {workday.py:41} WARNING - Could not import pandas. Holidays will not be considered.
[2026-05-13T12:18:38.015+0700] {logging_mixin.py:190} INFO - [2026-05-13T12:18:38.015+0700] {dag.py:3239} INFO - Sync 1 DAGs
[2026-05-13T12:18:38.025+0700] {logging_mixin.py:190} INFO - [2026-05-13T12:18:38.025+0700] {dag.py:4180} INFO - Setting next_dagrun for example_workday_timetable to 2021-01-01 00:00:00+00:00, run_after=2021-01-02 00:00:00+00:00
[2026-05-13T12:18:38.034+0700] {processor.py:208} INFO - Processing /Users/najma/de_learning/bulan_2/airflow_project/venv_airflow/lib/python3.12/site-packages/airflow/example_dags/example_workday_timetable.py took 0.087 seconds
[2026-05-13T12:20:05.691+0700] {processor.py:186} INFO - Started process (PID=7881) to work on /Users/najma/de_learning/bulan_2/airflow_project/venv_airflow/lib/python3.12/site-packages/airflow/example_dags/example_workday_timetable.py
[2026-05-13T12:20:05.692+0700] {processor.py:914} INFO - Processing file /Users/najma/de_learning/bulan_2/airflow_project/venv_airflow/lib/python3.12/site-packages/airflow/example_dags/example_workday_timetable.py for tasks to queue
[2026-05-13T12:20:05.692+0700] {logging_mixin.py:190} INFO - [2026-05-13T12:20:05.692+0700] {dagbag.py:588} INFO - Filling up the DagBag from /Users/najma/de_learning/bulan_2/airflow_project/venv_airflow/lib/python3.12/site-packages/airflow/example_dags/example_workday_timetable.py
[2026-05-13T12:20:05.694+0700] {logging_mixin.py:190} INFO - [2026-05-13T12:20:05.694+0700] {workday.py:41} WARNING - Could not import pandas. Holidays will not be considered.
[2026-05-13T12:20:05.697+0700] {processor.py:925} INFO - DAG(s) 'example_workday_timetable' retrieved from /Users/najma/de_learning/bulan_2/airflow_project/venv_airflow/lib/python3.12/site-packages/airflow/example_dags/example_workday_timetable.py
[2026-05-13T12:20:05.745+0700] {logging_mixin.py:190} INFO - [2026-05-13T12:20:05.745+0700] {workday.py:41} WARNING - Could not import pandas. Holidays will not be considered.
[2026-05-13T12:20:05.756+0700] {logging_mixin.py:190} INFO - [2026-05-13T12:20:05.756+0700] {dag.py:3239} INFO - Sync 1 DAGs
[2026-05-13T12:20:05.767+0700] {logging_mixin.py:190} INFO - [2026-05-13T12:20:05.766+0700] {dag.py:4180} INFO - Setting next_dagrun for example_workday_timetable to 2021-01-01 00:00:00+00:00, run_after=2021-01-02 00:00:00+00:00
[2026-05-13T12:20:05.776+0700] {processor.py:208} INFO - Processing /Users/najma/de_learning/bulan_2/airflow_project/venv_airflow/lib/python3.12/site-packages/airflow/example_dags/example_workday_timetable.py took 0.087 seconds
[2026-05-13T12:21:30.486+0700] {processor.py:186} INFO - Started process (PID=7989) to work on /Users/najma/de_learning/bulan_2/airflow_project/venv_airflow/lib/python3.12/site-packages/airflow/example_dags/example_workday_timetable.py
[2026-05-13T12:21:30.488+0700] {processor.py:914} INFO - Processing file /Users/najma/de_learning/bulan_2/airflow_project/venv_airflow/lib/python3.12/site-packages/airflow/example_dags/example_workday_timetable.py for tasks to queue
[2026-05-13T12:21:30.488+0700] {logging_mixin.py:190} INFO - [2026-05-13T12:21:30.488+0700] {dagbag.py:588} INFO - Filling up the DagBag from /Users/najma/de_learning/bulan_2/airflow_project/venv_airflow/lib/python3.12/site-packages/airflow/example_dags/example_workday_timetable.py
[2026-05-13T12:21:30.491+0700] {logging_mixin.py:190} INFO - [2026-05-13T12:21:30.491+0700] {workday.py:41} WARNING - Could not import pandas. Holidays will not be considered.
[2026-05-13T12:21:30.494+0700] {processor.py:925} INFO - DAG(s) 'example_workday_timetable' retrieved from /Users/najma/de_learning/bulan_2/airflow_project/venv_airflow/lib/python3.12/site-packages/airflow/example_dags/example_workday_timetable.py
[2026-05-13T12:21:30.540+0700] {logging_mixin.py:190} INFO - [2026-05-13T12:21:30.540+0700] {workday.py:41} WARNING - Could not import pandas. Holidays will not be considered.
[2026-05-13T12:21:30.551+0700] {logging_mixin.py:190} INFO - [2026-05-13T12:21:30.551+0700] {dag.py:3239} INFO - Sync 1 DAGs
[2026-05-13T12:21:30.561+0700] {logging_mixin.py:190} INFO - [2026-05-13T12:21:30.561+0700] {dag.py:4180} INFO - Setting next_dagrun for example_workday_timetable to 2021-01-01 00:00:00+00:00, run_after=2021-01-02 00:00:00+00:00
[2026-05-13T12:21:30.570+0700] {processor.py:208} INFO - Processing /Users/najma/de_learning/bulan_2/airflow_project/venv_airflow/lib/python3.12/site-packages/airflow/example_dags/example_workday_timetable.py took 0.086 seconds
[2026-05-13T12:22:55.745+0700] {processor.py:186} INFO - Started process (PID=8098) to work on /Users/najma/de_learning/bulan_2/airflow_project/venv_airflow/lib/python3.12/site-packages/airflow/example_dags/example_workday_timetable.py
[2026-05-13T12:22:55.748+0700] {processor.py:914} INFO - Processing file /Users/najma/de_learning/bulan_2/airflow_project/venv_airflow/lib/python3.12/site-packages/airflow/example_dags/example_workday_timetable.py for tasks to queue
[2026-05-13T12:22:55.748+0700] {logging_mixin.py:190} INFO - [2026-05-13T12:22:55.748+0700] {dagbag.py:588} INFO - Filling up the DagBag from /Users/najma/de_learning/bulan_2/airflow_project/venv_airflow/lib/python3.12/site-packages/airflow/example_dags/example_workday_timetable.py
[2026-05-13T12:22:55.750+0700] {logging_mixin.py:190} INFO - [2026-05-13T12:22:55.750+0700] {workday.py:41} WARNING - Could not import pandas. Holidays will not be considered.
[2026-05-13T12:22:55.753+0700] {processor.py:925} INFO - DAG(s) 'example_workday_timetable' retrieved from /Users/najma/de_learning/bulan_2/airflow_project/venv_airflow/lib/python3.12/site-packages/airflow/example_dags/example_workday_timetable.py
[2026-05-13T12:22:55.800+0700] {logging_mixin.py:190} INFO - [2026-05-13T12:22:55.800+0700] {workday.py:41} WARNING - Could not import pandas. Holidays will not be considered.
[2026-05-13T12:22:55.811+0700] {logging_mixin.py:190} INFO - [2026-05-13T12:22:55.811+0700] {dag.py:3239} INFO - Sync 1 DAGs
[2026-05-13T12:22:55.821+0700] {logging_mixin.py:190} INFO - [2026-05-13T12:22:55.821+0700] {dag.py:4180} INFO - Setting next_dagrun for example_workday_timetable to 2021-01-01 00:00:00+00:00, run_after=2021-01-02 00:00:00+00:00
[2026-05-13T12:22:55.830+0700] {processor.py:208} INFO - Processing /Users/najma/de_learning/bulan_2/airflow_project/venv_airflow/lib/python3.12/site-packages/airflow/example_dags/example_workday_timetable.py took 0.087 seconds
[2026-05-13T12:24:20.943+0700] {processor.py:186} INFO - Started process (PID=8194) to work on /Users/najma/de_learning/bulan_2/airflow_project/venv_airflow/lib/python3.12/site-packages/airflow/example_dags/example_workday_timetable.py
[2026-05-13T12:24:20.945+0700] {processor.py:914} INFO - Processing file /Users/najma/de_learning/bulan_2/airflow_project/venv_airflow/lib/python3.12/site-packages/airflow/example_dags/example_workday_timetable.py for tasks to queue
[2026-05-13T12:24:20.945+0700] {logging_mixin.py:190} INFO - [2026-05-13T12:24:20.945+0700] {dagbag.py:588} INFO - Filling up the DagBag from /Users/najma/de_learning/bulan_2/airflow_project/venv_airflow/lib/python3.12/site-packages/airflow/example_dags/example_workday_timetable.py
[2026-05-13T12:24:20.948+0700] {logging_mixin.py:190} INFO - [2026-05-13T12:24:20.948+0700] {workday.py:41} WARNING - Could not import pandas. Holidays will not be considered.
[2026-05-13T12:24:20.951+0700] {processor.py:925} INFO - DAG(s) 'example_workday_timetable' retrieved from /Users/najma/de_learning/bulan_2/airflow_project/venv_airflow/lib/python3.12/site-packages/airflow/example_dags/example_workday_timetable.py
[2026-05-13T12:24:21.002+0700] {logging_mixin.py:190} INFO - [2026-05-13T12:24:21.002+0700] {workday.py:41} WARNING - Could not import pandas. Holidays will not be considered.
[2026-05-13T12:24:21.013+0700] {logging_mixin.py:190} INFO - [2026-05-13T12:24:21.013+0700] {dag.py:3239} INFO - Sync 1 DAGs
[2026-05-13T12:24:21.024+0700] {logging_mixin.py:190} INFO - [2026-05-13T12:24:21.024+0700] {dag.py:4180} INFO - Setting next_dagrun for example_workday_timetable to 2021-01-01 00:00:00+00:00, run_after=2021-01-02 00:00:00+00:00
[2026-05-13T12:24:21.034+0700] {processor.py:208} INFO - Processing /Users/najma/de_learning/bulan_2/airflow_project/venv_airflow/lib/python3.12/site-packages/airflow/example_dags/example_workday_timetable.py took 0.093 seconds
