[2026-05-13T12:15:28.342+0700] {processor.py:186} INFO - Started process (PID=6610) to work on /Users/najma/de_learning/bulan_2/airflow_project/venv_airflow/lib/python3.12/site-packages/airflow/example_dags/example_short_circuit_decorator.py
[2026-05-13T12:15:28.343+0700] {processor.py:914} INFO - Processing file /Users/najma/de_learning/bulan_2/airflow_project/venv_airflow/lib/python3.12/site-packages/airflow/example_dags/example_short_circuit_decorator.py for tasks to queue
[2026-05-13T12:15:28.344+0700] {logging_mixin.py:190} INFO - [2026-05-13T12:15:28.344+0700] {dagbag.py:588} INFO - Filling up the DagBag from /Users/najma/de_learning/bulan_2/airflow_project/venv_airflow/lib/python3.12/site-packages/airflow/example_dags/example_short_circuit_decorator.py
[2026-05-13T12:15:28.375+0700] {processor.py:925} INFO - DAG(s) 'example_short_circuit_decorator' retrieved from /Users/najma/de_learning/bulan_2/airflow_project/venv_airflow/lib/python3.12/site-packages/airflow/example_dags/example_short_circuit_decorator.py
[2026-05-13T12:15:28.489+0700] {logging_mixin.py:190} INFO - [2026-05-13T12:15:28.488+0700] {override.py:1911} INFO - Created Permission View: can edit on DAG:example_short_circuit_decorator
[2026-05-13T12:15:28.493+0700] {logging_mixin.py:190} INFO - [2026-05-13T12:15:28.493+0700] {override.py:1911} INFO - Created Permission View: can read on DAG:example_short_circuit_decorator
[2026-05-13T12:15:28.496+0700] {logging_mixin.py:190} INFO - [2026-05-13T12:15:28.496+0700] {override.py:1911} INFO - Created Permission View: can delete on DAG:example_short_circuit_decorator
[2026-05-13T12:15:28.500+0700] {logging_mixin.py:190} INFO - [2026-05-13T12:15:28.500+0700] {override.py:1911} INFO - Created Permission View: can create on DAG Run:example_short_circuit_decorator
[2026-05-13T12:15:28.503+0700] {logging_mixin.py:190} INFO - [2026-05-13T12:15:28.503+0700] {override.py:1911} INFO - Created Permission View: menu access on DAG Run:example_short_circuit_decorator
[2026-05-13T12:15:28.506+0700] {logging_mixin.py:190} INFO - [2026-05-13T12:15:28.505+0700] {override.py:1911} INFO - Created Permission View: can read on DAG Run:example_short_circuit_decorator
[2026-05-13T12:15:28.508+0700] {logging_mixin.py:190} INFO - [2026-05-13T12:15:28.508+0700] {override.py:1911} INFO - Created Permission View: can delete on DAG Run:example_short_circuit_decorator
[2026-05-13T12:15:28.509+0700] {logging_mixin.py:190} INFO - [2026-05-13T12:15:28.508+0700] {dag.py:3239} INFO - Sync 1 DAGs
[2026-05-13T12:15:28.515+0700] {logging_mixin.py:190} INFO - [2026-05-13T12:15:28.515+0700] {dag.py:3262} INFO - Creating ORM DAG for example_short_circuit_decorator
[2026-05-13T12:15:28.516+0700] {logging_mixin.py:190} INFO - [2026-05-13T12:15:28.516+0700] {dag.py:4180} INFO - Setting next_dagrun for example_short_circuit_decorator to None, run_after=None
[2026-05-13T12:15:28.562+0700] {processor.py:208} INFO - Processing /Users/najma/de_learning/bulan_2/airflow_project/venv_airflow/lib/python3.12/site-packages/airflow/example_dags/example_short_circuit_decorator.py took 0.223 seconds
[2026-05-13T12:17:31.296+0700] {processor.py:186} INFO - Started process (PID=7514) to work on /Users/najma/de_learning/bulan_2/airflow_project/venv_airflow/lib/python3.12/site-packages/airflow/example_dags/example_short_circuit_decorator.py
[2026-05-13T12:17:31.297+0700] {processor.py:914} INFO - Processing file /Users/najma/de_learning/bulan_2/airflow_project/venv_airflow/lib/python3.12/site-packages/airflow/example_dags/example_short_circuit_decorator.py for tasks to queue
[2026-05-13T12:17:31.297+0700] {logging_mixin.py:190} INFO - [2026-05-13T12:17:31.297+0700] {dagbag.py:588} INFO - Filling up the DagBag from /Users/najma/de_learning/bulan_2/airflow_project/venv_airflow/lib/python3.12/site-packages/airflow/example_dags/example_short_circuit_decorator.py
[2026-05-13T12:17:31.321+0700] {processor.py:925} INFO - DAG(s) 'example_short_circuit_decorator' retrieved from /Users/najma/de_learning/bulan_2/airflow_project/venv_airflow/lib/python3.12/site-packages/airflow/example_dags/example_short_circuit_decorator.py
[2026-05-13T12:17:31.375+0700] {logging_mixin.py:190} INFO - [2026-05-13T12:17:31.375+0700] {dag.py:3239} INFO - Sync 1 DAGs
[2026-05-13T12:17:31.381+0700] {logging_mixin.py:190} INFO - [2026-05-13T12:17:31.380+0700] {dag.py:4180} INFO - Setting next_dagrun for example_short_circuit_decorator to None, run_after=None
[2026-05-13T12:17:31.390+0700] {processor.py:208} INFO - Processing /Users/najma/de_learning/bulan_2/airflow_project/venv_airflow/lib/python3.12/site-packages/airflow/example_dags/example_short_circuit_decorator.py took 0.096 seconds
[2026-05-13T12:18:58.245+0700] {processor.py:186} INFO - Started process (PID=7609) to work on /Users/najma/de_learning/bulan_2/airflow_project/venv_airflow/lib/python3.12/site-packages/airflow/example_dags/example_short_circuit_decorator.py
[2026-05-13T12:18:58.246+0700] {processor.py:914} INFO - Processing file /Users/najma/de_learning/bulan_2/airflow_project/venv_airflow/lib/python3.12/site-packages/airflow/example_dags/example_short_circuit_decorator.py for tasks to queue
[2026-05-13T12:18:58.247+0700] {logging_mixin.py:190} INFO - [2026-05-13T12:18:58.247+0700] {dagbag.py:588} INFO - Filling up the DagBag from /Users/najma/de_learning/bulan_2/airflow_project/venv_airflow/lib/python3.12/site-packages/airflow/example_dags/example_short_circuit_decorator.py
[2026-05-13T12:18:58.270+0700] {processor.py:925} INFO - DAG(s) 'example_short_circuit_decorator' retrieved from /Users/najma/de_learning/bulan_2/airflow_project/venv_airflow/lib/python3.12/site-packages/airflow/example_dags/example_short_circuit_decorator.py
[2026-05-13T12:18:58.324+0700] {logging_mixin.py:190} INFO - [2026-05-13T12:18:58.324+0700] {dag.py:3239} INFO - Sync 1 DAGs
[2026-05-13T12:18:58.330+0700] {logging_mixin.py:190} INFO - [2026-05-13T12:18:58.330+0700] {dag.py:4180} INFO - Setting next_dagrun for example_short_circuit_decorator to None, run_after=None
[2026-05-13T12:18:58.340+0700] {processor.py:208} INFO - Processing /Users/najma/de_learning/bulan_2/airflow_project/venv_airflow/lib/python3.12/site-packages/airflow/example_dags/example_short_circuit_decorator.py took 0.097 seconds
[2026-05-13T12:20:24.254+0700] {processor.py:186} INFO - Started process (PID=7905) to work on /Users/najma/de_learning/bulan_2/airflow_project/venv_airflow/lib/python3.12/site-packages/airflow/example_dags/example_short_circuit_decorator.py
[2026-05-13T12:20:24.256+0700] {processor.py:914} INFO - Processing file /Users/najma/de_learning/bulan_2/airflow_project/venv_airflow/lib/python3.12/site-packages/airflow/example_dags/example_short_circuit_decorator.py for tasks to queue
[2026-05-13T12:20:24.256+0700] {logging_mixin.py:190} INFO - [2026-05-13T12:20:24.256+0700] {dagbag.py:588} INFO - Filling up the DagBag from /Users/najma/de_learning/bulan_2/airflow_project/venv_airflow/lib/python3.12/site-packages/airflow/example_dags/example_short_circuit_decorator.py
[2026-05-13T12:20:24.279+0700] {processor.py:925} INFO - DAG(s) 'example_short_circuit_decorator' retrieved from /Users/najma/de_learning/bulan_2/airflow_project/venv_airflow/lib/python3.12/site-packages/airflow/example_dags/example_short_circuit_decorator.py
[2026-05-13T12:20:24.331+0700] {logging_mixin.py:190} INFO - [2026-05-13T12:20:24.331+0700] {dag.py:3239} INFO - Sync 1 DAGs
[2026-05-13T12:20:24.336+0700] {logging_mixin.py:190} INFO - [2026-05-13T12:20:24.336+0700] {dag.py:4180} INFO - Setting next_dagrun for example_short_circuit_decorator to None, run_after=None
[2026-05-13T12:20:24.346+0700] {processor.py:208} INFO - Processing /Users/najma/de_learning/bulan_2/airflow_project/venv_airflow/lib/python3.12/site-packages/airflow/example_dags/example_short_circuit_decorator.py took 0.094 seconds
[2026-05-13T12:21:51.308+0700] {processor.py:186} INFO - Started process (PID=8012) to work on /Users/najma/de_learning/bulan_2/airflow_project/venv_airflow/lib/python3.12/site-packages/airflow/example_dags/example_short_circuit_decorator.py
[2026-05-13T12:21:51.309+0700] {processor.py:914} INFO - Processing file /Users/najma/de_learning/bulan_2/airflow_project/venv_airflow/lib/python3.12/site-packages/airflow/example_dags/example_short_circuit_decorator.py for tasks to queue
[2026-05-13T12:21:51.309+0700] {logging_mixin.py:190} INFO - [2026-05-13T12:21:51.309+0700] {dagbag.py:588} INFO - Filling up the DagBag from /Users/najma/de_learning/bulan_2/airflow_project/venv_airflow/lib/python3.12/site-packages/airflow/example_dags/example_short_circuit_decorator.py
[2026-05-13T12:21:51.333+0700] {processor.py:925} INFO - DAG(s) 'example_short_circuit_decorator' retrieved from /Users/najma/de_learning/bulan_2/airflow_project/venv_airflow/lib/python3.12/site-packages/airflow/example_dags/example_short_circuit_decorator.py
[2026-05-13T12:21:51.387+0700] {logging_mixin.py:190} INFO - [2026-05-13T12:21:51.386+0700] {dag.py:3239} INFO - Sync 1 DAGs
[2026-05-13T12:21:51.392+0700] {logging_mixin.py:190} INFO - [2026-05-13T12:21:51.392+0700] {dag.py:4180} INFO - Setting next_dagrun for example_short_circuit_decorator to None, run_after=None
[2026-05-13T12:21:51.402+0700] {processor.py:208} INFO - Processing /Users/najma/de_learning/bulan_2/airflow_project/venv_airflow/lib/python3.12/site-packages/airflow/example_dags/example_short_circuit_decorator.py took 0.095 seconds
[2026-05-13T12:23:16.191+0700] {processor.py:186} INFO - Started process (PID=8119) to work on /Users/najma/de_learning/bulan_2/airflow_project/venv_airflow/lib/python3.12/site-packages/airflow/example_dags/example_short_circuit_decorator.py
[2026-05-13T12:23:16.193+0700] {processor.py:914} INFO - Processing file /Users/najma/de_learning/bulan_2/airflow_project/venv_airflow/lib/python3.12/site-packages/airflow/example_dags/example_short_circuit_decorator.py for tasks to queue
[2026-05-13T12:23:16.193+0700] {logging_mixin.py:190} INFO - [2026-05-13T12:23:16.193+0700] {dagbag.py:588} INFO - Filling up the DagBag from /Users/najma/de_learning/bulan_2/airflow_project/venv_airflow/lib/python3.12/site-packages/airflow/example_dags/example_short_circuit_decorator.py
[2026-05-13T12:23:16.216+0700] {processor.py:925} INFO - DAG(s) 'example_short_circuit_decorator' retrieved from /Users/najma/de_learning/bulan_2/airflow_project/venv_airflow/lib/python3.12/site-packages/airflow/example_dags/example_short_circuit_decorator.py
[2026-05-13T12:23:16.268+0700] {logging_mixin.py:190} INFO - [2026-05-13T12:23:16.268+0700] {dag.py:3239} INFO - Sync 1 DAGs
[2026-05-13T12:23:16.277+0700] {logging_mixin.py:190} INFO - [2026-05-13T12:23:16.276+0700] {dag.py:4180} INFO - Setting next_dagrun for example_short_circuit_decorator to None, run_after=None
[2026-05-13T12:23:16.286+0700] {processor.py:208} INFO - Processing /Users/najma/de_learning/bulan_2/airflow_project/venv_airflow/lib/python3.12/site-packages/airflow/example_dags/example_short_circuit_decorator.py took 0.097 seconds
[2026-05-13T12:24:40.907+0700] {processor.py:186} INFO - Started process (PID=8218) to work on /Users/najma/de_learning/bulan_2/airflow_project/venv_airflow/lib/python3.12/site-packages/airflow/example_dags/example_short_circuit_decorator.py
[2026-05-13T12:24:40.908+0700] {processor.py:914} INFO - Processing file /Users/najma/de_learning/bulan_2/airflow_project/venv_airflow/lib/python3.12/site-packages/airflow/example_dags/example_short_circuit_decorator.py for tasks to queue
[2026-05-13T12:24:40.909+0700] {logging_mixin.py:190} INFO - [2026-05-13T12:24:40.909+0700] {dagbag.py:588} INFO - Filling up the DagBag from /Users/najma/de_learning/bulan_2/airflow_project/venv_airflow/lib/python3.12/site-packages/airflow/example_dags/example_short_circuit_decorator.py
[2026-05-13T12:24:40.932+0700] {processor.py:925} INFO - DAG(s) 'example_short_circuit_decorator' retrieved from /Users/najma/de_learning/bulan_2/airflow_project/venv_airflow/lib/python3.12/site-packages/airflow/example_dags/example_short_circuit_decorator.py
[2026-05-13T12:24:40.985+0700] {logging_mixin.py:190} INFO - [2026-05-13T12:24:40.985+0700] {dag.py:3239} INFO - Sync 1 DAGs
[2026-05-13T12:24:40.990+0700] {logging_mixin.py:190} INFO - [2026-05-13T12:24:40.990+0700] {dag.py:4180} INFO - Setting next_dagrun for example_short_circuit_decorator to None, run_after=None
[2026-05-13T12:24:41.000+0700] {processor.py:208} INFO - Processing /Users/najma/de_learning/bulan_2/airflow_project/venv_airflow/lib/python3.12/site-packages/airflow/example_dags/example_short_circuit_decorator.py took 0.094 seconds
