[2026-05-13T12:16:30.476+0700] {processor.py:186} INFO - Started process (PID=7438) to work on /Users/najma/de_learning/bulan_2/airflow_project/venv_airflow/lib/python3.12/site-packages/airflow/example_dags/example_branch_operator_decorator.py
[2026-05-13T12:16:30.477+0700] {processor.py:914} INFO - Processing file /Users/najma/de_learning/bulan_2/airflow_project/venv_airflow/lib/python3.12/site-packages/airflow/example_dags/example_branch_operator_decorator.py for tasks to queue
[2026-05-13T12:16:30.477+0700] {logging_mixin.py:190} INFO - [2026-05-13T12:16:30.477+0700] {dagbag.py:588} INFO - Filling up the DagBag from /Users/najma/de_learning/bulan_2/airflow_project/venv_airflow/lib/python3.12/site-packages/airflow/example_dags/example_branch_operator_decorator.py
[2026-05-13T12:16:30.506+0700] {processor.py:925} INFO - DAG(s) 'example_branch_python_operator_decorator' retrieved from /Users/najma/de_learning/bulan_2/airflow_project/venv_airflow/lib/python3.12/site-packages/airflow/example_dags/example_branch_operator_decorator.py
[2026-05-13T12:16:30.611+0700] {logging_mixin.py:190} INFO - [2026-05-13T12:16:30.611+0700] {override.py:1911} INFO - Created Permission View: can read on DAG:example_branch_python_operator_decorator
[2026-05-13T12:16:30.616+0700] {logging_mixin.py:190} INFO - [2026-05-13T12:16:30.615+0700] {override.py:1911} INFO - Created Permission View: can edit on DAG:example_branch_python_operator_decorator
[2026-05-13T12:16:30.619+0700] {logging_mixin.py:190} INFO - [2026-05-13T12:16:30.619+0700] {override.py:1911} INFO - Created Permission View: can delete on DAG:example_branch_python_operator_decorator
[2026-05-13T12:16:30.625+0700] {logging_mixin.py:190} INFO - [2026-05-13T12:16:30.625+0700] {override.py:1911} INFO - Created Permission View: can read on DAG Run:example_branch_python_operator_decorator
[2026-05-13T12:16:30.628+0700] {logging_mixin.py:190} INFO - [2026-05-13T12:16:30.628+0700] {override.py:1911} INFO - Created Permission View: can delete on DAG Run:example_branch_python_operator_decorator
[2026-05-13T12:16:30.631+0700] {logging_mixin.py:190} INFO - [2026-05-13T12:16:30.631+0700] {override.py:1911} INFO - Created Permission View: menu access on DAG Run:example_branch_python_operator_decorator
[2026-05-13T12:16:30.633+0700] {logging_mixin.py:190} INFO - [2026-05-13T12:16:30.633+0700] {override.py:1911} INFO - Created Permission View: can create on DAG Run:example_branch_python_operator_decorator
[2026-05-13T12:16:30.634+0700] {logging_mixin.py:190} INFO - [2026-05-13T12:16:30.634+0700] {dag.py:3239} INFO - Sync 1 DAGs
[2026-05-13T12:16:30.672+0700] {logging_mixin.py:190} INFO - [2026-05-13T12:16:30.672+0700] {dag.py:3262} INFO - Creating ORM DAG for example_branch_python_operator_decorator
[2026-05-13T12:16:30.677+0700] {logging_mixin.py:190} INFO - [2026-05-13T12:16:30.677+0700] {dag.py:4180} INFO - Setting next_dagrun for example_branch_python_operator_decorator to 2026-05-12 00:00:00+00:00, run_after=2026-05-13 00:00:00+00:00
[2026-05-13T12:16:30.686+0700] {processor.py:208} INFO - Processing /Users/najma/de_learning/bulan_2/airflow_project/venv_airflow/lib/python3.12/site-packages/airflow/example_dags/example_branch_operator_decorator.py took 0.212 seconds
[2026-05-13T12:19:22.721+0700] {processor.py:186} INFO - Started process (PID=7831) to work on /Users/najma/de_learning/bulan_2/airflow_project/venv_airflow/lib/python3.12/site-packages/airflow/example_dags/example_branch_operator_decorator.py
[2026-05-13T12:19:22.723+0700] {processor.py:914} INFO - Processing file /Users/najma/de_learning/bulan_2/airflow_project/venv_airflow/lib/python3.12/site-packages/airflow/example_dags/example_branch_operator_decorator.py for tasks to queue
[2026-05-13T12:19:22.723+0700] {logging_mixin.py:190} INFO - [2026-05-13T12:19:22.723+0700] {dagbag.py:588} INFO - Filling up the DagBag from /Users/najma/de_learning/bulan_2/airflow_project/venv_airflow/lib/python3.12/site-packages/airflow/example_dags/example_branch_operator_decorator.py
[2026-05-13T12:19:22.752+0700] {processor.py:925} INFO - DAG(s) 'example_branch_python_operator_decorator' retrieved from /Users/najma/de_learning/bulan_2/airflow_project/venv_airflow/lib/python3.12/site-packages/airflow/example_dags/example_branch_operator_decorator.py
[2026-05-13T12:19:22.863+0700] {logging_mixin.py:190} INFO - [2026-05-13T12:19:22.863+0700] {dag.py:3239} INFO - Sync 1 DAGs
[2026-05-13T12:19:22.904+0700] {logging_mixin.py:190} INFO - [2026-05-13T12:19:22.903+0700] {dag.py:4180} INFO - Setting next_dagrun for example_branch_python_operator_decorator to 2026-05-12 00:00:00+00:00, run_after=2026-05-13 00:00:00+00:00
[2026-05-13T12:19:22.914+0700] {processor.py:208} INFO - Processing /Users/najma/de_learning/bulan_2/airflow_project/venv_airflow/lib/python3.12/site-packages/airflow/example_dags/example_branch_operator_decorator.py took 0.195 seconds
[2026-05-13T12:22:13.323+0700] {processor.py:186} INFO - Started process (PID=8037) to work on /Users/najma/de_learning/bulan_2/airflow_project/venv_airflow/lib/python3.12/site-packages/airflow/example_dags/example_branch_operator_decorator.py
[2026-05-13T12:22:13.325+0700] {processor.py:914} INFO - Processing file /Users/najma/de_learning/bulan_2/airflow_project/venv_airflow/lib/python3.12/site-packages/airflow/example_dags/example_branch_operator_decorator.py for tasks to queue
[2026-05-13T12:22:13.325+0700] {logging_mixin.py:190} INFO - [2026-05-13T12:22:13.325+0700] {dagbag.py:588} INFO - Filling up the DagBag from /Users/najma/de_learning/bulan_2/airflow_project/venv_airflow/lib/python3.12/site-packages/airflow/example_dags/example_branch_operator_decorator.py
[2026-05-13T12:22:13.353+0700] {processor.py:925} INFO - DAG(s) 'example_branch_python_operator_decorator' retrieved from /Users/najma/de_learning/bulan_2/airflow_project/venv_airflow/lib/python3.12/site-packages/airflow/example_dags/example_branch_operator_decorator.py
[2026-05-13T12:22:13.456+0700] {logging_mixin.py:190} INFO - [2026-05-13T12:22:13.456+0700] {dag.py:3239} INFO - Sync 1 DAGs
[2026-05-13T12:22:13.497+0700] {logging_mixin.py:190} INFO - [2026-05-13T12:22:13.497+0700] {dag.py:4180} INFO - Setting next_dagrun for example_branch_python_operator_decorator to 2026-05-12 00:00:00+00:00, run_after=2026-05-13 00:00:00+00:00
[2026-05-13T12:22:13.508+0700] {processor.py:208} INFO - Processing /Users/najma/de_learning/bulan_2/airflow_project/venv_airflow/lib/python3.12/site-packages/airflow/example_dags/example_branch_operator_decorator.py took 0.186 seconds
