[2026-05-13T12:15:12.246+0700] {processor.py:186} INFO - Started process (PID=6592) to work on /Users/najma/de_learning/bulan_2/airflow_project/venv_airflow/lib/python3.12/site-packages/airflow/example_dags/example_time_delta_sensor_async.py
[2026-05-13T12:15:12.247+0700] {processor.py:914} INFO - Processing file /Users/najma/de_learning/bulan_2/airflow_project/venv_airflow/lib/python3.12/site-packages/airflow/example_dags/example_time_delta_sensor_async.py for tasks to queue
[2026-05-13T12:15:12.248+0700] {logging_mixin.py:190} INFO - [2026-05-13T12:15:12.247+0700] {dagbag.py:588} INFO - Filling up the DagBag from /Users/najma/de_learning/bulan_2/airflow_project/venv_airflow/lib/python3.12/site-packages/airflow/example_dags/example_time_delta_sensor_async.py
[2026-05-13T12:15:12.253+0700] {processor.py:925} INFO - DAG(s) 'example_time_delta_sensor_async' retrieved from /Users/najma/de_learning/bulan_2/airflow_project/venv_airflow/lib/python3.12/site-packages/airflow/example_dags/example_time_delta_sensor_async.py
[2026-05-13T12:15:12.300+0700] {logging_mixin.py:190} INFO - [2026-05-13T12:15:12.300+0700] {workday.py:41} WARNING - Could not import pandas. Holidays will not be considered.
[2026-05-13T12:15:12.358+0700] {logging_mixin.py:190} INFO - [2026-05-13T12:15:12.358+0700] {override.py:1911} INFO - Created Permission View: can delete on DAG:example_time_delta_sensor_async
[2026-05-13T12:15:12.363+0700] {logging_mixin.py:190} INFO - [2026-05-13T12:15:12.363+0700] {override.py:1911} INFO - Created Permission View: can edit on DAG:example_time_delta_sensor_async
[2026-05-13T12:15:12.366+0700] {logging_mixin.py:190} INFO - [2026-05-13T12:15:12.366+0700] {override.py:1911} INFO - Created Permission View: can read on DAG:example_time_delta_sensor_async
[2026-05-13T12:15:12.370+0700] {logging_mixin.py:190} INFO - [2026-05-13T12:15:12.369+0700] {override.py:1911} INFO - Created Permission View: menu access on DAG Run:example_time_delta_sensor_async
[2026-05-13T12:15:12.372+0700] {logging_mixin.py:190} INFO - [2026-05-13T12:15:12.372+0700] {override.py:1911} INFO - Created Permission View: can delete on DAG Run:example_time_delta_sensor_async
[2026-05-13T12:15:12.375+0700] {logging_mixin.py:190} INFO - [2026-05-13T12:15:12.375+0700] {override.py:1911} INFO - Created Permission View: can read on DAG Run:example_time_delta_sensor_async
[2026-05-13T12:15:12.378+0700] {logging_mixin.py:190} INFO - [2026-05-13T12:15:12.377+0700] {override.py:1911} INFO - Created Permission View: can create on DAG Run:example_time_delta_sensor_async
[2026-05-13T12:15:12.378+0700] {logging_mixin.py:190} INFO - [2026-05-13T12:15:12.378+0700] {dag.py:3239} INFO - Sync 1 DAGs
[2026-05-13T12:15:12.384+0700] {logging_mixin.py:190} INFO - [2026-05-13T12:15:12.384+0700] {dag.py:3262} INFO - Creating ORM DAG for example_time_delta_sensor_async
[2026-05-13T12:15:12.384+0700] {logging_mixin.py:190} INFO - [2026-05-13T12:15:12.384+0700] {dag.py:4180} INFO - Setting next_dagrun for example_time_delta_sensor_async to None, run_after=None
[2026-05-13T12:15:12.392+0700] {processor.py:208} INFO - Processing /Users/najma/de_learning/bulan_2/airflow_project/venv_airflow/lib/python3.12/site-packages/airflow/example_dags/example_time_delta_sensor_async.py took 0.148 seconds
[2026-05-13T12:17:16.836+0700] {processor.py:186} INFO - Started process (PID=7497) to work on /Users/najma/de_learning/bulan_2/airflow_project/venv_airflow/lib/python3.12/site-packages/airflow/example_dags/example_time_delta_sensor_async.py
[2026-05-13T12:17:16.837+0700] {processor.py:914} INFO - Processing file /Users/najma/de_learning/bulan_2/airflow_project/venv_airflow/lib/python3.12/site-packages/airflow/example_dags/example_time_delta_sensor_async.py for tasks to queue
[2026-05-13T12:17:16.838+0700] {logging_mixin.py:190} INFO - [2026-05-13T12:17:16.838+0700] {dagbag.py:588} INFO - Filling up the DagBag from /Users/najma/de_learning/bulan_2/airflow_project/venv_airflow/lib/python3.12/site-packages/airflow/example_dags/example_time_delta_sensor_async.py
[2026-05-13T12:17:16.842+0700] {processor.py:925} INFO - DAG(s) 'example_time_delta_sensor_async' retrieved from /Users/najma/de_learning/bulan_2/airflow_project/venv_airflow/lib/python3.12/site-packages/airflow/example_dags/example_time_delta_sensor_async.py
[2026-05-13T12:17:16.890+0700] {logging_mixin.py:190} INFO - [2026-05-13T12:17:16.890+0700] {workday.py:41} WARNING - Could not import pandas. Holidays will not be considered.
[2026-05-13T12:17:16.902+0700] {logging_mixin.py:190} INFO - [2026-05-13T12:17:16.901+0700] {dag.py:3239} INFO - Sync 1 DAGs
[2026-05-13T12:17:16.908+0700] {logging_mixin.py:190} INFO - [2026-05-13T12:17:16.908+0700] {dag.py:4180} INFO - Setting next_dagrun for example_time_delta_sensor_async to None, run_after=None
[2026-05-13T12:17:16.917+0700] {processor.py:208} INFO - Processing /Users/najma/de_learning/bulan_2/airflow_project/venv_airflow/lib/python3.12/site-packages/airflow/example_dags/example_time_delta_sensor_async.py took 0.082 seconds
[2026-05-13T12:18:43.638+0700] {processor.py:186} INFO - Started process (PID=7594) to work on /Users/najma/de_learning/bulan_2/airflow_project/venv_airflow/lib/python3.12/site-packages/airflow/example_dags/example_time_delta_sensor_async.py
[2026-05-13T12:18:43.639+0700] {processor.py:914} INFO - Processing file /Users/najma/de_learning/bulan_2/airflow_project/venv_airflow/lib/python3.12/site-packages/airflow/example_dags/example_time_delta_sensor_async.py for tasks to queue
[2026-05-13T12:18:43.640+0700] {logging_mixin.py:190} INFO - [2026-05-13T12:18:43.639+0700] {dagbag.py:588} INFO - Filling up the DagBag from /Users/najma/de_learning/bulan_2/airflow_project/venv_airflow/lib/python3.12/site-packages/airflow/example_dags/example_time_delta_sensor_async.py
[2026-05-13T12:18:43.645+0700] {processor.py:925} INFO - DAG(s) 'example_time_delta_sensor_async' retrieved from /Users/najma/de_learning/bulan_2/airflow_project/venv_airflow/lib/python3.12/site-packages/airflow/example_dags/example_time_delta_sensor_async.py
[2026-05-13T12:18:43.692+0700] {logging_mixin.py:190} INFO - [2026-05-13T12:18:43.692+0700] {workday.py:41} WARNING - Could not import pandas. Holidays will not be considered.
[2026-05-13T12:18:43.703+0700] {logging_mixin.py:190} INFO - [2026-05-13T12:18:43.702+0700] {dag.py:3239} INFO - Sync 1 DAGs
[2026-05-13T12:18:43.709+0700] {logging_mixin.py:190} INFO - [2026-05-13T12:18:43.709+0700] {dag.py:4180} INFO - Setting next_dagrun for example_time_delta_sensor_async to None, run_after=None
[2026-05-13T12:18:43.718+0700] {processor.py:208} INFO - Processing /Users/najma/de_learning/bulan_2/airflow_project/venv_airflow/lib/python3.12/site-packages/airflow/example_dags/example_time_delta_sensor_async.py took 0.082 seconds
[2026-05-13T12:20:11.930+0700] {processor.py:186} INFO - Started process (PID=7888) to work on /Users/najma/de_learning/bulan_2/airflow_project/venv_airflow/lib/python3.12/site-packages/airflow/example_dags/example_time_delta_sensor_async.py
[2026-05-13T12:20:11.931+0700] {processor.py:914} INFO - Processing file /Users/najma/de_learning/bulan_2/airflow_project/venv_airflow/lib/python3.12/site-packages/airflow/example_dags/example_time_delta_sensor_async.py for tasks to queue
[2026-05-13T12:20:11.932+0700] {logging_mixin.py:190} INFO - [2026-05-13T12:20:11.932+0700] {dagbag.py:588} INFO - Filling up the DagBag from /Users/najma/de_learning/bulan_2/airflow_project/venv_airflow/lib/python3.12/site-packages/airflow/example_dags/example_time_delta_sensor_async.py
[2026-05-13T12:20:11.937+0700] {processor.py:925} INFO - DAG(s) 'example_time_delta_sensor_async' retrieved from /Users/najma/de_learning/bulan_2/airflow_project/venv_airflow/lib/python3.12/site-packages/airflow/example_dags/example_time_delta_sensor_async.py
[2026-05-13T12:20:11.983+0700] {logging_mixin.py:190} INFO - [2026-05-13T12:20:11.983+0700] {workday.py:41} WARNING - Could not import pandas. Holidays will not be considered.
[2026-05-13T12:20:11.994+0700] {logging_mixin.py:190} INFO - [2026-05-13T12:20:11.994+0700] {dag.py:3239} INFO - Sync 1 DAGs
[2026-05-13T12:20:12.001+0700] {logging_mixin.py:190} INFO - [2026-05-13T12:20:12.000+0700] {dag.py:4180} INFO - Setting next_dagrun for example_time_delta_sensor_async to None, run_after=None
[2026-05-13T12:20:12.011+0700] {processor.py:208} INFO - Processing /Users/najma/de_learning/bulan_2/airflow_project/venv_airflow/lib/python3.12/site-packages/airflow/example_dags/example_time_delta_sensor_async.py took 0.082 seconds
[2026-05-13T12:21:36.682+0700] {processor.py:186} INFO - Started process (PID=7995) to work on /Users/najma/de_learning/bulan_2/airflow_project/venv_airflow/lib/python3.12/site-packages/airflow/example_dags/example_time_delta_sensor_async.py
[2026-05-13T12:21:36.683+0700] {processor.py:914} INFO - Processing file /Users/najma/de_learning/bulan_2/airflow_project/venv_airflow/lib/python3.12/site-packages/airflow/example_dags/example_time_delta_sensor_async.py for tasks to queue
[2026-05-13T12:21:36.684+0700] {logging_mixin.py:190} INFO - [2026-05-13T12:21:36.684+0700] {dagbag.py:588} INFO - Filling up the DagBag from /Users/najma/de_learning/bulan_2/airflow_project/venv_airflow/lib/python3.12/site-packages/airflow/example_dags/example_time_delta_sensor_async.py
[2026-05-13T12:21:36.689+0700] {processor.py:925} INFO - DAG(s) 'example_time_delta_sensor_async' retrieved from /Users/najma/de_learning/bulan_2/airflow_project/venv_airflow/lib/python3.12/site-packages/airflow/example_dags/example_time_delta_sensor_async.py
[2026-05-13T12:21:36.736+0700] {logging_mixin.py:190} INFO - [2026-05-13T12:21:36.736+0700] {workday.py:41} WARNING - Could not import pandas. Holidays will not be considered.
[2026-05-13T12:21:36.747+0700] {logging_mixin.py:190} INFO - [2026-05-13T12:21:36.747+0700] {dag.py:3239} INFO - Sync 1 DAGs
[2026-05-13T12:21:36.754+0700] {logging_mixin.py:190} INFO - [2026-05-13T12:21:36.753+0700] {dag.py:4180} INFO - Setting next_dagrun for example_time_delta_sensor_async to None, run_after=None
[2026-05-13T12:21:36.763+0700] {processor.py:208} INFO - Processing /Users/najma/de_learning/bulan_2/airflow_project/venv_airflow/lib/python3.12/site-packages/airflow/example_dags/example_time_delta_sensor_async.py took 0.082 seconds
[2026-05-13T12:23:01.896+0700] {processor.py:186} INFO - Started process (PID=8105) to work on /Users/najma/de_learning/bulan_2/airflow_project/venv_airflow/lib/python3.12/site-packages/airflow/example_dags/example_time_delta_sensor_async.py
[2026-05-13T12:23:01.897+0700] {processor.py:914} INFO - Processing file /Users/najma/de_learning/bulan_2/airflow_project/venv_airflow/lib/python3.12/site-packages/airflow/example_dags/example_time_delta_sensor_async.py for tasks to queue
[2026-05-13T12:23:01.898+0700] {logging_mixin.py:190} INFO - [2026-05-13T12:23:01.898+0700] {dagbag.py:588} INFO - Filling up the DagBag from /Users/najma/de_learning/bulan_2/airflow_project/venv_airflow/lib/python3.12/site-packages/airflow/example_dags/example_time_delta_sensor_async.py
[2026-05-13T12:23:01.903+0700] {processor.py:925} INFO - DAG(s) 'example_time_delta_sensor_async' retrieved from /Users/najma/de_learning/bulan_2/airflow_project/venv_airflow/lib/python3.12/site-packages/airflow/example_dags/example_time_delta_sensor_async.py
[2026-05-13T12:23:01.950+0700] {logging_mixin.py:190} INFO - [2026-05-13T12:23:01.950+0700] {workday.py:41} WARNING - Could not import pandas. Holidays will not be considered.
[2026-05-13T12:23:01.961+0700] {logging_mixin.py:190} INFO - [2026-05-13T12:23:01.960+0700] {dag.py:3239} INFO - Sync 1 DAGs
[2026-05-13T12:23:01.967+0700] {logging_mixin.py:190} INFO - [2026-05-13T12:23:01.967+0700] {dag.py:4180} INFO - Setting next_dagrun for example_time_delta_sensor_async to None, run_after=None
[2026-05-13T12:23:01.976+0700] {processor.py:208} INFO - Processing /Users/najma/de_learning/bulan_2/airflow_project/venv_airflow/lib/python3.12/site-packages/airflow/example_dags/example_time_delta_sensor_async.py took 0.082 seconds
[2026-05-13T12:24:27.113+0700] {processor.py:186} INFO - Started process (PID=8200) to work on /Users/najma/de_learning/bulan_2/airflow_project/venv_airflow/lib/python3.12/site-packages/airflow/example_dags/example_time_delta_sensor_async.py
[2026-05-13T12:24:27.114+0700] {processor.py:914} INFO - Processing file /Users/najma/de_learning/bulan_2/airflow_project/venv_airflow/lib/python3.12/site-packages/airflow/example_dags/example_time_delta_sensor_async.py for tasks to queue
[2026-05-13T12:24:27.115+0700] {logging_mixin.py:190} INFO - [2026-05-13T12:24:27.115+0700] {dagbag.py:588} INFO - Filling up the DagBag from /Users/najma/de_learning/bulan_2/airflow_project/venv_airflow/lib/python3.12/site-packages/airflow/example_dags/example_time_delta_sensor_async.py
[2026-05-13T12:24:27.120+0700] {processor.py:925} INFO - DAG(s) 'example_time_delta_sensor_async' retrieved from /Users/najma/de_learning/bulan_2/airflow_project/venv_airflow/lib/python3.12/site-packages/airflow/example_dags/example_time_delta_sensor_async.py
[2026-05-13T12:24:27.167+0700] {logging_mixin.py:190} INFO - [2026-05-13T12:24:27.167+0700] {workday.py:41} WARNING - Could not import pandas. Holidays will not be considered.
[2026-05-13T12:24:27.178+0700] {logging_mixin.py:190} INFO - [2026-05-13T12:24:27.178+0700] {dag.py:3239} INFO - Sync 1 DAGs
[2026-05-13T12:24:27.184+0700] {logging_mixin.py:190} INFO - [2026-05-13T12:24:27.184+0700] {dag.py:4180} INFO - Setting next_dagrun for example_time_delta_sensor_async to None, run_after=None
[2026-05-13T12:24:27.194+0700] {processor.py:208} INFO - Processing /Users/najma/de_learning/bulan_2/airflow_project/venv_airflow/lib/python3.12/site-packages/airflow/example_dags/example_time_delta_sensor_async.py took 0.083 seconds
