[2026-05-13T12:16:08.157+0700] {processor.py:186} INFO - Started process (PID=7407) to work on /Users/najma/de_learning/bulan_2/airflow_project/venv_airflow/lib/python3.12/site-packages/airflow/example_dags/example_external_task_marker_dag.py
[2026-05-13T12:16:08.157+0700] {processor.py:914} INFO - Processing file /Users/najma/de_learning/bulan_2/airflow_project/venv_airflow/lib/python3.12/site-packages/airflow/example_dags/example_external_task_marker_dag.py for tasks to queue
[2026-05-13T12:16:08.158+0700] {logging_mixin.py:190} INFO - [2026-05-13T12:16:08.158+0700] {dagbag.py:588} INFO - Filling up the DagBag from /Users/najma/de_learning/bulan_2/airflow_project/venv_airflow/lib/python3.12/site-packages/airflow/example_dags/example_external_task_marker_dag.py
[2026-05-13T12:16:08.165+0700] {processor.py:925} INFO - DAG(s) 'example_external_task_marker_parent', 'example_external_task_marker_child' retrieved from /Users/najma/de_learning/bulan_2/airflow_project/venv_airflow/lib/python3.12/site-packages/airflow/example_dags/example_external_task_marker_dag.py
[2026-05-13T12:16:08.263+0700] {logging_mixin.py:190} INFO - [2026-05-13T12:16:08.263+0700] {override.py:1911} INFO - Created Permission View: can read on DAG:example_external_task_marker_parent
[2026-05-13T12:16:08.268+0700] {logging_mixin.py:190} INFO - [2026-05-13T12:16:08.268+0700] {override.py:1911} INFO - Created Permission View: can edit on DAG:example_external_task_marker_parent
[2026-05-13T12:16:08.271+0700] {logging_mixin.py:190} INFO - [2026-05-13T12:16:08.271+0700] {override.py:1911} INFO - Created Permission View: can delete on DAG:example_external_task_marker_parent
[2026-05-13T12:16:08.275+0700] {logging_mixin.py:190} INFO - [2026-05-13T12:16:08.275+0700] {override.py:1911} INFO - Created Permission View: can read on DAG Run:example_external_task_marker_parent
[2026-05-13T12:16:08.278+0700] {logging_mixin.py:190} INFO - [2026-05-13T12:16:08.278+0700] {override.py:1911} INFO - Created Permission View: menu access on DAG Run:example_external_task_marker_parent
[2026-05-13T12:16:08.280+0700] {logging_mixin.py:190} INFO - [2026-05-13T12:16:08.280+0700] {override.py:1911} INFO - Created Permission View: can create on DAG Run:example_external_task_marker_parent
[2026-05-13T12:16:08.283+0700] {logging_mixin.py:190} INFO - [2026-05-13T12:16:08.283+0700] {override.py:1911} INFO - Created Permission View: can delete on DAG Run:example_external_task_marker_parent
[2026-05-13T12:16:08.287+0700] {logging_mixin.py:190} INFO - [2026-05-13T12:16:08.287+0700] {workday.py:41} WARNING - Could not import pandas. Holidays will not be considered.
[2026-05-13T12:16:08.298+0700] {logging_mixin.py:190} INFO - [2026-05-13T12:16:08.297+0700] {override.py:1911} INFO - Created Permission View: can read on DAG:example_external_task_marker_child
[2026-05-13T12:16:08.300+0700] {logging_mixin.py:190} INFO - [2026-05-13T12:16:08.300+0700] {override.py:1911} INFO - Created Permission View: can edit on DAG:example_external_task_marker_child
[2026-05-13T12:16:08.303+0700] {logging_mixin.py:190} INFO - [2026-05-13T12:16:08.303+0700] {override.py:1911} INFO - Created Permission View: can delete on DAG:example_external_task_marker_child
[2026-05-13T12:16:08.307+0700] {logging_mixin.py:190} INFO - [2026-05-13T12:16:08.307+0700] {override.py:1911} INFO - Created Permission View: can read on DAG Run:example_external_task_marker_child
[2026-05-13T12:16:08.310+0700] {logging_mixin.py:190} INFO - [2026-05-13T12:16:08.309+0700] {override.py:1911} INFO - Created Permission View: menu access on DAG Run:example_external_task_marker_child
[2026-05-13T12:16:08.312+0700] {logging_mixin.py:190} INFO - [2026-05-13T12:16:08.312+0700] {override.py:1911} INFO - Created Permission View: can create on DAG Run:example_external_task_marker_child
[2026-05-13T12:16:08.315+0700] {logging_mixin.py:190} INFO - [2026-05-13T12:16:08.315+0700] {override.py:1911} INFO - Created Permission View: can delete on DAG Run:example_external_task_marker_child
[2026-05-13T12:16:08.315+0700] {logging_mixin.py:190} INFO - [2026-05-13T12:16:08.315+0700] {dag.py:3239} INFO - Sync 2 DAGs
[2026-05-13T12:16:08.321+0700] {logging_mixin.py:190} INFO - [2026-05-13T12:16:08.321+0700] {dag.py:3262} INFO - Creating ORM DAG for example_external_task_marker_parent
[2026-05-13T12:16:08.321+0700] {logging_mixin.py:190} INFO - [2026-05-13T12:16:08.321+0700] {dag.py:3262} INFO - Creating ORM DAG for example_external_task_marker_child
[2026-05-13T12:16:08.322+0700] {logging_mixin.py:190} INFO - [2026-05-13T12:16:08.322+0700] {dag.py:4180} INFO - Setting next_dagrun for example_external_task_marker_child to None, run_after=None
[2026-05-13T12:16:08.322+0700] {logging_mixin.py:190} INFO - [2026-05-13T12:16:08.322+0700] {dag.py:4180} INFO - Setting next_dagrun for example_external_task_marker_parent to None, run_after=None
[2026-05-13T12:16:08.330+0700] {processor.py:208} INFO - Processing /Users/najma/de_learning/bulan_2/airflow_project/venv_airflow/lib/python3.12/site-packages/airflow/example_dags/example_external_task_marker_dag.py took 0.176 seconds
[2026-05-13T12:18:05.711+0700] {processor.py:186} INFO - Started process (PID=7552) to work on /Users/najma/de_learning/bulan_2/airflow_project/venv_airflow/lib/python3.12/site-packages/airflow/example_dags/example_external_task_marker_dag.py
[2026-05-13T12:18:05.712+0700] {processor.py:914} INFO - Processing file /Users/najma/de_learning/bulan_2/airflow_project/venv_airflow/lib/python3.12/site-packages/airflow/example_dags/example_external_task_marker_dag.py for tasks to queue
[2026-05-13T12:18:05.712+0700] {logging_mixin.py:190} INFO - [2026-05-13T12:18:05.712+0700] {dagbag.py:588} INFO - Filling up the DagBag from /Users/najma/de_learning/bulan_2/airflow_project/venv_airflow/lib/python3.12/site-packages/airflow/example_dags/example_external_task_marker_dag.py
[2026-05-13T12:18:05.720+0700] {processor.py:925} INFO - DAG(s) 'example_external_task_marker_child', 'example_external_task_marker_parent' retrieved from /Users/najma/de_learning/bulan_2/airflow_project/venv_airflow/lib/python3.12/site-packages/airflow/example_dags/example_external_task_marker_dag.py
[2026-05-13T12:18:05.769+0700] {logging_mixin.py:190} INFO - [2026-05-13T12:18:05.769+0700] {workday.py:41} WARNING - Could not import pandas. Holidays will not be considered.
[2026-05-13T12:18:05.779+0700] {logging_mixin.py:190} INFO - [2026-05-13T12:18:05.779+0700] {dag.py:3239} INFO - Sync 2 DAGs
[2026-05-13T12:18:05.786+0700] {logging_mixin.py:190} INFO - [2026-05-13T12:18:05.785+0700] {dag.py:4180} INFO - Setting next_dagrun for example_external_task_marker_child to None, run_after=None
[2026-05-13T12:18:05.787+0700] {logging_mixin.py:190} INFO - [2026-05-13T12:18:05.787+0700] {dag.py:4180} INFO - Setting next_dagrun for example_external_task_marker_parent to None, run_after=None
[2026-05-13T12:18:05.795+0700] {processor.py:208} INFO - Processing /Users/najma/de_learning/bulan_2/airflow_project/venv_airflow/lib/python3.12/site-packages/airflow/example_dags/example_external_task_marker_dag.py took 0.086 seconds
[2026-05-13T12:20:56.474+0700] {processor.py:186} INFO - Started process (PID=7949) to work on /Users/najma/de_learning/bulan_2/airflow_project/venv_airflow/lib/python3.12/site-packages/airflow/example_dags/example_external_task_marker_dag.py
[2026-05-13T12:20:56.475+0700] {processor.py:914} INFO - Processing file /Users/najma/de_learning/bulan_2/airflow_project/venv_airflow/lib/python3.12/site-packages/airflow/example_dags/example_external_task_marker_dag.py for tasks to queue
[2026-05-13T12:20:56.476+0700] {logging_mixin.py:190} INFO - [2026-05-13T12:20:56.476+0700] {dagbag.py:588} INFO - Filling up the DagBag from /Users/najma/de_learning/bulan_2/airflow_project/venv_airflow/lib/python3.12/site-packages/airflow/example_dags/example_external_task_marker_dag.py
[2026-05-13T12:20:56.483+0700] {processor.py:925} INFO - DAG(s) 'example_external_task_marker_child', 'example_external_task_marker_parent' retrieved from /Users/najma/de_learning/bulan_2/airflow_project/venv_airflow/lib/python3.12/site-packages/airflow/example_dags/example_external_task_marker_dag.py
[2026-05-13T12:20:56.532+0700] {logging_mixin.py:190} INFO - [2026-05-13T12:20:56.532+0700] {workday.py:41} WARNING - Could not import pandas. Holidays will not be considered.
[2026-05-13T12:20:56.542+0700] {logging_mixin.py:190} INFO - [2026-05-13T12:20:56.542+0700] {dag.py:3239} INFO - Sync 2 DAGs
[2026-05-13T12:20:56.548+0700] {logging_mixin.py:190} INFO - [2026-05-13T12:20:56.548+0700] {dag.py:4180} INFO - Setting next_dagrun for example_external_task_marker_child to None, run_after=None
[2026-05-13T12:20:56.550+0700] {logging_mixin.py:190} INFO - [2026-05-13T12:20:56.550+0700] {dag.py:4180} INFO - Setting next_dagrun for example_external_task_marker_parent to None, run_after=None
[2026-05-13T12:20:56.558+0700] {processor.py:208} INFO - Processing /Users/najma/de_learning/bulan_2/airflow_project/venv_airflow/lib/python3.12/site-packages/airflow/example_dags/example_external_task_marker_dag.py took 0.087 seconds
[2026-05-13T12:23:48.658+0700] {processor.py:186} INFO - Started process (PID=8156) to work on /Users/najma/de_learning/bulan_2/airflow_project/venv_airflow/lib/python3.12/site-packages/airflow/example_dags/example_external_task_marker_dag.py
[2026-05-13T12:23:48.660+0700] {processor.py:914} INFO - Processing file /Users/najma/de_learning/bulan_2/airflow_project/venv_airflow/lib/python3.12/site-packages/airflow/example_dags/example_external_task_marker_dag.py for tasks to queue
[2026-05-13T12:23:48.660+0700] {logging_mixin.py:190} INFO - [2026-05-13T12:23:48.660+0700] {dagbag.py:588} INFO - Filling up the DagBag from /Users/najma/de_learning/bulan_2/airflow_project/venv_airflow/lib/python3.12/site-packages/airflow/example_dags/example_external_task_marker_dag.py
[2026-05-13T12:23:48.668+0700] {processor.py:925} INFO - DAG(s) 'example_external_task_marker_parent', 'example_external_task_marker_child' retrieved from /Users/najma/de_learning/bulan_2/airflow_project/venv_airflow/lib/python3.12/site-packages/airflow/example_dags/example_external_task_marker_dag.py
[2026-05-13T12:23:48.720+0700] {logging_mixin.py:190} INFO - [2026-05-13T12:23:48.720+0700] {workday.py:41} WARNING - Could not import pandas. Holidays will not be considered.
[2026-05-13T12:23:48.728+0700] {logging_mixin.py:190} INFO - [2026-05-13T12:23:48.728+0700] {dag.py:3239} INFO - Sync 2 DAGs
[2026-05-13T12:23:48.734+0700] {logging_mixin.py:190} INFO - [2026-05-13T12:23:48.734+0700] {dag.py:4180} INFO - Setting next_dagrun for example_external_task_marker_child to None, run_after=None
[2026-05-13T12:23:48.736+0700] {logging_mixin.py:190} INFO - [2026-05-13T12:23:48.736+0700] {dag.py:4180} INFO - Setting next_dagrun for example_external_task_marker_parent to None, run_after=None
[2026-05-13T12:23:48.744+0700] {processor.py:208} INFO - Processing /Users/najma/de_learning/bulan_2/airflow_project/venv_airflow/lib/python3.12/site-packages/airflow/example_dags/example_external_task_marker_dag.py took 0.087 seconds
