[2026-05-13T12:16:43.094+0700] {processor.py:186} INFO - Started process (PID=7454) to work on /Users/najma/de_learning/bulan_2/airflow_project/venv_airflow/lib/python3.12/site-packages/airflow/example_dags/example_bash_decorator.py
[2026-05-13T12:16:43.094+0700] {processor.py:914} INFO - Processing file /Users/najma/de_learning/bulan_2/airflow_project/venv_airflow/lib/python3.12/site-packages/airflow/example_dags/example_bash_decorator.py for tasks to queue
[2026-05-13T12:16:43.095+0700] {logging_mixin.py:190} INFO - [2026-05-13T12:16:43.095+0700] {dagbag.py:588} INFO - Filling up the DagBag from /Users/najma/de_learning/bulan_2/airflow_project/venv_airflow/lib/python3.12/site-packages/airflow/example_dags/example_bash_decorator.py
[2026-05-13T12:16:43.122+0700] {processor.py:925} INFO - DAG(s) 'example_bash_decorator' retrieved from /Users/najma/de_learning/bulan_2/airflow_project/venv_airflow/lib/python3.12/site-packages/airflow/example_dags/example_bash_decorator.py
[2026-05-13T12:16:43.227+0700] {logging_mixin.py:190} INFO - [2026-05-13T12:16:43.227+0700] {override.py:1911} INFO - Created Permission View: can read on DAG:example_bash_decorator
[2026-05-13T12:16:43.232+0700] {logging_mixin.py:190} INFO - [2026-05-13T12:16:43.232+0700] {override.py:1911} INFO - Created Permission View: can edit on DAG:example_bash_decorator
[2026-05-13T12:16:43.236+0700] {logging_mixin.py:190} INFO - [2026-05-13T12:16:43.236+0700] {override.py:1911} INFO - Created Permission View: can delete on DAG:example_bash_decorator
[2026-05-13T12:16:43.240+0700] {logging_mixin.py:190} INFO - [2026-05-13T12:16:43.240+0700] {override.py:1911} INFO - Created Permission View: can read on DAG Run:example_bash_decorator
[2026-05-13T12:16:43.243+0700] {logging_mixin.py:190} INFO - [2026-05-13T12:16:43.243+0700] {override.py:1911} INFO - Created Permission View: menu access on DAG Run:example_bash_decorator
[2026-05-13T12:16:43.246+0700] {logging_mixin.py:190} INFO - [2026-05-13T12:16:43.246+0700] {override.py:1911} INFO - Created Permission View: can delete on DAG Run:example_bash_decorator
[2026-05-13T12:16:43.249+0700] {logging_mixin.py:190} INFO - [2026-05-13T12:16:43.249+0700] {override.py:1911} INFO - Created Permission View: can create on DAG Run:example_bash_decorator
[2026-05-13T12:16:43.249+0700] {logging_mixin.py:190} INFO - [2026-05-13T12:16:43.249+0700] {dag.py:3239} INFO - Sync 1 DAGs
[2026-05-13T12:16:43.291+0700] {logging_mixin.py:190} INFO - [2026-05-13T12:16:43.290+0700] {dag.py:3262} INFO - Creating ORM DAG for example_bash_decorator
[2026-05-13T12:16:43.291+0700] {logging_mixin.py:190} INFO - [2026-05-13T12:16:43.291+0700] {dag.py:4180} INFO - Setting next_dagrun for example_bash_decorator to None, run_after=None
[2026-05-13T12:16:43.300+0700] {processor.py:208} INFO - Processing /Users/najma/de_learning/bulan_2/airflow_project/venv_airflow/lib/python3.12/site-packages/airflow/example_dags/example_bash_decorator.py took 0.209 seconds
[2026-05-13T12:19:35.278+0700] {processor.py:186} INFO - Started process (PID=7845) to work on /Users/najma/de_learning/bulan_2/airflow_project/venv_airflow/lib/python3.12/site-packages/airflow/example_dags/example_bash_decorator.py
[2026-05-13T12:19:35.279+0700] {processor.py:914} INFO - Processing file /Users/najma/de_learning/bulan_2/airflow_project/venv_airflow/lib/python3.12/site-packages/airflow/example_dags/example_bash_decorator.py for tasks to queue
[2026-05-13T12:19:35.279+0700] {logging_mixin.py:190} INFO - [2026-05-13T12:19:35.279+0700] {dagbag.py:588} INFO - Filling up the DagBag from /Users/najma/de_learning/bulan_2/airflow_project/venv_airflow/lib/python3.12/site-packages/airflow/example_dags/example_bash_decorator.py
[2026-05-13T12:19:35.310+0700] {processor.py:925} INFO - DAG(s) 'example_bash_decorator' retrieved from /Users/najma/de_learning/bulan_2/airflow_project/venv_airflow/lib/python3.12/site-packages/airflow/example_dags/example_bash_decorator.py
[2026-05-13T12:19:35.428+0700] {logging_mixin.py:190} INFO - [2026-05-13T12:19:35.428+0700] {dag.py:3239} INFO - Sync 1 DAGs
[2026-05-13T12:19:35.465+0700] {logging_mixin.py:190} INFO - [2026-05-13T12:19:35.465+0700] {dag.py:4180} INFO - Setting next_dagrun for example_bash_decorator to None, run_after=None
[2026-05-13T12:19:35.476+0700] {processor.py:208} INFO - Processing /Users/najma/de_learning/bulan_2/airflow_project/venv_airflow/lib/python3.12/site-packages/airflow/example_dags/example_bash_decorator.py took 0.199 seconds
[2026-05-13T12:22:25.770+0700] {processor.py:186} INFO - Started process (PID=8066) to work on /Users/najma/de_learning/bulan_2/airflow_project/venv_airflow/lib/python3.12/site-packages/airflow/example_dags/example_bash_decorator.py
[2026-05-13T12:22:25.773+0700] {processor.py:914} INFO - Processing file /Users/najma/de_learning/bulan_2/airflow_project/venv_airflow/lib/python3.12/site-packages/airflow/example_dags/example_bash_decorator.py for tasks to queue
[2026-05-13T12:22:25.774+0700] {logging_mixin.py:190} INFO - [2026-05-13T12:22:25.773+0700] {dagbag.py:588} INFO - Filling up the DagBag from /Users/najma/de_learning/bulan_2/airflow_project/venv_airflow/lib/python3.12/site-packages/airflow/example_dags/example_bash_decorator.py
[2026-05-13T12:22:25.801+0700] {processor.py:925} INFO - DAG(s) 'example_bash_decorator' retrieved from /Users/najma/de_learning/bulan_2/airflow_project/venv_airflow/lib/python3.12/site-packages/airflow/example_dags/example_bash_decorator.py
[2026-05-13T12:22:25.902+0700] {logging_mixin.py:190} INFO - [2026-05-13T12:22:25.901+0700] {dag.py:3239} INFO - Sync 1 DAGs
[2026-05-13T12:22:25.938+0700] {logging_mixin.py:190} INFO - [2026-05-13T12:22:25.937+0700] {dag.py:4180} INFO - Setting next_dagrun for example_bash_decorator to None, run_after=None
[2026-05-13T12:22:25.948+0700] {processor.py:208} INFO - Processing /Users/najma/de_learning/bulan_2/airflow_project/venv_airflow/lib/python3.12/site-packages/airflow/example_dags/example_bash_decorator.py took 0.179 seconds
