[2026-05-13T12:15:10.016+0700] {processor.py:186} INFO - Started process (PID=6590) to work on /Users/najma/de_learning/bulan_2/airflow_project/venv_airflow/lib/python3.12/site-packages/airflow/example_dags/example_trigger_controller_dag.py
[2026-05-13T12:15:10.017+0700] {processor.py:914} INFO - Processing file /Users/najma/de_learning/bulan_2/airflow_project/venv_airflow/lib/python3.12/site-packages/airflow/example_dags/example_trigger_controller_dag.py for tasks to queue
[2026-05-13T12:15:10.018+0700] {logging_mixin.py:190} INFO - [2026-05-13T12:15:10.017+0700] {dagbag.py:588} INFO - Filling up the DagBag from /Users/najma/de_learning/bulan_2/airflow_project/venv_airflow/lib/python3.12/site-packages/airflow/example_dags/example_trigger_controller_dag.py
[2026-05-13T12:15:10.025+0700] {processor.py:925} INFO - DAG(s) 'example_trigger_controller_dag' retrieved from /Users/najma/de_learning/bulan_2/airflow_project/venv_airflow/lib/python3.12/site-packages/airflow/example_dags/example_trigger_controller_dag.py
[2026-05-13T12:15:10.121+0700] {logging_mixin.py:190} INFO - [2026-05-13T12:15:10.120+0700] {override.py:1911} INFO - Created Permission View: can read on DAG:example_trigger_controller_dag
[2026-05-13T12:15:10.125+0700] {logging_mixin.py:190} INFO - [2026-05-13T12:15:10.125+0700] {override.py:1911} INFO - Created Permission View: can delete on DAG:example_trigger_controller_dag
[2026-05-13T12:15:10.128+0700] {logging_mixin.py:190} INFO - [2026-05-13T12:15:10.128+0700] {override.py:1911} INFO - Created Permission View: can edit on DAG:example_trigger_controller_dag
[2026-05-13T12:15:10.133+0700] {logging_mixin.py:190} INFO - [2026-05-13T12:15:10.132+0700] {override.py:1911} INFO - Created Permission View: can read on DAG Run:example_trigger_controller_dag
[2026-05-13T12:15:10.136+0700] {logging_mixin.py:190} INFO - [2026-05-13T12:15:10.135+0700] {override.py:1911} INFO - Created Permission View: can create on DAG Run:example_trigger_controller_dag
[2026-05-13T12:15:10.139+0700] {logging_mixin.py:190} INFO - [2026-05-13T12:15:10.138+0700] {override.py:1911} INFO - Created Permission View: menu access on DAG Run:example_trigger_controller_dag
[2026-05-13T12:15:10.141+0700] {logging_mixin.py:190} INFO - [2026-05-13T12:15:10.141+0700] {override.py:1911} INFO - Created Permission View: can delete on DAG Run:example_trigger_controller_dag
[2026-05-13T12:15:10.142+0700] {logging_mixin.py:190} INFO - [2026-05-13T12:15:10.141+0700] {dag.py:3239} INFO - Sync 1 DAGs
[2026-05-13T12:15:10.148+0700] {logging_mixin.py:190} INFO - [2026-05-13T12:15:10.148+0700] {dag.py:3262} INFO - Creating ORM DAG for example_trigger_controller_dag
[2026-05-13T12:15:10.152+0700] {logging_mixin.py:190} INFO - [2026-05-13T12:15:10.152+0700] {dag.py:4180} INFO - Setting next_dagrun for example_trigger_controller_dag to 2021-01-01 00:00:00+00:00, run_after=2021-01-01 00:00:00+00:00
[2026-05-13T12:15:10.160+0700] {processor.py:208} INFO - Processing /Users/najma/de_learning/bulan_2/airflow_project/venv_airflow/lib/python3.12/site-packages/airflow/example_dags/example_trigger_controller_dag.py took 0.146 seconds
[2026-05-13T12:17:14.655+0700] {processor.py:186} INFO - Started process (PID=7495) to work on /Users/najma/de_learning/bulan_2/airflow_project/venv_airflow/lib/python3.12/site-packages/airflow/example_dags/example_trigger_controller_dag.py
[2026-05-13T12:17:14.656+0700] {processor.py:914} INFO - Processing file /Users/najma/de_learning/bulan_2/airflow_project/venv_airflow/lib/python3.12/site-packages/airflow/example_dags/example_trigger_controller_dag.py for tasks to queue
[2026-05-13T12:17:14.657+0700] {logging_mixin.py:190} INFO - [2026-05-13T12:17:14.657+0700] {dagbag.py:588} INFO - Filling up the DagBag from /Users/najma/de_learning/bulan_2/airflow_project/venv_airflow/lib/python3.12/site-packages/airflow/example_dags/example_trigger_controller_dag.py
[2026-05-13T12:17:14.663+0700] {processor.py:925} INFO - DAG(s) 'example_trigger_controller_dag' retrieved from /Users/najma/de_learning/bulan_2/airflow_project/venv_airflow/lib/python3.12/site-packages/airflow/example_dags/example_trigger_controller_dag.py
[2026-05-13T12:17:14.712+0700] {logging_mixin.py:190} INFO - [2026-05-13T12:17:14.712+0700] {dag.py:3239} INFO - Sync 1 DAGs
[2026-05-13T12:17:14.721+0700] {logging_mixin.py:190} INFO - [2026-05-13T12:17:14.721+0700] {dag.py:4180} INFO - Setting next_dagrun for example_trigger_controller_dag to 2021-01-01 00:00:00+00:00, run_after=2021-01-01 00:00:00+00:00
[2026-05-13T12:17:14.730+0700] {processor.py:208} INFO - Processing /Users/najma/de_learning/bulan_2/airflow_project/venv_airflow/lib/python3.12/site-packages/airflow/example_dags/example_trigger_controller_dag.py took 0.077 seconds
[2026-05-13T12:18:41.486+0700] {processor.py:186} INFO - Started process (PID=7592) to work on /Users/najma/de_learning/bulan_2/airflow_project/venv_airflow/lib/python3.12/site-packages/airflow/example_dags/example_trigger_controller_dag.py
[2026-05-13T12:18:41.486+0700] {processor.py:914} INFO - Processing file /Users/najma/de_learning/bulan_2/airflow_project/venv_airflow/lib/python3.12/site-packages/airflow/example_dags/example_trigger_controller_dag.py for tasks to queue
[2026-05-13T12:18:41.487+0700] {logging_mixin.py:190} INFO - [2026-05-13T12:18:41.487+0700] {dagbag.py:588} INFO - Filling up the DagBag from /Users/najma/de_learning/bulan_2/airflow_project/venv_airflow/lib/python3.12/site-packages/airflow/example_dags/example_trigger_controller_dag.py
[2026-05-13T12:18:41.493+0700] {processor.py:925} INFO - DAG(s) 'example_trigger_controller_dag' retrieved from /Users/najma/de_learning/bulan_2/airflow_project/venv_airflow/lib/python3.12/site-packages/airflow/example_dags/example_trigger_controller_dag.py
[2026-05-13T12:18:41.542+0700] {logging_mixin.py:190} INFO - [2026-05-13T12:18:41.542+0700] {dag.py:3239} INFO - Sync 1 DAGs
[2026-05-13T12:18:41.552+0700] {logging_mixin.py:190} INFO - [2026-05-13T12:18:41.552+0700] {dag.py:4180} INFO - Setting next_dagrun for example_trigger_controller_dag to 2021-01-01 00:00:00+00:00, run_after=2021-01-01 00:00:00+00:00
[2026-05-13T12:18:41.562+0700] {processor.py:208} INFO - Processing /Users/najma/de_learning/bulan_2/airflow_project/venv_airflow/lib/python3.12/site-packages/airflow/example_dags/example_trigger_controller_dag.py took 0.078 seconds
[2026-05-13T12:20:10.137+0700] {processor.py:186} INFO - Started process (PID=7886) to work on /Users/najma/de_learning/bulan_2/airflow_project/venv_airflow/lib/python3.12/site-packages/airflow/example_dags/example_trigger_controller_dag.py
[2026-05-13T12:20:10.138+0700] {processor.py:914} INFO - Processing file /Users/najma/de_learning/bulan_2/airflow_project/venv_airflow/lib/python3.12/site-packages/airflow/example_dags/example_trigger_controller_dag.py for tasks to queue
[2026-05-13T12:20:10.139+0700] {logging_mixin.py:190} INFO - [2026-05-13T12:20:10.139+0700] {dagbag.py:588} INFO - Filling up the DagBag from /Users/najma/de_learning/bulan_2/airflow_project/venv_airflow/lib/python3.12/site-packages/airflow/example_dags/example_trigger_controller_dag.py
[2026-05-13T12:20:10.145+0700] {processor.py:925} INFO - DAG(s) 'example_trigger_controller_dag' retrieved from /Users/najma/de_learning/bulan_2/airflow_project/venv_airflow/lib/python3.12/site-packages/airflow/example_dags/example_trigger_controller_dag.py
[2026-05-13T12:20:10.194+0700] {logging_mixin.py:190} INFO - [2026-05-13T12:20:10.194+0700] {dag.py:3239} INFO - Sync 1 DAGs
[2026-05-13T12:20:10.203+0700] {logging_mixin.py:190} INFO - [2026-05-13T12:20:10.203+0700] {dag.py:4180} INFO - Setting next_dagrun for example_trigger_controller_dag to 2021-01-01 00:00:00+00:00, run_after=2021-01-01 00:00:00+00:00
[2026-05-13T12:20:10.213+0700] {processor.py:208} INFO - Processing /Users/najma/de_learning/bulan_2/airflow_project/venv_airflow/lib/python3.12/site-packages/airflow/example_dags/example_trigger_controller_dag.py took 0.078 seconds
[2026-05-13T12:21:34.893+0700] {processor.py:186} INFO - Started process (PID=7993) to work on /Users/najma/de_learning/bulan_2/airflow_project/venv_airflow/lib/python3.12/site-packages/airflow/example_dags/example_trigger_controller_dag.py
[2026-05-13T12:21:34.894+0700] {processor.py:914} INFO - Processing file /Users/najma/de_learning/bulan_2/airflow_project/venv_airflow/lib/python3.12/site-packages/airflow/example_dags/example_trigger_controller_dag.py for tasks to queue
[2026-05-13T12:21:34.895+0700] {logging_mixin.py:190} INFO - [2026-05-13T12:21:34.895+0700] {dagbag.py:588} INFO - Filling up the DagBag from /Users/najma/de_learning/bulan_2/airflow_project/venv_airflow/lib/python3.12/site-packages/airflow/example_dags/example_trigger_controller_dag.py
[2026-05-13T12:21:34.902+0700] {processor.py:925} INFO - DAG(s) 'example_trigger_controller_dag' retrieved from /Users/najma/de_learning/bulan_2/airflow_project/venv_airflow/lib/python3.12/site-packages/airflow/example_dags/example_trigger_controller_dag.py
[2026-05-13T12:21:34.951+0700] {logging_mixin.py:190} INFO - [2026-05-13T12:21:34.951+0700] {dag.py:3239} INFO - Sync 1 DAGs
[2026-05-13T12:21:34.960+0700] {logging_mixin.py:190} INFO - [2026-05-13T12:21:34.960+0700] {dag.py:4180} INFO - Setting next_dagrun for example_trigger_controller_dag to 2021-01-01 00:00:00+00:00, run_after=2021-01-01 00:00:00+00:00
[2026-05-13T12:21:34.970+0700] {processor.py:208} INFO - Processing /Users/najma/de_learning/bulan_2/airflow_project/venv_airflow/lib/python3.12/site-packages/airflow/example_dags/example_trigger_controller_dag.py took 0.079 seconds
[2026-05-13T12:23:00.071+0700] {processor.py:186} INFO - Started process (PID=8103) to work on /Users/najma/de_learning/bulan_2/airflow_project/venv_airflow/lib/python3.12/site-packages/airflow/example_dags/example_trigger_controller_dag.py
[2026-05-13T12:23:00.072+0700] {processor.py:914} INFO - Processing file /Users/najma/de_learning/bulan_2/airflow_project/venv_airflow/lib/python3.12/site-packages/airflow/example_dags/example_trigger_controller_dag.py for tasks to queue
[2026-05-13T12:23:00.073+0700] {logging_mixin.py:190} INFO - [2026-05-13T12:23:00.073+0700] {dagbag.py:588} INFO - Filling up the DagBag from /Users/najma/de_learning/bulan_2/airflow_project/venv_airflow/lib/python3.12/site-packages/airflow/example_dags/example_trigger_controller_dag.py
[2026-05-13T12:23:00.079+0700] {processor.py:925} INFO - DAG(s) 'example_trigger_controller_dag' retrieved from /Users/najma/de_learning/bulan_2/airflow_project/venv_airflow/lib/python3.12/site-packages/airflow/example_dags/example_trigger_controller_dag.py
[2026-05-13T12:23:00.128+0700] {logging_mixin.py:190} INFO - [2026-05-13T12:23:00.128+0700] {dag.py:3239} INFO - Sync 1 DAGs
[2026-05-13T12:23:00.137+0700] {logging_mixin.py:190} INFO - [2026-05-13T12:23:00.137+0700] {dag.py:4180} INFO - Setting next_dagrun for example_trigger_controller_dag to 2021-01-01 00:00:00+00:00, run_after=2021-01-01 00:00:00+00:00
[2026-05-13T12:23:00.147+0700] {processor.py:208} INFO - Processing /Users/najma/de_learning/bulan_2/airflow_project/venv_airflow/lib/python3.12/site-packages/airflow/example_dags/example_trigger_controller_dag.py took 0.077 seconds
[2026-05-13T12:24:25.352+0700] {processor.py:186} INFO - Started process (PID=8198) to work on /Users/najma/de_learning/bulan_2/airflow_project/venv_airflow/lib/python3.12/site-packages/airflow/example_dags/example_trigger_controller_dag.py
[2026-05-13T12:24:25.353+0700] {processor.py:914} INFO - Processing file /Users/najma/de_learning/bulan_2/airflow_project/venv_airflow/lib/python3.12/site-packages/airflow/example_dags/example_trigger_controller_dag.py for tasks to queue
[2026-05-13T12:24:25.354+0700] {logging_mixin.py:190} INFO - [2026-05-13T12:24:25.354+0700] {dagbag.py:588} INFO - Filling up the DagBag from /Users/najma/de_learning/bulan_2/airflow_project/venv_airflow/lib/python3.12/site-packages/airflow/example_dags/example_trigger_controller_dag.py
[2026-05-13T12:24:25.360+0700] {processor.py:925} INFO - DAG(s) 'example_trigger_controller_dag' retrieved from /Users/najma/de_learning/bulan_2/airflow_project/venv_airflow/lib/python3.12/site-packages/airflow/example_dags/example_trigger_controller_dag.py
[2026-05-13T12:24:25.408+0700] {logging_mixin.py:190} INFO - [2026-05-13T12:24:25.408+0700] {dag.py:3239} INFO - Sync 1 DAGs
[2026-05-13T12:24:25.417+0700] {logging_mixin.py:190} INFO - [2026-05-13T12:24:25.417+0700] {dag.py:4180} INFO - Setting next_dagrun for example_trigger_controller_dag to 2021-01-01 00:00:00+00:00, run_after=2021-01-01 00:00:00+00:00
[2026-05-13T12:24:25.427+0700] {processor.py:208} INFO - Processing /Users/najma/de_learning/bulan_2/airflow_project/venv_airflow/lib/python3.12/site-packages/airflow/example_dags/example_trigger_controller_dag.py took 0.078 seconds
