[2026-05-13T12:16:21.781+0700] {processor.py:186} INFO - Started process (PID=7426) to work on /Users/najma/de_learning/bulan_2/airflow_project/venv_airflow/lib/python3.12/site-packages/airflow/example_dags/example_dataset_alias.py
[2026-05-13T12:16:21.781+0700] {processor.py:914} INFO - Processing file /Users/najma/de_learning/bulan_2/airflow_project/venv_airflow/lib/python3.12/site-packages/airflow/example_dags/example_dataset_alias.py for tasks to queue
[2026-05-13T12:16:21.782+0700] {logging_mixin.py:190} INFO - [2026-05-13T12:16:21.782+0700] {dagbag.py:588} INFO - Filling up the DagBag from /Users/najma/de_learning/bulan_2/airflow_project/venv_airflow/lib/python3.12/site-packages/airflow/example_dags/example_dataset_alias.py
[2026-05-13T12:16:21.867+0700] {processor.py:925} INFO - DAG(s) 'dataset_s3_bucket_consumer', 'dataset_alias_example_alias_consumer', 'dataset_s3_bucket_producer', 'dataset_alias_example_alias_producer' retrieved from /Users/najma/de_learning/bulan_2/airflow_project/venv_airflow/lib/python3.12/site-packages/airflow/example_dags/example_dataset_alias.py
[2026-05-13T12:16:21.921+0700] {logging_mixin.py:190} INFO - [2026-05-13T12:16:21.921+0700] {override.py:1911} INFO - Created Permission View: can read on DAG:dataset_s3_bucket_consumer
[2026-05-13T12:16:21.926+0700] {logging_mixin.py:190} INFO - [2026-05-13T12:16:21.926+0700] {override.py:1911} INFO - Created Permission View: can edit on DAG:dataset_s3_bucket_consumer
[2026-05-13T12:16:21.929+0700] {logging_mixin.py:190} INFO - [2026-05-13T12:16:21.929+0700] {override.py:1911} INFO - Created Permission View: can delete on DAG:dataset_s3_bucket_consumer
[2026-05-13T12:16:21.933+0700] {logging_mixin.py:190} INFO - [2026-05-13T12:16:21.933+0700] {override.py:1911} INFO - Created Permission View: can read on DAG Run:dataset_s3_bucket_consumer
[2026-05-13T12:16:21.935+0700] {logging_mixin.py:190} INFO - [2026-05-13T12:16:21.935+0700] {override.py:1911} INFO - Created Permission View: can create on DAG Run:dataset_s3_bucket_consumer
[2026-05-13T12:16:21.938+0700] {logging_mixin.py:190} INFO - [2026-05-13T12:16:21.938+0700] {override.py:1911} INFO - Created Permission View: menu access on DAG Run:dataset_s3_bucket_consumer
[2026-05-13T12:16:21.941+0700] {logging_mixin.py:190} INFO - [2026-05-13T12:16:21.941+0700] {override.py:1911} INFO - Created Permission View: can delete on DAG Run:dataset_s3_bucket_consumer
[2026-05-13T12:16:21.947+0700] {logging_mixin.py:190} INFO - [2026-05-13T12:16:21.946+0700] {override.py:1911} INFO - Created Permission View: can read on DAG:dataset_alias_example_alias_consumer
[2026-05-13T12:16:21.949+0700] {logging_mixin.py:190} INFO - [2026-05-13T12:16:21.949+0700] {override.py:1911} INFO - Created Permission View: can edit on DAG:dataset_alias_example_alias_consumer
[2026-05-13T12:16:21.952+0700] {logging_mixin.py:190} INFO - [2026-05-13T12:16:21.952+0700] {override.py:1911} INFO - Created Permission View: can delete on DAG:dataset_alias_example_alias_consumer
[2026-05-13T12:16:21.956+0700] {logging_mixin.py:190} INFO - [2026-05-13T12:16:21.956+0700] {override.py:1911} INFO - Created Permission View: can read on DAG Run:dataset_alias_example_alias_consumer
[2026-05-13T12:16:21.959+0700] {logging_mixin.py:190} INFO - [2026-05-13T12:16:21.959+0700] {override.py:1911} INFO - Created Permission View: can create on DAG Run:dataset_alias_example_alias_consumer
[2026-05-13T12:16:21.962+0700] {logging_mixin.py:190} INFO - [2026-05-13T12:16:21.962+0700] {override.py:1911} INFO - Created Permission View: menu access on DAG Run:dataset_alias_example_alias_consumer
[2026-05-13T12:16:21.965+0700] {logging_mixin.py:190} INFO - [2026-05-13T12:16:21.965+0700] {override.py:1911} INFO - Created Permission View: can delete on DAG Run:dataset_alias_example_alias_consumer
[2026-05-13T12:16:21.970+0700] {logging_mixin.py:190} INFO - [2026-05-13T12:16:21.970+0700] {override.py:1911} INFO - Created Permission View: can read on DAG:dataset_s3_bucket_producer
[2026-05-13T12:16:21.973+0700] {logging_mixin.py:190} INFO - [2026-05-13T12:16:21.973+0700] {override.py:1911} INFO - Created Permission View: can edit on DAG:dataset_s3_bucket_producer
[2026-05-13T12:16:21.976+0700] {logging_mixin.py:190} INFO - [2026-05-13T12:16:21.976+0700] {override.py:1911} INFO - Created Permission View: can delete on DAG:dataset_s3_bucket_producer
[2026-05-13T12:16:21.979+0700] {logging_mixin.py:190} INFO - [2026-05-13T12:16:21.979+0700] {override.py:1911} INFO - Created Permission View: can read on DAG Run:dataset_s3_bucket_producer
[2026-05-13T12:16:21.982+0700] {logging_mixin.py:190} INFO - [2026-05-13T12:16:21.982+0700] {override.py:1911} INFO - Created Permission View: can create on DAG Run:dataset_s3_bucket_producer
[2026-05-13T12:16:21.985+0700] {logging_mixin.py:190} INFO - [2026-05-13T12:16:21.984+0700] {override.py:1911} INFO - Created Permission View: menu access on DAG Run:dataset_s3_bucket_producer
[2026-05-13T12:16:21.987+0700] {logging_mixin.py:190} INFO - [2026-05-13T12:16:21.987+0700] {override.py:1911} INFO - Created Permission View: can delete on DAG Run:dataset_s3_bucket_producer
[2026-05-13T12:16:21.994+0700] {logging_mixin.py:190} INFO - [2026-05-13T12:16:21.994+0700] {override.py:1911} INFO - Created Permission View: can read on DAG:dataset_alias_example_alias_producer
[2026-05-13T12:16:21.996+0700] {logging_mixin.py:190} INFO - [2026-05-13T12:16:21.996+0700] {override.py:1911} INFO - Created Permission View: can edit on DAG:dataset_alias_example_alias_producer
[2026-05-13T12:16:21.999+0700] {logging_mixin.py:190} INFO - [2026-05-13T12:16:21.999+0700] {override.py:1911} INFO - Created Permission View: can delete on DAG:dataset_alias_example_alias_producer
[2026-05-13T12:16:22.003+0700] {logging_mixin.py:190} INFO - [2026-05-13T12:16:22.002+0700] {override.py:1911} INFO - Created Permission View: can read on DAG Run:dataset_alias_example_alias_producer
[2026-05-13T12:16:22.036+0700] {logging_mixin.py:190} INFO - [2026-05-13T12:16:22.036+0700] {override.py:1911} INFO - Created Permission View: can create on DAG Run:dataset_alias_example_alias_producer
[2026-05-13T12:16:22.039+0700] {logging_mixin.py:190} INFO - [2026-05-13T12:16:22.039+0700] {override.py:1911} INFO - Created Permission View: menu access on DAG Run:dataset_alias_example_alias_producer
[2026-05-13T12:16:22.042+0700] {logging_mixin.py:190} INFO - [2026-05-13T12:16:22.042+0700] {override.py:1911} INFO - Created Permission View: can delete on DAG Run:dataset_alias_example_alias_producer
[2026-05-13T12:16:22.042+0700] {logging_mixin.py:190} INFO - [2026-05-13T12:16:22.042+0700] {dag.py:3239} INFO - Sync 4 DAGs
[2026-05-13T12:16:22.048+0700] {logging_mixin.py:190} INFO - [2026-05-13T12:16:22.048+0700] {dag.py:3262} INFO - Creating ORM DAG for dataset_s3_bucket_producer
[2026-05-13T12:16:22.049+0700] {logging_mixin.py:190} INFO - [2026-05-13T12:16:22.049+0700] {dag.py:3262} INFO - Creating ORM DAG for dataset_alias_example_alias_consumer
[2026-05-13T12:16:22.049+0700] {logging_mixin.py:190} INFO - [2026-05-13T12:16:22.049+0700] {dag.py:3262} INFO - Creating ORM DAG for dataset_s3_bucket_consumer
[2026-05-13T12:16:22.049+0700] {logging_mixin.py:190} INFO - [2026-05-13T12:16:22.049+0700] {dag.py:3262} INFO - Creating ORM DAG for dataset_alias_example_alias_producer
[2026-05-13T12:16:22.053+0700] {logging_mixin.py:190} INFO - [2026-05-13T12:16:22.053+0700] {dag.py:4180} INFO - Setting next_dagrun for dataset_alias_example_alias_consumer to None, run_after=None
[2026-05-13T12:16:22.053+0700] {logging_mixin.py:190} INFO - [2026-05-13T12:16:22.053+0700] {dag.py:4180} INFO - Setting next_dagrun for dataset_alias_example_alias_producer to None, run_after=None
[2026-05-13T12:16:22.054+0700] {logging_mixin.py:190} INFO - [2026-05-13T12:16:22.054+0700] {dag.py:4180} INFO - Setting next_dagrun for dataset_s3_bucket_consumer to None, run_after=None
[2026-05-13T12:16:22.054+0700] {logging_mixin.py:190} INFO - [2026-05-13T12:16:22.054+0700] {dag.py:4180} INFO - Setting next_dagrun for dataset_s3_bucket_producer to None, run_after=None
[2026-05-13T12:16:22.061+0700] {logging_mixin.py:190} INFO - [2026-05-13T12:16:22.061+0700] {workday.py:41} WARNING - Could not import pandas. Holidays will not be considered.
[2026-05-13T12:16:22.072+0700] {processor.py:208} INFO - Processing /Users/najma/de_learning/bulan_2/airflow_project/venv_airflow/lib/python3.12/site-packages/airflow/example_dags/example_dataset_alias.py took 0.293 seconds
[2026-05-13T12:19:13.956+0700] {processor.py:186} INFO - Started process (PID=7819) to work on /Users/najma/de_learning/bulan_2/airflow_project/venv_airflow/lib/python3.12/site-packages/airflow/example_dags/example_dataset_alias.py
[2026-05-13T12:19:13.956+0700] {processor.py:914} INFO - Processing file /Users/najma/de_learning/bulan_2/airflow_project/venv_airflow/lib/python3.12/site-packages/airflow/example_dags/example_dataset_alias.py for tasks to queue
[2026-05-13T12:19:13.957+0700] {logging_mixin.py:190} INFO - [2026-05-13T12:19:13.957+0700] {dagbag.py:588} INFO - Filling up the DagBag from /Users/najma/de_learning/bulan_2/airflow_project/venv_airflow/lib/python3.12/site-packages/airflow/example_dags/example_dataset_alias.py
[2026-05-13T12:19:14.045+0700] {processor.py:925} INFO - DAG(s) 'dataset_alias_example_alias_consumer', 'dataset_s3_bucket_consumer', 'dataset_s3_bucket_producer', 'dataset_alias_example_alias_producer' retrieved from /Users/najma/de_learning/bulan_2/airflow_project/venv_airflow/lib/python3.12/site-packages/airflow/example_dags/example_dataset_alias.py
[2026-05-13T12:19:14.057+0700] {logging_mixin.py:190} INFO - [2026-05-13T12:19:14.057+0700] {dag.py:3239} INFO - Sync 4 DAGs
[2026-05-13T12:19:14.066+0700] {logging_mixin.py:190} INFO - [2026-05-13T12:19:14.066+0700] {dag.py:4180} INFO - Setting next_dagrun for dataset_alias_example_alias_consumer to None, run_after=None
[2026-05-13T12:19:14.068+0700] {logging_mixin.py:190} INFO - [2026-05-13T12:19:14.068+0700] {dag.py:4180} INFO - Setting next_dagrun for dataset_alias_example_alias_producer to None, run_after=None
[2026-05-13T12:19:14.069+0700] {logging_mixin.py:190} INFO - [2026-05-13T12:19:14.069+0700] {dag.py:4180} INFO - Setting next_dagrun for dataset_s3_bucket_consumer to None, run_after=None
[2026-05-13T12:19:14.069+0700] {logging_mixin.py:190} INFO - [2026-05-13T12:19:14.069+0700] {dag.py:4180} INFO - Setting next_dagrun for dataset_s3_bucket_producer to None, run_after=None
[2026-05-13T12:19:14.080+0700] {processor.py:208} INFO - Processing /Users/najma/de_learning/bulan_2/airflow_project/venv_airflow/lib/python3.12/site-packages/airflow/example_dags/example_dataset_alias.py took 0.126 seconds
[2026-05-13T12:22:05.156+0700] {processor.py:186} INFO - Started process (PID=8029) to work on /Users/najma/de_learning/bulan_2/airflow_project/venv_airflow/lib/python3.12/site-packages/airflow/example_dags/example_dataset_alias.py
[2026-05-13T12:22:05.158+0700] {processor.py:914} INFO - Processing file /Users/najma/de_learning/bulan_2/airflow_project/venv_airflow/lib/python3.12/site-packages/airflow/example_dags/example_dataset_alias.py for tasks to queue
[2026-05-13T12:22:05.158+0700] {logging_mixin.py:190} INFO - [2026-05-13T12:22:05.158+0700] {dagbag.py:588} INFO - Filling up the DagBag from /Users/najma/de_learning/bulan_2/airflow_project/venv_airflow/lib/python3.12/site-packages/airflow/example_dags/example_dataset_alias.py
[2026-05-13T12:22:05.244+0700] {processor.py:925} INFO - DAG(s) 'dataset_s3_bucket_producer', 'dataset_alias_example_alias_producer', 'dataset_alias_example_alias_consumer', 'dataset_s3_bucket_consumer' retrieved from /Users/najma/de_learning/bulan_2/airflow_project/venv_airflow/lib/python3.12/site-packages/airflow/example_dags/example_dataset_alias.py
[2026-05-13T12:22:05.256+0700] {logging_mixin.py:190} INFO - [2026-05-13T12:22:05.256+0700] {dag.py:3239} INFO - Sync 4 DAGs
[2026-05-13T12:22:05.265+0700] {logging_mixin.py:190} INFO - [2026-05-13T12:22:05.265+0700] {dag.py:4180} INFO - Setting next_dagrun for dataset_alias_example_alias_consumer to None, run_after=None
[2026-05-13T12:22:05.267+0700] {logging_mixin.py:190} INFO - [2026-05-13T12:22:05.267+0700] {dag.py:4180} INFO - Setting next_dagrun for dataset_alias_example_alias_producer to None, run_after=None
[2026-05-13T12:22:05.268+0700] {logging_mixin.py:190} INFO - [2026-05-13T12:22:05.268+0700] {dag.py:4180} INFO - Setting next_dagrun for dataset_s3_bucket_consumer to None, run_after=None
[2026-05-13T12:22:05.268+0700] {logging_mixin.py:190} INFO - [2026-05-13T12:22:05.268+0700] {dag.py:4180} INFO - Setting next_dagrun for dataset_s3_bucket_producer to None, run_after=None
[2026-05-13T12:22:05.279+0700] {processor.py:208} INFO - Processing /Users/najma/de_learning/bulan_2/airflow_project/venv_airflow/lib/python3.12/site-packages/airflow/example_dags/example_dataset_alias.py took 0.124 seconds
