[2026-05-13T12:16:40.798+0700] {processor.py:186} INFO - Started process (PID=7452) to work on /Users/najma/de_learning/bulan_2/airflow_project/venv_airflow/lib/python3.12/site-packages/airflow/example_dags/example_bash_operator.py
[2026-05-13T12:16:40.799+0700] {processor.py:914} INFO - Processing file /Users/najma/de_learning/bulan_2/airflow_project/venv_airflow/lib/python3.12/site-packages/airflow/example_dags/example_bash_operator.py for tasks to queue
[2026-05-13T12:16:40.799+0700] {logging_mixin.py:190} INFO - [2026-05-13T12:16:40.799+0700] {dagbag.py:588} INFO - Filling up the DagBag from /Users/najma/de_learning/bulan_2/airflow_project/venv_airflow/lib/python3.12/site-packages/airflow/example_dags/example_bash_operator.py
[2026-05-13T12:16:40.807+0700] {processor.py:925} INFO - DAG(s) 'example_bash_operator' retrieved from /Users/najma/de_learning/bulan_2/airflow_project/venv_airflow/lib/python3.12/site-packages/airflow/example_dags/example_bash_operator.py
[2026-05-13T12:16:40.915+0700] {logging_mixin.py:190} INFO - [2026-05-13T12:16:40.915+0700] {override.py:1911} INFO - Created Permission View: can delete on DAG:example_bash_operator
[2026-05-13T12:16:40.920+0700] {logging_mixin.py:190} INFO - [2026-05-13T12:16:40.920+0700] {override.py:1911} INFO - Created Permission View: can read on DAG:example_bash_operator
[2026-05-13T12:16:40.923+0700] {logging_mixin.py:190} INFO - [2026-05-13T12:16:40.923+0700] {override.py:1911} INFO - Created Permission View: can edit on DAG:example_bash_operator
[2026-05-13T12:16:40.927+0700] {logging_mixin.py:190} INFO - [2026-05-13T12:16:40.927+0700] {override.py:1911} INFO - Created Permission View: can delete on DAG Run:example_bash_operator
[2026-05-13T12:16:40.930+0700] {logging_mixin.py:190} INFO - [2026-05-13T12:16:40.930+0700] {override.py:1911} INFO - Created Permission View: menu access on DAG Run:example_bash_operator
[2026-05-13T12:16:40.933+0700] {logging_mixin.py:190} INFO - [2026-05-13T12:16:40.933+0700] {override.py:1911} INFO - Created Permission View: can read on DAG Run:example_bash_operator
[2026-05-13T12:16:40.936+0700] {logging_mixin.py:190} INFO - [2026-05-13T12:16:40.936+0700] {override.py:1911} INFO - Created Permission View: can create on DAG Run:example_bash_operator
[2026-05-13T12:16:40.937+0700] {logging_mixin.py:190} INFO - [2026-05-13T12:16:40.937+0700] {dag.py:3239} INFO - Sync 1 DAGs
[2026-05-13T12:16:40.943+0700] {logging_mixin.py:190} INFO - [2026-05-13T12:16:40.943+0700] {dag.py:3262} INFO - Creating ORM DAG for example_bash_operator
[2026-05-13T12:16:40.948+0700] {logging_mixin.py:190} INFO - [2026-05-13T12:16:40.947+0700] {dag.py:4180} INFO - Setting next_dagrun for example_bash_operator to 2026-05-12 00:00:00+00:00, run_after=2026-05-13 00:00:00+00:00
[2026-05-13T12:16:40.956+0700] {processor.py:208} INFO - Processing /Users/najma/de_learning/bulan_2/airflow_project/venv_airflow/lib/python3.12/site-packages/airflow/example_dags/example_bash_operator.py took 0.160 seconds
[2026-05-13T12:19:33.447+0700] {processor.py:186} INFO - Started process (PID=7843) to work on /Users/najma/de_learning/bulan_2/airflow_project/venv_airflow/lib/python3.12/site-packages/airflow/example_dags/example_bash_operator.py
[2026-05-13T12:19:33.448+0700] {processor.py:914} INFO - Processing file /Users/najma/de_learning/bulan_2/airflow_project/venv_airflow/lib/python3.12/site-packages/airflow/example_dags/example_bash_operator.py for tasks to queue
[2026-05-13T12:19:33.449+0700] {logging_mixin.py:190} INFO - [2026-05-13T12:19:33.448+0700] {dagbag.py:588} INFO - Filling up the DagBag from /Users/najma/de_learning/bulan_2/airflow_project/venv_airflow/lib/python3.12/site-packages/airflow/example_dags/example_bash_operator.py
[2026-05-13T12:19:33.456+0700] {processor.py:925} INFO - DAG(s) 'example_bash_operator' retrieved from /Users/najma/de_learning/bulan_2/airflow_project/venv_airflow/lib/python3.12/site-packages/airflow/example_dags/example_bash_operator.py
[2026-05-13T12:19:33.511+0700] {logging_mixin.py:190} INFO - [2026-05-13T12:19:33.511+0700] {dag.py:3239} INFO - Sync 1 DAGs
[2026-05-13T12:19:33.522+0700] {logging_mixin.py:190} INFO - [2026-05-13T12:19:33.522+0700] {dag.py:4180} INFO - Setting next_dagrun for example_bash_operator to 2026-05-12 00:00:00+00:00, run_after=2026-05-13 00:00:00+00:00
[2026-05-13T12:19:33.531+0700] {processor.py:208} INFO - Processing /Users/najma/de_learning/bulan_2/airflow_project/venv_airflow/lib/python3.12/site-packages/airflow/example_dags/example_bash_operator.py took 0.086 seconds
[2026-05-13T12:22:24.036+0700] {processor.py:186} INFO - Started process (PID=8064) to work on /Users/najma/de_learning/bulan_2/airflow_project/venv_airflow/lib/python3.12/site-packages/airflow/example_dags/example_bash_operator.py
[2026-05-13T12:22:24.037+0700] {processor.py:914} INFO - Processing file /Users/najma/de_learning/bulan_2/airflow_project/venv_airflow/lib/python3.12/site-packages/airflow/example_dags/example_bash_operator.py for tasks to queue
[2026-05-13T12:22:24.038+0700] {logging_mixin.py:190} INFO - [2026-05-13T12:22:24.038+0700] {dagbag.py:588} INFO - Filling up the DagBag from /Users/najma/de_learning/bulan_2/airflow_project/venv_airflow/lib/python3.12/site-packages/airflow/example_dags/example_bash_operator.py
[2026-05-13T12:22:24.045+0700] {processor.py:925} INFO - DAG(s) 'example_bash_operator' retrieved from /Users/najma/de_learning/bulan_2/airflow_project/venv_airflow/lib/python3.12/site-packages/airflow/example_dags/example_bash_operator.py
[2026-05-13T12:22:24.100+0700] {logging_mixin.py:190} INFO - [2026-05-13T12:22:24.100+0700] {dag.py:3239} INFO - Sync 1 DAGs
[2026-05-13T12:22:24.111+0700] {logging_mixin.py:190} INFO - [2026-05-13T12:22:24.111+0700] {dag.py:4180} INFO - Setting next_dagrun for example_bash_operator to 2026-05-12 00:00:00+00:00, run_after=2026-05-13 00:00:00+00:00
[2026-05-13T12:22:24.121+0700] {processor.py:208} INFO - Processing /Users/najma/de_learning/bulan_2/airflow_project/venv_airflow/lib/python3.12/site-packages/airflow/example_dags/example_bash_operator.py took 0.086 seconds
