[2026-05-13T12:15:20.240+0700] {processor.py:186} INFO - Started process (PID=6601) to work on /Users/najma/de_learning/bulan_2/airflow_project/venv_airflow/lib/python3.12/site-packages/airflow/example_dags/example_sla_dag.py
[2026-05-13T12:15:20.240+0700] {processor.py:914} INFO - Processing file /Users/najma/de_learning/bulan_2/airflow_project/venv_airflow/lib/python3.12/site-packages/airflow/example_dags/example_sla_dag.py for tasks to queue
[2026-05-13T12:15:20.241+0700] {logging_mixin.py:190} INFO - [2026-05-13T12:15:20.241+0700] {dagbag.py:588} INFO - Filling up the DagBag from /Users/najma/de_learning/bulan_2/airflow_project/venv_airflow/lib/python3.12/site-packages/airflow/example_dags/example_sla_dag.py
[2026-05-13T12:15:20.264+0700] {processor.py:925} INFO - DAG(s) 'example_sla_dag' retrieved from /Users/najma/de_learning/bulan_2/airflow_project/venv_airflow/lib/python3.12/site-packages/airflow/example_dags/example_sla_dag.py
[2026-05-13T12:15:20.360+0700] {logging_mixin.py:190} INFO - [2026-05-13T12:15:20.360+0700] {override.py:1911} INFO - Created Permission View: can read on DAG:example_sla_dag
[2026-05-13T12:15:20.365+0700] {logging_mixin.py:190} INFO - [2026-05-13T12:15:20.365+0700] {override.py:1911} INFO - Created Permission View: can edit on DAG:example_sla_dag
[2026-05-13T12:15:20.368+0700] {logging_mixin.py:190} INFO - [2026-05-13T12:15:20.368+0700] {override.py:1911} INFO - Created Permission View: can delete on DAG:example_sla_dag
[2026-05-13T12:15:20.372+0700] {logging_mixin.py:190} INFO - [2026-05-13T12:15:20.372+0700] {override.py:1911} INFO - Created Permission View: can read on DAG Run:example_sla_dag
[2026-05-13T12:15:20.375+0700] {logging_mixin.py:190} INFO - [2026-05-13T12:15:20.375+0700] {override.py:1911} INFO - Created Permission View: can create on DAG Run:example_sla_dag
[2026-05-13T12:15:20.378+0700] {logging_mixin.py:190} INFO - [2026-05-13T12:15:20.378+0700] {override.py:1911} INFO - Created Permission View: can delete on DAG Run:example_sla_dag
[2026-05-13T12:15:20.380+0700] {logging_mixin.py:190} INFO - [2026-05-13T12:15:20.380+0700] {override.py:1911} INFO - Created Permission View: menu access on DAG Run:example_sla_dag
[2026-05-13T12:15:20.381+0700] {logging_mixin.py:190} INFO - [2026-05-13T12:15:20.380+0700] {dag.py:3239} INFO - Sync 1 DAGs
[2026-05-13T12:15:20.387+0700] {logging_mixin.py:190} INFO - [2026-05-13T12:15:20.387+0700] {dag.py:3262} INFO - Creating ORM DAG for example_sla_dag
[2026-05-13T12:15:20.425+0700] {logging_mixin.py:190} INFO - [2026-05-13T12:15:20.425+0700] {dag.py:4180} INFO - Setting next_dagrun for example_sla_dag to 2026-05-13 05:12:00+00:00, run_after=2026-05-13 05:14:00+00:00
[2026-05-13T12:15:20.433+0700] {processor.py:208} INFO - Processing /Users/najma/de_learning/bulan_2/airflow_project/venv_airflow/lib/python3.12/site-packages/airflow/example_dags/example_sla_dag.py took 0.195 seconds
[2026-05-13T12:17:25.163+0700] {processor.py:186} INFO - Started process (PID=7508) to work on /Users/najma/de_learning/bulan_2/airflow_project/venv_airflow/lib/python3.12/site-packages/airflow/example_dags/example_sla_dag.py
[2026-05-13T12:17:25.165+0700] {processor.py:914} INFO - Processing file /Users/najma/de_learning/bulan_2/airflow_project/venv_airflow/lib/python3.12/site-packages/airflow/example_dags/example_sla_dag.py for tasks to queue
[2026-05-13T12:17:25.165+0700] {logging_mixin.py:190} INFO - [2026-05-13T12:17:25.165+0700] {dagbag.py:588} INFO - Filling up the DagBag from /Users/najma/de_learning/bulan_2/airflow_project/venv_airflow/lib/python3.12/site-packages/airflow/example_dags/example_sla_dag.py
[2026-05-13T12:17:25.189+0700] {processor.py:925} INFO - DAG(s) 'example_sla_dag' retrieved from /Users/najma/de_learning/bulan_2/airflow_project/venv_airflow/lib/python3.12/site-packages/airflow/example_dags/example_sla_dag.py
[2026-05-13T12:17:25.239+0700] {logging_mixin.py:190} INFO - [2026-05-13T12:17:25.239+0700] {dag.py:3239} INFO - Sync 1 DAGs
[2026-05-13T12:17:25.250+0700] {logging_mixin.py:190} INFO - [2026-05-13T12:17:25.250+0700] {dag.py:4180} INFO - Setting next_dagrun for example_sla_dag to 2026-05-13 05:14:00+00:00, run_after=2026-05-13 05:16:00+00:00
[2026-05-13T12:17:25.259+0700] {processor.py:208} INFO - Processing /Users/najma/de_learning/bulan_2/airflow_project/venv_airflow/lib/python3.12/site-packages/airflow/example_dags/example_sla_dag.py took 0.098 seconds
[2026-05-13T12:18:52.031+0700] {processor.py:186} INFO - Started process (PID=7603) to work on /Users/najma/de_learning/bulan_2/airflow_project/venv_airflow/lib/python3.12/site-packages/airflow/example_dags/example_sla_dag.py
[2026-05-13T12:18:52.032+0700] {processor.py:914} INFO - Processing file /Users/najma/de_learning/bulan_2/airflow_project/venv_airflow/lib/python3.12/site-packages/airflow/example_dags/example_sla_dag.py for tasks to queue
[2026-05-13T12:18:52.032+0700] {logging_mixin.py:190} INFO - [2026-05-13T12:18:52.032+0700] {dagbag.py:588} INFO - Filling up the DagBag from /Users/najma/de_learning/bulan_2/airflow_project/venv_airflow/lib/python3.12/site-packages/airflow/example_dags/example_sla_dag.py
[2026-05-13T12:18:52.056+0700] {processor.py:925} INFO - DAG(s) 'example_sla_dag' retrieved from /Users/najma/de_learning/bulan_2/airflow_project/venv_airflow/lib/python3.12/site-packages/airflow/example_dags/example_sla_dag.py
[2026-05-13T12:18:52.106+0700] {logging_mixin.py:190} INFO - [2026-05-13T12:18:52.106+0700] {dag.py:3239} INFO - Sync 1 DAGs
[2026-05-13T12:18:52.117+0700] {logging_mixin.py:190} INFO - [2026-05-13T12:18:52.117+0700] {dag.py:4180} INFO - Setting next_dagrun for example_sla_dag to 2026-05-13 05:16:00+00:00, run_after=2026-05-13 05:18:00+00:00
[2026-05-13T12:18:52.126+0700] {processor.py:208} INFO - Processing /Users/najma/de_learning/bulan_2/airflow_project/venv_airflow/lib/python3.12/site-packages/airflow/example_dags/example_sla_dag.py took 0.098 seconds
[2026-05-13T12:20:18.071+0700] {processor.py:186} INFO - Started process (PID=7898) to work on /Users/najma/de_learning/bulan_2/airflow_project/venv_airflow/lib/python3.12/site-packages/airflow/example_dags/example_sla_dag.py
[2026-05-13T12:20:18.073+0700] {processor.py:914} INFO - Processing file /Users/najma/de_learning/bulan_2/airflow_project/venv_airflow/lib/python3.12/site-packages/airflow/example_dags/example_sla_dag.py for tasks to queue
[2026-05-13T12:20:18.073+0700] {logging_mixin.py:190} INFO - [2026-05-13T12:20:18.073+0700] {dagbag.py:588} INFO - Filling up the DagBag from /Users/najma/de_learning/bulan_2/airflow_project/venv_airflow/lib/python3.12/site-packages/airflow/example_dags/example_sla_dag.py
[2026-05-13T12:20:18.096+0700] {processor.py:925} INFO - DAG(s) 'example_sla_dag' retrieved from /Users/najma/de_learning/bulan_2/airflow_project/venv_airflow/lib/python3.12/site-packages/airflow/example_dags/example_sla_dag.py
[2026-05-13T12:20:18.146+0700] {logging_mixin.py:190} INFO - [2026-05-13T12:20:18.146+0700] {dag.py:3239} INFO - Sync 1 DAGs
[2026-05-13T12:20:18.157+0700] {logging_mixin.py:190} INFO - [2026-05-13T12:20:18.157+0700] {dag.py:4180} INFO - Setting next_dagrun for example_sla_dag to 2026-05-13 05:18:00+00:00, run_after=2026-05-13 05:20:00+00:00
[2026-05-13T12:20:18.167+0700] {processor.py:208} INFO - Processing /Users/najma/de_learning/bulan_2/airflow_project/venv_airflow/lib/python3.12/site-packages/airflow/example_dags/example_sla_dag.py took 0.097 seconds
[2026-05-13T12:21:45.041+0700] {processor.py:186} INFO - Started process (PID=8006) to work on /Users/najma/de_learning/bulan_2/airflow_project/venv_airflow/lib/python3.12/site-packages/airflow/example_dags/example_sla_dag.py
[2026-05-13T12:21:45.043+0700] {processor.py:914} INFO - Processing file /Users/najma/de_learning/bulan_2/airflow_project/venv_airflow/lib/python3.12/site-packages/airflow/example_dags/example_sla_dag.py for tasks to queue
[2026-05-13T12:21:45.044+0700] {logging_mixin.py:190} INFO - [2026-05-13T12:21:45.044+0700] {dagbag.py:588} INFO - Filling up the DagBag from /Users/najma/de_learning/bulan_2/airflow_project/venv_airflow/lib/python3.12/site-packages/airflow/example_dags/example_sla_dag.py
[2026-05-13T12:21:45.067+0700] {processor.py:925} INFO - DAG(s) 'example_sla_dag' retrieved from /Users/najma/de_learning/bulan_2/airflow_project/venv_airflow/lib/python3.12/site-packages/airflow/example_dags/example_sla_dag.py
[2026-05-13T12:21:45.117+0700] {logging_mixin.py:190} INFO - [2026-05-13T12:21:45.117+0700] {dag.py:3239} INFO - Sync 1 DAGs
[2026-05-13T12:21:45.128+0700] {logging_mixin.py:190} INFO - [2026-05-13T12:21:45.128+0700] {dag.py:4180} INFO - Setting next_dagrun for example_sla_dag to 2026-05-13 05:18:00+00:00, run_after=2026-05-13 05:20:00+00:00
[2026-05-13T12:21:45.137+0700] {processor.py:208} INFO - Processing /Users/najma/de_learning/bulan_2/airflow_project/venv_airflow/lib/python3.12/site-packages/airflow/example_dags/example_sla_dag.py took 0.098 seconds
[2026-05-13T12:23:10.238+0700] {processor.py:186} INFO - Started process (PID=8113) to work on /Users/najma/de_learning/bulan_2/airflow_project/venv_airflow/lib/python3.12/site-packages/airflow/example_dags/example_sla_dag.py
[2026-05-13T12:23:10.238+0700] {processor.py:914} INFO - Processing file /Users/najma/de_learning/bulan_2/airflow_project/venv_airflow/lib/python3.12/site-packages/airflow/example_dags/example_sla_dag.py for tasks to queue
[2026-05-13T12:23:10.239+0700] {logging_mixin.py:190} INFO - [2026-05-13T12:23:10.239+0700] {dagbag.py:588} INFO - Filling up the DagBag from /Users/najma/de_learning/bulan_2/airflow_project/venv_airflow/lib/python3.12/site-packages/airflow/example_dags/example_sla_dag.py
[2026-05-13T12:23:10.262+0700] {processor.py:925} INFO - DAG(s) 'example_sla_dag' retrieved from /Users/najma/de_learning/bulan_2/airflow_project/venv_airflow/lib/python3.12/site-packages/airflow/example_dags/example_sla_dag.py
[2026-05-13T12:23:10.312+0700] {logging_mixin.py:190} INFO - [2026-05-13T12:23:10.312+0700] {dag.py:3239} INFO - Sync 1 DAGs
[2026-05-13T12:23:10.323+0700] {logging_mixin.py:190} INFO - [2026-05-13T12:23:10.323+0700] {dag.py:4180} INFO - Setting next_dagrun for example_sla_dag to 2026-05-13 05:20:00+00:00, run_after=2026-05-13 05:22:00+00:00
[2026-05-13T12:23:10.332+0700] {processor.py:208} INFO - Processing /Users/najma/de_learning/bulan_2/airflow_project/venv_airflow/lib/python3.12/site-packages/airflow/example_dags/example_sla_dag.py took 0.097 seconds
[2026-05-13T12:24:34.354+0700] {processor.py:186} INFO - Started process (PID=8208) to work on /Users/najma/de_learning/bulan_2/airflow_project/venv_airflow/lib/python3.12/site-packages/airflow/example_dags/example_sla_dag.py
[2026-05-13T12:24:34.355+0700] {processor.py:914} INFO - Processing file /Users/najma/de_learning/bulan_2/airflow_project/venv_airflow/lib/python3.12/site-packages/airflow/example_dags/example_sla_dag.py for tasks to queue
[2026-05-13T12:24:34.355+0700] {logging_mixin.py:190} INFO - [2026-05-13T12:24:34.355+0700] {dagbag.py:588} INFO - Filling up the DagBag from /Users/najma/de_learning/bulan_2/airflow_project/venv_airflow/lib/python3.12/site-packages/airflow/example_dags/example_sla_dag.py
[2026-05-13T12:24:34.378+0700] {processor.py:925} INFO - DAG(s) 'example_sla_dag' retrieved from /Users/najma/de_learning/bulan_2/airflow_project/venv_airflow/lib/python3.12/site-packages/airflow/example_dags/example_sla_dag.py
[2026-05-13T12:24:34.429+0700] {logging_mixin.py:190} INFO - [2026-05-13T12:24:34.429+0700] {dag.py:3239} INFO - Sync 1 DAGs
[2026-05-13T12:24:34.440+0700] {logging_mixin.py:190} INFO - [2026-05-13T12:24:34.440+0700] {dag.py:4180} INFO - Setting next_dagrun for example_sla_dag to 2026-05-13 05:22:00+00:00, run_after=2026-05-13 05:24:00+00:00
[2026-05-13T12:24:34.450+0700] {processor.py:208} INFO - Processing /Users/najma/de_learning/bulan_2/airflow_project/venv_airflow/lib/python3.12/site-packages/airflow/example_dags/example_sla_dag.py took 0.097 seconds
