[2026-05-13T12:16:16.793+0700] {processor.py:186} INFO - Started process (PID=7420) to work on /Users/najma/de_learning/bulan_2/airflow_project/venv_airflow/lib/python3.12/site-packages/airflow/example_dags/example_datasets.py
[2026-05-13T12:16:16.794+0700] {processor.py:914} INFO - Processing file /Users/najma/de_learning/bulan_2/airflow_project/venv_airflow/lib/python3.12/site-packages/airflow/example_dags/example_datasets.py for tasks to queue
[2026-05-13T12:16:16.794+0700] {logging_mixin.py:190} INFO - [2026-05-13T12:16:16.794+0700] {dagbag.py:588} INFO - Filling up the DagBag from /Users/najma/de_learning/bulan_2/airflow_project/venv_airflow/lib/python3.12/site-packages/airflow/example_dags/example_datasets.py
[2026-05-13T12:16:16.829+0700] {processor.py:925} INFO - DAG(s) 'dataset_produces_2', 'dataset_consumes_1_never_scheduled', 'dataset_produces_1', 'dataset_consumes_1', 'conditional_dataset_and_time_based_timetable', 'consume_1_and_2_with_dataset_expressions', 'consume_1_or_2_with_dataset_expressions', 'consume_1_or_both_2_and_3_with_dataset_expressions', 'dataset_consumes_1_and_2', 'dataset_consumes_unknown_never_scheduled' retrieved from /Users/najma/de_learning/bulan_2/airflow_project/venv_airflow/lib/python3.12/site-packages/airflow/example_dags/example_datasets.py
[2026-05-13T12:16:16.927+0700] {logging_mixin.py:190} INFO - [2026-05-13T12:16:16.927+0700] {override.py:1911} INFO - Created Permission View: can delete on DAG:dataset_produces_2
[2026-05-13T12:16:16.932+0700] {logging_mixin.py:190} INFO - [2026-05-13T12:16:16.932+0700] {override.py:1911} INFO - Created Permission View: can read on DAG:dataset_produces_2
[2026-05-13T12:16:16.935+0700] {logging_mixin.py:190} INFO - [2026-05-13T12:16:16.935+0700] {override.py:1911} INFO - Created Permission View: can edit on DAG:dataset_produces_2
[2026-05-13T12:16:16.939+0700] {logging_mixin.py:190} INFO - [2026-05-13T12:16:16.938+0700] {override.py:1911} INFO - Created Permission View: can delete on DAG Run:dataset_produces_2
[2026-05-13T12:16:16.941+0700] {logging_mixin.py:190} INFO - [2026-05-13T12:16:16.941+0700] {override.py:1911} INFO - Created Permission View: can create on DAG Run:dataset_produces_2
[2026-05-13T12:16:16.944+0700] {logging_mixin.py:190} INFO - [2026-05-13T12:16:16.944+0700] {override.py:1911} INFO - Created Permission View: menu access on DAG Run:dataset_produces_2
[2026-05-13T12:16:16.947+0700] {logging_mixin.py:190} INFO - [2026-05-13T12:16:16.946+0700] {override.py:1911} INFO - Created Permission View: can read on DAG Run:dataset_produces_2
[2026-05-13T12:16:16.952+0700] {logging_mixin.py:190} INFO - [2026-05-13T12:16:16.952+0700] {override.py:1911} INFO - Created Permission View: can delete on DAG:dataset_consumes_1_never_scheduled
[2026-05-13T12:16:16.955+0700] {logging_mixin.py:190} INFO - [2026-05-13T12:16:16.955+0700] {override.py:1911} INFO - Created Permission View: can read on DAG:dataset_consumes_1_never_scheduled
[2026-05-13T12:16:16.958+0700] {logging_mixin.py:190} INFO - [2026-05-13T12:16:16.958+0700] {override.py:1911} INFO - Created Permission View: can edit on DAG:dataset_consumes_1_never_scheduled
[2026-05-13T12:16:16.961+0700] {logging_mixin.py:190} INFO - [2026-05-13T12:16:16.961+0700] {override.py:1911} INFO - Created Permission View: can delete on DAG Run:dataset_consumes_1_never_scheduled
[2026-05-13T12:16:16.964+0700] {logging_mixin.py:190} INFO - [2026-05-13T12:16:16.964+0700] {override.py:1911} INFO - Created Permission View: can create on DAG Run:dataset_consumes_1_never_scheduled
[2026-05-13T12:16:16.967+0700] {logging_mixin.py:190} INFO - [2026-05-13T12:16:16.966+0700] {override.py:1911} INFO - Created Permission View: menu access on DAG Run:dataset_consumes_1_never_scheduled
[2026-05-13T12:16:16.969+0700] {logging_mixin.py:190} INFO - [2026-05-13T12:16:16.969+0700] {override.py:1911} INFO - Created Permission View: can read on DAG Run:dataset_consumes_1_never_scheduled
[2026-05-13T12:16:16.975+0700] {logging_mixin.py:190} INFO - [2026-05-13T12:16:16.975+0700] {override.py:1911} INFO - Created Permission View: can delete on DAG:dataset_produces_1
[2026-05-13T12:16:16.977+0700] {logging_mixin.py:190} INFO - [2026-05-13T12:16:16.977+0700] {override.py:1911} INFO - Created Permission View: can read on DAG:dataset_produces_1
[2026-05-13T12:16:16.980+0700] {logging_mixin.py:190} INFO - [2026-05-13T12:16:16.980+0700] {override.py:1911} INFO - Created Permission View: can edit on DAG:dataset_produces_1
[2026-05-13T12:16:16.984+0700] {logging_mixin.py:190} INFO - [2026-05-13T12:16:16.984+0700] {override.py:1911} INFO - Created Permission View: can delete on DAG Run:dataset_produces_1
[2026-05-13T12:16:16.986+0700] {logging_mixin.py:190} INFO - [2026-05-13T12:16:16.986+0700] {override.py:1911} INFO - Created Permission View: can create on DAG Run:dataset_produces_1
[2026-05-13T12:16:16.989+0700] {logging_mixin.py:190} INFO - [2026-05-13T12:16:16.989+0700] {override.py:1911} INFO - Created Permission View: menu access on DAG Run:dataset_produces_1
[2026-05-13T12:16:16.992+0700] {logging_mixin.py:190} INFO - [2026-05-13T12:16:16.991+0700] {override.py:1911} INFO - Created Permission View: can read on DAG Run:dataset_produces_1
[2026-05-13T12:16:16.997+0700] {logging_mixin.py:190} INFO - [2026-05-13T12:16:16.997+0700] {override.py:1911} INFO - Created Permission View: can delete on DAG:dataset_consumes_1
[2026-05-13T12:16:17.000+0700] {logging_mixin.py:190} INFO - [2026-05-13T12:16:16.999+0700] {override.py:1911} INFO - Created Permission View: can read on DAG:dataset_consumes_1
[2026-05-13T12:16:17.002+0700] {logging_mixin.py:190} INFO - [2026-05-13T12:16:17.002+0700] {override.py:1911} INFO - Created Permission View: can edit on DAG:dataset_consumes_1
[2026-05-13T12:16:17.006+0700] {logging_mixin.py:190} INFO - [2026-05-13T12:16:17.006+0700] {override.py:1911} INFO - Created Permission View: can delete on DAG Run:dataset_consumes_1
[2026-05-13T12:16:17.009+0700] {logging_mixin.py:190} INFO - [2026-05-13T12:16:17.008+0700] {override.py:1911} INFO - Created Permission View: can create on DAG Run:dataset_consumes_1
[2026-05-13T12:16:17.011+0700] {logging_mixin.py:190} INFO - [2026-05-13T12:16:17.011+0700] {override.py:1911} INFO - Created Permission View: menu access on DAG Run:dataset_consumes_1
[2026-05-13T12:16:17.014+0700] {logging_mixin.py:190} INFO - [2026-05-13T12:16:17.014+0700] {override.py:1911} INFO - Created Permission View: can read on DAG Run:dataset_consumes_1
[2026-05-13T12:16:17.019+0700] {logging_mixin.py:190} INFO - [2026-05-13T12:16:17.019+0700] {override.py:1911} INFO - Created Permission View: can delete on DAG:conditional_dataset_and_time_based_timetable
[2026-05-13T12:16:17.022+0700] {logging_mixin.py:190} INFO - [2026-05-13T12:16:17.022+0700] {override.py:1911} INFO - Created Permission View: can read on DAG:conditional_dataset_and_time_based_timetable
[2026-05-13T12:16:17.025+0700] {logging_mixin.py:190} INFO - [2026-05-13T12:16:17.025+0700] {override.py:1911} INFO - Created Permission View: can edit on DAG:conditional_dataset_and_time_based_timetable
[2026-05-13T12:16:17.028+0700] {logging_mixin.py:190} INFO - [2026-05-13T12:16:17.028+0700] {override.py:1911} INFO - Created Permission View: can delete on DAG Run:conditional_dataset_and_time_based_timetable
[2026-05-13T12:16:17.031+0700] {logging_mixin.py:190} INFO - [2026-05-13T12:16:17.031+0700] {override.py:1911} INFO - Created Permission View: can create on DAG Run:conditional_dataset_and_time_based_timetable
[2026-05-13T12:16:17.033+0700] {logging_mixin.py:190} INFO - [2026-05-13T12:16:17.033+0700] {override.py:1911} INFO - Created Permission View: menu access on DAG Run:conditional_dataset_and_time_based_timetable
[2026-05-13T12:16:17.036+0700] {logging_mixin.py:190} INFO - [2026-05-13T12:16:17.036+0700] {override.py:1911} INFO - Created Permission View: can read on DAG Run:conditional_dataset_and_time_based_timetable
[2026-05-13T12:16:17.041+0700] {logging_mixin.py:190} INFO - [2026-05-13T12:16:17.041+0700] {override.py:1911} INFO - Created Permission View: can delete on DAG:consume_1_and_2_with_dataset_expressions
[2026-05-13T12:16:17.044+0700] {logging_mixin.py:190} INFO - [2026-05-13T12:16:17.044+0700] {override.py:1911} INFO - Created Permission View: can read on DAG:consume_1_and_2_with_dataset_expressions
[2026-05-13T12:16:17.047+0700] {logging_mixin.py:190} INFO - [2026-05-13T12:16:17.047+0700] {override.py:1911} INFO - Created Permission View: can edit on DAG:consume_1_and_2_with_dataset_expressions
[2026-05-13T12:16:17.050+0700] {logging_mixin.py:190} INFO - [2026-05-13T12:16:17.050+0700] {override.py:1911} INFO - Created Permission View: can delete on DAG Run:consume_1_and_2_with_dataset_expressions
[2026-05-13T12:16:17.053+0700] {logging_mixin.py:190} INFO - [2026-05-13T12:16:17.053+0700] {override.py:1911} INFO - Created Permission View: can create on DAG Run:consume_1_and_2_with_dataset_expressions
[2026-05-13T12:16:17.056+0700] {logging_mixin.py:190} INFO - [2026-05-13T12:16:17.056+0700] {override.py:1911} INFO - Created Permission View: menu access on DAG Run:consume_1_and_2_with_dataset_expressions
[2026-05-13T12:16:17.058+0700] {logging_mixin.py:190} INFO - [2026-05-13T12:16:17.058+0700] {override.py:1911} INFO - Created Permission View: can read on DAG Run:consume_1_and_2_with_dataset_expressions
[2026-05-13T12:16:17.064+0700] {logging_mixin.py:190} INFO - [2026-05-13T12:16:17.063+0700] {override.py:1911} INFO - Created Permission View: can delete on DAG:consume_1_or_2_with_dataset_expressions
[2026-05-13T12:16:17.066+0700] {logging_mixin.py:190} INFO - [2026-05-13T12:16:17.066+0700] {override.py:1911} INFO - Created Permission View: can read on DAG:consume_1_or_2_with_dataset_expressions
[2026-05-13T12:16:17.069+0700] {logging_mixin.py:190} INFO - [2026-05-13T12:16:17.069+0700] {override.py:1911} INFO - Created Permission View: can edit on DAG:consume_1_or_2_with_dataset_expressions
[2026-05-13T12:16:17.072+0700] {logging_mixin.py:190} INFO - [2026-05-13T12:16:17.072+0700] {override.py:1911} INFO - Created Permission View: can delete on DAG Run:consume_1_or_2_with_dataset_expressions
[2026-05-13T12:16:17.075+0700] {logging_mixin.py:190} INFO - [2026-05-13T12:16:17.075+0700] {override.py:1911} INFO - Created Permission View: can create on DAG Run:consume_1_or_2_with_dataset_expressions
[2026-05-13T12:16:17.078+0700] {logging_mixin.py:190} INFO - [2026-05-13T12:16:17.078+0700] {override.py:1911} INFO - Created Permission View: menu access on DAG Run:consume_1_or_2_with_dataset_expressions
[2026-05-13T12:16:17.081+0700] {logging_mixin.py:190} INFO - [2026-05-13T12:16:17.081+0700] {override.py:1911} INFO - Created Permission View: can read on DAG Run:consume_1_or_2_with_dataset_expressions
[2026-05-13T12:16:17.086+0700] {logging_mixin.py:190} INFO - [2026-05-13T12:16:17.086+0700] {override.py:1911} INFO - Created Permission View: can delete on DAG:consume_1_or_both_2_and_3_with_dataset_expressions
[2026-05-13T12:16:17.089+0700] {logging_mixin.py:190} INFO - [2026-05-13T12:16:17.089+0700] {override.py:1911} INFO - Created Permission View: can read on DAG:consume_1_or_both_2_and_3_with_dataset_expressions
[2026-05-13T12:16:17.091+0700] {logging_mixin.py:190} INFO - [2026-05-13T12:16:17.091+0700] {override.py:1911} INFO - Created Permission View: can edit on DAG:consume_1_or_both_2_and_3_with_dataset_expressions
[2026-05-13T12:16:17.095+0700] {logging_mixin.py:190} INFO - [2026-05-13T12:16:17.095+0700] {override.py:1911} INFO - Created Permission View: can delete on DAG Run:consume_1_or_both_2_and_3_with_dataset_expressions
[2026-05-13T12:16:17.098+0700] {logging_mixin.py:190} INFO - [2026-05-13T12:16:17.098+0700] {override.py:1911} INFO - Created Permission View: can create on DAG Run:consume_1_or_both_2_and_3_with_dataset_expressions
[2026-05-13T12:16:17.100+0700] {logging_mixin.py:190} INFO - [2026-05-13T12:16:17.100+0700] {override.py:1911} INFO - Created Permission View: menu access on DAG Run:consume_1_or_both_2_and_3_with_dataset_expressions
[2026-05-13T12:16:17.103+0700] {logging_mixin.py:190} INFO - [2026-05-13T12:16:17.103+0700] {override.py:1911} INFO - Created Permission View: can read on DAG Run:consume_1_or_both_2_and_3_with_dataset_expressions
[2026-05-13T12:16:17.108+0700] {logging_mixin.py:190} INFO - [2026-05-13T12:16:17.108+0700] {override.py:1911} INFO - Created Permission View: can delete on DAG:dataset_consumes_1_and_2
[2026-05-13T12:16:17.111+0700] {logging_mixin.py:190} INFO - [2026-05-13T12:16:17.111+0700] {override.py:1911} INFO - Created Permission View: can read on DAG:dataset_consumes_1_and_2
[2026-05-13T12:16:17.114+0700] {logging_mixin.py:190} INFO - [2026-05-13T12:16:17.114+0700] {override.py:1911} INFO - Created Permission View: can edit on DAG:dataset_consumes_1_and_2
[2026-05-13T12:16:17.117+0700] {logging_mixin.py:190} INFO - [2026-05-13T12:16:17.117+0700] {override.py:1911} INFO - Created Permission View: can delete on DAG Run:dataset_consumes_1_and_2
[2026-05-13T12:16:17.120+0700] {logging_mixin.py:190} INFO - [2026-05-13T12:16:17.120+0700] {override.py:1911} INFO - Created Permission View: can create on DAG Run:dataset_consumes_1_and_2
[2026-05-13T12:16:17.123+0700] {logging_mixin.py:190} INFO - [2026-05-13T12:16:17.123+0700] {override.py:1911} INFO - Created Permission View: menu access on DAG Run:dataset_consumes_1_and_2
[2026-05-13T12:16:17.125+0700] {logging_mixin.py:190} INFO - [2026-05-13T12:16:17.125+0700] {override.py:1911} INFO - Created Permission View: can read on DAG Run:dataset_consumes_1_and_2
[2026-05-13T12:16:17.130+0700] {logging_mixin.py:190} INFO - [2026-05-13T12:16:17.130+0700] {override.py:1911} INFO - Created Permission View: can delete on DAG:dataset_consumes_unknown_never_scheduled
[2026-05-13T12:16:17.133+0700] {logging_mixin.py:190} INFO - [2026-05-13T12:16:17.133+0700] {override.py:1911} INFO - Created Permission View: can read on DAG:dataset_consumes_unknown_never_scheduled
[2026-05-13T12:16:17.136+0700] {logging_mixin.py:190} INFO - [2026-05-13T12:16:17.136+0700] {override.py:1911} INFO - Created Permission View: can edit on DAG:dataset_consumes_unknown_never_scheduled
[2026-05-13T12:16:17.140+0700] {logging_mixin.py:190} INFO - [2026-05-13T12:16:17.140+0700] {override.py:1911} INFO - Created Permission View: can delete on DAG Run:dataset_consumes_unknown_never_scheduled
[2026-05-13T12:16:17.142+0700] {logging_mixin.py:190} INFO - [2026-05-13T12:16:17.142+0700] {override.py:1911} INFO - Created Permission View: can create on DAG Run:dataset_consumes_unknown_never_scheduled
[2026-05-13T12:16:17.145+0700] {logging_mixin.py:190} INFO - [2026-05-13T12:16:17.145+0700] {override.py:1911} INFO - Created Permission View: menu access on DAG Run:dataset_consumes_unknown_never_scheduled
[2026-05-13T12:16:17.148+0700] {logging_mixin.py:190} INFO - [2026-05-13T12:16:17.147+0700] {override.py:1911} INFO - Created Permission View: can read on DAG Run:dataset_consumes_unknown_never_scheduled
[2026-05-13T12:16:17.148+0700] {logging_mixin.py:190} INFO - [2026-05-13T12:16:17.148+0700] {dag.py:3239} INFO - Sync 10 DAGs
[2026-05-13T12:16:17.154+0700] {logging_mixin.py:190} INFO - [2026-05-13T12:16:17.154+0700] {dag.py:3262} INFO - Creating ORM DAG for consume_1_and_2_with_dataset_expressions
[2026-05-13T12:16:17.154+0700] {logging_mixin.py:190} INFO - [2026-05-13T12:16:17.154+0700] {dag.py:3262} INFO - Creating ORM DAG for consume_1_or_2_with_dataset_expressions
[2026-05-13T12:16:17.154+0700] {logging_mixin.py:190} INFO - [2026-05-13T12:16:17.154+0700] {dag.py:3262} INFO - Creating ORM DAG for consume_1_or_both_2_and_3_with_dataset_expressions
[2026-05-13T12:16:17.155+0700] {logging_mixin.py:190} INFO - [2026-05-13T12:16:17.155+0700] {dag.py:3262} INFO - Creating ORM DAG for dataset_produces_1
[2026-05-13T12:16:17.155+0700] {logging_mixin.py:190} INFO - [2026-05-13T12:16:17.155+0700] {dag.py:3262} INFO - Creating ORM DAG for dataset_consumes_unknown_never_scheduled
[2026-05-13T12:16:17.155+0700] {logging_mixin.py:190} INFO - [2026-05-13T12:16:17.155+0700] {dag.py:3262} INFO - Creating ORM DAG for conditional_dataset_and_time_based_timetable
[2026-05-13T12:16:17.155+0700] {logging_mixin.py:190} INFO - [2026-05-13T12:16:17.155+0700] {dag.py:3262} INFO - Creating ORM DAG for dataset_consumes_1_and_2
[2026-05-13T12:16:17.155+0700] {logging_mixin.py:190} INFO - [2026-05-13T12:16:17.155+0700] {dag.py:3262} INFO - Creating ORM DAG for dataset_consumes_1_never_scheduled
[2026-05-13T12:16:17.156+0700] {logging_mixin.py:190} INFO - [2026-05-13T12:16:17.156+0700] {dag.py:3262} INFO - Creating ORM DAG for dataset_consumes_1
[2026-05-13T12:16:17.156+0700] {logging_mixin.py:190} INFO - [2026-05-13T12:16:17.156+0700] {dag.py:3262} INFO - Creating ORM DAG for dataset_produces_2
[2026-05-13T12:16:17.162+0700] {logging_mixin.py:190} INFO - [2026-05-13T12:16:17.162+0700] {dag.py:4180} INFO - Setting next_dagrun for conditional_dataset_and_time_based_timetable to 2026-05-13 01:00:00+00:00, run_after=2026-05-13 01:00:00+00:00
[2026-05-13T12:16:17.162+0700] {logging_mixin.py:190} INFO - [2026-05-13T12:16:17.162+0700] {dag.py:4180} INFO - Setting next_dagrun for consume_1_and_2_with_dataset_expressions to None, run_after=None
[2026-05-13T12:16:17.162+0700] {logging_mixin.py:190} INFO - [2026-05-13T12:16:17.162+0700] {dag.py:4180} INFO - Setting next_dagrun for consume_1_or_2_with_dataset_expressions to None, run_after=None
[2026-05-13T12:16:17.162+0700] {logging_mixin.py:190} INFO - [2026-05-13T12:16:17.162+0700] {dag.py:4180} INFO - Setting next_dagrun for consume_1_or_both_2_and_3_with_dataset_expressions to None, run_after=None
[2026-05-13T12:16:17.163+0700] {logging_mixin.py:190} INFO - [2026-05-13T12:16:17.162+0700] {dag.py:4180} INFO - Setting next_dagrun for dataset_consumes_1 to None, run_after=None
[2026-05-13T12:16:17.163+0700] {logging_mixin.py:190} INFO - [2026-05-13T12:16:17.163+0700] {dag.py:4180} INFO - Setting next_dagrun for dataset_consumes_1_and_2 to None, run_after=None
[2026-05-13T12:16:17.163+0700] {logging_mixin.py:190} INFO - [2026-05-13T12:16:17.163+0700] {dag.py:4180} INFO - Setting next_dagrun for dataset_consumes_1_never_scheduled to None, run_after=None
[2026-05-13T12:16:17.163+0700] {logging_mixin.py:190} INFO - [2026-05-13T12:16:17.163+0700] {dag.py:4180} INFO - Setting next_dagrun for dataset_consumes_unknown_never_scheduled to None, run_after=None
[2026-05-13T12:16:17.164+0700] {logging_mixin.py:190} INFO - [2026-05-13T12:16:17.164+0700] {dag.py:4180} INFO - Setting next_dagrun for dataset_produces_1 to 2026-05-12 00:00:00+00:00, run_after=2026-05-13 00:00:00+00:00
[2026-05-13T12:16:17.164+0700] {logging_mixin.py:190} INFO - [2026-05-13T12:16:17.164+0700] {dag.py:4180} INFO - Setting next_dagrun for dataset_produces_2 to None, run_after=None
[2026-05-13T12:16:17.211+0700] {logging_mixin.py:190} INFO - [2026-05-13T12:16:17.211+0700] {workday.py:41} WARNING - Could not import pandas. Holidays will not be considered.
[2026-05-13T12:16:17.220+0700] {processor.py:208} INFO - Processing /Users/najma/de_learning/bulan_2/airflow_project/venv_airflow/lib/python3.12/site-packages/airflow/example_dags/example_datasets.py took 0.429 seconds
[2026-05-13T12:19:10.576+0700] {processor.py:186} INFO - Started process (PID=7815) to work on /Users/najma/de_learning/bulan_2/airflow_project/venv_airflow/lib/python3.12/site-packages/airflow/example_dags/example_datasets.py
[2026-05-13T12:19:10.577+0700] {processor.py:914} INFO - Processing file /Users/najma/de_learning/bulan_2/airflow_project/venv_airflow/lib/python3.12/site-packages/airflow/example_dags/example_datasets.py for tasks to queue
[2026-05-13T12:19:10.578+0700] {logging_mixin.py:190} INFO - [2026-05-13T12:19:10.577+0700] {dagbag.py:588} INFO - Filling up the DagBag from /Users/najma/de_learning/bulan_2/airflow_project/venv_airflow/lib/python3.12/site-packages/airflow/example_dags/example_datasets.py
[2026-05-13T12:19:10.614+0700] {processor.py:925} INFO - DAG(s) 'dataset_consumes_1', 'dataset_consumes_unknown_never_scheduled', 'consume_1_and_2_with_dataset_expressions', 'consume_1_or_both_2_and_3_with_dataset_expressions', 'dataset_consumes_1_and_2', 'consume_1_or_2_with_dataset_expressions', 'conditional_dataset_and_time_based_timetable', 'dataset_produces_2', 'dataset_consumes_1_never_scheduled', 'dataset_produces_1' retrieved from /Users/najma/de_learning/bulan_2/airflow_project/venv_airflow/lib/python3.12/site-packages/airflow/example_dags/example_datasets.py
[2026-05-13T12:19:10.674+0700] {logging_mixin.py:190} INFO - [2026-05-13T12:19:10.674+0700] {dag.py:3239} INFO - Sync 10 DAGs
[2026-05-13T12:19:10.686+0700] {logging_mixin.py:190} INFO - [2026-05-13T12:19:10.686+0700] {dag.py:4180} INFO - Setting next_dagrun for conditional_dataset_and_time_based_timetable to 2026-05-13 01:00:00+00:00, run_after=2026-05-13 01:00:00+00:00
[2026-05-13T12:19:10.688+0700] {logging_mixin.py:190} INFO - [2026-05-13T12:19:10.688+0700] {dag.py:4180} INFO - Setting next_dagrun for consume_1_and_2_with_dataset_expressions to None, run_after=None
[2026-05-13T12:19:10.688+0700] {logging_mixin.py:190} INFO - [2026-05-13T12:19:10.688+0700] {dag.py:4180} INFO - Setting next_dagrun for consume_1_or_2_with_dataset_expressions to None, run_after=None
[2026-05-13T12:19:10.689+0700] {logging_mixin.py:190} INFO - [2026-05-13T12:19:10.689+0700] {dag.py:4180} INFO - Setting next_dagrun for consume_1_or_both_2_and_3_with_dataset_expressions to None, run_after=None
[2026-05-13T12:19:10.689+0700] {logging_mixin.py:190} INFO - [2026-05-13T12:19:10.689+0700] {dag.py:4180} INFO - Setting next_dagrun for dataset_consumes_1 to None, run_after=None
[2026-05-13T12:19:10.690+0700] {logging_mixin.py:190} INFO - [2026-05-13T12:19:10.689+0700] {dag.py:4180} INFO - Setting next_dagrun for dataset_consumes_1_and_2 to None, run_after=None
[2026-05-13T12:19:10.690+0700] {logging_mixin.py:190} INFO - [2026-05-13T12:19:10.690+0700] {dag.py:4180} INFO - Setting next_dagrun for dataset_consumes_1_never_scheduled to None, run_after=None
[2026-05-13T12:19:10.690+0700] {logging_mixin.py:190} INFO - [2026-05-13T12:19:10.690+0700] {dag.py:4180} INFO - Setting next_dagrun for dataset_consumes_unknown_never_scheduled to None, run_after=None
[2026-05-13T12:19:10.691+0700] {logging_mixin.py:190} INFO - [2026-05-13T12:19:10.691+0700] {dag.py:4180} INFO - Setting next_dagrun for dataset_produces_1 to 2026-05-12 00:00:00+00:00, run_after=2026-05-13 00:00:00+00:00
[2026-05-13T12:19:10.692+0700] {logging_mixin.py:190} INFO - [2026-05-13T12:19:10.692+0700] {dag.py:4180} INFO - Setting next_dagrun for dataset_produces_2 to None, run_after=None
[2026-05-13T12:19:10.705+0700] {processor.py:208} INFO - Processing /Users/najma/de_learning/bulan_2/airflow_project/venv_airflow/lib/python3.12/site-packages/airflow/example_dags/example_datasets.py took 0.131 seconds
[2026-05-13T12:22:01.511+0700] {processor.py:186} INFO - Started process (PID=8025) to work on /Users/najma/de_learning/bulan_2/airflow_project/venv_airflow/lib/python3.12/site-packages/airflow/example_dags/example_datasets.py
[2026-05-13T12:22:01.514+0700] {processor.py:914} INFO - Processing file /Users/najma/de_learning/bulan_2/airflow_project/venv_airflow/lib/python3.12/site-packages/airflow/example_dags/example_datasets.py for tasks to queue
[2026-05-13T12:22:01.515+0700] {logging_mixin.py:190} INFO - [2026-05-13T12:22:01.514+0700] {dagbag.py:588} INFO - Filling up the DagBag from /Users/najma/de_learning/bulan_2/airflow_project/venv_airflow/lib/python3.12/site-packages/airflow/example_dags/example_datasets.py
[2026-05-13T12:22:01.555+0700] {processor.py:925} INFO - DAG(s) 'consume_1_and_2_with_dataset_expressions', 'dataset_consumes_unknown_never_scheduled', 'dataset_consumes_1', 'consume_1_or_both_2_and_3_with_dataset_expressions', 'dataset_consumes_1_and_2', 'dataset_produces_1', 'dataset_produces_2', 'consume_1_or_2_with_dataset_expressions', 'conditional_dataset_and_time_based_timetable', 'dataset_consumes_1_never_scheduled' retrieved from /Users/najma/de_learning/bulan_2/airflow_project/venv_airflow/lib/python3.12/site-packages/airflow/example_dags/example_datasets.py
[2026-05-13T12:22:01.615+0700] {logging_mixin.py:190} INFO - [2026-05-13T12:22:01.615+0700] {dag.py:3239} INFO - Sync 10 DAGs
[2026-05-13T12:22:01.626+0700] {logging_mixin.py:190} INFO - [2026-05-13T12:22:01.626+0700] {dag.py:4180} INFO - Setting next_dagrun for conditional_dataset_and_time_based_timetable to 2026-05-13 01:00:00+00:00, run_after=2026-05-13 01:00:00+00:00
[2026-05-13T12:22:01.628+0700] {logging_mixin.py:190} INFO - [2026-05-13T12:22:01.628+0700] {dag.py:4180} INFO - Setting next_dagrun for consume_1_and_2_with_dataset_expressions to None, run_after=None
[2026-05-13T12:22:01.628+0700] {logging_mixin.py:190} INFO - [2026-05-13T12:22:01.628+0700] {dag.py:4180} INFO - Setting next_dagrun for consume_1_or_2_with_dataset_expressions to None, run_after=None
[2026-05-13T12:22:01.629+0700] {logging_mixin.py:190} INFO - [2026-05-13T12:22:01.629+0700] {dag.py:4180} INFO - Setting next_dagrun for consume_1_or_both_2_and_3_with_dataset_expressions to None, run_after=None
[2026-05-13T12:22:01.629+0700] {logging_mixin.py:190} INFO - [2026-05-13T12:22:01.629+0700] {dag.py:4180} INFO - Setting next_dagrun for dataset_consumes_1 to None, run_after=None
[2026-05-13T12:22:01.630+0700] {logging_mixin.py:190} INFO - [2026-05-13T12:22:01.630+0700] {dag.py:4180} INFO - Setting next_dagrun for dataset_consumes_1_and_2 to None, run_after=None
[2026-05-13T12:22:01.630+0700] {logging_mixin.py:190} INFO - [2026-05-13T12:22:01.630+0700] {dag.py:4180} INFO - Setting next_dagrun for dataset_consumes_1_never_scheduled to None, run_after=None
[2026-05-13T12:22:01.630+0700] {logging_mixin.py:190} INFO - [2026-05-13T12:22:01.630+0700] {dag.py:4180} INFO - Setting next_dagrun for dataset_consumes_unknown_never_scheduled to None, run_after=None
[2026-05-13T12:22:01.631+0700] {logging_mixin.py:190} INFO - [2026-05-13T12:22:01.631+0700] {dag.py:4180} INFO - Setting next_dagrun for dataset_produces_1 to 2026-05-12 00:00:00+00:00, run_after=2026-05-13 00:00:00+00:00
[2026-05-13T12:22:01.632+0700] {logging_mixin.py:190} INFO - [2026-05-13T12:22:01.632+0700] {dag.py:4180} INFO - Setting next_dagrun for dataset_produces_2 to None, run_after=None
[2026-05-13T12:22:01.646+0700] {processor.py:208} INFO - Processing /Users/najma/de_learning/bulan_2/airflow_project/venv_airflow/lib/python3.12/site-packages/airflow/example_dags/example_datasets.py took 0.137 seconds
[2026-05-13T12:24:53.176+0700] {processor.py:186} INFO - Started process (PID=8230) to work on /Users/najma/de_learning/bulan_2/airflow_project/venv_airflow/lib/python3.12/site-packages/airflow/example_dags/example_datasets.py
[2026-05-13T12:24:53.177+0700] {processor.py:914} INFO - Processing file /Users/najma/de_learning/bulan_2/airflow_project/venv_airflow/lib/python3.12/site-packages/airflow/example_dags/example_datasets.py for tasks to queue
[2026-05-13T12:24:53.178+0700] {logging_mixin.py:190} INFO - [2026-05-13T12:24:53.178+0700] {dagbag.py:588} INFO - Filling up the DagBag from /Users/najma/de_learning/bulan_2/airflow_project/venv_airflow/lib/python3.12/site-packages/airflow/example_dags/example_datasets.py
[2026-05-13T12:24:53.238+0700] {processor.py:925} INFO - DAG(s) 'conditional_dataset_and_time_based_timetable', 'consume_1_and_2_with_dataset_expressions', 'consume_1_or_both_2_and_3_with_dataset_expressions', 'dataset_produces_1', 'dataset_consumes_1', 'dataset_consumes_unknown_never_scheduled', 'dataset_consumes_1_never_scheduled', 'dataset_produces_2', 'consume_1_or_2_with_dataset_expressions', 'dataset_consumes_1_and_2' retrieved from /Users/najma/de_learning/bulan_2/airflow_project/venv_airflow/lib/python3.12/site-packages/airflow/example_dags/example_datasets.py
[2026-05-13T12:24:53.317+0700] {logging_mixin.py:190} INFO - [2026-05-13T12:24:53.317+0700] {dag.py:3239} INFO - Sync 10 DAGs
[2026-05-13T12:24:53.332+0700] {logging_mixin.py:190} INFO - [2026-05-13T12:24:53.332+0700] {dag.py:4180} INFO - Setting next_dagrun for conditional_dataset_and_time_based_timetable to 2026-05-13 01:00:00+00:00, run_after=2026-05-13 01:00:00+00:00
[2026-05-13T12:24:53.334+0700] {logging_mixin.py:190} INFO - [2026-05-13T12:24:53.334+0700] {dag.py:4180} INFO - Setting next_dagrun for consume_1_and_2_with_dataset_expressions to None, run_after=None
[2026-05-13T12:24:53.335+0700] {logging_mixin.py:190} INFO - [2026-05-13T12:24:53.335+0700] {dag.py:4180} INFO - Setting next_dagrun for consume_1_or_2_with_dataset_expressions to None, run_after=None
[2026-05-13T12:24:53.336+0700] {logging_mixin.py:190} INFO - [2026-05-13T12:24:53.336+0700] {dag.py:4180} INFO - Setting next_dagrun for consume_1_or_both_2_and_3_with_dataset_expressions to None, run_after=None
[2026-05-13T12:24:53.336+0700] {logging_mixin.py:190} INFO - [2026-05-13T12:24:53.336+0700] {dag.py:4180} INFO - Setting next_dagrun for dataset_consumes_1 to None, run_after=None
[2026-05-13T12:24:53.337+0700] {logging_mixin.py:190} INFO - [2026-05-13T12:24:53.337+0700] {dag.py:4180} INFO - Setting next_dagrun for dataset_consumes_1_and_2 to None, run_after=None
[2026-05-13T12:24:53.337+0700] {logging_mixin.py:190} INFO - [2026-05-13T12:24:53.337+0700] {dag.py:4180} INFO - Setting next_dagrun for dataset_consumes_1_never_scheduled to None, run_after=None
[2026-05-13T12:24:53.338+0700] {logging_mixin.py:190} INFO - [2026-05-13T12:24:53.338+0700] {dag.py:4180} INFO - Setting next_dagrun for dataset_consumes_unknown_never_scheduled to None, run_after=None
[2026-05-13T12:24:53.339+0700] {logging_mixin.py:190} INFO - [2026-05-13T12:24:53.339+0700] {dag.py:4180} INFO - Setting next_dagrun for dataset_produces_1 to 2026-05-12 00:00:00+00:00, run_after=2026-05-13 00:00:00+00:00
[2026-05-13T12:24:53.339+0700] {logging_mixin.py:190} INFO - [2026-05-13T12:24:53.339+0700] {dag.py:4180} INFO - Setting next_dagrun for dataset_produces_2 to None, run_after=None
[2026-05-13T12:24:53.357+0700] {processor.py:208} INFO - Processing /Users/najma/de_learning/bulan_2/airflow_project/venv_airflow/lib/python3.12/site-packages/airflow/example_dags/example_datasets.py took 0.184 seconds
