[2026-05-13T12:16:32.143+0700] {processor.py:186} INFO - Started process (PID=7440) to work on /Users/najma/de_learning/bulan_2/airflow_project/venv_airflow/lib/python3.12/site-packages/airflow/example_dags/example_branch_operator.py
[2026-05-13T12:16:32.144+0700] {processor.py:914} INFO - Processing file /Users/najma/de_learning/bulan_2/airflow_project/venv_airflow/lib/python3.12/site-packages/airflow/example_dags/example_branch_operator.py for tasks to queue
[2026-05-13T12:16:32.145+0700] {logging_mixin.py:190} INFO - [2026-05-13T12:16:32.145+0700] {dagbag.py:588} INFO - Filling up the DagBag from /Users/najma/de_learning/bulan_2/airflow_project/venv_airflow/lib/python3.12/site-packages/airflow/example_dags/example_branch_operator.py
[2026-05-13T12:16:32.166+0700] {processor.py:925} INFO - DAG(s) 'example_branch_operator' retrieved from /Users/najma/de_learning/bulan_2/airflow_project/venv_airflow/lib/python3.12/site-packages/airflow/example_dags/example_branch_operator.py
[2026-05-13T12:16:32.268+0700] {logging_mixin.py:190} INFO - [2026-05-13T12:16:32.267+0700] {override.py:1911} INFO - Created Permission View: can read on DAG:example_branch_operator
[2026-05-13T12:16:32.272+0700] {logging_mixin.py:190} INFO - [2026-05-13T12:16:32.272+0700] {override.py:1911} INFO - Created Permission View: can edit on DAG:example_branch_operator
[2026-05-13T12:16:32.275+0700] {logging_mixin.py:190} INFO - [2026-05-13T12:16:32.275+0700] {override.py:1911} INFO - Created Permission View: can delete on DAG:example_branch_operator
[2026-05-13T12:16:32.279+0700] {logging_mixin.py:190} INFO - [2026-05-13T12:16:32.279+0700] {override.py:1911} INFO - Created Permission View: can read on DAG Run:example_branch_operator
[2026-05-13T12:16:32.282+0700] {logging_mixin.py:190} INFO - [2026-05-13T12:16:32.282+0700] {override.py:1911} INFO - Created Permission View: menu access on DAG Run:example_branch_operator
[2026-05-13T12:16:32.285+0700] {logging_mixin.py:190} INFO - [2026-05-13T12:16:32.285+0700] {override.py:1911} INFO - Created Permission View: can create on DAG Run:example_branch_operator
[2026-05-13T12:16:32.287+0700] {logging_mixin.py:190} INFO - [2026-05-13T12:16:32.287+0700] {override.py:1911} INFO - Created Permission View: can delete on DAG Run:example_branch_operator
[2026-05-13T12:16:32.288+0700] {logging_mixin.py:190} INFO - [2026-05-13T12:16:32.288+0700] {dag.py:3239} INFO - Sync 1 DAGs
[2026-05-13T12:16:32.293+0700] {logging_mixin.py:190} INFO - [2026-05-13T12:16:32.293+0700] {dag.py:3262} INFO - Creating ORM DAG for example_branch_operator
[2026-05-13T12:16:32.330+0700] {logging_mixin.py:190} INFO - [2026-05-13T12:16:32.330+0700] {dag.py:4180} INFO - Setting next_dagrun for example_branch_operator to 2026-05-12 00:00:00+00:00, run_after=2026-05-13 00:00:00+00:00
[2026-05-13T12:16:32.340+0700] {processor.py:208} INFO - Processing /Users/najma/de_learning/bulan_2/airflow_project/venv_airflow/lib/python3.12/site-packages/airflow/example_dags/example_branch_operator.py took 0.199 seconds
[2026-05-13T12:19:25.102+0700] {processor.py:186} INFO - Started process (PID=7833) to work on /Users/najma/de_learning/bulan_2/airflow_project/venv_airflow/lib/python3.12/site-packages/airflow/example_dags/example_branch_operator.py
[2026-05-13T12:19:25.103+0700] {processor.py:914} INFO - Processing file /Users/najma/de_learning/bulan_2/airflow_project/venv_airflow/lib/python3.12/site-packages/airflow/example_dags/example_branch_operator.py for tasks to queue
[2026-05-13T12:19:25.104+0700] {logging_mixin.py:190} INFO - [2026-05-13T12:19:25.104+0700] {dagbag.py:588} INFO - Filling up the DagBag from /Users/najma/de_learning/bulan_2/airflow_project/venv_airflow/lib/python3.12/site-packages/airflow/example_dags/example_branch_operator.py
[2026-05-13T12:19:25.124+0700] {processor.py:925} INFO - DAG(s) 'example_branch_operator' retrieved from /Users/najma/de_learning/bulan_2/airflow_project/venv_airflow/lib/python3.12/site-packages/airflow/example_dags/example_branch_operator.py
[2026-05-13T12:19:25.228+0700] {logging_mixin.py:190} INFO - [2026-05-13T12:19:25.228+0700] {dag.py:3239} INFO - Sync 1 DAGs
[2026-05-13T12:19:25.270+0700] {logging_mixin.py:190} INFO - [2026-05-13T12:19:25.270+0700] {dag.py:4180} INFO - Setting next_dagrun for example_branch_operator to 2026-05-12 00:00:00+00:00, run_after=2026-05-13 00:00:00+00:00
[2026-05-13T12:19:25.280+0700] {processor.py:208} INFO - Processing /Users/najma/de_learning/bulan_2/airflow_project/venv_airflow/lib/python3.12/site-packages/airflow/example_dags/example_branch_operator.py took 0.180 seconds
[2026-05-13T12:22:15.589+0700] {processor.py:186} INFO - Started process (PID=8039) to work on /Users/najma/de_learning/bulan_2/airflow_project/venv_airflow/lib/python3.12/site-packages/airflow/example_dags/example_branch_operator.py
[2026-05-13T12:22:15.591+0700] {processor.py:914} INFO - Processing file /Users/najma/de_learning/bulan_2/airflow_project/venv_airflow/lib/python3.12/site-packages/airflow/example_dags/example_branch_operator.py for tasks to queue
[2026-05-13T12:22:15.592+0700] {logging_mixin.py:190} INFO - [2026-05-13T12:22:15.592+0700] {dagbag.py:588} INFO - Filling up the DagBag from /Users/najma/de_learning/bulan_2/airflow_project/venv_airflow/lib/python3.12/site-packages/airflow/example_dags/example_branch_operator.py
[2026-05-13T12:22:15.612+0700] {processor.py:925} INFO - DAG(s) 'example_branch_operator' retrieved from /Users/najma/de_learning/bulan_2/airflow_project/venv_airflow/lib/python3.12/site-packages/airflow/example_dags/example_branch_operator.py
[2026-05-13T12:22:15.714+0700] {logging_mixin.py:190} INFO - [2026-05-13T12:22:15.714+0700] {dag.py:3239} INFO - Sync 1 DAGs
[2026-05-13T12:22:15.755+0700] {logging_mixin.py:190} INFO - [2026-05-13T12:22:15.754+0700] {dag.py:4180} INFO - Setting next_dagrun for example_branch_operator to 2026-05-12 00:00:00+00:00, run_after=2026-05-13 00:00:00+00:00
[2026-05-13T12:22:15.765+0700] {processor.py:208} INFO - Processing /Users/najma/de_learning/bulan_2/airflow_project/venv_airflow/lib/python3.12/site-packages/airflow/example_dags/example_branch_operator.py took 0.177 seconds
