[2026-05-13T12:15:48.518+0700] {processor.py:186} INFO - Started process (PID=7074) to work on /Users/najma/de_learning/bulan_2/airflow_project/venv_airflow/lib/python3.12/site-packages/airflow/example_dags/example_params_trigger_ui.py
[2026-05-13T12:15:48.519+0700] {processor.py:914} INFO - Processing file /Users/najma/de_learning/bulan_2/airflow_project/venv_airflow/lib/python3.12/site-packages/airflow/example_dags/example_params_trigger_ui.py for tasks to queue
[2026-05-13T12:15:48.519+0700] {logging_mixin.py:190} INFO - [2026-05-13T12:15:48.519+0700] {dagbag.py:588} INFO - Filling up the DagBag from /Users/najma/de_learning/bulan_2/airflow_project/venv_airflow/lib/python3.12/site-packages/airflow/example_dags/example_params_trigger_ui.py
[2026-05-13T12:15:48.546+0700] {processor.py:925} INFO - DAG(s) 'example_params_trigger_ui' retrieved from /Users/najma/de_learning/bulan_2/airflow_project/venv_airflow/lib/python3.12/site-packages/airflow/example_dags/example_params_trigger_ui.py
[2026-05-13T12:15:48.659+0700] {logging_mixin.py:190} INFO - [2026-05-13T12:15:48.658+0700] {override.py:1911} INFO - Created Permission View: can read on DAG:example_params_trigger_ui
[2026-05-13T12:15:48.663+0700] {logging_mixin.py:190} INFO - [2026-05-13T12:15:48.663+0700] {override.py:1911} INFO - Created Permission View: can edit on DAG:example_params_trigger_ui
[2026-05-13T12:15:48.666+0700] {logging_mixin.py:190} INFO - [2026-05-13T12:15:48.666+0700] {override.py:1911} INFO - Created Permission View: can delete on DAG:example_params_trigger_ui
[2026-05-13T12:15:48.670+0700] {logging_mixin.py:190} INFO - [2026-05-13T12:15:48.670+0700] {override.py:1911} INFO - Created Permission View: menu access on DAG Run:example_params_trigger_ui
[2026-05-13T12:15:48.673+0700] {logging_mixin.py:190} INFO - [2026-05-13T12:15:48.673+0700] {override.py:1911} INFO - Created Permission View: can read on DAG Run:example_params_trigger_ui
[2026-05-13T12:15:48.676+0700] {logging_mixin.py:190} INFO - [2026-05-13T12:15:48.676+0700] {override.py:1911} INFO - Created Permission View: can create on DAG Run:example_params_trigger_ui
[2026-05-13T12:15:48.678+0700] {logging_mixin.py:190} INFO - [2026-05-13T12:15:48.678+0700] {override.py:1911} INFO - Created Permission View: can delete on DAG Run:example_params_trigger_ui
[2026-05-13T12:15:48.679+0700] {logging_mixin.py:190} INFO - [2026-05-13T12:15:48.679+0700] {dag.py:3239} INFO - Sync 1 DAGs
[2026-05-13T12:15:48.717+0700] {logging_mixin.py:190} INFO - [2026-05-13T12:15:48.717+0700] {dag.py:3262} INFO - Creating ORM DAG for example_params_trigger_ui
[2026-05-13T12:15:48.718+0700] {logging_mixin.py:190} INFO - [2026-05-13T12:15:48.717+0700] {dag.py:4180} INFO - Setting next_dagrun for example_params_trigger_ui to None, run_after=None
[2026-05-13T12:15:48.727+0700] {processor.py:208} INFO - Processing /Users/najma/de_learning/bulan_2/airflow_project/venv_airflow/lib/python3.12/site-packages/airflow/example_dags/example_params_trigger_ui.py took 0.211 seconds
[2026-05-13T12:17:49.904+0700] {processor.py:186} INFO - Started process (PID=7535) to work on /Users/najma/de_learning/bulan_2/airflow_project/venv_airflow/lib/python3.12/site-packages/airflow/example_dags/example_params_trigger_ui.py
[2026-05-13T12:17:49.907+0700] {processor.py:914} INFO - Processing file /Users/najma/de_learning/bulan_2/airflow_project/venv_airflow/lib/python3.12/site-packages/airflow/example_dags/example_params_trigger_ui.py for tasks to queue
[2026-05-13T12:17:49.908+0700] {logging_mixin.py:190} INFO - [2026-05-13T12:17:49.908+0700] {dagbag.py:588} INFO - Filling up the DagBag from /Users/najma/de_learning/bulan_2/airflow_project/venv_airflow/lib/python3.12/site-packages/airflow/example_dags/example_params_trigger_ui.py
[2026-05-13T12:17:49.932+0700] {processor.py:925} INFO - DAG(s) 'example_params_trigger_ui' retrieved from /Users/najma/de_learning/bulan_2/airflow_project/venv_airflow/lib/python3.12/site-packages/airflow/example_dags/example_params_trigger_ui.py
[2026-05-13T12:17:49.994+0700] {logging_mixin.py:190} INFO - [2026-05-13T12:17:49.993+0700] {dag.py:3239} INFO - Sync 1 DAGs
[2026-05-13T12:17:49.999+0700] {logging_mixin.py:190} INFO - [2026-05-13T12:17:49.999+0700] {dag.py:4180} INFO - Setting next_dagrun for example_params_trigger_ui to None, run_after=None
[2026-05-13T12:17:50.010+0700] {processor.py:208} INFO - Processing /Users/najma/de_learning/bulan_2/airflow_project/venv_airflow/lib/python3.12/site-packages/airflow/example_dags/example_params_trigger_ui.py took 0.108 seconds
[2026-05-13T12:20:40.939+0700] {processor.py:186} INFO - Started process (PID=7922) to work on /Users/najma/de_learning/bulan_2/airflow_project/venv_airflow/lib/python3.12/site-packages/airflow/example_dags/example_params_trigger_ui.py
[2026-05-13T12:20:40.940+0700] {processor.py:914} INFO - Processing file /Users/najma/de_learning/bulan_2/airflow_project/venv_airflow/lib/python3.12/site-packages/airflow/example_dags/example_params_trigger_ui.py for tasks to queue
[2026-05-13T12:20:40.941+0700] {logging_mixin.py:190} INFO - [2026-05-13T12:20:40.941+0700] {dagbag.py:588} INFO - Filling up the DagBag from /Users/najma/de_learning/bulan_2/airflow_project/venv_airflow/lib/python3.12/site-packages/airflow/example_dags/example_params_trigger_ui.py
[2026-05-13T12:20:40.964+0700] {processor.py:925} INFO - DAG(s) 'example_params_trigger_ui' retrieved from /Users/najma/de_learning/bulan_2/airflow_project/venv_airflow/lib/python3.12/site-packages/airflow/example_dags/example_params_trigger_ui.py
[2026-05-13T12:20:41.025+0700] {logging_mixin.py:190} INFO - [2026-05-13T12:20:41.025+0700] {dag.py:3239} INFO - Sync 1 DAGs
[2026-05-13T12:20:41.031+0700] {logging_mixin.py:190} INFO - [2026-05-13T12:20:41.031+0700] {dag.py:4180} INFO - Setting next_dagrun for example_params_trigger_ui to None, run_after=None
[2026-05-13T12:20:41.041+0700] {processor.py:208} INFO - Processing /Users/najma/de_learning/bulan_2/airflow_project/venv_airflow/lib/python3.12/site-packages/airflow/example_dags/example_params_trigger_ui.py took 0.103 seconds
[2026-05-13T12:23:31.756+0700] {processor.py:186} INFO - Started process (PID=8136) to work on /Users/najma/de_learning/bulan_2/airflow_project/venv_airflow/lib/python3.12/site-packages/airflow/example_dags/example_params_trigger_ui.py
[2026-05-13T12:23:31.757+0700] {processor.py:914} INFO - Processing file /Users/najma/de_learning/bulan_2/airflow_project/venv_airflow/lib/python3.12/site-packages/airflow/example_dags/example_params_trigger_ui.py for tasks to queue
[2026-05-13T12:23:31.758+0700] {logging_mixin.py:190} INFO - [2026-05-13T12:23:31.758+0700] {dagbag.py:588} INFO - Filling up the DagBag from /Users/najma/de_learning/bulan_2/airflow_project/venv_airflow/lib/python3.12/site-packages/airflow/example_dags/example_params_trigger_ui.py
[2026-05-13T12:23:31.781+0700] {processor.py:925} INFO - DAG(s) 'example_params_trigger_ui' retrieved from /Users/najma/de_learning/bulan_2/airflow_project/venv_airflow/lib/python3.12/site-packages/airflow/example_dags/example_params_trigger_ui.py
[2026-05-13T12:23:31.843+0700] {logging_mixin.py:190} INFO - [2026-05-13T12:23:31.843+0700] {dag.py:3239} INFO - Sync 1 DAGs
[2026-05-13T12:23:31.849+0700] {logging_mixin.py:190} INFO - [2026-05-13T12:23:31.849+0700] {dag.py:4180} INFO - Setting next_dagrun for example_params_trigger_ui to None, run_after=None
[2026-05-13T12:23:31.859+0700] {processor.py:208} INFO - Processing /Users/najma/de_learning/bulan_2/airflow_project/venv_airflow/lib/python3.12/site-packages/airflow/example_dags/example_params_trigger_ui.py took 0.105 seconds
