[2026-05-13T12:15:35.682+0700] {processor.py:186} INFO - Started process (PID=6809) to work on /Users/najma/de_learning/bulan_2/airflow_project/venv_airflow/lib/python3.12/site-packages/airflow/example_dags/example_sensors.py
[2026-05-13T12:15:35.683+0700] {processor.py:914} INFO - Processing file /Users/najma/de_learning/bulan_2/airflow_project/venv_airflow/lib/python3.12/site-packages/airflow/example_dags/example_sensors.py for tasks to queue
[2026-05-13T12:15:35.684+0700] {logging_mixin.py:190} INFO - [2026-05-13T12:15:35.684+0700] {dagbag.py:588} INFO - Filling up the DagBag from /Users/najma/de_learning/bulan_2/airflow_project/venv_airflow/lib/python3.12/site-packages/airflow/example_dags/example_sensors.py
[2026-05-13T12:15:35.698+0700] {processor.py:925} INFO - DAG(s) 'example_sensors' retrieved from /Users/najma/de_learning/bulan_2/airflow_project/venv_airflow/lib/python3.12/site-packages/airflow/example_dags/example_sensors.py
[2026-05-13T12:15:35.778+0700] {logging_mixin.py:190} INFO - [2026-05-13T12:15:35.777+0700] {workday.py:41} WARNING - Could not import pandas. Holidays will not be considered.
[2026-05-13T12:15:35.894+0700] {logging_mixin.py:190} INFO - [2026-05-13T12:15:35.893+0700] {override.py:1911} INFO - Created Permission View: can delete on DAG:example_sensors
[2026-05-13T12:15:35.903+0700] {logging_mixin.py:190} INFO - [2026-05-13T12:15:35.902+0700] {override.py:1911} INFO - Created Permission View: can read on DAG:example_sensors
[2026-05-13T12:15:35.909+0700] {logging_mixin.py:190} INFO - [2026-05-13T12:15:35.909+0700] {override.py:1911} INFO - Created Permission View: can edit on DAG:example_sensors
[2026-05-13T12:15:35.919+0700] {logging_mixin.py:190} INFO - [2026-05-13T12:15:35.919+0700] {override.py:1911} INFO - Created Permission View: can delete on DAG Run:example_sensors
[2026-05-13T12:15:35.925+0700] {logging_mixin.py:190} INFO - [2026-05-13T12:15:35.924+0700] {override.py:1911} INFO - Created Permission View: can read on DAG Run:example_sensors
[2026-05-13T12:15:35.931+0700] {logging_mixin.py:190} INFO - [2026-05-13T12:15:35.930+0700] {override.py:1911} INFO - Created Permission View: menu access on DAG Run:example_sensors
[2026-05-13T12:15:35.935+0700] {logging_mixin.py:190} INFO - [2026-05-13T12:15:35.935+0700] {override.py:1911} INFO - Created Permission View: can create on DAG Run:example_sensors
[2026-05-13T12:15:35.936+0700] {logging_mixin.py:190} INFO - [2026-05-13T12:15:35.936+0700] {dag.py:3239} INFO - Sync 1 DAGs
[2026-05-13T12:15:35.945+0700] {logging_mixin.py:190} INFO - [2026-05-13T12:15:35.945+0700] {dag.py:3262} INFO - Creating ORM DAG for example_sensors
[2026-05-13T12:15:35.946+0700] {logging_mixin.py:190} INFO - [2026-05-13T12:15:35.946+0700] {dag.py:4180} INFO - Setting next_dagrun for example_sensors to None, run_after=None
[2026-05-13T12:15:35.959+0700] {processor.py:208} INFO - Processing /Users/najma/de_learning/bulan_2/airflow_project/venv_airflow/lib/python3.12/site-packages/airflow/example_dags/example_sensors.py took 0.279 seconds
[2026-05-13T12:17:37.361+0700] {processor.py:186} INFO - Started process (PID=7520) to work on /Users/najma/de_learning/bulan_2/airflow_project/venv_airflow/lib/python3.12/site-packages/airflow/example_dags/example_sensors.py
[2026-05-13T12:17:37.362+0700] {processor.py:914} INFO - Processing file /Users/najma/de_learning/bulan_2/airflow_project/venv_airflow/lib/python3.12/site-packages/airflow/example_dags/example_sensors.py for tasks to queue
[2026-05-13T12:17:37.363+0700] {logging_mixin.py:190} INFO - [2026-05-13T12:17:37.363+0700] {dagbag.py:588} INFO - Filling up the DagBag from /Users/najma/de_learning/bulan_2/airflow_project/venv_airflow/lib/python3.12/site-packages/airflow/example_dags/example_sensors.py
[2026-05-13T12:17:37.372+0700] {processor.py:925} INFO - DAG(s) 'example_sensors' retrieved from /Users/najma/de_learning/bulan_2/airflow_project/venv_airflow/lib/python3.12/site-packages/airflow/example_dags/example_sensors.py
[2026-05-13T12:17:37.420+0700] {logging_mixin.py:190} INFO - [2026-05-13T12:17:37.420+0700] {workday.py:41} WARNING - Could not import pandas. Holidays will not be considered.
[2026-05-13T12:17:37.435+0700] {logging_mixin.py:190} INFO - [2026-05-13T12:17:37.435+0700] {dag.py:3239} INFO - Sync 1 DAGs
[2026-05-13T12:17:37.441+0700] {logging_mixin.py:190} INFO - [2026-05-13T12:17:37.441+0700] {dag.py:4180} INFO - Setting next_dagrun for example_sensors to None, run_after=None
[2026-05-13T12:17:37.450+0700] {processor.py:208} INFO - Processing /Users/najma/de_learning/bulan_2/airflow_project/venv_airflow/lib/python3.12/site-packages/airflow/example_dags/example_sensors.py took 0.091 seconds
[2026-05-13T12:19:04.421+0700] {processor.py:186} INFO - Started process (PID=7616) to work on /Users/najma/de_learning/bulan_2/airflow_project/venv_airflow/lib/python3.12/site-packages/airflow/example_dags/example_sensors.py
[2026-05-13T12:19:04.423+0700] {processor.py:914} INFO - Processing file /Users/najma/de_learning/bulan_2/airflow_project/venv_airflow/lib/python3.12/site-packages/airflow/example_dags/example_sensors.py for tasks to queue
[2026-05-13T12:19:04.423+0700] {logging_mixin.py:190} INFO - [2026-05-13T12:19:04.423+0700] {dagbag.py:588} INFO - Filling up the DagBag from /Users/najma/de_learning/bulan_2/airflow_project/venv_airflow/lib/python3.12/site-packages/airflow/example_dags/example_sensors.py
[2026-05-13T12:19:04.433+0700] {processor.py:925} INFO - DAG(s) 'example_sensors' retrieved from /Users/najma/de_learning/bulan_2/airflow_project/venv_airflow/lib/python3.12/site-packages/airflow/example_dags/example_sensors.py
[2026-05-13T12:19:04.480+0700] {logging_mixin.py:190} INFO - [2026-05-13T12:19:04.480+0700] {workday.py:41} WARNING - Could not import pandas. Holidays will not be considered.
[2026-05-13T12:19:04.494+0700] {logging_mixin.py:190} INFO - [2026-05-13T12:19:04.494+0700] {dag.py:3239} INFO - Sync 1 DAGs
[2026-05-13T12:19:04.501+0700] {logging_mixin.py:190} INFO - [2026-05-13T12:19:04.500+0700] {dag.py:4180} INFO - Setting next_dagrun for example_sensors to None, run_after=None
[2026-05-13T12:19:04.510+0700] {processor.py:208} INFO - Processing /Users/najma/de_learning/bulan_2/airflow_project/venv_airflow/lib/python3.12/site-packages/airflow/example_dags/example_sensors.py took 0.091 seconds
[2026-05-13T12:20:30.311+0700] {processor.py:186} INFO - Started process (PID=7911) to work on /Users/najma/de_learning/bulan_2/airflow_project/venv_airflow/lib/python3.12/site-packages/airflow/example_dags/example_sensors.py
[2026-05-13T12:20:30.312+0700] {processor.py:914} INFO - Processing file /Users/najma/de_learning/bulan_2/airflow_project/venv_airflow/lib/python3.12/site-packages/airflow/example_dags/example_sensors.py for tasks to queue
[2026-05-13T12:20:30.313+0700] {logging_mixin.py:190} INFO - [2026-05-13T12:20:30.313+0700] {dagbag.py:588} INFO - Filling up the DagBag from /Users/najma/de_learning/bulan_2/airflow_project/venv_airflow/lib/python3.12/site-packages/airflow/example_dags/example_sensors.py
[2026-05-13T12:20:30.323+0700] {processor.py:925} INFO - DAG(s) 'example_sensors' retrieved from /Users/najma/de_learning/bulan_2/airflow_project/venv_airflow/lib/python3.12/site-packages/airflow/example_dags/example_sensors.py
[2026-05-13T12:20:30.374+0700] {logging_mixin.py:190} INFO - [2026-05-13T12:20:30.374+0700] {workday.py:41} WARNING - Could not import pandas. Holidays will not be considered.
[2026-05-13T12:20:30.390+0700] {logging_mixin.py:190} INFO - [2026-05-13T12:20:30.390+0700] {dag.py:3239} INFO - Sync 1 DAGs
[2026-05-13T12:20:30.397+0700] {logging_mixin.py:190} INFO - [2026-05-13T12:20:30.397+0700] {dag.py:4180} INFO - Setting next_dagrun for example_sensors to None, run_after=None
[2026-05-13T12:20:30.407+0700] {processor.py:208} INFO - Processing /Users/najma/de_learning/bulan_2/airflow_project/venv_airflow/lib/python3.12/site-packages/airflow/example_dags/example_sensors.py took 0.098 seconds
[2026-05-13T12:21:55.329+0700] {processor.py:186} INFO - Started process (PID=8018) to work on /Users/najma/de_learning/bulan_2/airflow_project/venv_airflow/lib/python3.12/site-packages/airflow/example_dags/example_sensors.py
[2026-05-13T12:21:55.330+0700] {processor.py:914} INFO - Processing file /Users/najma/de_learning/bulan_2/airflow_project/venv_airflow/lib/python3.12/site-packages/airflow/example_dags/example_sensors.py for tasks to queue
[2026-05-13T12:21:55.331+0700] {logging_mixin.py:190} INFO - [2026-05-13T12:21:55.331+0700] {dagbag.py:588} INFO - Filling up the DagBag from /Users/najma/de_learning/bulan_2/airflow_project/venv_airflow/lib/python3.12/site-packages/airflow/example_dags/example_sensors.py
[2026-05-13T12:21:55.341+0700] {processor.py:925} INFO - DAG(s) 'example_sensors' retrieved from /Users/najma/de_learning/bulan_2/airflow_project/venv_airflow/lib/python3.12/site-packages/airflow/example_dags/example_sensors.py
[2026-05-13T12:21:55.393+0700] {logging_mixin.py:190} INFO - [2026-05-13T12:21:55.393+0700] {workday.py:41} WARNING - Could not import pandas. Holidays will not be considered.
[2026-05-13T12:21:55.409+0700] {logging_mixin.py:190} INFO - [2026-05-13T12:21:55.408+0700] {dag.py:3239} INFO - Sync 1 DAGs
[2026-05-13T12:21:55.415+0700] {logging_mixin.py:190} INFO - [2026-05-13T12:21:55.415+0700] {dag.py:4180} INFO - Setting next_dagrun for example_sensors to None, run_after=None
[2026-05-13T12:21:55.425+0700] {processor.py:208} INFO - Processing /Users/najma/de_learning/bulan_2/airflow_project/venv_airflow/lib/python3.12/site-packages/airflow/example_dags/example_sensors.py took 0.098 seconds
[2026-05-13T12:23:22.339+0700] {processor.py:186} INFO - Started process (PID=8126) to work on /Users/najma/de_learning/bulan_2/airflow_project/venv_airflow/lib/python3.12/site-packages/airflow/example_dags/example_sensors.py
[2026-05-13T12:23:22.341+0700] {processor.py:914} INFO - Processing file /Users/najma/de_learning/bulan_2/airflow_project/venv_airflow/lib/python3.12/site-packages/airflow/example_dags/example_sensors.py for tasks to queue
[2026-05-13T12:23:22.342+0700] {logging_mixin.py:190} INFO - [2026-05-13T12:23:22.341+0700] {dagbag.py:588} INFO - Filling up the DagBag from /Users/najma/de_learning/bulan_2/airflow_project/venv_airflow/lib/python3.12/site-packages/airflow/example_dags/example_sensors.py
[2026-05-13T12:23:22.351+0700] {processor.py:925} INFO - DAG(s) 'example_sensors' retrieved from /Users/najma/de_learning/bulan_2/airflow_project/venv_airflow/lib/python3.12/site-packages/airflow/example_dags/example_sensors.py
[2026-05-13T12:23:22.398+0700] {logging_mixin.py:190} INFO - [2026-05-13T12:23:22.398+0700] {workday.py:41} WARNING - Could not import pandas. Holidays will not be considered.
[2026-05-13T12:23:22.412+0700] {logging_mixin.py:190} INFO - [2026-05-13T12:23:22.412+0700] {dag.py:3239} INFO - Sync 1 DAGs
[2026-05-13T12:23:22.418+0700] {logging_mixin.py:190} INFO - [2026-05-13T12:23:22.418+0700] {dag.py:4180} INFO - Setting next_dagrun for example_sensors to None, run_after=None
[2026-05-13T12:23:22.428+0700] {processor.py:208} INFO - Processing /Users/najma/de_learning/bulan_2/airflow_project/venv_airflow/lib/python3.12/site-packages/airflow/example_dags/example_sensors.py took 0.090 seconds
[2026-05-13T12:24:47.080+0700] {processor.py:186} INFO - Started process (PID=8224) to work on /Users/najma/de_learning/bulan_2/airflow_project/venv_airflow/lib/python3.12/site-packages/airflow/example_dags/example_sensors.py
[2026-05-13T12:24:47.081+0700] {processor.py:914} INFO - Processing file /Users/najma/de_learning/bulan_2/airflow_project/venv_airflow/lib/python3.12/site-packages/airflow/example_dags/example_sensors.py for tasks to queue
[2026-05-13T12:24:47.082+0700] {logging_mixin.py:190} INFO - [2026-05-13T12:24:47.082+0700] {dagbag.py:588} INFO - Filling up the DagBag from /Users/najma/de_learning/bulan_2/airflow_project/venv_airflow/lib/python3.12/site-packages/airflow/example_dags/example_sensors.py
[2026-05-13T12:24:47.091+0700] {processor.py:925} INFO - DAG(s) 'example_sensors' retrieved from /Users/najma/de_learning/bulan_2/airflow_project/venv_airflow/lib/python3.12/site-packages/airflow/example_dags/example_sensors.py
[2026-05-13T12:24:47.141+0700] {logging_mixin.py:190} INFO - [2026-05-13T12:24:47.141+0700] {workday.py:41} WARNING - Could not import pandas. Holidays will not be considered.
[2026-05-13T12:24:47.158+0700] {logging_mixin.py:190} INFO - [2026-05-13T12:24:47.157+0700] {dag.py:3239} INFO - Sync 1 DAGs
[2026-05-13T12:24:47.164+0700] {logging_mixin.py:190} INFO - [2026-05-13T12:24:47.164+0700] {dag.py:4180} INFO - Setting next_dagrun for example_sensors to None, run_after=None
[2026-05-13T12:24:47.174+0700] {processor.py:208} INFO - Processing /Users/najma/de_learning/bulan_2/airflow_project/venv_airflow/lib/python3.12/site-packages/airflow/example_dags/example_sensors.py took 0.096 seconds
