[2026-05-13T12:15:07.669+0700] {processor.py:186} INFO - Started process (PID=6588) to work on /Users/najma/de_learning/bulan_2/airflow_project/venv_airflow/lib/python3.12/site-packages/airflow/example_dags/example_trigger_target_dag.py
[2026-05-13T12:15:07.670+0700] {processor.py:914} INFO - Processing file /Users/najma/de_learning/bulan_2/airflow_project/venv_airflow/lib/python3.12/site-packages/airflow/example_dags/example_trigger_target_dag.py for tasks to queue
[2026-05-13T12:15:07.670+0700] {logging_mixin.py:190} INFO - [2026-05-13T12:15:07.670+0700] {dagbag.py:588} INFO - Filling up the DagBag from /Users/najma/de_learning/bulan_2/airflow_project/venv_airflow/lib/python3.12/site-packages/airflow/example_dags/example_trigger_target_dag.py
[2026-05-13T12:15:07.693+0700] {processor.py:925} INFO - DAG(s) 'example_trigger_target_dag' retrieved from /Users/najma/de_learning/bulan_2/airflow_project/venv_airflow/lib/python3.12/site-packages/airflow/example_dags/example_trigger_target_dag.py
[2026-05-13T12:15:07.795+0700] {logging_mixin.py:190} INFO - [2026-05-13T12:15:07.795+0700] {override.py:1911} INFO - Created Permission View: can edit on DAG:example_trigger_target_dag
[2026-05-13T12:15:07.801+0700] {logging_mixin.py:190} INFO - [2026-05-13T12:15:07.801+0700] {override.py:1911} INFO - Created Permission View: can read on DAG:example_trigger_target_dag
[2026-05-13T12:15:07.805+0700] {logging_mixin.py:190} INFO - [2026-05-13T12:15:07.805+0700] {override.py:1911} INFO - Created Permission View: can delete on DAG:example_trigger_target_dag
[2026-05-13T12:15:07.811+0700] {logging_mixin.py:190} INFO - [2026-05-13T12:15:07.811+0700] {override.py:1911} INFO - Created Permission View: can delete on DAG Run:example_trigger_target_dag
[2026-05-13T12:15:07.814+0700] {logging_mixin.py:190} INFO - [2026-05-13T12:15:07.814+0700] {override.py:1911} INFO - Created Permission View: can read on DAG Run:example_trigger_target_dag
[2026-05-13T12:15:07.817+0700] {logging_mixin.py:190} INFO - [2026-05-13T12:15:07.817+0700] {override.py:1911} INFO - Created Permission View: can create on DAG Run:example_trigger_target_dag
[2026-05-13T12:15:07.820+0700] {logging_mixin.py:190} INFO - [2026-05-13T12:15:07.819+0700] {override.py:1911} INFO - Created Permission View: menu access on DAG Run:example_trigger_target_dag
[2026-05-13T12:15:07.820+0700] {logging_mixin.py:190} INFO - [2026-05-13T12:15:07.820+0700] {dag.py:3239} INFO - Sync 1 DAGs
[2026-05-13T12:15:07.827+0700] {logging_mixin.py:190} INFO - [2026-05-13T12:15:07.827+0700] {dag.py:3262} INFO - Creating ORM DAG for example_trigger_target_dag
[2026-05-13T12:15:07.827+0700] {logging_mixin.py:190} INFO - [2026-05-13T12:15:07.827+0700] {dag.py:4180} INFO - Setting next_dagrun for example_trigger_target_dag to None, run_after=None
[2026-05-13T12:15:07.870+0700] {processor.py:208} INFO - Processing /Users/najma/de_learning/bulan_2/airflow_project/venv_airflow/lib/python3.12/site-packages/airflow/example_dags/example_trigger_target_dag.py took 0.203 seconds
[2026-05-13T12:17:12.841+0700] {processor.py:186} INFO - Started process (PID=7493) to work on /Users/najma/de_learning/bulan_2/airflow_project/venv_airflow/lib/python3.12/site-packages/airflow/example_dags/example_trigger_target_dag.py
[2026-05-13T12:17:12.842+0700] {processor.py:914} INFO - Processing file /Users/najma/de_learning/bulan_2/airflow_project/venv_airflow/lib/python3.12/site-packages/airflow/example_dags/example_trigger_target_dag.py for tasks to queue
[2026-05-13T12:17:12.843+0700] {logging_mixin.py:190} INFO - [2026-05-13T12:17:12.843+0700] {dagbag.py:588} INFO - Filling up the DagBag from /Users/najma/de_learning/bulan_2/airflow_project/venv_airflow/lib/python3.12/site-packages/airflow/example_dags/example_trigger_target_dag.py
[2026-05-13T12:17:12.865+0700] {processor.py:925} INFO - DAG(s) 'example_trigger_target_dag' retrieved from /Users/najma/de_learning/bulan_2/airflow_project/venv_airflow/lib/python3.12/site-packages/airflow/example_dags/example_trigger_target_dag.py
[2026-05-13T12:17:12.916+0700] {logging_mixin.py:190} INFO - [2026-05-13T12:17:12.916+0700] {dag.py:3239} INFO - Sync 1 DAGs
[2026-05-13T12:17:12.922+0700] {logging_mixin.py:190} INFO - [2026-05-13T12:17:12.921+0700] {dag.py:4180} INFO - Setting next_dagrun for example_trigger_target_dag to None, run_after=None
[2026-05-13T12:17:12.931+0700] {processor.py:208} INFO - Processing /Users/najma/de_learning/bulan_2/airflow_project/venv_airflow/lib/python3.12/site-packages/airflow/example_dags/example_trigger_target_dag.py took 0.092 seconds
[2026-05-13T12:18:40.011+0700] {processor.py:186} INFO - Started process (PID=7590) to work on /Users/najma/de_learning/bulan_2/airflow_project/venv_airflow/lib/python3.12/site-packages/airflow/example_dags/example_trigger_target_dag.py
[2026-05-13T12:18:40.012+0700] {processor.py:914} INFO - Processing file /Users/najma/de_learning/bulan_2/airflow_project/venv_airflow/lib/python3.12/site-packages/airflow/example_dags/example_trigger_target_dag.py for tasks to queue
[2026-05-13T12:18:40.013+0700] {logging_mixin.py:190} INFO - [2026-05-13T12:18:40.013+0700] {dagbag.py:588} INFO - Filling up the DagBag from /Users/najma/de_learning/bulan_2/airflow_project/venv_airflow/lib/python3.12/site-packages/airflow/example_dags/example_trigger_target_dag.py
[2026-05-13T12:18:40.035+0700] {processor.py:925} INFO - DAG(s) 'example_trigger_target_dag' retrieved from /Users/najma/de_learning/bulan_2/airflow_project/venv_airflow/lib/python3.12/site-packages/airflow/example_dags/example_trigger_target_dag.py
[2026-05-13T12:18:40.085+0700] {logging_mixin.py:190} INFO - [2026-05-13T12:18:40.085+0700] {dag.py:3239} INFO - Sync 1 DAGs
[2026-05-13T12:18:40.091+0700] {logging_mixin.py:190} INFO - [2026-05-13T12:18:40.091+0700] {dag.py:4180} INFO - Setting next_dagrun for example_trigger_target_dag to None, run_after=None
[2026-05-13T12:18:40.100+0700] {processor.py:208} INFO - Processing /Users/najma/de_learning/bulan_2/airflow_project/venv_airflow/lib/python3.12/site-packages/airflow/example_dags/example_trigger_target_dag.py took 0.090 seconds
[2026-05-13T12:20:07.969+0700] {processor.py:186} INFO - Started process (PID=7884) to work on /Users/najma/de_learning/bulan_2/airflow_project/venv_airflow/lib/python3.12/site-packages/airflow/example_dags/example_trigger_target_dag.py
[2026-05-13T12:20:07.970+0700] {processor.py:914} INFO - Processing file /Users/najma/de_learning/bulan_2/airflow_project/venv_airflow/lib/python3.12/site-packages/airflow/example_dags/example_trigger_target_dag.py for tasks to queue
[2026-05-13T12:20:07.971+0700] {logging_mixin.py:190} INFO - [2026-05-13T12:20:07.971+0700] {dagbag.py:588} INFO - Filling up the DagBag from /Users/najma/de_learning/bulan_2/airflow_project/venv_airflow/lib/python3.12/site-packages/airflow/example_dags/example_trigger_target_dag.py
[2026-05-13T12:20:07.993+0700] {processor.py:925} INFO - DAG(s) 'example_trigger_target_dag' retrieved from /Users/najma/de_learning/bulan_2/airflow_project/venv_airflow/lib/python3.12/site-packages/airflow/example_dags/example_trigger_target_dag.py
[2026-05-13T12:20:08.043+0700] {logging_mixin.py:190} INFO - [2026-05-13T12:20:08.043+0700] {dag.py:3239} INFO - Sync 1 DAGs
[2026-05-13T12:20:08.048+0700] {logging_mixin.py:190} INFO - [2026-05-13T12:20:08.048+0700] {dag.py:4180} INFO - Setting next_dagrun for example_trigger_target_dag to None, run_after=None
[2026-05-13T12:20:08.058+0700] {processor.py:208} INFO - Processing /Users/najma/de_learning/bulan_2/airflow_project/venv_airflow/lib/python3.12/site-packages/airflow/example_dags/example_trigger_target_dag.py took 0.090 seconds
[2026-05-13T12:21:32.708+0700] {processor.py:186} INFO - Started process (PID=7991) to work on /Users/najma/de_learning/bulan_2/airflow_project/venv_airflow/lib/python3.12/site-packages/airflow/example_dags/example_trigger_target_dag.py
[2026-05-13T12:21:32.710+0700] {processor.py:914} INFO - Processing file /Users/najma/de_learning/bulan_2/airflow_project/venv_airflow/lib/python3.12/site-packages/airflow/example_dags/example_trigger_target_dag.py for tasks to queue
[2026-05-13T12:21:32.710+0700] {logging_mixin.py:190} INFO - [2026-05-13T12:21:32.710+0700] {dagbag.py:588} INFO - Filling up the DagBag from /Users/najma/de_learning/bulan_2/airflow_project/venv_airflow/lib/python3.12/site-packages/airflow/example_dags/example_trigger_target_dag.py
[2026-05-13T12:21:32.733+0700] {processor.py:925} INFO - DAG(s) 'example_trigger_target_dag' retrieved from /Users/najma/de_learning/bulan_2/airflow_project/venv_airflow/lib/python3.12/site-packages/airflow/example_dags/example_trigger_target_dag.py
[2026-05-13T12:21:32.785+0700] {logging_mixin.py:190} INFO - [2026-05-13T12:21:32.785+0700] {dag.py:3239} INFO - Sync 1 DAGs
[2026-05-13T12:21:32.791+0700] {logging_mixin.py:190} INFO - [2026-05-13T12:21:32.791+0700] {dag.py:4180} INFO - Setting next_dagrun for example_trigger_target_dag to None, run_after=None
[2026-05-13T12:21:32.801+0700] {processor.py:208} INFO - Processing /Users/najma/de_learning/bulan_2/airflow_project/venv_airflow/lib/python3.12/site-packages/airflow/example_dags/example_trigger_target_dag.py took 0.095 seconds
[2026-05-13T12:22:57.904+0700] {processor.py:186} INFO - Started process (PID=8100) to work on /Users/najma/de_learning/bulan_2/airflow_project/venv_airflow/lib/python3.12/site-packages/airflow/example_dags/example_trigger_target_dag.py
[2026-05-13T12:22:57.904+0700] {processor.py:914} INFO - Processing file /Users/najma/de_learning/bulan_2/airflow_project/venv_airflow/lib/python3.12/site-packages/airflow/example_dags/example_trigger_target_dag.py for tasks to queue
[2026-05-13T12:22:57.905+0700] {logging_mixin.py:190} INFO - [2026-05-13T12:22:57.905+0700] {dagbag.py:588} INFO - Filling up the DagBag from /Users/najma/de_learning/bulan_2/airflow_project/venv_airflow/lib/python3.12/site-packages/airflow/example_dags/example_trigger_target_dag.py
[2026-05-13T12:22:57.927+0700] {processor.py:925} INFO - DAG(s) 'example_trigger_target_dag' retrieved from /Users/najma/de_learning/bulan_2/airflow_project/venv_airflow/lib/python3.12/site-packages/airflow/example_dags/example_trigger_target_dag.py
[2026-05-13T12:22:57.977+0700] {logging_mixin.py:190} INFO - [2026-05-13T12:22:57.977+0700] {dag.py:3239} INFO - Sync 1 DAGs
[2026-05-13T12:22:57.982+0700] {logging_mixin.py:190} INFO - [2026-05-13T12:22:57.982+0700] {dag.py:4180} INFO - Setting next_dagrun for example_trigger_target_dag to None, run_after=None
[2026-05-13T12:22:57.991+0700] {processor.py:208} INFO - Processing /Users/najma/de_learning/bulan_2/airflow_project/venv_airflow/lib/python3.12/site-packages/airflow/example_dags/example_trigger_target_dag.py took 0.090 seconds
[2026-05-13T12:24:23.151+0700] {processor.py:186} INFO - Started process (PID=8196) to work on /Users/najma/de_learning/bulan_2/airflow_project/venv_airflow/lib/python3.12/site-packages/airflow/example_dags/example_trigger_target_dag.py
[2026-05-13T12:24:23.152+0700] {processor.py:914} INFO - Processing file /Users/najma/de_learning/bulan_2/airflow_project/venv_airflow/lib/python3.12/site-packages/airflow/example_dags/example_trigger_target_dag.py for tasks to queue
[2026-05-13T12:24:23.153+0700] {logging_mixin.py:190} INFO - [2026-05-13T12:24:23.153+0700] {dagbag.py:588} INFO - Filling up the DagBag from /Users/najma/de_learning/bulan_2/airflow_project/venv_airflow/lib/python3.12/site-packages/airflow/example_dags/example_trigger_target_dag.py
[2026-05-13T12:24:23.175+0700] {processor.py:925} INFO - DAG(s) 'example_trigger_target_dag' retrieved from /Users/najma/de_learning/bulan_2/airflow_project/venv_airflow/lib/python3.12/site-packages/airflow/example_dags/example_trigger_target_dag.py
[2026-05-13T12:24:23.226+0700] {logging_mixin.py:190} INFO - [2026-05-13T12:24:23.226+0700] {dag.py:3239} INFO - Sync 1 DAGs
[2026-05-13T12:24:23.232+0700] {logging_mixin.py:190} INFO - [2026-05-13T12:24:23.232+0700] {dag.py:4180} INFO - Setting next_dagrun for example_trigger_target_dag to None, run_after=None
[2026-05-13T12:24:23.242+0700] {processor.py:208} INFO - Processing /Users/najma/de_learning/bulan_2/airflow_project/venv_airflow/lib/python3.12/site-packages/airflow/example_dags/example_trigger_target_dag.py took 0.093 seconds
