[2026-05-13T12:15:32.176+0700] {processor.py:186} INFO - Started process (PID=6614) to work on /Users/najma/de_learning/bulan_2/airflow_project/venv_airflow/lib/python3.12/site-packages/airflow/example_dags/example_setup_teardown.py
[2026-05-13T12:15:32.177+0700] {processor.py:914} INFO - Processing file /Users/najma/de_learning/bulan_2/airflow_project/venv_airflow/lib/python3.12/site-packages/airflow/example_dags/example_setup_teardown.py for tasks to queue
[2026-05-13T12:15:32.178+0700] {logging_mixin.py:190} INFO - [2026-05-13T12:15:32.178+0700] {dagbag.py:588} INFO - Filling up the DagBag from /Users/najma/de_learning/bulan_2/airflow_project/venv_airflow/lib/python3.12/site-packages/airflow/example_dags/example_setup_teardown.py
[2026-05-13T12:15:32.183+0700] {processor.py:925} INFO - DAG(s) 'example_setup_teardown' retrieved from /Users/najma/de_learning/bulan_2/airflow_project/venv_airflow/lib/python3.12/site-packages/airflow/example_dags/example_setup_teardown.py
[2026-05-13T12:15:32.285+0700] {logging_mixin.py:190} INFO - [2026-05-13T12:15:32.285+0700] {override.py:1911} INFO - Created Permission View: can delete on DAG:example_setup_teardown
[2026-05-13T12:15:32.290+0700] {logging_mixin.py:190} INFO - [2026-05-13T12:15:32.290+0700] {override.py:1911} INFO - Created Permission View: can edit on DAG:example_setup_teardown
[2026-05-13T12:15:32.293+0700] {logging_mixin.py:190} INFO - [2026-05-13T12:15:32.293+0700] {override.py:1911} INFO - Created Permission View: can read on DAG:example_setup_teardown
[2026-05-13T12:15:32.297+0700] {logging_mixin.py:190} INFO - [2026-05-13T12:15:32.296+0700] {override.py:1911} INFO - Created Permission View: can delete on DAG Run:example_setup_teardown
[2026-05-13T12:15:32.299+0700] {logging_mixin.py:190} INFO - [2026-05-13T12:15:32.299+0700] {override.py:1911} INFO - Created Permission View: can create on DAG Run:example_setup_teardown
[2026-05-13T12:15:32.302+0700] {logging_mixin.py:190} INFO - [2026-05-13T12:15:32.302+0700] {override.py:1911} INFO - Created Permission View: menu access on DAG Run:example_setup_teardown
[2026-05-13T12:15:32.305+0700] {logging_mixin.py:190} INFO - [2026-05-13T12:15:32.304+0700] {override.py:1911} INFO - Created Permission View: can read on DAG Run:example_setup_teardown
[2026-05-13T12:15:32.305+0700] {logging_mixin.py:190} INFO - [2026-05-13T12:15:32.305+0700] {dag.py:3239} INFO - Sync 1 DAGs
[2026-05-13T12:15:32.311+0700] {logging_mixin.py:190} INFO - [2026-05-13T12:15:32.311+0700] {dag.py:3262} INFO - Creating ORM DAG for example_setup_teardown
[2026-05-13T12:15:32.311+0700] {logging_mixin.py:190} INFO - [2026-05-13T12:15:32.311+0700] {dag.py:4180} INFO - Setting next_dagrun for example_setup_teardown to None, run_after=None
[2026-05-13T12:15:32.319+0700] {processor.py:208} INFO - Processing /Users/najma/de_learning/bulan_2/airflow_project/venv_airflow/lib/python3.12/site-packages/airflow/example_dags/example_setup_teardown.py took 0.145 seconds
[2026-05-13T12:17:35.173+0700] {processor.py:186} INFO - Started process (PID=7518) to work on /Users/najma/de_learning/bulan_2/airflow_project/venv_airflow/lib/python3.12/site-packages/airflow/example_dags/example_setup_teardown.py
[2026-05-13T12:17:35.174+0700] {processor.py:914} INFO - Processing file /Users/najma/de_learning/bulan_2/airflow_project/venv_airflow/lib/python3.12/site-packages/airflow/example_dags/example_setup_teardown.py for tasks to queue
[2026-05-13T12:17:35.175+0700] {logging_mixin.py:190} INFO - [2026-05-13T12:17:35.175+0700] {dagbag.py:588} INFO - Filling up the DagBag from /Users/najma/de_learning/bulan_2/airflow_project/venv_airflow/lib/python3.12/site-packages/airflow/example_dags/example_setup_teardown.py
[2026-05-13T12:17:35.180+0700] {processor.py:925} INFO - DAG(s) 'example_setup_teardown' retrieved from /Users/najma/de_learning/bulan_2/airflow_project/venv_airflow/lib/python3.12/site-packages/airflow/example_dags/example_setup_teardown.py
[2026-05-13T12:17:35.233+0700] {logging_mixin.py:190} INFO - [2026-05-13T12:17:35.233+0700] {dag.py:3239} INFO - Sync 1 DAGs
[2026-05-13T12:17:35.239+0700] {logging_mixin.py:190} INFO - [2026-05-13T12:17:35.239+0700] {dag.py:4180} INFO - Setting next_dagrun for example_setup_teardown to None, run_after=None
[2026-05-13T12:17:35.249+0700] {processor.py:208} INFO - Processing /Users/najma/de_learning/bulan_2/airflow_project/venv_airflow/lib/python3.12/site-packages/airflow/example_dags/example_setup_teardown.py took 0.079 seconds
[2026-05-13T12:19:02.760+0700] {processor.py:186} INFO - Started process (PID=7614) to work on /Users/najma/de_learning/bulan_2/airflow_project/venv_airflow/lib/python3.12/site-packages/airflow/example_dags/example_setup_teardown.py
[2026-05-13T12:19:02.762+0700] {processor.py:914} INFO - Processing file /Users/najma/de_learning/bulan_2/airflow_project/venv_airflow/lib/python3.12/site-packages/airflow/example_dags/example_setup_teardown.py for tasks to queue
[2026-05-13T12:19:02.762+0700] {logging_mixin.py:190} INFO - [2026-05-13T12:19:02.762+0700] {dagbag.py:588} INFO - Filling up the DagBag from /Users/najma/de_learning/bulan_2/airflow_project/venv_airflow/lib/python3.12/site-packages/airflow/example_dags/example_setup_teardown.py
[2026-05-13T12:19:02.767+0700] {processor.py:925} INFO - DAG(s) 'example_setup_teardown' retrieved from /Users/najma/de_learning/bulan_2/airflow_project/venv_airflow/lib/python3.12/site-packages/airflow/example_dags/example_setup_teardown.py
[2026-05-13T12:19:02.823+0700] {logging_mixin.py:190} INFO - [2026-05-13T12:19:02.823+0700] {dag.py:3239} INFO - Sync 1 DAGs
[2026-05-13T12:19:02.830+0700] {logging_mixin.py:190} INFO - [2026-05-13T12:19:02.829+0700] {dag.py:4180} INFO - Setting next_dagrun for example_setup_teardown to None, run_after=None
[2026-05-13T12:19:02.839+0700] {processor.py:208} INFO - Processing /Users/najma/de_learning/bulan_2/airflow_project/venv_airflow/lib/python3.12/site-packages/airflow/example_dags/example_setup_teardown.py took 0.081 seconds
[2026-05-13T12:20:28.099+0700] {processor.py:186} INFO - Started process (PID=7909) to work on /Users/najma/de_learning/bulan_2/airflow_project/venv_airflow/lib/python3.12/site-packages/airflow/example_dags/example_setup_teardown.py
[2026-05-13T12:20:28.100+0700] {processor.py:914} INFO - Processing file /Users/najma/de_learning/bulan_2/airflow_project/venv_airflow/lib/python3.12/site-packages/airflow/example_dags/example_setup_teardown.py for tasks to queue
[2026-05-13T12:20:28.100+0700] {logging_mixin.py:190} INFO - [2026-05-13T12:20:28.100+0700] {dagbag.py:588} INFO - Filling up the DagBag from /Users/najma/de_learning/bulan_2/airflow_project/venv_airflow/lib/python3.12/site-packages/airflow/example_dags/example_setup_teardown.py
[2026-05-13T12:20:28.105+0700] {processor.py:925} INFO - DAG(s) 'example_setup_teardown' retrieved from /Users/najma/de_learning/bulan_2/airflow_project/venv_airflow/lib/python3.12/site-packages/airflow/example_dags/example_setup_teardown.py
[2026-05-13T12:20:28.161+0700] {logging_mixin.py:190} INFO - [2026-05-13T12:20:28.161+0700] {dag.py:3239} INFO - Sync 1 DAGs
[2026-05-13T12:20:28.168+0700] {logging_mixin.py:190} INFO - [2026-05-13T12:20:28.168+0700] {dag.py:4180} INFO - Setting next_dagrun for example_setup_teardown to None, run_after=None
[2026-05-13T12:20:28.177+0700] {processor.py:208} INFO - Processing /Users/najma/de_learning/bulan_2/airflow_project/venv_airflow/lib/python3.12/site-packages/airflow/example_dags/example_setup_teardown.py took 0.080 seconds
[2026-05-13T12:21:54.000+0700] {processor.py:186} INFO - Started process (PID=8016) to work on /Users/najma/de_learning/bulan_2/airflow_project/venv_airflow/lib/python3.12/site-packages/airflow/example_dags/example_setup_teardown.py
[2026-05-13T12:21:54.001+0700] {processor.py:914} INFO - Processing file /Users/najma/de_learning/bulan_2/airflow_project/venv_airflow/lib/python3.12/site-packages/airflow/example_dags/example_setup_teardown.py for tasks to queue
[2026-05-13T12:21:54.002+0700] {logging_mixin.py:190} INFO - [2026-05-13T12:21:54.002+0700] {dagbag.py:588} INFO - Filling up the DagBag from /Users/najma/de_learning/bulan_2/airflow_project/venv_airflow/lib/python3.12/site-packages/airflow/example_dags/example_setup_teardown.py
[2026-05-13T12:21:54.007+0700] {processor.py:925} INFO - DAG(s) 'example_setup_teardown' retrieved from /Users/najma/de_learning/bulan_2/airflow_project/venv_airflow/lib/python3.12/site-packages/airflow/example_dags/example_setup_teardown.py
[2026-05-13T12:21:54.059+0700] {logging_mixin.py:190} INFO - [2026-05-13T12:21:54.059+0700] {dag.py:3239} INFO - Sync 1 DAGs
[2026-05-13T12:21:54.065+0700] {logging_mixin.py:190} INFO - [2026-05-13T12:21:54.065+0700] {dag.py:4180} INFO - Setting next_dagrun for example_setup_teardown to None, run_after=None
[2026-05-13T12:21:54.075+0700] {processor.py:208} INFO - Processing /Users/najma/de_learning/bulan_2/airflow_project/venv_airflow/lib/python3.12/site-packages/airflow/example_dags/example_setup_teardown.py took 0.076 seconds
[2026-05-13T12:23:20.189+0700] {processor.py:186} INFO - Started process (PID=8124) to work on /Users/najma/de_learning/bulan_2/airflow_project/venv_airflow/lib/python3.12/site-packages/airflow/example_dags/example_setup_teardown.py
[2026-05-13T12:23:20.190+0700] {processor.py:914} INFO - Processing file /Users/najma/de_learning/bulan_2/airflow_project/venv_airflow/lib/python3.12/site-packages/airflow/example_dags/example_setup_teardown.py for tasks to queue
[2026-05-13T12:23:20.191+0700] {logging_mixin.py:190} INFO - [2026-05-13T12:23:20.191+0700] {dagbag.py:588} INFO - Filling up the DagBag from /Users/najma/de_learning/bulan_2/airflow_project/venv_airflow/lib/python3.12/site-packages/airflow/example_dags/example_setup_teardown.py
[2026-05-13T12:23:20.196+0700] {processor.py:925} INFO - DAG(s) 'example_setup_teardown' retrieved from /Users/najma/de_learning/bulan_2/airflow_project/venv_airflow/lib/python3.12/site-packages/airflow/example_dags/example_setup_teardown.py
[2026-05-13T12:23:20.248+0700] {logging_mixin.py:190} INFO - [2026-05-13T12:23:20.248+0700] {dag.py:3239} INFO - Sync 1 DAGs
[2026-05-13T12:23:20.254+0700] {logging_mixin.py:190} INFO - [2026-05-13T12:23:20.254+0700] {dag.py:4180} INFO - Setting next_dagrun for example_setup_teardown to None, run_after=None
[2026-05-13T12:23:20.264+0700] {processor.py:208} INFO - Processing /Users/najma/de_learning/bulan_2/airflow_project/venv_airflow/lib/python3.12/site-packages/airflow/example_dags/example_setup_teardown.py took 0.077 seconds
[2026-05-13T12:24:44.893+0700] {processor.py:186} INFO - Started process (PID=8222) to work on /Users/najma/de_learning/bulan_2/airflow_project/venv_airflow/lib/python3.12/site-packages/airflow/example_dags/example_setup_teardown.py
[2026-05-13T12:24:44.894+0700] {processor.py:914} INFO - Processing file /Users/najma/de_learning/bulan_2/airflow_project/venv_airflow/lib/python3.12/site-packages/airflow/example_dags/example_setup_teardown.py for tasks to queue
[2026-05-13T12:24:44.895+0700] {logging_mixin.py:190} INFO - [2026-05-13T12:24:44.895+0700] {dagbag.py:588} INFO - Filling up the DagBag from /Users/najma/de_learning/bulan_2/airflow_project/venv_airflow/lib/python3.12/site-packages/airflow/example_dags/example_setup_teardown.py
[2026-05-13T12:24:44.900+0700] {processor.py:925} INFO - DAG(s) 'example_setup_teardown' retrieved from /Users/najma/de_learning/bulan_2/airflow_project/venv_airflow/lib/python3.12/site-packages/airflow/example_dags/example_setup_teardown.py
[2026-05-13T12:24:44.955+0700] {logging_mixin.py:190} INFO - [2026-05-13T12:24:44.955+0700] {dag.py:3239} INFO - Sync 1 DAGs
[2026-05-13T12:24:44.962+0700] {logging_mixin.py:190} INFO - [2026-05-13T12:24:44.962+0700] {dag.py:4180} INFO - Setting next_dagrun for example_setup_teardown to None, run_after=None
[2026-05-13T12:24:44.972+0700] {processor.py:208} INFO - Processing /Users/najma/de_learning/bulan_2/airflow_project/venv_airflow/lib/python3.12/site-packages/airflow/example_dags/example_setup_teardown.py took 0.081 seconds
