[2026-05-13T12:16:06.411+0700] {processor.py:186} INFO - Started process (PID=7405) to work on /Users/najma/de_learning/bulan_2/airflow_project/venv_airflow/lib/python3.12/site-packages/airflow/example_dags/example_inlet_event_extra.py
[2026-05-13T12:16:06.412+0700] {processor.py:914} INFO - Processing file /Users/najma/de_learning/bulan_2/airflow_project/venv_airflow/lib/python3.12/site-packages/airflow/example_dags/example_inlet_event_extra.py for tasks to queue
[2026-05-13T12:16:06.412+0700] {logging_mixin.py:190} INFO - [2026-05-13T12:16:06.412+0700] {dagbag.py:588} INFO - Filling up the DagBag from /Users/najma/de_learning/bulan_2/airflow_project/venv_airflow/lib/python3.12/site-packages/airflow/example_dags/example_inlet_event_extra.py
[2026-05-13T12:16:06.464+0700] {processor.py:925} INFO - DAG(s) 'read_dataset_event_from_classic', 'read_dataset_event' retrieved from /Users/najma/de_learning/bulan_2/airflow_project/venv_airflow/lib/python3.12/site-packages/airflow/example_dags/example_inlet_event_extra.py
[2026-05-13T12:16:06.562+0700] {logging_mixin.py:190} INFO - [2026-05-13T12:16:06.562+0700] {override.py:1911} INFO - Created Permission View: can delete on DAG:read_dataset_event_from_classic
[2026-05-13T12:16:06.569+0700] {logging_mixin.py:190} INFO - [2026-05-13T12:16:06.568+0700] {override.py:1911} INFO - Created Permission View: can read on DAG:read_dataset_event_from_classic
[2026-05-13T12:16:06.572+0700] {logging_mixin.py:190} INFO - [2026-05-13T12:16:06.572+0700] {override.py:1911} INFO - Created Permission View: can edit on DAG:read_dataset_event_from_classic
[2026-05-13T12:16:06.576+0700] {logging_mixin.py:190} INFO - [2026-05-13T12:16:06.576+0700] {override.py:1911} INFO - Created Permission View: can delete on DAG Run:read_dataset_event_from_classic
[2026-05-13T12:16:06.579+0700] {logging_mixin.py:190} INFO - [2026-05-13T12:16:06.579+0700] {override.py:1911} INFO - Created Permission View: menu access on DAG Run:read_dataset_event_from_classic
[2026-05-13T12:16:06.582+0700] {logging_mixin.py:190} INFO - [2026-05-13T12:16:06.582+0700] {override.py:1911} INFO - Created Permission View: can read on DAG Run:read_dataset_event_from_classic
[2026-05-13T12:16:06.585+0700] {logging_mixin.py:190} INFO - [2026-05-13T12:16:06.585+0700] {override.py:1911} INFO - Created Permission View: can create on DAG Run:read_dataset_event_from_classic
[2026-05-13T12:16:06.591+0700] {logging_mixin.py:190} INFO - [2026-05-13T12:16:06.591+0700] {override.py:1911} INFO - Created Permission View: can delete on DAG:read_dataset_event
[2026-05-13T12:16:06.594+0700] {logging_mixin.py:190} INFO - [2026-05-13T12:16:06.593+0700] {override.py:1911} INFO - Created Permission View: can read on DAG:read_dataset_event
[2026-05-13T12:16:06.596+0700] {logging_mixin.py:190} INFO - [2026-05-13T12:16:06.596+0700] {override.py:1911} INFO - Created Permission View: can edit on DAG:read_dataset_event
[2026-05-13T12:16:06.600+0700] {logging_mixin.py:190} INFO - [2026-05-13T12:16:06.600+0700] {override.py:1911} INFO - Created Permission View: can delete on DAG Run:read_dataset_event
[2026-05-13T12:16:06.603+0700] {logging_mixin.py:190} INFO - [2026-05-13T12:16:06.603+0700] {override.py:1911} INFO - Created Permission View: menu access on DAG Run:read_dataset_event
[2026-05-13T12:16:06.605+0700] {logging_mixin.py:190} INFO - [2026-05-13T12:16:06.605+0700] {override.py:1911} INFO - Created Permission View: can read on DAG Run:read_dataset_event
[2026-05-13T12:16:06.609+0700] {logging_mixin.py:190} INFO - [2026-05-13T12:16:06.609+0700] {override.py:1911} INFO - Created Permission View: can create on DAG Run:read_dataset_event
[2026-05-13T12:16:06.609+0700] {logging_mixin.py:190} INFO - [2026-05-13T12:16:06.609+0700] {dag.py:3239} INFO - Sync 2 DAGs
[2026-05-13T12:16:06.649+0700] {logging_mixin.py:190} INFO - [2026-05-13T12:16:06.649+0700] {dag.py:3262} INFO - Creating ORM DAG for read_dataset_event_from_classic
[2026-05-13T12:16:06.649+0700] {logging_mixin.py:190} INFO - [2026-05-13T12:16:06.649+0700] {dag.py:3262} INFO - Creating ORM DAG for read_dataset_event
[2026-05-13T12:16:06.654+0700] {logging_mixin.py:190} INFO - [2026-05-13T12:16:06.654+0700] {dag.py:4180} INFO - Setting next_dagrun for read_dataset_event to 2026-05-12 00:00:00+00:00, run_after=2026-05-13 00:00:00+00:00
[2026-05-13T12:16:06.655+0700] {logging_mixin.py:190} INFO - [2026-05-13T12:16:06.655+0700] {dag.py:4180} INFO - Setting next_dagrun for read_dataset_event_from_classic to 2026-05-12 00:00:00+00:00, run_after=2026-05-13 00:00:00+00:00
[2026-05-13T12:16:06.664+0700] {processor.py:208} INFO - Processing /Users/najma/de_learning/bulan_2/airflow_project/venv_airflow/lib/python3.12/site-packages/airflow/example_dags/example_inlet_event_extra.py took 0.255 seconds
[2026-05-13T12:18:03.454+0700] {processor.py:186} INFO - Started process (PID=7550) to work on /Users/najma/de_learning/bulan_2/airflow_project/venv_airflow/lib/python3.12/site-packages/airflow/example_dags/example_inlet_event_extra.py
[2026-05-13T12:18:03.455+0700] {processor.py:914} INFO - Processing file /Users/najma/de_learning/bulan_2/airflow_project/venv_airflow/lib/python3.12/site-packages/airflow/example_dags/example_inlet_event_extra.py for tasks to queue
[2026-05-13T12:18:03.456+0700] {logging_mixin.py:190} INFO - [2026-05-13T12:18:03.456+0700] {dagbag.py:588} INFO - Filling up the DagBag from /Users/najma/de_learning/bulan_2/airflow_project/venv_airflow/lib/python3.12/site-packages/airflow/example_dags/example_inlet_event_extra.py
[2026-05-13T12:18:03.508+0700] {processor.py:925} INFO - DAG(s) 'read_dataset_event', 'read_dataset_event_from_classic' retrieved from /Users/najma/de_learning/bulan_2/airflow_project/venv_airflow/lib/python3.12/site-packages/airflow/example_dags/example_inlet_event_extra.py
[2026-05-13T12:18:03.563+0700] {logging_mixin.py:190} INFO - [2026-05-13T12:18:03.563+0700] {dag.py:3239} INFO - Sync 2 DAGs
[2026-05-13T12:18:03.573+0700] {logging_mixin.py:190} INFO - [2026-05-13T12:18:03.573+0700] {dag.py:4180} INFO - Setting next_dagrun for read_dataset_event to 2026-05-12 00:00:00+00:00, run_after=2026-05-13 00:00:00+00:00
[2026-05-13T12:18:03.576+0700] {logging_mixin.py:190} INFO - [2026-05-13T12:18:03.576+0700] {dag.py:4180} INFO - Setting next_dagrun for read_dataset_event_from_classic to 2026-05-12 00:00:00+00:00, run_after=2026-05-13 00:00:00+00:00
[2026-05-13T12:18:03.586+0700] {processor.py:208} INFO - Processing /Users/najma/de_learning/bulan_2/airflow_project/venv_airflow/lib/python3.12/site-packages/airflow/example_dags/example_inlet_event_extra.py took 0.134 seconds
[2026-05-13T12:20:54.282+0700] {processor.py:186} INFO - Started process (PID=7946) to work on /Users/najma/de_learning/bulan_2/airflow_project/venv_airflow/lib/python3.12/site-packages/airflow/example_dags/example_inlet_event_extra.py
[2026-05-13T12:20:54.283+0700] {processor.py:914} INFO - Processing file /Users/najma/de_learning/bulan_2/airflow_project/venv_airflow/lib/python3.12/site-packages/airflow/example_dags/example_inlet_event_extra.py for tasks to queue
[2026-05-13T12:20:54.283+0700] {logging_mixin.py:190} INFO - [2026-05-13T12:20:54.283+0700] {dagbag.py:588} INFO - Filling up the DagBag from /Users/najma/de_learning/bulan_2/airflow_project/venv_airflow/lib/python3.12/site-packages/airflow/example_dags/example_inlet_event_extra.py
[2026-05-13T12:20:54.332+0700] {processor.py:925} INFO - DAG(s) 'read_dataset_event', 'read_dataset_event_from_classic' retrieved from /Users/najma/de_learning/bulan_2/airflow_project/venv_airflow/lib/python3.12/site-packages/airflow/example_dags/example_inlet_event_extra.py
[2026-05-13T12:20:54.383+0700] {logging_mixin.py:190} INFO - [2026-05-13T12:20:54.383+0700] {dag.py:3239} INFO - Sync 2 DAGs
[2026-05-13T12:20:54.393+0700] {logging_mixin.py:190} INFO - [2026-05-13T12:20:54.393+0700] {dag.py:4180} INFO - Setting next_dagrun for read_dataset_event to 2026-05-12 00:00:00+00:00, run_after=2026-05-13 00:00:00+00:00
[2026-05-13T12:20:54.395+0700] {logging_mixin.py:190} INFO - [2026-05-13T12:20:54.395+0700] {dag.py:4180} INFO - Setting next_dagrun for read_dataset_event_from_classic to 2026-05-12 00:00:00+00:00, run_after=2026-05-13 00:00:00+00:00
[2026-05-13T12:20:54.404+0700] {processor.py:208} INFO - Processing /Users/najma/de_learning/bulan_2/airflow_project/venv_airflow/lib/python3.12/site-packages/airflow/example_dags/example_inlet_event_extra.py took 0.124 seconds
[2026-05-13T12:23:46.301+0700] {processor.py:186} INFO - Started process (PID=8153) to work on /Users/najma/de_learning/bulan_2/airflow_project/venv_airflow/lib/python3.12/site-packages/airflow/example_dags/example_inlet_event_extra.py
[2026-05-13T12:23:46.302+0700] {processor.py:914} INFO - Processing file /Users/najma/de_learning/bulan_2/airflow_project/venv_airflow/lib/python3.12/site-packages/airflow/example_dags/example_inlet_event_extra.py for tasks to queue
[2026-05-13T12:23:46.303+0700] {logging_mixin.py:190} INFO - [2026-05-13T12:23:46.303+0700] {dagbag.py:588} INFO - Filling up the DagBag from /Users/najma/de_learning/bulan_2/airflow_project/venv_airflow/lib/python3.12/site-packages/airflow/example_dags/example_inlet_event_extra.py
[2026-05-13T12:23:46.352+0700] {processor.py:925} INFO - DAG(s) 'read_dataset_event', 'read_dataset_event_from_classic' retrieved from /Users/najma/de_learning/bulan_2/airflow_project/venv_airflow/lib/python3.12/site-packages/airflow/example_dags/example_inlet_event_extra.py
[2026-05-13T12:23:46.403+0700] {logging_mixin.py:190} INFO - [2026-05-13T12:23:46.403+0700] {dag.py:3239} INFO - Sync 2 DAGs
[2026-05-13T12:23:46.413+0700] {logging_mixin.py:190} INFO - [2026-05-13T12:23:46.413+0700] {dag.py:4180} INFO - Setting next_dagrun for read_dataset_event to 2026-05-12 00:00:00+00:00, run_after=2026-05-13 00:00:00+00:00
[2026-05-13T12:23:46.415+0700] {logging_mixin.py:190} INFO - [2026-05-13T12:23:46.415+0700] {dag.py:4180} INFO - Setting next_dagrun for read_dataset_event_from_classic to 2026-05-12 00:00:00+00:00, run_after=2026-05-13 00:00:00+00:00
[2026-05-13T12:23:46.424+0700] {processor.py:208} INFO - Processing /Users/najma/de_learning/bulan_2/airflow_project/venv_airflow/lib/python3.12/site-packages/airflow/example_dags/example_inlet_event_extra.py took 0.125 seconds
