[2026-05-13T12:16:19.379+0700] {processor.py:186} INFO - Started process (PID=7423) to work on /Users/najma/de_learning/bulan_2/airflow_project/venv_airflow/lib/python3.12/site-packages/airflow/example_dags/example_dataset_alias_with_no_taskflow.py
[2026-05-13T12:16:19.379+0700] {processor.py:914} INFO - Processing file /Users/najma/de_learning/bulan_2/airflow_project/venv_airflow/lib/python3.12/site-packages/airflow/example_dags/example_dataset_alias_with_no_taskflow.py for tasks to queue
[2026-05-13T12:16:19.380+0700] {logging_mixin.py:190} INFO - [2026-05-13T12:16:19.380+0700] {dagbag.py:588} INFO - Filling up the DagBag from /Users/najma/de_learning/bulan_2/airflow_project/venv_airflow/lib/python3.12/site-packages/airflow/example_dags/example_dataset_alias_with_no_taskflow.py
[2026-05-13T12:16:19.459+0700] {processor.py:925} INFO - DAG(s) 'dataset_alias_example_alias_consumer_with_no_taskflow', 'dataset_s3_bucket_consumer_with_no_taskflow', 'dataset_s3_bucket_producer_with_no_taskflow', 'dataset_alias_example_alias_producer_with_no_taskflow' retrieved from /Users/najma/de_learning/bulan_2/airflow_project/venv_airflow/lib/python3.12/site-packages/airflow/example_dags/example_dataset_alias_with_no_taskflow.py
[2026-05-13T12:16:19.515+0700] {logging_mixin.py:190} INFO - [2026-05-13T12:16:19.515+0700] {override.py:1911} INFO - Created Permission View: can edit on DAG:dataset_alias_example_alias_consumer_with_no_taskflow
[2026-05-13T12:16:19.520+0700] {logging_mixin.py:190} INFO - [2026-05-13T12:16:19.520+0700] {override.py:1911} INFO - Created Permission View: can delete on DAG:dataset_alias_example_alias_consumer_with_no_taskflow
[2026-05-13T12:16:19.523+0700] {logging_mixin.py:190} INFO - [2026-05-13T12:16:19.523+0700] {override.py:1911} INFO - Created Permission View: can read on DAG:dataset_alias_example_alias_consumer_with_no_taskflow
[2026-05-13T12:16:19.526+0700] {logging_mixin.py:190} INFO - [2026-05-13T12:16:19.526+0700] {override.py:1911} INFO - Created Permission View: menu access on DAG Run:dataset_alias_example_alias_consumer_with_no_taskflow
[2026-05-13T12:16:19.529+0700] {logging_mixin.py:190} INFO - [2026-05-13T12:16:19.529+0700] {override.py:1911} INFO - Created Permission View: can create on DAG Run:dataset_alias_example_alias_consumer_with_no_taskflow
[2026-05-13T12:16:19.532+0700] {logging_mixin.py:190} INFO - [2026-05-13T12:16:19.532+0700] {override.py:1911} INFO - Created Permission View: can delete on DAG Run:dataset_alias_example_alias_consumer_with_no_taskflow
[2026-05-13T12:16:19.534+0700] {logging_mixin.py:190} INFO - [2026-05-13T12:16:19.534+0700] {override.py:1911} INFO - Created Permission View: can read on DAG Run:dataset_alias_example_alias_consumer_with_no_taskflow
[2026-05-13T12:16:19.540+0700] {logging_mixin.py:190} INFO - [2026-05-13T12:16:19.540+0700] {override.py:1911} INFO - Created Permission View: can edit on DAG:dataset_s3_bucket_consumer_with_no_taskflow
[2026-05-13T12:16:19.543+0700] {logging_mixin.py:190} INFO - [2026-05-13T12:16:19.543+0700] {override.py:1911} INFO - Created Permission View: can delete on DAG:dataset_s3_bucket_consumer_with_no_taskflow
[2026-05-13T12:16:19.545+0700] {logging_mixin.py:190} INFO - [2026-05-13T12:16:19.545+0700] {override.py:1911} INFO - Created Permission View: can read on DAG:dataset_s3_bucket_consumer_with_no_taskflow
[2026-05-13T12:16:19.549+0700] {logging_mixin.py:190} INFO - [2026-05-13T12:16:19.549+0700] {override.py:1911} INFO - Created Permission View: menu access on DAG Run:dataset_s3_bucket_consumer_with_no_taskflow
[2026-05-13T12:16:19.552+0700] {logging_mixin.py:190} INFO - [2026-05-13T12:16:19.552+0700] {override.py:1911} INFO - Created Permission View: can create on DAG Run:dataset_s3_bucket_consumer_with_no_taskflow
[2026-05-13T12:16:19.554+0700] {logging_mixin.py:190} INFO - [2026-05-13T12:16:19.554+0700] {override.py:1911} INFO - Created Permission View: can delete on DAG Run:dataset_s3_bucket_consumer_with_no_taskflow
[2026-05-13T12:16:19.557+0700] {logging_mixin.py:190} INFO - [2026-05-13T12:16:19.557+0700] {override.py:1911} INFO - Created Permission View: can read on DAG Run:dataset_s3_bucket_consumer_with_no_taskflow
[2026-05-13T12:16:19.563+0700] {logging_mixin.py:190} INFO - [2026-05-13T12:16:19.562+0700] {override.py:1911} INFO - Created Permission View: can edit on DAG:dataset_s3_bucket_producer_with_no_taskflow
[2026-05-13T12:16:19.565+0700] {logging_mixin.py:190} INFO - [2026-05-13T12:16:19.565+0700] {override.py:1911} INFO - Created Permission View: can delete on DAG:dataset_s3_bucket_producer_with_no_taskflow
[2026-05-13T12:16:19.568+0700] {logging_mixin.py:190} INFO - [2026-05-13T12:16:19.568+0700] {override.py:1911} INFO - Created Permission View: can read on DAG:dataset_s3_bucket_producer_with_no_taskflow
[2026-05-13T12:16:19.571+0700] {logging_mixin.py:190} INFO - [2026-05-13T12:16:19.571+0700] {override.py:1911} INFO - Created Permission View: menu access on DAG Run:dataset_s3_bucket_producer_with_no_taskflow
[2026-05-13T12:16:19.574+0700] {logging_mixin.py:190} INFO - [2026-05-13T12:16:19.574+0700] {override.py:1911} INFO - Created Permission View: can create on DAG Run:dataset_s3_bucket_producer_with_no_taskflow
[2026-05-13T12:16:19.577+0700] {logging_mixin.py:190} INFO - [2026-05-13T12:16:19.576+0700] {override.py:1911} INFO - Created Permission View: can delete on DAG Run:dataset_s3_bucket_producer_with_no_taskflow
[2026-05-13T12:16:19.579+0700] {logging_mixin.py:190} INFO - [2026-05-13T12:16:19.579+0700] {override.py:1911} INFO - Created Permission View: can read on DAG Run:dataset_s3_bucket_producer_with_no_taskflow
[2026-05-13T12:16:19.586+0700] {logging_mixin.py:190} INFO - [2026-05-13T12:16:19.586+0700] {override.py:1911} INFO - Created Permission View: can edit on DAG:dataset_alias_example_alias_producer_with_no_taskflow
[2026-05-13T12:16:19.589+0700] {logging_mixin.py:190} INFO - [2026-05-13T12:16:19.588+0700] {override.py:1911} INFO - Created Permission View: can delete on DAG:dataset_alias_example_alias_producer_with_no_taskflow
[2026-05-13T12:16:19.591+0700] {logging_mixin.py:190} INFO - [2026-05-13T12:16:19.591+0700] {override.py:1911} INFO - Created Permission View: can read on DAG:dataset_alias_example_alias_producer_with_no_taskflow
[2026-05-13T12:16:19.595+0700] {logging_mixin.py:190} INFO - [2026-05-13T12:16:19.595+0700] {override.py:1911} INFO - Created Permission View: menu access on DAG Run:dataset_alias_example_alias_producer_with_no_taskflow
[2026-05-13T12:16:19.597+0700] {logging_mixin.py:190} INFO - [2026-05-13T12:16:19.597+0700] {override.py:1911} INFO - Created Permission View: can create on DAG Run:dataset_alias_example_alias_producer_with_no_taskflow
[2026-05-13T12:16:19.600+0700] {logging_mixin.py:190} INFO - [2026-05-13T12:16:19.600+0700] {override.py:1911} INFO - Created Permission View: can delete on DAG Run:dataset_alias_example_alias_producer_with_no_taskflow
[2026-05-13T12:16:19.603+0700] {logging_mixin.py:190} INFO - [2026-05-13T12:16:19.603+0700] {override.py:1911} INFO - Created Permission View: can read on DAG Run:dataset_alias_example_alias_producer_with_no_taskflow
[2026-05-13T12:16:19.603+0700] {logging_mixin.py:190} INFO - [2026-05-13T12:16:19.603+0700] {dag.py:3239} INFO - Sync 4 DAGs
[2026-05-13T12:16:19.643+0700] {logging_mixin.py:190} INFO - [2026-05-13T12:16:19.643+0700] {dag.py:3262} INFO - Creating ORM DAG for dataset_alias_example_alias_producer_with_no_taskflow
[2026-05-13T12:16:19.644+0700] {logging_mixin.py:190} INFO - [2026-05-13T12:16:19.643+0700] {dag.py:3262} INFO - Creating ORM DAG for dataset_s3_bucket_producer_with_no_taskflow
[2026-05-13T12:16:19.644+0700] {logging_mixin.py:190} INFO - [2026-05-13T12:16:19.644+0700] {dag.py:3262} INFO - Creating ORM DAG for dataset_alias_example_alias_consumer_with_no_taskflow
[2026-05-13T12:16:19.644+0700] {logging_mixin.py:190} INFO - [2026-05-13T12:16:19.644+0700] {dag.py:3262} INFO - Creating ORM DAG for dataset_s3_bucket_consumer_with_no_taskflow
[2026-05-13T12:16:19.648+0700] {logging_mixin.py:190} INFO - [2026-05-13T12:16:19.648+0700] {dag.py:4180} INFO - Setting next_dagrun for dataset_alias_example_alias_consumer_with_no_taskflow to None, run_after=None
[2026-05-13T12:16:19.648+0700] {logging_mixin.py:190} INFO - [2026-05-13T12:16:19.648+0700] {dag.py:4180} INFO - Setting next_dagrun for dataset_alias_example_alias_producer_with_no_taskflow to None, run_after=None
[2026-05-13T12:16:19.649+0700] {logging_mixin.py:190} INFO - [2026-05-13T12:16:19.649+0700] {dag.py:4180} INFO - Setting next_dagrun for dataset_s3_bucket_consumer_with_no_taskflow to None, run_after=None
[2026-05-13T12:16:19.649+0700] {logging_mixin.py:190} INFO - [2026-05-13T12:16:19.649+0700] {dag.py:4180} INFO - Setting next_dagrun for dataset_s3_bucket_producer_with_no_taskflow to None, run_after=None
[2026-05-13T12:16:19.657+0700] {logging_mixin.py:190} INFO - [2026-05-13T12:16:19.657+0700] {workday.py:41} WARNING - Could not import pandas. Holidays will not be considered.
[2026-05-13T12:16:19.665+0700] {processor.py:208} INFO - Processing /Users/najma/de_learning/bulan_2/airflow_project/venv_airflow/lib/python3.12/site-packages/airflow/example_dags/example_dataset_alias_with_no_taskflow.py took 0.288 seconds
[2026-05-13T12:19:12.347+0700] {processor.py:186} INFO - Started process (PID=7817) to work on /Users/najma/de_learning/bulan_2/airflow_project/venv_airflow/lib/python3.12/site-packages/airflow/example_dags/example_dataset_alias_with_no_taskflow.py
[2026-05-13T12:19:12.347+0700] {processor.py:914} INFO - Processing file /Users/najma/de_learning/bulan_2/airflow_project/venv_airflow/lib/python3.12/site-packages/airflow/example_dags/example_dataset_alias_with_no_taskflow.py for tasks to queue
[2026-05-13T12:19:12.348+0700] {logging_mixin.py:190} INFO - [2026-05-13T12:19:12.348+0700] {dagbag.py:588} INFO - Filling up the DagBag from /Users/najma/de_learning/bulan_2/airflow_project/venv_airflow/lib/python3.12/site-packages/airflow/example_dags/example_dataset_alias_with_no_taskflow.py
[2026-05-13T12:19:12.428+0700] {processor.py:925} INFO - DAG(s) 'dataset_alias_example_alias_consumer_with_no_taskflow', 'dataset_s3_bucket_consumer_with_no_taskflow', 'dataset_alias_example_alias_producer_with_no_taskflow', 'dataset_s3_bucket_producer_with_no_taskflow' retrieved from /Users/najma/de_learning/bulan_2/airflow_project/venv_airflow/lib/python3.12/site-packages/airflow/example_dags/example_dataset_alias_with_no_taskflow.py
[2026-05-13T12:19:12.440+0700] {logging_mixin.py:190} INFO - [2026-05-13T12:19:12.440+0700] {dag.py:3239} INFO - Sync 4 DAGs
[2026-05-13T12:19:12.449+0700] {logging_mixin.py:190} INFO - [2026-05-13T12:19:12.449+0700] {dag.py:4180} INFO - Setting next_dagrun for dataset_alias_example_alias_consumer_with_no_taskflow to None, run_after=None
[2026-05-13T12:19:12.450+0700] {logging_mixin.py:190} INFO - [2026-05-13T12:19:12.450+0700] {dag.py:4180} INFO - Setting next_dagrun for dataset_alias_example_alias_producer_with_no_taskflow to None, run_after=None
[2026-05-13T12:19:12.451+0700] {logging_mixin.py:190} INFO - [2026-05-13T12:19:12.451+0700] {dag.py:4180} INFO - Setting next_dagrun for dataset_s3_bucket_consumer_with_no_taskflow to None, run_after=None
[2026-05-13T12:19:12.451+0700] {logging_mixin.py:190} INFO - [2026-05-13T12:19:12.451+0700] {dag.py:4180} INFO - Setting next_dagrun for dataset_s3_bucket_producer_with_no_taskflow to None, run_after=None
[2026-05-13T12:19:12.463+0700] {processor.py:208} INFO - Processing /Users/najma/de_learning/bulan_2/airflow_project/venv_airflow/lib/python3.12/site-packages/airflow/example_dags/example_dataset_alias_with_no_taskflow.py took 0.118 seconds
[2026-05-13T12:22:03.714+0700] {processor.py:186} INFO - Started process (PID=8027) to work on /Users/najma/de_learning/bulan_2/airflow_project/venv_airflow/lib/python3.12/site-packages/airflow/example_dags/example_dataset_alias_with_no_taskflow.py
[2026-05-13T12:22:03.715+0700] {processor.py:914} INFO - Processing file /Users/najma/de_learning/bulan_2/airflow_project/venv_airflow/lib/python3.12/site-packages/airflow/example_dags/example_dataset_alias_with_no_taskflow.py for tasks to queue
[2026-05-13T12:22:03.716+0700] {logging_mixin.py:190} INFO - [2026-05-13T12:22:03.716+0700] {dagbag.py:588} INFO - Filling up the DagBag from /Users/najma/de_learning/bulan_2/airflow_project/venv_airflow/lib/python3.12/site-packages/airflow/example_dags/example_dataset_alias_with_no_taskflow.py
[2026-05-13T12:22:03.803+0700] {processor.py:925} INFO - DAG(s) 'dataset_alias_example_alias_consumer_with_no_taskflow', 'dataset_s3_bucket_consumer_with_no_taskflow', 'dataset_alias_example_alias_producer_with_no_taskflow', 'dataset_s3_bucket_producer_with_no_taskflow' retrieved from /Users/najma/de_learning/bulan_2/airflow_project/venv_airflow/lib/python3.12/site-packages/airflow/example_dags/example_dataset_alias_with_no_taskflow.py
[2026-05-13T12:22:03.815+0700] {logging_mixin.py:190} INFO - [2026-05-13T12:22:03.815+0700] {dag.py:3239} INFO - Sync 4 DAGs
[2026-05-13T12:22:03.825+0700] {logging_mixin.py:190} INFO - [2026-05-13T12:22:03.824+0700] {dag.py:4180} INFO - Setting next_dagrun for dataset_alias_example_alias_consumer_with_no_taskflow to None, run_after=None
[2026-05-13T12:22:03.826+0700] {logging_mixin.py:190} INFO - [2026-05-13T12:22:03.826+0700] {dag.py:4180} INFO - Setting next_dagrun for dataset_alias_example_alias_producer_with_no_taskflow to None, run_after=None
[2026-05-13T12:22:03.826+0700] {logging_mixin.py:190} INFO - [2026-05-13T12:22:03.826+0700] {dag.py:4180} INFO - Setting next_dagrun for dataset_s3_bucket_consumer_with_no_taskflow to None, run_after=None
[2026-05-13T12:22:03.827+0700] {logging_mixin.py:190} INFO - [2026-05-13T12:22:03.827+0700] {dag.py:4180} INFO - Setting next_dagrun for dataset_s3_bucket_producer_with_no_taskflow to None, run_after=None
[2026-05-13T12:22:03.839+0700] {processor.py:208} INFO - Processing /Users/najma/de_learning/bulan_2/airflow_project/venv_airflow/lib/python3.12/site-packages/airflow/example_dags/example_dataset_alias_with_no_taskflow.py took 0.127 seconds
[2026-05-13T12:24:55.589+0700] {processor.py:186} INFO - Started process (PID=8233) to work on /Users/najma/de_learning/bulan_2/airflow_project/venv_airflow/lib/python3.12/site-packages/airflow/example_dags/example_dataset_alias_with_no_taskflow.py
[2026-05-13T12:24:55.590+0700] {processor.py:914} INFO - Processing file /Users/najma/de_learning/bulan_2/airflow_project/venv_airflow/lib/python3.12/site-packages/airflow/example_dags/example_dataset_alias_with_no_taskflow.py for tasks to queue
[2026-05-13T12:24:55.591+0700] {logging_mixin.py:190} INFO - [2026-05-13T12:24:55.591+0700] {dagbag.py:588} INFO - Filling up the DagBag from /Users/najma/de_learning/bulan_2/airflow_project/venv_airflow/lib/python3.12/site-packages/airflow/example_dags/example_dataset_alias_with_no_taskflow.py
[2026-05-13T12:24:55.670+0700] {processor.py:925} INFO - DAG(s) 'dataset_alias_example_alias_consumer_with_no_taskflow', 'dataset_s3_bucket_consumer_with_no_taskflow', 'dataset_alias_example_alias_producer_with_no_taskflow', 'dataset_s3_bucket_producer_with_no_taskflow' retrieved from /Users/najma/de_learning/bulan_2/airflow_project/venv_airflow/lib/python3.12/site-packages/airflow/example_dags/example_dataset_alias_with_no_taskflow.py
[2026-05-13T12:24:55.683+0700] {logging_mixin.py:190} INFO - [2026-05-13T12:24:55.682+0700] {dag.py:3239} INFO - Sync 4 DAGs
[2026-05-13T12:24:55.692+0700] {logging_mixin.py:190} INFO - [2026-05-13T12:24:55.692+0700] {dag.py:4180} INFO - Setting next_dagrun for dataset_alias_example_alias_consumer_with_no_taskflow to None, run_after=None
[2026-05-13T12:24:55.693+0700] {logging_mixin.py:190} INFO - [2026-05-13T12:24:55.693+0700] {dag.py:4180} INFO - Setting next_dagrun for dataset_alias_example_alias_producer_with_no_taskflow to None, run_after=None
[2026-05-13T12:24:55.693+0700] {logging_mixin.py:190} INFO - [2026-05-13T12:24:55.693+0700] {dag.py:4180} INFO - Setting next_dagrun for dataset_s3_bucket_consumer_with_no_taskflow to None, run_after=None
[2026-05-13T12:24:55.694+0700] {logging_mixin.py:190} INFO - [2026-05-13T12:24:55.694+0700] {dag.py:4180} INFO - Setting next_dagrun for dataset_s3_bucket_producer_with_no_taskflow to None, run_after=None
[2026-05-13T12:24:55.705+0700] {processor.py:208} INFO - Processing /Users/najma/de_learning/bulan_2/airflow_project/venv_airflow/lib/python3.12/site-packages/airflow/example_dags/example_dataset_alias_with_no_taskflow.py took 0.118 seconds
