[2026-05-13T12:15:42.178+0700] {processor.py:186} INFO - Started process (PID=7061) to work on /Users/najma/de_learning/bulan_2/airflow_project/venv_airflow/lib/python3.12/site-packages/airflow/example_dags/example_python_decorator.py
[2026-05-13T12:15:42.179+0700] {processor.py:914} INFO - Processing file /Users/najma/de_learning/bulan_2/airflow_project/venv_airflow/lib/python3.12/site-packages/airflow/example_dags/example_python_decorator.py for tasks to queue
[2026-05-13T12:15:42.180+0700] {logging_mixin.py:190} INFO - [2026-05-13T12:15:42.180+0700] {dagbag.py:588} INFO - Filling up the DagBag from /Users/najma/de_learning/bulan_2/airflow_project/venv_airflow/lib/python3.12/site-packages/airflow/example_dags/example_python_decorator.py
[2026-05-13T12:15:42.204+0700] {processor.py:925} INFO - DAG(s) 'example_python_decorator' retrieved from /Users/najma/de_learning/bulan_2/airflow_project/venv_airflow/lib/python3.12/site-packages/airflow/example_dags/example_python_decorator.py
[2026-05-13T12:15:42.304+0700] {logging_mixin.py:190} INFO - [2026-05-13T12:15:42.304+0700] {override.py:1911} INFO - Created Permission View: can edit on DAG:example_python_decorator
[2026-05-13T12:15:42.308+0700] {logging_mixin.py:190} INFO - [2026-05-13T12:15:42.308+0700] {override.py:1911} INFO - Created Permission View: can delete on DAG:example_python_decorator
[2026-05-13T12:15:42.312+0700] {logging_mixin.py:190} INFO - [2026-05-13T12:15:42.311+0700] {override.py:1911} INFO - Created Permission View: can read on DAG:example_python_decorator
[2026-05-13T12:15:42.315+0700] {logging_mixin.py:190} INFO - [2026-05-13T12:15:42.315+0700] {override.py:1911} INFO - Created Permission View: can delete on DAG Run:example_python_decorator
[2026-05-13T12:15:42.318+0700] {logging_mixin.py:190} INFO - [2026-05-13T12:15:42.318+0700] {override.py:1911} INFO - Created Permission View: can create on DAG Run:example_python_decorator
[2026-05-13T12:15:42.321+0700] {logging_mixin.py:190} INFO - [2026-05-13T12:15:42.321+0700] {override.py:1911} INFO - Created Permission View: can read on DAG Run:example_python_decorator
[2026-05-13T12:15:42.324+0700] {logging_mixin.py:190} INFO - [2026-05-13T12:15:42.323+0700] {override.py:1911} INFO - Created Permission View: menu access on DAG Run:example_python_decorator
[2026-05-13T12:15:42.324+0700] {logging_mixin.py:190} INFO - [2026-05-13T12:15:42.324+0700] {dag.py:3239} INFO - Sync 1 DAGs
[2026-05-13T12:15:42.382+0700] {logging_mixin.py:190} INFO - [2026-05-13T12:15:42.382+0700] {dag.py:3262} INFO - Creating ORM DAG for example_python_decorator
[2026-05-13T12:15:42.382+0700] {logging_mixin.py:190} INFO - [2026-05-13T12:15:42.382+0700] {dag.py:4180} INFO - Setting next_dagrun for example_python_decorator to None, run_after=None
[2026-05-13T12:15:42.393+0700] {processor.py:208} INFO - Processing /Users/najma/de_learning/bulan_2/airflow_project/venv_airflow/lib/python3.12/site-packages/airflow/example_dags/example_python_decorator.py took 0.216 seconds
[2026-05-13T12:17:43.822+0700] {processor.py:186} INFO - Started process (PID=7527) to work on /Users/najma/de_learning/bulan_2/airflow_project/venv_airflow/lib/python3.12/site-packages/airflow/example_dags/example_python_decorator.py
[2026-05-13T12:17:43.824+0700] {processor.py:914} INFO - Processing file /Users/najma/de_learning/bulan_2/airflow_project/venv_airflow/lib/python3.12/site-packages/airflow/example_dags/example_python_decorator.py for tasks to queue
[2026-05-13T12:17:43.824+0700] {logging_mixin.py:190} INFO - [2026-05-13T12:17:43.824+0700] {dagbag.py:588} INFO - Filling up the DagBag from /Users/najma/de_learning/bulan_2/airflow_project/venv_airflow/lib/python3.12/site-packages/airflow/example_dags/example_python_decorator.py
[2026-05-13T12:17:43.850+0700] {processor.py:925} INFO - DAG(s) 'example_python_decorator' retrieved from /Users/najma/de_learning/bulan_2/airflow_project/venv_airflow/lib/python3.12/site-packages/airflow/example_dags/example_python_decorator.py
[2026-05-13T12:17:43.950+0700] {logging_mixin.py:190} INFO - [2026-05-13T12:17:43.950+0700] {dag.py:3239} INFO - Sync 1 DAGs
[2026-05-13T12:17:43.987+0700] {logging_mixin.py:190} INFO - [2026-05-13T12:17:43.987+0700] {dag.py:4180} INFO - Setting next_dagrun for example_python_decorator to None, run_after=None
[2026-05-13T12:17:43.997+0700] {processor.py:208} INFO - Processing /Users/najma/de_learning/bulan_2/airflow_project/venv_airflow/lib/python3.12/site-packages/airflow/example_dags/example_python_decorator.py took 0.176 seconds
[2026-05-13T12:20:34.224+0700] {processor.py:186} INFO - Started process (PID=7915) to work on /Users/najma/de_learning/bulan_2/airflow_project/venv_airflow/lib/python3.12/site-packages/airflow/example_dags/example_python_decorator.py
[2026-05-13T12:20:34.225+0700] {processor.py:914} INFO - Processing file /Users/najma/de_learning/bulan_2/airflow_project/venv_airflow/lib/python3.12/site-packages/airflow/example_dags/example_python_decorator.py for tasks to queue
[2026-05-13T12:20:34.226+0700] {logging_mixin.py:190} INFO - [2026-05-13T12:20:34.225+0700] {dagbag.py:588} INFO - Filling up the DagBag from /Users/najma/de_learning/bulan_2/airflow_project/venv_airflow/lib/python3.12/site-packages/airflow/example_dags/example_python_decorator.py
[2026-05-13T12:20:34.251+0700] {processor.py:925} INFO - DAG(s) 'example_python_decorator' retrieved from /Users/najma/de_learning/bulan_2/airflow_project/venv_airflow/lib/python3.12/site-packages/airflow/example_dags/example_python_decorator.py
[2026-05-13T12:20:34.354+0700] {logging_mixin.py:190} INFO - [2026-05-13T12:20:34.354+0700] {dag.py:3239} INFO - Sync 1 DAGs
[2026-05-13T12:20:34.393+0700] {logging_mixin.py:190} INFO - [2026-05-13T12:20:34.392+0700] {dag.py:4180} INFO - Setting next_dagrun for example_python_decorator to None, run_after=None
[2026-05-13T12:20:34.403+0700] {processor.py:208} INFO - Processing /Users/najma/de_learning/bulan_2/airflow_project/venv_airflow/lib/python3.12/site-packages/airflow/example_dags/example_python_decorator.py took 0.180 seconds
[2026-05-13T12:23:26.340+0700] {processor.py:186} INFO - Started process (PID=8130) to work on /Users/najma/de_learning/bulan_2/airflow_project/venv_airflow/lib/python3.12/site-packages/airflow/example_dags/example_python_decorator.py
[2026-05-13T12:23:26.342+0700] {processor.py:914} INFO - Processing file /Users/najma/de_learning/bulan_2/airflow_project/venv_airflow/lib/python3.12/site-packages/airflow/example_dags/example_python_decorator.py for tasks to queue
[2026-05-13T12:23:26.342+0700] {logging_mixin.py:190} INFO - [2026-05-13T12:23:26.342+0700] {dagbag.py:588} INFO - Filling up the DagBag from /Users/najma/de_learning/bulan_2/airflow_project/venv_airflow/lib/python3.12/site-packages/airflow/example_dags/example_python_decorator.py
[2026-05-13T12:23:26.367+0700] {processor.py:925} INFO - DAG(s) 'example_python_decorator' retrieved from /Users/najma/de_learning/bulan_2/airflow_project/venv_airflow/lib/python3.12/site-packages/airflow/example_dags/example_python_decorator.py
[2026-05-13T12:23:26.466+0700] {logging_mixin.py:190} INFO - [2026-05-13T12:23:26.466+0700] {dag.py:3239} INFO - Sync 1 DAGs
[2026-05-13T12:23:26.503+0700] {logging_mixin.py:190} INFO - [2026-05-13T12:23:26.503+0700] {dag.py:4180} INFO - Setting next_dagrun for example_python_decorator to None, run_after=None
[2026-05-13T12:23:26.513+0700] {processor.py:208} INFO - Processing /Users/najma/de_learning/bulan_2/airflow_project/venv_airflow/lib/python3.12/site-packages/airflow/example_dags/example_python_decorator.py took 0.175 seconds
