[2026-05-13T12:15:29.877+0700] {processor.py:186} INFO - Started process (PID=6612) to work on /Users/najma/de_learning/bulan_2/airflow_project/venv_airflow/lib/python3.12/site-packages/airflow/example_dags/example_setup_teardown_taskflow.py
[2026-05-13T12:15:29.878+0700] {processor.py:914} INFO - Processing file /Users/najma/de_learning/bulan_2/airflow_project/venv_airflow/lib/python3.12/site-packages/airflow/example_dags/example_setup_teardown_taskflow.py for tasks to queue
[2026-05-13T12:15:29.879+0700] {logging_mixin.py:190} INFO - [2026-05-13T12:15:29.879+0700] {dagbag.py:588} INFO - Filling up the DagBag from /Users/najma/de_learning/bulan_2/airflow_project/venv_airflow/lib/python3.12/site-packages/airflow/example_dags/example_setup_teardown_taskflow.py
[2026-05-13T12:15:29.902+0700] {processor.py:925} INFO - DAG(s) 'example_setup_teardown_taskflow' retrieved from /Users/najma/de_learning/bulan_2/airflow_project/venv_airflow/lib/python3.12/site-packages/airflow/example_dags/example_setup_teardown_taskflow.py
[2026-05-13T12:15:30.000+0700] {logging_mixin.py:190} INFO - [2026-05-13T12:15:29.999+0700] {override.py:1911} INFO - Created Permission View: can delete on DAG:example_setup_teardown_taskflow
[2026-05-13T12:15:30.004+0700] {logging_mixin.py:190} INFO - [2026-05-13T12:15:30.004+0700] {override.py:1911} INFO - Created Permission View: can edit on DAG:example_setup_teardown_taskflow
[2026-05-13T12:15:30.007+0700] {logging_mixin.py:190} INFO - [2026-05-13T12:15:30.007+0700] {override.py:1911} INFO - Created Permission View: can read on DAG:example_setup_teardown_taskflow
[2026-05-13T12:15:30.011+0700] {logging_mixin.py:190} INFO - [2026-05-13T12:15:30.011+0700] {override.py:1911} INFO - Created Permission View: can delete on DAG Run:example_setup_teardown_taskflow
[2026-05-13T12:15:30.014+0700] {logging_mixin.py:190} INFO - [2026-05-13T12:15:30.014+0700] {override.py:1911} INFO - Created Permission View: menu access on DAG Run:example_setup_teardown_taskflow
[2026-05-13T12:15:30.017+0700] {logging_mixin.py:190} INFO - [2026-05-13T12:15:30.017+0700] {override.py:1911} INFO - Created Permission View: can read on DAG Run:example_setup_teardown_taskflow
[2026-05-13T12:15:30.020+0700] {logging_mixin.py:190} INFO - [2026-05-13T12:15:30.020+0700] {override.py:1911} INFO - Created Permission View: can create on DAG Run:example_setup_teardown_taskflow
[2026-05-13T12:15:30.021+0700] {logging_mixin.py:190} INFO - [2026-05-13T12:15:30.020+0700] {dag.py:3239} INFO - Sync 1 DAGs
[2026-05-13T12:15:30.028+0700] {logging_mixin.py:190} INFO - [2026-05-13T12:15:30.027+0700] {dag.py:3262} INFO - Creating ORM DAG for example_setup_teardown_taskflow
[2026-05-13T12:15:30.028+0700] {logging_mixin.py:190} INFO - [2026-05-13T12:15:30.028+0700] {dag.py:4180} INFO - Setting next_dagrun for example_setup_teardown_taskflow to None, run_after=None
[2026-05-13T12:15:30.068+0700] {processor.py:208} INFO - Processing /Users/najma/de_learning/bulan_2/airflow_project/venv_airflow/lib/python3.12/site-packages/airflow/example_dags/example_setup_teardown_taskflow.py took 0.193 seconds
[2026-05-13T12:17:33.140+0700] {processor.py:186} INFO - Started process (PID=7516) to work on /Users/najma/de_learning/bulan_2/airflow_project/venv_airflow/lib/python3.12/site-packages/airflow/example_dags/example_setup_teardown_taskflow.py
[2026-05-13T12:17:33.141+0700] {processor.py:914} INFO - Processing file /Users/najma/de_learning/bulan_2/airflow_project/venv_airflow/lib/python3.12/site-packages/airflow/example_dags/example_setup_teardown_taskflow.py for tasks to queue
[2026-05-13T12:17:33.142+0700] {logging_mixin.py:190} INFO - [2026-05-13T12:17:33.142+0700] {dagbag.py:588} INFO - Filling up the DagBag from /Users/najma/de_learning/bulan_2/airflow_project/venv_airflow/lib/python3.12/site-packages/airflow/example_dags/example_setup_teardown_taskflow.py
[2026-05-13T12:17:33.165+0700] {processor.py:925} INFO - DAG(s) 'example_setup_teardown_taskflow' retrieved from /Users/najma/de_learning/bulan_2/airflow_project/venv_airflow/lib/python3.12/site-packages/airflow/example_dags/example_setup_teardown_taskflow.py
[2026-05-13T12:17:33.218+0700] {logging_mixin.py:190} INFO - [2026-05-13T12:17:33.217+0700] {dag.py:3239} INFO - Sync 1 DAGs
[2026-05-13T12:17:33.223+0700] {logging_mixin.py:190} INFO - [2026-05-13T12:17:33.223+0700] {dag.py:4180} INFO - Setting next_dagrun for example_setup_teardown_taskflow to None, run_after=None
[2026-05-13T12:17:33.232+0700] {processor.py:208} INFO - Processing /Users/najma/de_learning/bulan_2/airflow_project/venv_airflow/lib/python3.12/site-packages/airflow/example_dags/example_setup_teardown_taskflow.py took 0.094 seconds
[2026-05-13T12:19:00.489+0700] {processor.py:186} INFO - Started process (PID=7612) to work on /Users/najma/de_learning/bulan_2/airflow_project/venv_airflow/lib/python3.12/site-packages/airflow/example_dags/example_setup_teardown_taskflow.py
[2026-05-13T12:19:00.490+0700] {processor.py:914} INFO - Processing file /Users/najma/de_learning/bulan_2/airflow_project/venv_airflow/lib/python3.12/site-packages/airflow/example_dags/example_setup_teardown_taskflow.py for tasks to queue
[2026-05-13T12:19:00.491+0700] {logging_mixin.py:190} INFO - [2026-05-13T12:19:00.491+0700] {dagbag.py:588} INFO - Filling up the DagBag from /Users/najma/de_learning/bulan_2/airflow_project/venv_airflow/lib/python3.12/site-packages/airflow/example_dags/example_setup_teardown_taskflow.py
[2026-05-13T12:19:00.516+0700] {processor.py:925} INFO - DAG(s) 'example_setup_teardown_taskflow' retrieved from /Users/najma/de_learning/bulan_2/airflow_project/venv_airflow/lib/python3.12/site-packages/airflow/example_dags/example_setup_teardown_taskflow.py
[2026-05-13T12:19:00.572+0700] {logging_mixin.py:190} INFO - [2026-05-13T12:19:00.572+0700] {dag.py:3239} INFO - Sync 1 DAGs
[2026-05-13T12:19:00.578+0700] {logging_mixin.py:190} INFO - [2026-05-13T12:19:00.578+0700] {dag.py:4180} INFO - Setting next_dagrun for example_setup_teardown_taskflow to None, run_after=None
[2026-05-13T12:19:00.588+0700] {processor.py:208} INFO - Processing /Users/najma/de_learning/bulan_2/airflow_project/venv_airflow/lib/python3.12/site-packages/airflow/example_dags/example_setup_teardown_taskflow.py took 0.101 seconds
[2026-05-13T12:20:26.430+0700] {processor.py:186} INFO - Started process (PID=7907) to work on /Users/najma/de_learning/bulan_2/airflow_project/venv_airflow/lib/python3.12/site-packages/airflow/example_dags/example_setup_teardown_taskflow.py
[2026-05-13T12:20:26.432+0700] {processor.py:914} INFO - Processing file /Users/najma/de_learning/bulan_2/airflow_project/venv_airflow/lib/python3.12/site-packages/airflow/example_dags/example_setup_teardown_taskflow.py for tasks to queue
[2026-05-13T12:20:26.432+0700] {logging_mixin.py:190} INFO - [2026-05-13T12:20:26.432+0700] {dagbag.py:588} INFO - Filling up the DagBag from /Users/najma/de_learning/bulan_2/airflow_project/venv_airflow/lib/python3.12/site-packages/airflow/example_dags/example_setup_teardown_taskflow.py
[2026-05-13T12:20:26.456+0700] {processor.py:925} INFO - DAG(s) 'example_setup_teardown_taskflow' retrieved from /Users/najma/de_learning/bulan_2/airflow_project/venv_airflow/lib/python3.12/site-packages/airflow/example_dags/example_setup_teardown_taskflow.py
[2026-05-13T12:20:26.508+0700] {logging_mixin.py:190} INFO - [2026-05-13T12:20:26.508+0700] {dag.py:3239} INFO - Sync 1 DAGs
[2026-05-13T12:20:26.514+0700] {logging_mixin.py:190} INFO - [2026-05-13T12:20:26.514+0700] {dag.py:4180} INFO - Setting next_dagrun for example_setup_teardown_taskflow to None, run_after=None
[2026-05-13T12:20:26.523+0700] {processor.py:208} INFO - Processing /Users/najma/de_learning/bulan_2/airflow_project/venv_airflow/lib/python3.12/site-packages/airflow/example_dags/example_setup_teardown_taskflow.py took 0.094 seconds
[2026-05-13T12:21:52.845+0700] {processor.py:186} INFO - Started process (PID=8014) to work on /Users/najma/de_learning/bulan_2/airflow_project/venv_airflow/lib/python3.12/site-packages/airflow/example_dags/example_setup_teardown_taskflow.py
[2026-05-13T12:21:52.846+0700] {processor.py:914} INFO - Processing file /Users/najma/de_learning/bulan_2/airflow_project/venv_airflow/lib/python3.12/site-packages/airflow/example_dags/example_setup_teardown_taskflow.py for tasks to queue
[2026-05-13T12:21:52.847+0700] {logging_mixin.py:190} INFO - [2026-05-13T12:21:52.847+0700] {dagbag.py:588} INFO - Filling up the DagBag from /Users/najma/de_learning/bulan_2/airflow_project/venv_airflow/lib/python3.12/site-packages/airflow/example_dags/example_setup_teardown_taskflow.py
[2026-05-13T12:21:52.871+0700] {processor.py:925} INFO - DAG(s) 'example_setup_teardown_taskflow' retrieved from /Users/najma/de_learning/bulan_2/airflow_project/venv_airflow/lib/python3.12/site-packages/airflow/example_dags/example_setup_teardown_taskflow.py
[2026-05-13T12:21:52.923+0700] {logging_mixin.py:190} INFO - [2026-05-13T12:21:52.923+0700] {dag.py:3239} INFO - Sync 1 DAGs
[2026-05-13T12:21:52.929+0700] {logging_mixin.py:190} INFO - [2026-05-13T12:21:52.929+0700] {dag.py:4180} INFO - Setting next_dagrun for example_setup_teardown_taskflow to None, run_after=None
[2026-05-13T12:21:52.938+0700] {processor.py:208} INFO - Processing /Users/najma/de_learning/bulan_2/airflow_project/venv_airflow/lib/python3.12/site-packages/airflow/example_dags/example_setup_teardown_taskflow.py took 0.095 seconds
[2026-05-13T12:23:18.390+0700] {processor.py:186} INFO - Started process (PID=8121) to work on /Users/najma/de_learning/bulan_2/airflow_project/venv_airflow/lib/python3.12/site-packages/airflow/example_dags/example_setup_teardown_taskflow.py
[2026-05-13T12:23:18.391+0700] {processor.py:914} INFO - Processing file /Users/najma/de_learning/bulan_2/airflow_project/venv_airflow/lib/python3.12/site-packages/airflow/example_dags/example_setup_teardown_taskflow.py for tasks to queue
[2026-05-13T12:23:18.392+0700] {logging_mixin.py:190} INFO - [2026-05-13T12:23:18.392+0700] {dagbag.py:588} INFO - Filling up the DagBag from /Users/najma/de_learning/bulan_2/airflow_project/venv_airflow/lib/python3.12/site-packages/airflow/example_dags/example_setup_teardown_taskflow.py
[2026-05-13T12:23:18.415+0700] {processor.py:925} INFO - DAG(s) 'example_setup_teardown_taskflow' retrieved from /Users/najma/de_learning/bulan_2/airflow_project/venv_airflow/lib/python3.12/site-packages/airflow/example_dags/example_setup_teardown_taskflow.py
[2026-05-13T12:23:18.466+0700] {logging_mixin.py:190} INFO - [2026-05-13T12:23:18.466+0700] {dag.py:3239} INFO - Sync 1 DAGs
[2026-05-13T12:23:18.472+0700] {logging_mixin.py:190} INFO - [2026-05-13T12:23:18.472+0700] {dag.py:4180} INFO - Setting next_dagrun for example_setup_teardown_taskflow to None, run_after=None
[2026-05-13T12:23:18.481+0700] {processor.py:208} INFO - Processing /Users/najma/de_learning/bulan_2/airflow_project/venv_airflow/lib/python3.12/site-packages/airflow/example_dags/example_setup_teardown_taskflow.py took 0.093 seconds
[2026-05-13T12:24:43.130+0700] {processor.py:186} INFO - Started process (PID=8220) to work on /Users/najma/de_learning/bulan_2/airflow_project/venv_airflow/lib/python3.12/site-packages/airflow/example_dags/example_setup_teardown_taskflow.py
[2026-05-13T12:24:43.132+0700] {processor.py:914} INFO - Processing file /Users/najma/de_learning/bulan_2/airflow_project/venv_airflow/lib/python3.12/site-packages/airflow/example_dags/example_setup_teardown_taskflow.py for tasks to queue
[2026-05-13T12:24:43.132+0700] {logging_mixin.py:190} INFO - [2026-05-13T12:24:43.132+0700] {dagbag.py:588} INFO - Filling up the DagBag from /Users/najma/de_learning/bulan_2/airflow_project/venv_airflow/lib/python3.12/site-packages/airflow/example_dags/example_setup_teardown_taskflow.py
[2026-05-13T12:24:43.156+0700] {processor.py:925} INFO - DAG(s) 'example_setup_teardown_taskflow' retrieved from /Users/najma/de_learning/bulan_2/airflow_project/venv_airflow/lib/python3.12/site-packages/airflow/example_dags/example_setup_teardown_taskflow.py
[2026-05-13T12:24:43.210+0700] {logging_mixin.py:190} INFO - [2026-05-13T12:24:43.209+0700] {dag.py:3239} INFO - Sync 1 DAGs
[2026-05-13T12:24:43.215+0700] {logging_mixin.py:190} INFO - [2026-05-13T12:24:43.215+0700] {dag.py:4180} INFO - Setting next_dagrun for example_setup_teardown_taskflow to None, run_after=None
[2026-05-13T12:24:43.225+0700] {processor.py:208} INFO - Processing /Users/najma/de_learning/bulan_2/airflow_project/venv_airflow/lib/python3.12/site-packages/airflow/example_dags/example_setup_teardown_taskflow.py took 0.097 seconds
