[2026-05-13T12:15:22.528+0700] {processor.py:186} INFO - Started process (PID=6603) to work on /Users/najma/de_learning/bulan_2/airflow_project/venv_airflow/lib/python3.12/site-packages/airflow/example_dags/example_skip_dag.py
[2026-05-13T12:15:22.529+0700] {processor.py:914} INFO - Processing file /Users/najma/de_learning/bulan_2/airflow_project/venv_airflow/lib/python3.12/site-packages/airflow/example_dags/example_skip_dag.py for tasks to queue
[2026-05-13T12:15:22.529+0700] {logging_mixin.py:190} INFO - [2026-05-13T12:15:22.529+0700] {dagbag.py:588} INFO - Filling up the DagBag from /Users/najma/de_learning/bulan_2/airflow_project/venv_airflow/lib/python3.12/site-packages/airflow/example_dags/example_skip_dag.py
[2026-05-13T12:15:22.534+0700] {processor.py:925} INFO - DAG(s) 'example_skip_dag' retrieved from /Users/najma/de_learning/bulan_2/airflow_project/venv_airflow/lib/python3.12/site-packages/airflow/example_dags/example_skip_dag.py
[2026-05-13T12:15:22.636+0700] {logging_mixin.py:190} INFO - [2026-05-13T12:15:22.635+0700] {override.py:1911} INFO - Created Permission View: can edit on DAG:example_skip_dag
[2026-05-13T12:15:22.640+0700] {logging_mixin.py:190} INFO - [2026-05-13T12:15:22.640+0700] {override.py:1911} INFO - Created Permission View: can delete on DAG:example_skip_dag
[2026-05-13T12:15:22.643+0700] {logging_mixin.py:190} INFO - [2026-05-13T12:15:22.643+0700] {override.py:1911} INFO - Created Permission View: can read on DAG:example_skip_dag
[2026-05-13T12:15:22.647+0700] {logging_mixin.py:190} INFO - [2026-05-13T12:15:22.647+0700] {override.py:1911} INFO - Created Permission View: menu access on DAG Run:example_skip_dag
[2026-05-13T12:15:22.650+0700] {logging_mixin.py:190} INFO - [2026-05-13T12:15:22.650+0700] {override.py:1911} INFO - Created Permission View: can create on DAG Run:example_skip_dag
[2026-05-13T12:15:22.653+0700] {logging_mixin.py:190} INFO - [2026-05-13T12:15:22.652+0700] {override.py:1911} INFO - Created Permission View: can delete on DAG Run:example_skip_dag
[2026-05-13T12:15:22.655+0700] {logging_mixin.py:190} INFO - [2026-05-13T12:15:22.655+0700] {override.py:1911} INFO - Created Permission View: can read on DAG Run:example_skip_dag
[2026-05-13T12:15:22.655+0700] {logging_mixin.py:190} INFO - [2026-05-13T12:15:22.655+0700] {dag.py:3239} INFO - Sync 1 DAGs
[2026-05-13T12:15:22.661+0700] {logging_mixin.py:190} INFO - [2026-05-13T12:15:22.661+0700] {dag.py:3262} INFO - Creating ORM DAG for example_skip_dag
[2026-05-13T12:15:22.666+0700] {logging_mixin.py:190} INFO - [2026-05-13T12:15:22.666+0700] {dag.py:4180} INFO - Setting next_dagrun for example_skip_dag to 2026-05-12 00:00:00+00:00, run_after=2026-05-13 00:00:00+00:00
[2026-05-13T12:15:22.674+0700] {processor.py:208} INFO - Processing /Users/najma/de_learning/bulan_2/airflow_project/venv_airflow/lib/python3.12/site-packages/airflow/example_dags/example_skip_dag.py took 0.148 seconds
[2026-05-13T12:17:26.977+0700] {processor.py:186} INFO - Started process (PID=7510) to work on /Users/najma/de_learning/bulan_2/airflow_project/venv_airflow/lib/python3.12/site-packages/airflow/example_dags/example_skip_dag.py
[2026-05-13T12:17:26.979+0700] {processor.py:914} INFO - Processing file /Users/najma/de_learning/bulan_2/airflow_project/venv_airflow/lib/python3.12/site-packages/airflow/example_dags/example_skip_dag.py for tasks to queue
[2026-05-13T12:17:26.980+0700] {logging_mixin.py:190} INFO - [2026-05-13T12:17:26.979+0700] {dagbag.py:588} INFO - Filling up the DagBag from /Users/najma/de_learning/bulan_2/airflow_project/venv_airflow/lib/python3.12/site-packages/airflow/example_dags/example_skip_dag.py
[2026-05-13T12:17:26.984+0700] {processor.py:925} INFO - DAG(s) 'example_skip_dag' retrieved from /Users/najma/de_learning/bulan_2/airflow_project/venv_airflow/lib/python3.12/site-packages/airflow/example_dags/example_skip_dag.py
[2026-05-13T12:17:27.039+0700] {logging_mixin.py:190} INFO - [2026-05-13T12:17:27.039+0700] {dag.py:3239} INFO - Sync 1 DAGs
[2026-05-13T12:17:27.050+0700] {logging_mixin.py:190} INFO - [2026-05-13T12:17:27.049+0700] {dag.py:4180} INFO - Setting next_dagrun for example_skip_dag to 2026-05-12 00:00:00+00:00, run_after=2026-05-13 00:00:00+00:00
[2026-05-13T12:17:27.059+0700] {processor.py:208} INFO - Processing /Users/najma/de_learning/bulan_2/airflow_project/venv_airflow/lib/python3.12/site-packages/airflow/example_dags/example_skip_dag.py took 0.083 seconds
[2026-05-13T12:18:54.277+0700] {processor.py:186} INFO - Started process (PID=7605) to work on /Users/najma/de_learning/bulan_2/airflow_project/venv_airflow/lib/python3.12/site-packages/airflow/example_dags/example_skip_dag.py
[2026-05-13T12:18:54.278+0700] {processor.py:914} INFO - Processing file /Users/najma/de_learning/bulan_2/airflow_project/venv_airflow/lib/python3.12/site-packages/airflow/example_dags/example_skip_dag.py for tasks to queue
[2026-05-13T12:18:54.279+0700] {logging_mixin.py:190} INFO - [2026-05-13T12:18:54.279+0700] {dagbag.py:588} INFO - Filling up the DagBag from /Users/najma/de_learning/bulan_2/airflow_project/venv_airflow/lib/python3.12/site-packages/airflow/example_dags/example_skip_dag.py
[2026-05-13T12:18:54.283+0700] {processor.py:925} INFO - DAG(s) 'example_skip_dag' retrieved from /Users/najma/de_learning/bulan_2/airflow_project/venv_airflow/lib/python3.12/site-packages/airflow/example_dags/example_skip_dag.py
[2026-05-13T12:18:54.342+0700] {logging_mixin.py:190} INFO - [2026-05-13T12:18:54.341+0700] {dag.py:3239} INFO - Sync 1 DAGs
[2026-05-13T12:18:54.353+0700] {logging_mixin.py:190} INFO - [2026-05-13T12:18:54.353+0700] {dag.py:4180} INFO - Setting next_dagrun for example_skip_dag to 2026-05-12 00:00:00+00:00, run_after=2026-05-13 00:00:00+00:00
[2026-05-13T12:18:54.363+0700] {processor.py:208} INFO - Processing /Users/najma/de_learning/bulan_2/airflow_project/venv_airflow/lib/python3.12/site-packages/airflow/example_dags/example_skip_dag.py took 0.088 seconds
[2026-05-13T12:20:20.246+0700] {processor.py:186} INFO - Started process (PID=7901) to work on /Users/najma/de_learning/bulan_2/airflow_project/venv_airflow/lib/python3.12/site-packages/airflow/example_dags/example_skip_dag.py
[2026-05-13T12:20:20.248+0700] {processor.py:914} INFO - Processing file /Users/najma/de_learning/bulan_2/airflow_project/venv_airflow/lib/python3.12/site-packages/airflow/example_dags/example_skip_dag.py for tasks to queue
[2026-05-13T12:20:20.248+0700] {logging_mixin.py:190} INFO - [2026-05-13T12:20:20.248+0700] {dagbag.py:588} INFO - Filling up the DagBag from /Users/najma/de_learning/bulan_2/airflow_project/venv_airflow/lib/python3.12/site-packages/airflow/example_dags/example_skip_dag.py
[2026-05-13T12:20:20.253+0700] {processor.py:925} INFO - DAG(s) 'example_skip_dag' retrieved from /Users/najma/de_learning/bulan_2/airflow_project/venv_airflow/lib/python3.12/site-packages/airflow/example_dags/example_skip_dag.py
[2026-05-13T12:20:20.305+0700] {logging_mixin.py:190} INFO - [2026-05-13T12:20:20.305+0700] {dag.py:3239} INFO - Sync 1 DAGs
[2026-05-13T12:20:20.316+0700] {logging_mixin.py:190} INFO - [2026-05-13T12:20:20.315+0700] {dag.py:4180} INFO - Setting next_dagrun for example_skip_dag to 2026-05-12 00:00:00+00:00, run_after=2026-05-13 00:00:00+00:00
[2026-05-13T12:20:20.325+0700] {processor.py:208} INFO - Processing /Users/najma/de_learning/bulan_2/airflow_project/venv_airflow/lib/python3.12/site-packages/airflow/example_dags/example_skip_dag.py took 0.080 seconds
[2026-05-13T12:21:47.230+0700] {processor.py:186} INFO - Started process (PID=8008) to work on /Users/najma/de_learning/bulan_2/airflow_project/venv_airflow/lib/python3.12/site-packages/airflow/example_dags/example_skip_dag.py
[2026-05-13T12:21:47.231+0700] {processor.py:914} INFO - Processing file /Users/najma/de_learning/bulan_2/airflow_project/venv_airflow/lib/python3.12/site-packages/airflow/example_dags/example_skip_dag.py for tasks to queue
[2026-05-13T12:21:47.231+0700] {logging_mixin.py:190} INFO - [2026-05-13T12:21:47.231+0700] {dagbag.py:588} INFO - Filling up the DagBag from /Users/najma/de_learning/bulan_2/airflow_project/venv_airflow/lib/python3.12/site-packages/airflow/example_dags/example_skip_dag.py
[2026-05-13T12:21:47.236+0700] {processor.py:925} INFO - DAG(s) 'example_skip_dag' retrieved from /Users/najma/de_learning/bulan_2/airflow_project/venv_airflow/lib/python3.12/site-packages/airflow/example_dags/example_skip_dag.py
[2026-05-13T12:21:47.289+0700] {logging_mixin.py:190} INFO - [2026-05-13T12:21:47.289+0700] {dag.py:3239} INFO - Sync 1 DAGs
[2026-05-13T12:21:47.299+0700] {logging_mixin.py:190} INFO - [2026-05-13T12:21:47.299+0700] {dag.py:4180} INFO - Setting next_dagrun for example_skip_dag to 2026-05-12 00:00:00+00:00, run_after=2026-05-13 00:00:00+00:00
[2026-05-13T12:21:47.308+0700] {processor.py:208} INFO - Processing /Users/najma/de_learning/bulan_2/airflow_project/venv_airflow/lib/python3.12/site-packages/airflow/example_dags/example_skip_dag.py took 0.080 seconds
[2026-05-13T12:23:11.897+0700] {processor.py:186} INFO - Started process (PID=8115) to work on /Users/najma/de_learning/bulan_2/airflow_project/venv_airflow/lib/python3.12/site-packages/airflow/example_dags/example_skip_dag.py
[2026-05-13T12:23:11.898+0700] {processor.py:914} INFO - Processing file /Users/najma/de_learning/bulan_2/airflow_project/venv_airflow/lib/python3.12/site-packages/airflow/example_dags/example_skip_dag.py for tasks to queue
[2026-05-13T12:23:11.899+0700] {logging_mixin.py:190} INFO - [2026-05-13T12:23:11.899+0700] {dagbag.py:588} INFO - Filling up the DagBag from /Users/najma/de_learning/bulan_2/airflow_project/venv_airflow/lib/python3.12/site-packages/airflow/example_dags/example_skip_dag.py
[2026-05-13T12:23:11.903+0700] {processor.py:925} INFO - DAG(s) 'example_skip_dag' retrieved from /Users/najma/de_learning/bulan_2/airflow_project/venv_airflow/lib/python3.12/site-packages/airflow/example_dags/example_skip_dag.py
[2026-05-13T12:23:11.956+0700] {logging_mixin.py:190} INFO - [2026-05-13T12:23:11.956+0700] {dag.py:3239} INFO - Sync 1 DAGs
[2026-05-13T12:23:11.966+0700] {logging_mixin.py:190} INFO - [2026-05-13T12:23:11.966+0700] {dag.py:4180} INFO - Setting next_dagrun for example_skip_dag to 2026-05-12 00:00:00+00:00, run_after=2026-05-13 00:00:00+00:00
[2026-05-13T12:23:11.975+0700] {processor.py:208} INFO - Processing /Users/najma/de_learning/bulan_2/airflow_project/venv_airflow/lib/python3.12/site-packages/airflow/example_dags/example_skip_dag.py took 0.080 seconds
[2026-05-13T12:24:36.574+0700] {processor.py:186} INFO - Started process (PID=8211) to work on /Users/najma/de_learning/bulan_2/airflow_project/venv_airflow/lib/python3.12/site-packages/airflow/example_dags/example_skip_dag.py
[2026-05-13T12:24:36.575+0700] {processor.py:914} INFO - Processing file /Users/najma/de_learning/bulan_2/airflow_project/venv_airflow/lib/python3.12/site-packages/airflow/example_dags/example_skip_dag.py for tasks to queue
[2026-05-13T12:24:36.576+0700] {logging_mixin.py:190} INFO - [2026-05-13T12:24:36.576+0700] {dagbag.py:588} INFO - Filling up the DagBag from /Users/najma/de_learning/bulan_2/airflow_project/venv_airflow/lib/python3.12/site-packages/airflow/example_dags/example_skip_dag.py
[2026-05-13T12:24:36.581+0700] {processor.py:925} INFO - DAG(s) 'example_skip_dag' retrieved from /Users/najma/de_learning/bulan_2/airflow_project/venv_airflow/lib/python3.12/site-packages/airflow/example_dags/example_skip_dag.py
[2026-05-13T12:24:36.636+0700] {logging_mixin.py:190} INFO - [2026-05-13T12:24:36.635+0700] {dag.py:3239} INFO - Sync 1 DAGs
[2026-05-13T12:24:36.646+0700] {logging_mixin.py:190} INFO - [2026-05-13T12:24:36.646+0700] {dag.py:4180} INFO - Setting next_dagrun for example_skip_dag to 2026-05-12 00:00:00+00:00, run_after=2026-05-13 00:00:00+00:00
[2026-05-13T12:24:36.656+0700] {processor.py:208} INFO - Processing /Users/najma/de_learning/bulan_2/airflow_project/venv_airflow/lib/python3.12/site-packages/airflow/example_dags/example_skip_dag.py took 0.084 seconds
