[2026-05-13T12:15:50.828+0700] {processor.py:186} INFO - Started process (PID=7076) to work on /Users/najma/de_learning/bulan_2/airflow_project/venv_airflow/lib/python3.12/site-packages/airflow/example_dags/example_outlet_event_extra.py
[2026-05-13T12:15:50.829+0700] {processor.py:914} INFO - Processing file /Users/najma/de_learning/bulan_2/airflow_project/venv_airflow/lib/python3.12/site-packages/airflow/example_dags/example_outlet_event_extra.py for tasks to queue
[2026-05-13T12:15:50.829+0700] {logging_mixin.py:190} INFO - [2026-05-13T12:15:50.829+0700] {dagbag.py:588} INFO - Filling up the DagBag from /Users/najma/de_learning/bulan_2/airflow_project/venv_airflow/lib/python3.12/site-packages/airflow/example_dags/example_outlet_event_extra.py
[2026-05-13T12:15:50.882+0700] {processor.py:925} INFO - DAG(s) 'dataset_with_extra_from_classic_operator', 'dataset_with_extra_by_context', 'dataset_with_extra_by_yield' retrieved from /Users/najma/de_learning/bulan_2/airflow_project/venv_airflow/lib/python3.12/site-packages/airflow/example_dags/example_outlet_event_extra.py
[2026-05-13T12:15:50.979+0700] {logging_mixin.py:190} INFO - [2026-05-13T12:15:50.979+0700] {override.py:1911} INFO - Created Permission View: can delete on DAG:dataset_with_extra_from_classic_operator
[2026-05-13T12:15:50.983+0700] {logging_mixin.py:190} INFO - [2026-05-13T12:15:50.983+0700] {override.py:1911} INFO - Created Permission View: can read on DAG:dataset_with_extra_from_classic_operator
[2026-05-13T12:15:50.986+0700] {logging_mixin.py:190} INFO - [2026-05-13T12:15:50.986+0700] {override.py:1911} INFO - Created Permission View: can edit on DAG:dataset_with_extra_from_classic_operator
[2026-05-13T12:15:50.990+0700] {logging_mixin.py:190} INFO - [2026-05-13T12:15:50.990+0700] {override.py:1911} INFO - Created Permission View: can delete on DAG Run:dataset_with_extra_from_classic_operator
[2026-05-13T12:15:50.993+0700] {logging_mixin.py:190} INFO - [2026-05-13T12:15:50.993+0700] {override.py:1911} INFO - Created Permission View: can read on DAG Run:dataset_with_extra_from_classic_operator
[2026-05-13T12:15:50.996+0700] {logging_mixin.py:190} INFO - [2026-05-13T12:15:50.996+0700] {override.py:1911} INFO - Created Permission View: can create on DAG Run:dataset_with_extra_from_classic_operator
[2026-05-13T12:15:50.998+0700] {logging_mixin.py:190} INFO - [2026-05-13T12:15:50.998+0700] {override.py:1911} INFO - Created Permission View: menu access on DAG Run:dataset_with_extra_from_classic_operator
[2026-05-13T12:15:51.004+0700] {logging_mixin.py:190} INFO - [2026-05-13T12:15:51.004+0700] {override.py:1911} INFO - Created Permission View: can delete on DAG:dataset_with_extra_by_context
[2026-05-13T12:15:51.007+0700] {logging_mixin.py:190} INFO - [2026-05-13T12:15:51.007+0700] {override.py:1911} INFO - Created Permission View: can read on DAG:dataset_with_extra_by_context
[2026-05-13T12:15:51.009+0700] {logging_mixin.py:190} INFO - [2026-05-13T12:15:51.009+0700] {override.py:1911} INFO - Created Permission View: can edit on DAG:dataset_with_extra_by_context
[2026-05-13T12:15:51.013+0700] {logging_mixin.py:190} INFO - [2026-05-13T12:15:51.013+0700] {override.py:1911} INFO - Created Permission View: can delete on DAG Run:dataset_with_extra_by_context
[2026-05-13T12:15:51.016+0700] {logging_mixin.py:190} INFO - [2026-05-13T12:15:51.015+0700] {override.py:1911} INFO - Created Permission View: can read on DAG Run:dataset_with_extra_by_context
[2026-05-13T12:15:51.018+0700] {logging_mixin.py:190} INFO - [2026-05-13T12:15:51.018+0700] {override.py:1911} INFO - Created Permission View: can create on DAG Run:dataset_with_extra_by_context
[2026-05-13T12:15:51.022+0700] {logging_mixin.py:190} INFO - [2026-05-13T12:15:51.022+0700] {override.py:1911} INFO - Created Permission View: menu access on DAG Run:dataset_with_extra_by_context
[2026-05-13T12:15:51.027+0700] {logging_mixin.py:190} INFO - [2026-05-13T12:15:51.027+0700] {override.py:1911} INFO - Created Permission View: can delete on DAG:dataset_with_extra_by_yield
[2026-05-13T12:15:51.030+0700] {logging_mixin.py:190} INFO - [2026-05-13T12:15:51.030+0700] {override.py:1911} INFO - Created Permission View: can read on DAG:dataset_with_extra_by_yield
[2026-05-13T12:15:51.032+0700] {logging_mixin.py:190} INFO - [2026-05-13T12:15:51.032+0700] {override.py:1911} INFO - Created Permission View: can edit on DAG:dataset_with_extra_by_yield
[2026-05-13T12:15:51.036+0700] {logging_mixin.py:190} INFO - [2026-05-13T12:15:51.036+0700] {override.py:1911} INFO - Created Permission View: can delete on DAG Run:dataset_with_extra_by_yield
[2026-05-13T12:15:51.039+0700] {logging_mixin.py:190} INFO - [2026-05-13T12:15:51.038+0700] {override.py:1911} INFO - Created Permission View: can read on DAG Run:dataset_with_extra_by_yield
[2026-05-13T12:15:51.041+0700] {logging_mixin.py:190} INFO - [2026-05-13T12:15:51.041+0700] {override.py:1911} INFO - Created Permission View: can create on DAG Run:dataset_with_extra_by_yield
[2026-05-13T12:15:51.044+0700] {logging_mixin.py:190} INFO - [2026-05-13T12:15:51.044+0700] {override.py:1911} INFO - Created Permission View: menu access on DAG Run:dataset_with_extra_by_yield
[2026-05-13T12:15:51.044+0700] {logging_mixin.py:190} INFO - [2026-05-13T12:15:51.044+0700] {dag.py:3239} INFO - Sync 3 DAGs
[2026-05-13T12:15:51.082+0700] {logging_mixin.py:190} INFO - [2026-05-13T12:15:51.081+0700] {dag.py:3262} INFO - Creating ORM DAG for dataset_with_extra_by_yield
[2026-05-13T12:15:51.082+0700] {logging_mixin.py:190} INFO - [2026-05-13T12:15:51.082+0700] {dag.py:3262} INFO - Creating ORM DAG for dataset_with_extra_by_context
[2026-05-13T12:15:51.082+0700] {logging_mixin.py:190} INFO - [2026-05-13T12:15:51.082+0700] {dag.py:3262} INFO - Creating ORM DAG for dataset_with_extra_from_classic_operator
[2026-05-13T12:15:51.087+0700] {logging_mixin.py:190} INFO - [2026-05-13T12:15:51.087+0700] {dag.py:4180} INFO - Setting next_dagrun for dataset_with_extra_by_context to 2026-05-12 00:00:00+00:00, run_after=2026-05-13 00:00:00+00:00
[2026-05-13T12:15:51.088+0700] {logging_mixin.py:190} INFO - [2026-05-13T12:15:51.088+0700] {dag.py:4180} INFO - Setting next_dagrun for dataset_with_extra_by_yield to 2026-05-12 00:00:00+00:00, run_after=2026-05-13 00:00:00+00:00
[2026-05-13T12:15:51.089+0700] {logging_mixin.py:190} INFO - [2026-05-13T12:15:51.088+0700] {dag.py:4180} INFO - Setting next_dagrun for dataset_with_extra_from_classic_operator to 2026-05-12 00:00:00+00:00, run_after=2026-05-13 00:00:00+00:00
[2026-05-13T12:15:51.098+0700] {logging_mixin.py:190} INFO - [2026-05-13T12:15:51.098+0700] {workday.py:41} WARNING - Could not import pandas. Holidays will not be considered.
[2026-05-13T12:15:51.105+0700] {processor.py:208} INFO - Processing /Users/najma/de_learning/bulan_2/airflow_project/venv_airflow/lib/python3.12/site-packages/airflow/example_dags/example_outlet_event_extra.py took 0.279 seconds
[2026-05-13T12:17:51.358+0700] {processor.py:186} INFO - Started process (PID=7537) to work on /Users/najma/de_learning/bulan_2/airflow_project/venv_airflow/lib/python3.12/site-packages/airflow/example_dags/example_outlet_event_extra.py
[2026-05-13T12:17:51.359+0700] {processor.py:914} INFO - Processing file /Users/najma/de_learning/bulan_2/airflow_project/venv_airflow/lib/python3.12/site-packages/airflow/example_dags/example_outlet_event_extra.py for tasks to queue
[2026-05-13T12:17:51.360+0700] {logging_mixin.py:190} INFO - [2026-05-13T12:17:51.360+0700] {dagbag.py:588} INFO - Filling up the DagBag from /Users/najma/de_learning/bulan_2/airflow_project/venv_airflow/lib/python3.12/site-packages/airflow/example_dags/example_outlet_event_extra.py
[2026-05-13T12:17:51.423+0700] {processor.py:925} INFO - DAG(s) 'dataset_with_extra_from_classic_operator', 'dataset_with_extra_by_context', 'dataset_with_extra_by_yield' retrieved from /Users/najma/de_learning/bulan_2/airflow_project/venv_airflow/lib/python3.12/site-packages/airflow/example_dags/example_outlet_event_extra.py
[2026-05-13T12:17:51.479+0700] {logging_mixin.py:190} INFO - [2026-05-13T12:17:51.478+0700] {dag.py:3239} INFO - Sync 3 DAGs
[2026-05-13T12:17:51.489+0700] {logging_mixin.py:190} INFO - [2026-05-13T12:17:51.489+0700] {dag.py:4180} INFO - Setting next_dagrun for dataset_with_extra_by_context to 2026-05-12 00:00:00+00:00, run_after=2026-05-13 00:00:00+00:00
[2026-05-13T12:17:51.491+0700] {logging_mixin.py:190} INFO - [2026-05-13T12:17:51.491+0700] {dag.py:4180} INFO - Setting next_dagrun for dataset_with_extra_by_yield to 2026-05-12 00:00:00+00:00, run_after=2026-05-13 00:00:00+00:00
[2026-05-13T12:17:51.492+0700] {logging_mixin.py:190} INFO - [2026-05-13T12:17:51.492+0700] {dag.py:4180} INFO - Setting next_dagrun for dataset_with_extra_from_classic_operator to 2026-05-12 00:00:00+00:00, run_after=2026-05-13 00:00:00+00:00
[2026-05-13T12:17:51.504+0700] {processor.py:208} INFO - Processing /Users/najma/de_learning/bulan_2/airflow_project/venv_airflow/lib/python3.12/site-packages/airflow/example_dags/example_outlet_event_extra.py took 0.147 seconds
[2026-05-13T12:20:42.380+0700] {processor.py:186} INFO - Started process (PID=7924) to work on /Users/najma/de_learning/bulan_2/airflow_project/venv_airflow/lib/python3.12/site-packages/airflow/example_dags/example_outlet_event_extra.py
[2026-05-13T12:20:42.380+0700] {processor.py:914} INFO - Processing file /Users/najma/de_learning/bulan_2/airflow_project/venv_airflow/lib/python3.12/site-packages/airflow/example_dags/example_outlet_event_extra.py for tasks to queue
[2026-05-13T12:20:42.381+0700] {logging_mixin.py:190} INFO - [2026-05-13T12:20:42.381+0700] {dagbag.py:588} INFO - Filling up the DagBag from /Users/najma/de_learning/bulan_2/airflow_project/venv_airflow/lib/python3.12/site-packages/airflow/example_dags/example_outlet_event_extra.py
[2026-05-13T12:20:42.442+0700] {processor.py:925} INFO - DAG(s) 'dataset_with_extra_from_classic_operator', 'dataset_with_extra_by_context', 'dataset_with_extra_by_yield' retrieved from /Users/najma/de_learning/bulan_2/airflow_project/venv_airflow/lib/python3.12/site-packages/airflow/example_dags/example_outlet_event_extra.py
[2026-05-13T12:20:42.495+0700] {logging_mixin.py:190} INFO - [2026-05-13T12:20:42.495+0700] {dag.py:3239} INFO - Sync 3 DAGs
[2026-05-13T12:20:42.505+0700] {logging_mixin.py:190} INFO - [2026-05-13T12:20:42.505+0700] {dag.py:4180} INFO - Setting next_dagrun for dataset_with_extra_by_context to 2026-05-12 00:00:00+00:00, run_after=2026-05-13 00:00:00+00:00
[2026-05-13T12:20:42.507+0700] {logging_mixin.py:190} INFO - [2026-05-13T12:20:42.507+0700] {dag.py:4180} INFO - Setting next_dagrun for dataset_with_extra_by_yield to 2026-05-12 00:00:00+00:00, run_after=2026-05-13 00:00:00+00:00
[2026-05-13T12:20:42.508+0700] {logging_mixin.py:190} INFO - [2026-05-13T12:20:42.508+0700] {dag.py:4180} INFO - Setting next_dagrun for dataset_with_extra_from_classic_operator to 2026-05-12 00:00:00+00:00, run_after=2026-05-13 00:00:00+00:00
[2026-05-13T12:20:42.519+0700] {processor.py:208} INFO - Processing /Users/najma/de_learning/bulan_2/airflow_project/venv_airflow/lib/python3.12/site-packages/airflow/example_dags/example_outlet_event_extra.py took 0.141 seconds
[2026-05-13T12:23:33.989+0700] {processor.py:186} INFO - Started process (PID=8138) to work on /Users/najma/de_learning/bulan_2/airflow_project/venv_airflow/lib/python3.12/site-packages/airflow/example_dags/example_outlet_event_extra.py
[2026-05-13T12:23:33.990+0700] {processor.py:914} INFO - Processing file /Users/najma/de_learning/bulan_2/airflow_project/venv_airflow/lib/python3.12/site-packages/airflow/example_dags/example_outlet_event_extra.py for tasks to queue
[2026-05-13T12:23:33.990+0700] {logging_mixin.py:190} INFO - [2026-05-13T12:23:33.990+0700] {dagbag.py:588} INFO - Filling up the DagBag from /Users/najma/de_learning/bulan_2/airflow_project/venv_airflow/lib/python3.12/site-packages/airflow/example_dags/example_outlet_event_extra.py
[2026-05-13T12:23:34.048+0700] {processor.py:925} INFO - DAG(s) 'dataset_with_extra_by_yield', 'dataset_with_extra_by_context', 'dataset_with_extra_from_classic_operator' retrieved from /Users/najma/de_learning/bulan_2/airflow_project/venv_airflow/lib/python3.12/site-packages/airflow/example_dags/example_outlet_event_extra.py
[2026-05-13T12:23:34.103+0700] {logging_mixin.py:190} INFO - [2026-05-13T12:23:34.103+0700] {dag.py:3239} INFO - Sync 3 DAGs
[2026-05-13T12:23:34.114+0700] {logging_mixin.py:190} INFO - [2026-05-13T12:23:34.114+0700] {dag.py:4180} INFO - Setting next_dagrun for dataset_with_extra_by_context to 2026-05-12 00:00:00+00:00, run_after=2026-05-13 00:00:00+00:00
[2026-05-13T12:23:34.116+0700] {logging_mixin.py:190} INFO - [2026-05-13T12:23:34.116+0700] {dag.py:4180} INFO - Setting next_dagrun for dataset_with_extra_by_yield to 2026-05-12 00:00:00+00:00, run_after=2026-05-13 00:00:00+00:00
[2026-05-13T12:23:34.117+0700] {logging_mixin.py:190} INFO - [2026-05-13T12:23:34.117+0700] {dag.py:4180} INFO - Setting next_dagrun for dataset_with_extra_from_classic_operator to 2026-05-12 00:00:00+00:00, run_after=2026-05-13 00:00:00+00:00
[2026-05-13T12:23:34.129+0700] {processor.py:208} INFO - Processing /Users/najma/de_learning/bulan_2/airflow_project/venv_airflow/lib/python3.12/site-packages/airflow/example_dags/example_outlet_event_extra.py took 0.142 seconds
