[2026-05-13T12:14:54.907+0700] {processor.py:186} INFO - Started process (PID=6574) to work on /Users/najma/de_learning/bulan_2/airflow_project/venv_airflow/lib/python3.12/site-packages/airflow/example_dags/tutorial_objectstorage.py
[2026-05-13T12:14:54.908+0700] {processor.py:914} INFO - Processing file /Users/najma/de_learning/bulan_2/airflow_project/venv_airflow/lib/python3.12/site-packages/airflow/example_dags/tutorial_objectstorage.py for tasks to queue
[2026-05-13T12:14:54.909+0700] {logging_mixin.py:190} INFO - [2026-05-13T12:14:54.908+0700] {dagbag.py:588} INFO - Filling up the DagBag from /Users/najma/de_learning/bulan_2/airflow_project/venv_airflow/lib/python3.12/site-packages/airflow/example_dags/tutorial_objectstorage.py
[2026-05-13T12:14:54.933+0700] {processor.py:925} INFO - DAG(s) 'tutorial_objectstorage' retrieved from /Users/najma/de_learning/bulan_2/airflow_project/venv_airflow/lib/python3.12/site-packages/airflow/example_dags/tutorial_objectstorage.py
[2026-05-13T12:14:55.029+0700] {logging_mixin.py:190} INFO - [2026-05-13T12:14:55.029+0700] {override.py:1911} INFO - Created Permission View: can delete on DAG:tutorial_objectstorage
[2026-05-13T12:14:55.034+0700] {logging_mixin.py:190} INFO - [2026-05-13T12:14:55.033+0700] {override.py:1911} INFO - Created Permission View: can edit on DAG:tutorial_objectstorage
[2026-05-13T12:14:55.036+0700] {logging_mixin.py:190} INFO - [2026-05-13T12:14:55.036+0700] {override.py:1911} INFO - Created Permission View: can read on DAG:tutorial_objectstorage
[2026-05-13T12:14:55.040+0700] {logging_mixin.py:190} INFO - [2026-05-13T12:14:55.040+0700] {override.py:1911} INFO - Created Permission View: can create on DAG Run:tutorial_objectstorage
[2026-05-13T12:14:55.043+0700] {logging_mixin.py:190} INFO - [2026-05-13T12:14:55.043+0700] {override.py:1911} INFO - Created Permission View: menu access on DAG Run:tutorial_objectstorage
[2026-05-13T12:14:55.046+0700] {logging_mixin.py:190} INFO - [2026-05-13T12:14:55.046+0700] {override.py:1911} INFO - Created Permission View: can delete on DAG Run:tutorial_objectstorage
[2026-05-13T12:14:55.049+0700] {logging_mixin.py:190} INFO - [2026-05-13T12:14:55.049+0700] {override.py:1911} INFO - Created Permission View: can read on DAG Run:tutorial_objectstorage
[2026-05-13T12:14:55.049+0700] {logging_mixin.py:190} INFO - [2026-05-13T12:14:55.049+0700] {dag.py:3239} INFO - Sync 1 DAGs
[2026-05-13T12:14:55.087+0700] {logging_mixin.py:190} INFO - [2026-05-13T12:14:55.086+0700] {dag.py:3262} INFO - Creating ORM DAG for tutorial_objectstorage
[2026-05-13T12:14:55.087+0700] {logging_mixin.py:190} INFO - [2026-05-13T12:14:55.087+0700] {dag.py:4180} INFO - Setting next_dagrun for tutorial_objectstorage to None, run_after=None
[2026-05-13T12:14:55.095+0700] {processor.py:208} INFO - Processing /Users/najma/de_learning/bulan_2/airflow_project/venv_airflow/lib/python3.12/site-packages/airflow/example_dags/tutorial_objectstorage.py took 0.190 seconds
[2026-05-13T12:17:01.489+0700] {processor.py:186} INFO - Started process (PID=7478) to work on /Users/najma/de_learning/bulan_2/airflow_project/venv_airflow/lib/python3.12/site-packages/airflow/example_dags/tutorial_objectstorage.py
[2026-05-13T12:17:01.489+0700] {processor.py:914} INFO - Processing file /Users/najma/de_learning/bulan_2/airflow_project/venv_airflow/lib/python3.12/site-packages/airflow/example_dags/tutorial_objectstorage.py for tasks to queue
[2026-05-13T12:17:01.490+0700] {logging_mixin.py:190} INFO - [2026-05-13T12:17:01.490+0700] {dagbag.py:588} INFO - Filling up the DagBag from /Users/najma/de_learning/bulan_2/airflow_project/venv_airflow/lib/python3.12/site-packages/airflow/example_dags/tutorial_objectstorage.py
[2026-05-13T12:17:01.513+0700] {processor.py:925} INFO - DAG(s) 'tutorial_objectstorage' retrieved from /Users/najma/de_learning/bulan_2/airflow_project/venv_airflow/lib/python3.12/site-packages/airflow/example_dags/tutorial_objectstorage.py
[2026-05-13T12:17:01.563+0700] {logging_mixin.py:190} INFO - [2026-05-13T12:17:01.563+0700] {dag.py:3239} INFO - Sync 1 DAGs
[2026-05-13T12:17:01.568+0700] {logging_mixin.py:190} INFO - [2026-05-13T12:17:01.568+0700] {dag.py:4180} INFO - Setting next_dagrun for tutorial_objectstorage to None, run_after=None
[2026-05-13T12:17:01.579+0700] {processor.py:208} INFO - Processing /Users/najma/de_learning/bulan_2/airflow_project/venv_airflow/lib/python3.12/site-packages/airflow/example_dags/tutorial_objectstorage.py took 0.092 seconds
[2026-05-13T12:18:28.161+0700] {processor.py:186} INFO - Started process (PID=7577) to work on /Users/najma/de_learning/bulan_2/airflow_project/venv_airflow/lib/python3.12/site-packages/airflow/example_dags/tutorial_objectstorage.py
[2026-05-13T12:18:28.163+0700] {processor.py:914} INFO - Processing file /Users/najma/de_learning/bulan_2/airflow_project/venv_airflow/lib/python3.12/site-packages/airflow/example_dags/tutorial_objectstorage.py for tasks to queue
[2026-05-13T12:18:28.163+0700] {logging_mixin.py:190} INFO - [2026-05-13T12:18:28.163+0700] {dagbag.py:588} INFO - Filling up the DagBag from /Users/najma/de_learning/bulan_2/airflow_project/venv_airflow/lib/python3.12/site-packages/airflow/example_dags/tutorial_objectstorage.py
[2026-05-13T12:18:28.186+0700] {processor.py:925} INFO - DAG(s) 'tutorial_objectstorage' retrieved from /Users/najma/de_learning/bulan_2/airflow_project/venv_airflow/lib/python3.12/site-packages/airflow/example_dags/tutorial_objectstorage.py
[2026-05-13T12:18:28.236+0700] {logging_mixin.py:190} INFO - [2026-05-13T12:18:28.236+0700] {dag.py:3239} INFO - Sync 1 DAGs
[2026-05-13T12:18:28.241+0700] {logging_mixin.py:190} INFO - [2026-05-13T12:18:28.241+0700] {dag.py:4180} INFO - Setting next_dagrun for tutorial_objectstorage to None, run_after=None
[2026-05-13T12:18:28.251+0700] {processor.py:208} INFO - Processing /Users/najma/de_learning/bulan_2/airflow_project/venv_airflow/lib/python3.12/site-packages/airflow/example_dags/tutorial_objectstorage.py took 0.091 seconds
[2026-05-13T12:19:55.686+0700] {processor.py:186} INFO - Started process (PID=7870) to work on /Users/najma/de_learning/bulan_2/airflow_project/venv_airflow/lib/python3.12/site-packages/airflow/example_dags/tutorial_objectstorage.py
[2026-05-13T12:19:55.687+0700] {processor.py:914} INFO - Processing file /Users/najma/de_learning/bulan_2/airflow_project/venv_airflow/lib/python3.12/site-packages/airflow/example_dags/tutorial_objectstorage.py for tasks to queue
[2026-05-13T12:19:55.687+0700] {logging_mixin.py:190} INFO - [2026-05-13T12:19:55.687+0700] {dagbag.py:588} INFO - Filling up the DagBag from /Users/najma/de_learning/bulan_2/airflow_project/venv_airflow/lib/python3.12/site-packages/airflow/example_dags/tutorial_objectstorage.py
[2026-05-13T12:19:55.710+0700] {processor.py:925} INFO - DAG(s) 'tutorial_objectstorage' retrieved from /Users/najma/de_learning/bulan_2/airflow_project/venv_airflow/lib/python3.12/site-packages/airflow/example_dags/tutorial_objectstorage.py
[2026-05-13T12:19:55.760+0700] {logging_mixin.py:190} INFO - [2026-05-13T12:19:55.760+0700] {dag.py:3239} INFO - Sync 1 DAGs
[2026-05-13T12:19:55.765+0700] {logging_mixin.py:190} INFO - [2026-05-13T12:19:55.765+0700] {dag.py:4180} INFO - Setting next_dagrun for tutorial_objectstorage to None, run_after=None
[2026-05-13T12:19:55.775+0700] {processor.py:208} INFO - Processing /Users/najma/de_learning/bulan_2/airflow_project/venv_airflow/lib/python3.12/site-packages/airflow/example_dags/tutorial_objectstorage.py took 0.091 seconds
[2026-05-13T12:21:20.513+0700] {processor.py:186} INFO - Started process (PID=7978) to work on /Users/najma/de_learning/bulan_2/airflow_project/venv_airflow/lib/python3.12/site-packages/airflow/example_dags/tutorial_objectstorage.py
[2026-05-13T12:21:20.514+0700] {processor.py:914} INFO - Processing file /Users/najma/de_learning/bulan_2/airflow_project/venv_airflow/lib/python3.12/site-packages/airflow/example_dags/tutorial_objectstorage.py for tasks to queue
[2026-05-13T12:21:20.515+0700] {logging_mixin.py:190} INFO - [2026-05-13T12:21:20.515+0700] {dagbag.py:588} INFO - Filling up the DagBag from /Users/najma/de_learning/bulan_2/airflow_project/venv_airflow/lib/python3.12/site-packages/airflow/example_dags/tutorial_objectstorage.py
[2026-05-13T12:21:20.538+0700] {processor.py:925} INFO - DAG(s) 'tutorial_objectstorage' retrieved from /Users/najma/de_learning/bulan_2/airflow_project/venv_airflow/lib/python3.12/site-packages/airflow/example_dags/tutorial_objectstorage.py
[2026-05-13T12:21:20.588+0700] {logging_mixin.py:190} INFO - [2026-05-13T12:21:20.588+0700] {dag.py:3239} INFO - Sync 1 DAGs
[2026-05-13T12:21:20.593+0700] {logging_mixin.py:190} INFO - [2026-05-13T12:21:20.593+0700] {dag.py:4180} INFO - Setting next_dagrun for tutorial_objectstorage to None, run_after=None
[2026-05-13T12:21:20.603+0700] {processor.py:208} INFO - Processing /Users/najma/de_learning/bulan_2/airflow_project/venv_airflow/lib/python3.12/site-packages/airflow/example_dags/tutorial_objectstorage.py took 0.092 seconds
[2026-05-13T12:22:46.210+0700] {processor.py:186} INFO - Started process (PID=8088) to work on /Users/najma/de_learning/bulan_2/airflow_project/venv_airflow/lib/python3.12/site-packages/airflow/example_dags/tutorial_objectstorage.py
[2026-05-13T12:22:46.211+0700] {processor.py:914} INFO - Processing file /Users/najma/de_learning/bulan_2/airflow_project/venv_airflow/lib/python3.12/site-packages/airflow/example_dags/tutorial_objectstorage.py for tasks to queue
[2026-05-13T12:22:46.211+0700] {logging_mixin.py:190} INFO - [2026-05-13T12:22:46.211+0700] {dagbag.py:588} INFO - Filling up the DagBag from /Users/najma/de_learning/bulan_2/airflow_project/venv_airflow/lib/python3.12/site-packages/airflow/example_dags/tutorial_objectstorage.py
[2026-05-13T12:22:46.234+0700] {processor.py:925} INFO - DAG(s) 'tutorial_objectstorage' retrieved from /Users/najma/de_learning/bulan_2/airflow_project/venv_airflow/lib/python3.12/site-packages/airflow/example_dags/tutorial_objectstorage.py
[2026-05-13T12:22:46.285+0700] {logging_mixin.py:190} INFO - [2026-05-13T12:22:46.284+0700] {dag.py:3239} INFO - Sync 1 DAGs
[2026-05-13T12:22:46.290+0700] {logging_mixin.py:190} INFO - [2026-05-13T12:22:46.290+0700] {dag.py:4180} INFO - Setting next_dagrun for tutorial_objectstorage to None, run_after=None
[2026-05-13T12:22:46.300+0700] {processor.py:208} INFO - Processing /Users/najma/de_learning/bulan_2/airflow_project/venv_airflow/lib/python3.12/site-packages/airflow/example_dags/tutorial_objectstorage.py took 0.092 seconds
[2026-05-13T12:24:10.905+0700] {processor.py:186} INFO - Started process (PID=8183) to work on /Users/najma/de_learning/bulan_2/airflow_project/venv_airflow/lib/python3.12/site-packages/airflow/example_dags/tutorial_objectstorage.py
[2026-05-13T12:24:10.906+0700] {processor.py:914} INFO - Processing file /Users/najma/de_learning/bulan_2/airflow_project/venv_airflow/lib/python3.12/site-packages/airflow/example_dags/tutorial_objectstorage.py for tasks to queue
[2026-05-13T12:24:10.907+0700] {logging_mixin.py:190} INFO - [2026-05-13T12:24:10.907+0700] {dagbag.py:588} INFO - Filling up the DagBag from /Users/najma/de_learning/bulan_2/airflow_project/venv_airflow/lib/python3.12/site-packages/airflow/example_dags/tutorial_objectstorage.py
[2026-05-13T12:24:10.931+0700] {processor.py:925} INFO - DAG(s) 'tutorial_objectstorage' retrieved from /Users/najma/de_learning/bulan_2/airflow_project/venv_airflow/lib/python3.12/site-packages/airflow/example_dags/tutorial_objectstorage.py
[2026-05-13T12:24:10.982+0700] {logging_mixin.py:190} INFO - [2026-05-13T12:24:10.982+0700] {dag.py:3239} INFO - Sync 1 DAGs
[2026-05-13T12:24:10.988+0700] {logging_mixin.py:190} INFO - [2026-05-13T12:24:10.988+0700] {dag.py:4180} INFO - Setting next_dagrun for tutorial_objectstorage to None, run_after=None
[2026-05-13T12:24:10.997+0700] {processor.py:208} INFO - Processing /Users/najma/de_learning/bulan_2/airflow_project/venv_airflow/lib/python3.12/site-packages/airflow/example_dags/tutorial_objectstorage.py took 0.094 seconds
