[2026-05-13T12:14:48.725+0700] {processor.py:186} INFO - Started process (PID=6567) to work on /Users/najma/de_learning/bulan_2/airflow_project/venv_airflow/lib/python3.12/site-packages/airflow/example_dags/tutorial_taskflow_templates.py
[2026-05-13T12:14:48.726+0700] {processor.py:914} INFO - Processing file /Users/najma/de_learning/bulan_2/airflow_project/venv_airflow/lib/python3.12/site-packages/airflow/example_dags/tutorial_taskflow_templates.py for tasks to queue
[2026-05-13T12:14:48.726+0700] {logging_mixin.py:190} INFO - [2026-05-13T12:14:48.726+0700] {dagbag.py:588} INFO - Filling up the DagBag from /Users/najma/de_learning/bulan_2/airflow_project/venv_airflow/lib/python3.12/site-packages/airflow/example_dags/tutorial_taskflow_templates.py
[2026-05-13T12:14:48.753+0700] {processor.py:925} INFO - DAG(s) 'tutorial_taskflow_templates' retrieved from /Users/najma/de_learning/bulan_2/airflow_project/venv_airflow/lib/python3.12/site-packages/airflow/example_dags/tutorial_taskflow_templates.py
[2026-05-13T12:14:48.865+0700] {logging_mixin.py:190} INFO - [2026-05-13T12:14:48.865+0700] {override.py:1911} INFO - Created Permission View: can edit on DAG:tutorial_taskflow_templates
[2026-05-13T12:14:48.870+0700] {logging_mixin.py:190} INFO - [2026-05-13T12:14:48.869+0700] {override.py:1911} INFO - Created Permission View: can delete on DAG:tutorial_taskflow_templates
[2026-05-13T12:14:48.873+0700] {logging_mixin.py:190} INFO - [2026-05-13T12:14:48.872+0700] {override.py:1911} INFO - Created Permission View: can read on DAG:tutorial_taskflow_templates
[2026-05-13T12:14:48.876+0700] {logging_mixin.py:190} INFO - [2026-05-13T12:14:48.876+0700] {override.py:1911} INFO - Created Permission View: menu access on DAG Run:tutorial_taskflow_templates
[2026-05-13T12:14:48.879+0700] {logging_mixin.py:190} INFO - [2026-05-13T12:14:48.879+0700] {override.py:1911} INFO - Created Permission View: can delete on DAG Run:tutorial_taskflow_templates
[2026-05-13T12:14:48.881+0700] {logging_mixin.py:190} INFO - [2026-05-13T12:14:48.881+0700] {override.py:1911} INFO - Created Permission View: can read on DAG Run:tutorial_taskflow_templates
[2026-05-13T12:14:48.884+0700] {logging_mixin.py:190} INFO - [2026-05-13T12:14:48.884+0700] {override.py:1911} INFO - Created Permission View: can create on DAG Run:tutorial_taskflow_templates
[2026-05-13T12:14:48.884+0700] {logging_mixin.py:190} INFO - [2026-05-13T12:14:48.884+0700] {dag.py:3239} INFO - Sync 1 DAGs
[2026-05-13T12:14:48.891+0700] {logging_mixin.py:190} INFO - [2026-05-13T12:14:48.891+0700] {dag.py:3262} INFO - Creating ORM DAG for tutorial_taskflow_templates
[2026-05-13T12:14:48.930+0700] {logging_mixin.py:190} INFO - [2026-05-13T12:14:48.930+0700] {dag.py:4180} INFO - Setting next_dagrun for tutorial_taskflow_templates to 2026-05-12 00:00:00+00:00, run_after=2026-05-13 00:00:00+00:00
[2026-05-13T12:14:48.939+0700] {processor.py:208} INFO - Processing /Users/najma/de_learning/bulan_2/airflow_project/venv_airflow/lib/python3.12/site-packages/airflow/example_dags/tutorial_taskflow_templates.py took 0.215 seconds
[2026-05-13T12:16:55.144+0700] {processor.py:186} INFO - Started process (PID=7467) to work on /Users/najma/de_learning/bulan_2/airflow_project/venv_airflow/lib/python3.12/site-packages/airflow/example_dags/tutorial_taskflow_templates.py
[2026-05-13T12:16:55.145+0700] {processor.py:914} INFO - Processing file /Users/najma/de_learning/bulan_2/airflow_project/venv_airflow/lib/python3.12/site-packages/airflow/example_dags/tutorial_taskflow_templates.py for tasks to queue
[2026-05-13T12:16:55.146+0700] {logging_mixin.py:190} INFO - [2026-05-13T12:16:55.145+0700] {dagbag.py:588} INFO - Filling up the DagBag from /Users/najma/de_learning/bulan_2/airflow_project/venv_airflow/lib/python3.12/site-packages/airflow/example_dags/tutorial_taskflow_templates.py
[2026-05-13T12:16:55.178+0700] {processor.py:925} INFO - DAG(s) 'tutorial_taskflow_templates' retrieved from /Users/najma/de_learning/bulan_2/airflow_project/venv_airflow/lib/python3.12/site-packages/airflow/example_dags/tutorial_taskflow_templates.py
[2026-05-13T12:16:55.231+0700] {logging_mixin.py:190} INFO - [2026-05-13T12:16:55.231+0700] {dag.py:3239} INFO - Sync 1 DAGs
[2026-05-13T12:16:55.241+0700] {logging_mixin.py:190} INFO - [2026-05-13T12:16:55.241+0700] {dag.py:4180} INFO - Setting next_dagrun for tutorial_taskflow_templates to 2026-05-12 00:00:00+00:00, run_after=2026-05-13 00:00:00+00:00
[2026-05-13T12:16:55.251+0700] {processor.py:208} INFO - Processing /Users/najma/de_learning/bulan_2/airflow_project/venv_airflow/lib/python3.12/site-packages/airflow/example_dags/tutorial_taskflow_templates.py took 0.109 seconds
[2026-05-13T12:18:21.996+0700] {processor.py:186} INFO - Started process (PID=7571) to work on /Users/najma/de_learning/bulan_2/airflow_project/venv_airflow/lib/python3.12/site-packages/airflow/example_dags/tutorial_taskflow_templates.py
[2026-05-13T12:18:21.998+0700] {processor.py:914} INFO - Processing file /Users/najma/de_learning/bulan_2/airflow_project/venv_airflow/lib/python3.12/site-packages/airflow/example_dags/tutorial_taskflow_templates.py for tasks to queue
[2026-05-13T12:18:21.998+0700] {logging_mixin.py:190} INFO - [2026-05-13T12:18:21.998+0700] {dagbag.py:588} INFO - Filling up the DagBag from /Users/najma/de_learning/bulan_2/airflow_project/venv_airflow/lib/python3.12/site-packages/airflow/example_dags/tutorial_taskflow_templates.py
[2026-05-13T12:18:22.029+0700] {processor.py:925} INFO - DAG(s) 'tutorial_taskflow_templates' retrieved from /Users/najma/de_learning/bulan_2/airflow_project/venv_airflow/lib/python3.12/site-packages/airflow/example_dags/tutorial_taskflow_templates.py
[2026-05-13T12:18:22.082+0700] {logging_mixin.py:190} INFO - [2026-05-13T12:18:22.082+0700] {dag.py:3239} INFO - Sync 1 DAGs
[2026-05-13T12:18:22.092+0700] {logging_mixin.py:190} INFO - [2026-05-13T12:18:22.092+0700] {dag.py:4180} INFO - Setting next_dagrun for tutorial_taskflow_templates to 2026-05-12 00:00:00+00:00, run_after=2026-05-13 00:00:00+00:00
[2026-05-13T12:18:22.101+0700] {processor.py:208} INFO - Processing /Users/najma/de_learning/bulan_2/airflow_project/venv_airflow/lib/python3.12/site-packages/airflow/example_dags/tutorial_taskflow_templates.py took 0.107 seconds
[2026-05-13T12:19:49.526+0700] {processor.py:186} INFO - Started process (PID=7861) to work on /Users/najma/de_learning/bulan_2/airflow_project/venv_airflow/lib/python3.12/site-packages/airflow/example_dags/tutorial_taskflow_templates.py
[2026-05-13T12:19:49.527+0700] {processor.py:914} INFO - Processing file /Users/najma/de_learning/bulan_2/airflow_project/venv_airflow/lib/python3.12/site-packages/airflow/example_dags/tutorial_taskflow_templates.py for tasks to queue
[2026-05-13T12:19:49.528+0700] {logging_mixin.py:190} INFO - [2026-05-13T12:19:49.528+0700] {dagbag.py:588} INFO - Filling up the DagBag from /Users/najma/de_learning/bulan_2/airflow_project/venv_airflow/lib/python3.12/site-packages/airflow/example_dags/tutorial_taskflow_templates.py
[2026-05-13T12:19:49.556+0700] {processor.py:925} INFO - DAG(s) 'tutorial_taskflow_templates' retrieved from /Users/najma/de_learning/bulan_2/airflow_project/venv_airflow/lib/python3.12/site-packages/airflow/example_dags/tutorial_taskflow_templates.py
[2026-05-13T12:19:49.607+0700] {logging_mixin.py:190} INFO - [2026-05-13T12:19:49.606+0700] {dag.py:3239} INFO - Sync 1 DAGs
[2026-05-13T12:19:49.616+0700] {logging_mixin.py:190} INFO - [2026-05-13T12:19:49.616+0700] {dag.py:4180} INFO - Setting next_dagrun for tutorial_taskflow_templates to 2026-05-12 00:00:00+00:00, run_after=2026-05-13 00:00:00+00:00
[2026-05-13T12:19:49.626+0700] {processor.py:208} INFO - Processing /Users/najma/de_learning/bulan_2/airflow_project/venv_airflow/lib/python3.12/site-packages/airflow/example_dags/tutorial_taskflow_templates.py took 0.102 seconds
[2026-05-13T12:21:14.899+0700] {processor.py:186} INFO - Started process (PID=7970) to work on /Users/najma/de_learning/bulan_2/airflow_project/venv_airflow/lib/python3.12/site-packages/airflow/example_dags/tutorial_taskflow_templates.py
[2026-05-13T12:21:14.900+0700] {processor.py:914} INFO - Processing file /Users/najma/de_learning/bulan_2/airflow_project/venv_airflow/lib/python3.12/site-packages/airflow/example_dags/tutorial_taskflow_templates.py for tasks to queue
[2026-05-13T12:21:14.901+0700] {logging_mixin.py:190} INFO - [2026-05-13T12:21:14.901+0700] {dagbag.py:588} INFO - Filling up the DagBag from /Users/najma/de_learning/bulan_2/airflow_project/venv_airflow/lib/python3.12/site-packages/airflow/example_dags/tutorial_taskflow_templates.py
[2026-05-13T12:21:14.933+0700] {processor.py:925} INFO - DAG(s) 'tutorial_taskflow_templates' retrieved from /Users/najma/de_learning/bulan_2/airflow_project/venv_airflow/lib/python3.12/site-packages/airflow/example_dags/tutorial_taskflow_templates.py
[2026-05-13T12:21:14.985+0700] {logging_mixin.py:190} INFO - [2026-05-13T12:21:14.985+0700] {dag.py:3239} INFO - Sync 1 DAGs
[2026-05-13T12:21:14.995+0700] {logging_mixin.py:190} INFO - [2026-05-13T12:21:14.995+0700] {dag.py:4180} INFO - Setting next_dagrun for tutorial_taskflow_templates to 2026-05-12 00:00:00+00:00, run_after=2026-05-13 00:00:00+00:00
[2026-05-13T12:21:15.004+0700] {processor.py:208} INFO - Processing /Users/najma/de_learning/bulan_2/airflow_project/venv_airflow/lib/python3.12/site-packages/airflow/example_dags/tutorial_taskflow_templates.py took 0.107 seconds
[2026-05-13T12:22:39.942+0700] {processor.py:186} INFO - Started process (PID=8082) to work on /Users/najma/de_learning/bulan_2/airflow_project/venv_airflow/lib/python3.12/site-packages/airflow/example_dags/tutorial_taskflow_templates.py
[2026-05-13T12:22:39.942+0700] {processor.py:914} INFO - Processing file /Users/najma/de_learning/bulan_2/airflow_project/venv_airflow/lib/python3.12/site-packages/airflow/example_dags/tutorial_taskflow_templates.py for tasks to queue
[2026-05-13T12:22:39.943+0700] {logging_mixin.py:190} INFO - [2026-05-13T12:22:39.943+0700] {dagbag.py:588} INFO - Filling up the DagBag from /Users/najma/de_learning/bulan_2/airflow_project/venv_airflow/lib/python3.12/site-packages/airflow/example_dags/tutorial_taskflow_templates.py
[2026-05-13T12:22:39.976+0700] {processor.py:925} INFO - DAG(s) 'tutorial_taskflow_templates' retrieved from /Users/najma/de_learning/bulan_2/airflow_project/venv_airflow/lib/python3.12/site-packages/airflow/example_dags/tutorial_taskflow_templates.py
[2026-05-13T12:22:40.028+0700] {logging_mixin.py:190} INFO - [2026-05-13T12:22:40.028+0700] {dag.py:3239} INFO - Sync 1 DAGs
[2026-05-13T12:22:40.038+0700] {logging_mixin.py:190} INFO - [2026-05-13T12:22:40.038+0700] {dag.py:4180} INFO - Setting next_dagrun for tutorial_taskflow_templates to 2026-05-12 00:00:00+00:00, run_after=2026-05-13 00:00:00+00:00
[2026-05-13T12:22:40.048+0700] {processor.py:208} INFO - Processing /Users/najma/de_learning/bulan_2/airflow_project/venv_airflow/lib/python3.12/site-packages/airflow/example_dags/tutorial_taskflow_templates.py took 0.108 seconds
[2026-05-13T12:24:04.688+0700] {processor.py:186} INFO - Started process (PID=8177) to work on /Users/najma/de_learning/bulan_2/airflow_project/venv_airflow/lib/python3.12/site-packages/airflow/example_dags/tutorial_taskflow_templates.py
[2026-05-13T12:24:04.689+0700] {processor.py:914} INFO - Processing file /Users/najma/de_learning/bulan_2/airflow_project/venv_airflow/lib/python3.12/site-packages/airflow/example_dags/tutorial_taskflow_templates.py for tasks to queue
[2026-05-13T12:24:04.689+0700] {logging_mixin.py:190} INFO - [2026-05-13T12:24:04.689+0700] {dagbag.py:588} INFO - Filling up the DagBag from /Users/najma/de_learning/bulan_2/airflow_project/venv_airflow/lib/python3.12/site-packages/airflow/example_dags/tutorial_taskflow_templates.py
[2026-05-13T12:24:04.715+0700] {processor.py:925} INFO - DAG(s) 'tutorial_taskflow_templates' retrieved from /Users/najma/de_learning/bulan_2/airflow_project/venv_airflow/lib/python3.12/site-packages/airflow/example_dags/tutorial_taskflow_templates.py
[2026-05-13T12:24:04.768+0700] {logging_mixin.py:190} INFO - [2026-05-13T12:24:04.767+0700] {dag.py:3239} INFO - Sync 1 DAGs
[2026-05-13T12:24:04.778+0700] {logging_mixin.py:190} INFO - [2026-05-13T12:24:04.777+0700] {dag.py:4180} INFO - Setting next_dagrun for tutorial_taskflow_templates to 2026-05-12 00:00:00+00:00, run_after=2026-05-13 00:00:00+00:00
[2026-05-13T12:24:04.788+0700] {processor.py:208} INFO - Processing /Users/najma/de_learning/bulan_2/airflow_project/venv_airflow/lib/python3.12/site-packages/airflow/example_dags/tutorial_taskflow_templates.py took 0.102 seconds
