[2026-05-13T12:14:59.508+0700] {processor.py:186} INFO - Started process (PID=6580) to work on /Users/najma/de_learning/bulan_2/airflow_project/venv_airflow/lib/python3.12/site-packages/airflow/example_dags/tutorial.py
[2026-05-13T12:14:59.508+0700] {processor.py:914} INFO - Processing file /Users/najma/de_learning/bulan_2/airflow_project/venv_airflow/lib/python3.12/site-packages/airflow/example_dags/tutorial.py for tasks to queue
[2026-05-13T12:14:59.509+0700] {logging_mixin.py:190} INFO - [2026-05-13T12:14:59.509+0700] {dagbag.py:588} INFO - Filling up the DagBag from /Users/najma/de_learning/bulan_2/airflow_project/venv_airflow/lib/python3.12/site-packages/airflow/example_dags/tutorial.py
[2026-05-13T12:14:59.514+0700] {processor.py:925} INFO - DAG(s) 'tutorial' retrieved from /Users/najma/de_learning/bulan_2/airflow_project/venv_airflow/lib/python3.12/site-packages/airflow/example_dags/tutorial.py
[2026-05-13T12:14:59.658+0700] {logging_mixin.py:190} INFO - [2026-05-13T12:14:59.658+0700] {override.py:1911} INFO - Created Permission View: can read on DAG:tutorial
[2026-05-13T12:14:59.663+0700] {logging_mixin.py:190} INFO - [2026-05-13T12:14:59.663+0700] {override.py:1911} INFO - Created Permission View: can edit on DAG:tutorial
[2026-05-13T12:14:59.666+0700] {logging_mixin.py:190} INFO - [2026-05-13T12:14:59.666+0700] {override.py:1911} INFO - Created Permission View: can delete on DAG:tutorial
[2026-05-13T12:14:59.670+0700] {logging_mixin.py:190} INFO - [2026-05-13T12:14:59.670+0700] {override.py:1911} INFO - Created Permission View: can create on DAG Run:tutorial
[2026-05-13T12:14:59.673+0700] {logging_mixin.py:190} INFO - [2026-05-13T12:14:59.672+0700] {override.py:1911} INFO - Created Permission View: can read on DAG Run:tutorial
[2026-05-13T12:14:59.675+0700] {logging_mixin.py:190} INFO - [2026-05-13T12:14:59.675+0700] {override.py:1911} INFO - Created Permission View: menu access on DAG Run:tutorial
[2026-05-13T12:14:59.678+0700] {logging_mixin.py:190} INFO - [2026-05-13T12:14:59.678+0700] {override.py:1911} INFO - Created Permission View: can delete on DAG Run:tutorial
[2026-05-13T12:14:59.678+0700] {logging_mixin.py:190} INFO - [2026-05-13T12:14:59.678+0700] {dag.py:3239} INFO - Sync 1 DAGs
[2026-05-13T12:14:59.684+0700] {logging_mixin.py:190} INFO - [2026-05-13T12:14:59.684+0700] {dag.py:3262} INFO - Creating ORM DAG for tutorial
[2026-05-13T12:14:59.689+0700] {logging_mixin.py:190} INFO - [2026-05-13T12:14:59.689+0700] {dag.py:4180} INFO - Setting next_dagrun for tutorial to 2026-05-12 00:00:00+00:00, run_after=2026-05-13 00:00:00+00:00
[2026-05-13T12:14:59.698+0700] {processor.py:208} INFO - Processing /Users/najma/de_learning/bulan_2/airflow_project/venv_airflow/lib/python3.12/site-packages/airflow/example_dags/tutorial.py took 0.192 seconds
[2026-05-13T12:17:05.142+0700] {processor.py:186} INFO - Started process (PID=7484) to work on /Users/najma/de_learning/bulan_2/airflow_project/venv_airflow/lib/python3.12/site-packages/airflow/example_dags/tutorial.py
[2026-05-13T12:17:05.143+0700] {processor.py:914} INFO - Processing file /Users/najma/de_learning/bulan_2/airflow_project/venv_airflow/lib/python3.12/site-packages/airflow/example_dags/tutorial.py for tasks to queue
[2026-05-13T12:17:05.144+0700] {logging_mixin.py:190} INFO - [2026-05-13T12:17:05.144+0700] {dagbag.py:588} INFO - Filling up the DagBag from /Users/najma/de_learning/bulan_2/airflow_project/venv_airflow/lib/python3.12/site-packages/airflow/example_dags/tutorial.py
[2026-05-13T12:17:05.148+0700] {processor.py:925} INFO - DAG(s) 'tutorial' retrieved from /Users/najma/de_learning/bulan_2/airflow_project/venv_airflow/lib/python3.12/site-packages/airflow/example_dags/tutorial.py
[2026-05-13T12:17:05.201+0700] {logging_mixin.py:190} INFO - [2026-05-13T12:17:05.201+0700] {dag.py:3239} INFO - Sync 1 DAGs
[2026-05-13T12:17:05.212+0700] {logging_mixin.py:190} INFO - [2026-05-13T12:17:05.212+0700] {dag.py:4180} INFO - Setting next_dagrun for tutorial to 2026-05-12 00:00:00+00:00, run_after=2026-05-13 00:00:00+00:00
[2026-05-13T12:17:05.221+0700] {processor.py:208} INFO - Processing /Users/najma/de_learning/bulan_2/airflow_project/venv_airflow/lib/python3.12/site-packages/airflow/example_dags/tutorial.py took 0.081 seconds
[2026-05-13T12:18:32.492+0700] {processor.py:186} INFO - Started process (PID=7581) to work on /Users/najma/de_learning/bulan_2/airflow_project/venv_airflow/lib/python3.12/site-packages/airflow/example_dags/tutorial.py
[2026-05-13T12:18:32.493+0700] {processor.py:914} INFO - Processing file /Users/najma/de_learning/bulan_2/airflow_project/venv_airflow/lib/python3.12/site-packages/airflow/example_dags/tutorial.py for tasks to queue
[2026-05-13T12:18:32.494+0700] {logging_mixin.py:190} INFO - [2026-05-13T12:18:32.494+0700] {dagbag.py:588} INFO - Filling up the DagBag from /Users/najma/de_learning/bulan_2/airflow_project/venv_airflow/lib/python3.12/site-packages/airflow/example_dags/tutorial.py
[2026-05-13T12:18:32.499+0700] {processor.py:925} INFO - DAG(s) 'tutorial' retrieved from /Users/najma/de_learning/bulan_2/airflow_project/venv_airflow/lib/python3.12/site-packages/airflow/example_dags/tutorial.py
[2026-05-13T12:18:32.551+0700] {logging_mixin.py:190} INFO - [2026-05-13T12:18:32.551+0700] {dag.py:3239} INFO - Sync 1 DAGs
[2026-05-13T12:18:32.561+0700] {logging_mixin.py:190} INFO - [2026-05-13T12:18:32.561+0700] {dag.py:4180} INFO - Setting next_dagrun for tutorial to 2026-05-12 00:00:00+00:00, run_after=2026-05-13 00:00:00+00:00
[2026-05-13T12:18:32.571+0700] {processor.py:208} INFO - Processing /Users/najma/de_learning/bulan_2/airflow_project/venv_airflow/lib/python3.12/site-packages/airflow/example_dags/tutorial.py took 0.081 seconds
[2026-05-13T12:19:59.476+0700] {processor.py:186} INFO - Started process (PID=7875) to work on /Users/najma/de_learning/bulan_2/airflow_project/venv_airflow/lib/python3.12/site-packages/airflow/example_dags/tutorial.py
[2026-05-13T12:19:59.477+0700] {processor.py:914} INFO - Processing file /Users/najma/de_learning/bulan_2/airflow_project/venv_airflow/lib/python3.12/site-packages/airflow/example_dags/tutorial.py for tasks to queue
[2026-05-13T12:19:59.478+0700] {logging_mixin.py:190} INFO - [2026-05-13T12:19:59.478+0700] {dagbag.py:588} INFO - Filling up the DagBag from /Users/najma/de_learning/bulan_2/airflow_project/venv_airflow/lib/python3.12/site-packages/airflow/example_dags/tutorial.py
[2026-05-13T12:19:59.483+0700] {processor.py:925} INFO - DAG(s) 'tutorial' retrieved from /Users/najma/de_learning/bulan_2/airflow_project/venv_airflow/lib/python3.12/site-packages/airflow/example_dags/tutorial.py
[2026-05-13T12:19:59.540+0700] {logging_mixin.py:190} INFO - [2026-05-13T12:19:59.540+0700] {dag.py:3239} INFO - Sync 1 DAGs
[2026-05-13T12:19:59.551+0700] {logging_mixin.py:190} INFO - [2026-05-13T12:19:59.551+0700] {dag.py:4180} INFO - Setting next_dagrun for tutorial to 2026-05-12 00:00:00+00:00, run_after=2026-05-13 00:00:00+00:00
[2026-05-13T12:19:59.561+0700] {processor.py:208} INFO - Processing /Users/najma/de_learning/bulan_2/airflow_project/venv_airflow/lib/python3.12/site-packages/airflow/example_dags/tutorial.py took 0.086 seconds
[2026-05-13T12:21:24.290+0700] {processor.py:186} INFO - Started process (PID=7982) to work on /Users/najma/de_learning/bulan_2/airflow_project/venv_airflow/lib/python3.12/site-packages/airflow/example_dags/tutorial.py
[2026-05-13T12:21:24.291+0700] {processor.py:914} INFO - Processing file /Users/najma/de_learning/bulan_2/airflow_project/venv_airflow/lib/python3.12/site-packages/airflow/example_dags/tutorial.py for tasks to queue
[2026-05-13T12:21:24.292+0700] {logging_mixin.py:190} INFO - [2026-05-13T12:21:24.291+0700] {dagbag.py:588} INFO - Filling up the DagBag from /Users/najma/de_learning/bulan_2/airflow_project/venv_airflow/lib/python3.12/site-packages/airflow/example_dags/tutorial.py
[2026-05-13T12:21:24.296+0700] {processor.py:925} INFO - DAG(s) 'tutorial' retrieved from /Users/najma/de_learning/bulan_2/airflow_project/venv_airflow/lib/python3.12/site-packages/airflow/example_dags/tutorial.py
[2026-05-13T12:21:24.349+0700] {logging_mixin.py:190} INFO - [2026-05-13T12:21:24.349+0700] {dag.py:3239} INFO - Sync 1 DAGs
[2026-05-13T12:21:24.360+0700] {logging_mixin.py:190} INFO - [2026-05-13T12:21:24.360+0700] {dag.py:4180} INFO - Setting next_dagrun for tutorial to 2026-05-12 00:00:00+00:00, run_after=2026-05-13 00:00:00+00:00
[2026-05-13T12:21:24.370+0700] {processor.py:208} INFO - Processing /Users/najma/de_learning/bulan_2/airflow_project/venv_airflow/lib/python3.12/site-packages/airflow/example_dags/tutorial.py took 0.082 seconds
[2026-05-13T12:22:49.590+0700] {processor.py:186} INFO - Started process (PID=8092) to work on /Users/najma/de_learning/bulan_2/airflow_project/venv_airflow/lib/python3.12/site-packages/airflow/example_dags/tutorial.py
[2026-05-13T12:22:49.592+0700] {processor.py:914} INFO - Processing file /Users/najma/de_learning/bulan_2/airflow_project/venv_airflow/lib/python3.12/site-packages/airflow/example_dags/tutorial.py for tasks to queue
[2026-05-13T12:22:49.592+0700] {logging_mixin.py:190} INFO - [2026-05-13T12:22:49.592+0700] {dagbag.py:588} INFO - Filling up the DagBag from /Users/najma/de_learning/bulan_2/airflow_project/venv_airflow/lib/python3.12/site-packages/airflow/example_dags/tutorial.py
[2026-05-13T12:22:49.597+0700] {processor.py:925} INFO - DAG(s) 'tutorial' retrieved from /Users/najma/de_learning/bulan_2/airflow_project/venv_airflow/lib/python3.12/site-packages/airflow/example_dags/tutorial.py
[2026-05-13T12:22:49.649+0700] {logging_mixin.py:190} INFO - [2026-05-13T12:22:49.649+0700] {dag.py:3239} INFO - Sync 1 DAGs
[2026-05-13T12:22:49.659+0700] {logging_mixin.py:190} INFO - [2026-05-13T12:22:49.659+0700] {dag.py:4180} INFO - Setting next_dagrun for tutorial to 2026-05-12 00:00:00+00:00, run_after=2026-05-13 00:00:00+00:00
[2026-05-13T12:22:49.669+0700] {processor.py:208} INFO - Processing /Users/najma/de_learning/bulan_2/airflow_project/venv_airflow/lib/python3.12/site-packages/airflow/example_dags/tutorial.py took 0.080 seconds
[2026-05-13T12:24:14.810+0700] {processor.py:186} INFO - Started process (PID=8187) to work on /Users/najma/de_learning/bulan_2/airflow_project/venv_airflow/lib/python3.12/site-packages/airflow/example_dags/tutorial.py
[2026-05-13T12:24:14.811+0700] {processor.py:914} INFO - Processing file /Users/najma/de_learning/bulan_2/airflow_project/venv_airflow/lib/python3.12/site-packages/airflow/example_dags/tutorial.py for tasks to queue
[2026-05-13T12:24:14.812+0700] {logging_mixin.py:190} INFO - [2026-05-13T12:24:14.812+0700] {dagbag.py:588} INFO - Filling up the DagBag from /Users/najma/de_learning/bulan_2/airflow_project/venv_airflow/lib/python3.12/site-packages/airflow/example_dags/tutorial.py
[2026-05-13T12:24:14.817+0700] {processor.py:925} INFO - DAG(s) 'tutorial' retrieved from /Users/najma/de_learning/bulan_2/airflow_project/venv_airflow/lib/python3.12/site-packages/airflow/example_dags/tutorial.py
[2026-05-13T12:24:14.872+0700] {logging_mixin.py:190} INFO - [2026-05-13T12:24:14.872+0700] {dag.py:3239} INFO - Sync 1 DAGs
[2026-05-13T12:24:14.882+0700] {logging_mixin.py:190} INFO - [2026-05-13T12:24:14.882+0700] {dag.py:4180} INFO - Setting next_dagrun for tutorial to 2026-05-12 00:00:00+00:00, run_after=2026-05-13 00:00:00+00:00
[2026-05-13T12:24:14.891+0700] {processor.py:208} INFO - Processing /Users/najma/de_learning/bulan_2/airflow_project/venv_airflow/lib/python3.12/site-packages/airflow/example_dags/tutorial.py took 0.083 seconds
