[2026-05-13T12:14:51.034+0700] {processor.py:186} INFO - Started process (PID=6570) to work on /Users/najma/de_learning/bulan_2/airflow_project/venv_airflow/lib/python3.12/site-packages/airflow/example_dags/tutorial_taskflow_api_virtualenv.py
[2026-05-13T12:14:51.035+0700] {processor.py:914} INFO - Processing file /Users/najma/de_learning/bulan_2/airflow_project/venv_airflow/lib/python3.12/site-packages/airflow/example_dags/tutorial_taskflow_api_virtualenv.py for tasks to queue
[2026-05-13T12:14:51.035+0700] {logging_mixin.py:190} INFO - [2026-05-13T12:14:51.035+0700] {dagbag.py:588} INFO - Filling up the DagBag from /Users/najma/de_learning/bulan_2/airflow_project/venv_airflow/lib/python3.12/site-packages/airflow/example_dags/tutorial_taskflow_api_virtualenv.py
[2026-05-13T12:14:51.059+0700] {processor.py:925} INFO - DAG(s) 'tutorial_taskflow_api_virtualenv' retrieved from /Users/najma/de_learning/bulan_2/airflow_project/venv_airflow/lib/python3.12/site-packages/airflow/example_dags/tutorial_taskflow_api_virtualenv.py
[2026-05-13T12:14:51.156+0700] {logging_mixin.py:190} INFO - [2026-05-13T12:14:51.156+0700] {override.py:1911} INFO - Created Permission View: can delete on DAG:tutorial_taskflow_api_virtualenv
[2026-05-13T12:14:51.160+0700] {logging_mixin.py:190} INFO - [2026-05-13T12:14:51.160+0700] {override.py:1911} INFO - Created Permission View: can read on DAG:tutorial_taskflow_api_virtualenv
[2026-05-13T12:14:51.163+0700] {logging_mixin.py:190} INFO - [2026-05-13T12:14:51.163+0700] {override.py:1911} INFO - Created Permission View: can edit on DAG:tutorial_taskflow_api_virtualenv
[2026-05-13T12:14:51.167+0700] {logging_mixin.py:190} INFO - [2026-05-13T12:14:51.167+0700] {override.py:1911} INFO - Created Permission View: menu access on DAG Run:tutorial_taskflow_api_virtualenv
[2026-05-13T12:14:51.170+0700] {logging_mixin.py:190} INFO - [2026-05-13T12:14:51.170+0700] {override.py:1911} INFO - Created Permission View: can create on DAG Run:tutorial_taskflow_api_virtualenv
[2026-05-13T12:14:51.172+0700] {logging_mixin.py:190} INFO - [2026-05-13T12:14:51.172+0700] {override.py:1911} INFO - Created Permission View: can read on DAG Run:tutorial_taskflow_api_virtualenv
[2026-05-13T12:14:51.175+0700] {logging_mixin.py:190} INFO - [2026-05-13T12:14:51.175+0700] {override.py:1911} INFO - Created Permission View: can delete on DAG Run:tutorial_taskflow_api_virtualenv
[2026-05-13T12:14:51.175+0700] {logging_mixin.py:190} INFO - [2026-05-13T12:14:51.175+0700] {dag.py:3239} INFO - Sync 1 DAGs
[2026-05-13T12:14:51.182+0700] {logging_mixin.py:190} INFO - [2026-05-13T12:14:51.182+0700] {dag.py:3262} INFO - Creating ORM DAG for tutorial_taskflow_api_virtualenv
[2026-05-13T12:14:51.182+0700] {logging_mixin.py:190} INFO - [2026-05-13T12:14:51.182+0700] {dag.py:4180} INFO - Setting next_dagrun for tutorial_taskflow_api_virtualenv to None, run_after=None
[2026-05-13T12:14:51.221+0700] {processor.py:208} INFO - Processing /Users/najma/de_learning/bulan_2/airflow_project/venv_airflow/lib/python3.12/site-packages/airflow/example_dags/tutorial_taskflow_api_virtualenv.py took 0.189 seconds
[2026-05-13T12:16:57.021+0700] {processor.py:186} INFO - Started process (PID=7469) to work on /Users/najma/de_learning/bulan_2/airflow_project/venv_airflow/lib/python3.12/site-packages/airflow/example_dags/tutorial_taskflow_api_virtualenv.py
[2026-05-13T12:16:57.022+0700] {processor.py:914} INFO - Processing file /Users/najma/de_learning/bulan_2/airflow_project/venv_airflow/lib/python3.12/site-packages/airflow/example_dags/tutorial_taskflow_api_virtualenv.py for tasks to queue
[2026-05-13T12:16:57.023+0700] {logging_mixin.py:190} INFO - [2026-05-13T12:16:57.023+0700] {dagbag.py:588} INFO - Filling up the DagBag from /Users/najma/de_learning/bulan_2/airflow_project/venv_airflow/lib/python3.12/site-packages/airflow/example_dags/tutorial_taskflow_api_virtualenv.py
[2026-05-13T12:16:57.048+0700] {processor.py:925} INFO - DAG(s) 'tutorial_taskflow_api_virtualenv' retrieved from /Users/najma/de_learning/bulan_2/airflow_project/venv_airflow/lib/python3.12/site-packages/airflow/example_dags/tutorial_taskflow_api_virtualenv.py
[2026-05-13T12:16:57.171+0700] {logging_mixin.py:190} INFO - [2026-05-13T12:16:57.171+0700] {dag.py:3239} INFO - Sync 1 DAGs
[2026-05-13T12:16:57.177+0700] {logging_mixin.py:190} INFO - [2026-05-13T12:16:57.177+0700] {dag.py:4180} INFO - Setting next_dagrun for tutorial_taskflow_api_virtualenv to None, run_after=None
[2026-05-13T12:16:57.220+0700] {processor.py:208} INFO - Processing /Users/najma/de_learning/bulan_2/airflow_project/venv_airflow/lib/python3.12/site-packages/airflow/example_dags/tutorial_taskflow_api_virtualenv.py took 0.200 seconds
[2026-05-13T12:18:23.729+0700] {processor.py:186} INFO - Started process (PID=7573) to work on /Users/najma/de_learning/bulan_2/airflow_project/venv_airflow/lib/python3.12/site-packages/airflow/example_dags/tutorial_taskflow_api_virtualenv.py
[2026-05-13T12:18:23.729+0700] {processor.py:914} INFO - Processing file /Users/najma/de_learning/bulan_2/airflow_project/venv_airflow/lib/python3.12/site-packages/airflow/example_dags/tutorial_taskflow_api_virtualenv.py for tasks to queue
[2026-05-13T12:18:23.730+0700] {logging_mixin.py:190} INFO - [2026-05-13T12:18:23.730+0700] {dagbag.py:588} INFO - Filling up the DagBag from /Users/najma/de_learning/bulan_2/airflow_project/venv_airflow/lib/python3.12/site-packages/airflow/example_dags/tutorial_taskflow_api_virtualenv.py
[2026-05-13T12:18:23.754+0700] {processor.py:925} INFO - DAG(s) 'tutorial_taskflow_api_virtualenv' retrieved from /Users/najma/de_learning/bulan_2/airflow_project/venv_airflow/lib/python3.12/site-packages/airflow/example_dags/tutorial_taskflow_api_virtualenv.py
[2026-05-13T12:18:23.874+0700] {logging_mixin.py:190} INFO - [2026-05-13T12:18:23.874+0700] {dag.py:3239} INFO - Sync 1 DAGs
[2026-05-13T12:18:23.880+0700] {logging_mixin.py:190} INFO - [2026-05-13T12:18:23.880+0700] {dag.py:4180} INFO - Setting next_dagrun for tutorial_taskflow_api_virtualenv to None, run_after=None
[2026-05-13T12:18:23.922+0700] {processor.py:208} INFO - Processing /Users/najma/de_learning/bulan_2/airflow_project/venv_airflow/lib/python3.12/site-packages/airflow/example_dags/tutorial_taskflow_api_virtualenv.py took 0.195 seconds
[2026-05-13T12:19:51.692+0700] {processor.py:186} INFO - Started process (PID=7864) to work on /Users/najma/de_learning/bulan_2/airflow_project/venv_airflow/lib/python3.12/site-packages/airflow/example_dags/tutorial_taskflow_api_virtualenv.py
[2026-05-13T12:19:51.694+0700] {processor.py:914} INFO - Processing file /Users/najma/de_learning/bulan_2/airflow_project/venv_airflow/lib/python3.12/site-packages/airflow/example_dags/tutorial_taskflow_api_virtualenv.py for tasks to queue
[2026-05-13T12:19:51.694+0700] {logging_mixin.py:190} INFO - [2026-05-13T12:19:51.694+0700] {dagbag.py:588} INFO - Filling up the DagBag from /Users/najma/de_learning/bulan_2/airflow_project/venv_airflow/lib/python3.12/site-packages/airflow/example_dags/tutorial_taskflow_api_virtualenv.py
[2026-05-13T12:19:51.718+0700] {processor.py:925} INFO - DAG(s) 'tutorial_taskflow_api_virtualenv' retrieved from /Users/najma/de_learning/bulan_2/airflow_project/venv_airflow/lib/python3.12/site-packages/airflow/example_dags/tutorial_taskflow_api_virtualenv.py
[2026-05-13T12:19:51.816+0700] {logging_mixin.py:190} INFO - [2026-05-13T12:19:51.816+0700] {dag.py:3239} INFO - Sync 1 DAGs
[2026-05-13T12:19:51.822+0700] {logging_mixin.py:190} INFO - [2026-05-13T12:19:51.822+0700] {dag.py:4180} INFO - Setting next_dagrun for tutorial_taskflow_api_virtualenv to None, run_after=None
[2026-05-13T12:19:51.863+0700] {processor.py:208} INFO - Processing /Users/najma/de_learning/bulan_2/airflow_project/venv_airflow/lib/python3.12/site-packages/airflow/example_dags/tutorial_taskflow_api_virtualenv.py took 0.173 seconds
[2026-05-13T12:21:17.107+0700] {processor.py:186} INFO - Started process (PID=7972) to work on /Users/najma/de_learning/bulan_2/airflow_project/venv_airflow/lib/python3.12/site-packages/airflow/example_dags/tutorial_taskflow_api_virtualenv.py
[2026-05-13T12:21:17.108+0700] {processor.py:914} INFO - Processing file /Users/najma/de_learning/bulan_2/airflow_project/venv_airflow/lib/python3.12/site-packages/airflow/example_dags/tutorial_taskflow_api_virtualenv.py for tasks to queue
[2026-05-13T12:21:17.109+0700] {logging_mixin.py:190} INFO - [2026-05-13T12:21:17.109+0700] {dagbag.py:588} INFO - Filling up the DagBag from /Users/najma/de_learning/bulan_2/airflow_project/venv_airflow/lib/python3.12/site-packages/airflow/example_dags/tutorial_taskflow_api_virtualenv.py
[2026-05-13T12:21:17.133+0700] {processor.py:925} INFO - DAG(s) 'tutorial_taskflow_api_virtualenv' retrieved from /Users/najma/de_learning/bulan_2/airflow_project/venv_airflow/lib/python3.12/site-packages/airflow/example_dags/tutorial_taskflow_api_virtualenv.py
[2026-05-13T12:21:17.255+0700] {logging_mixin.py:190} INFO - [2026-05-13T12:21:17.255+0700] {dag.py:3239} INFO - Sync 1 DAGs
[2026-05-13T12:21:17.261+0700] {logging_mixin.py:190} INFO - [2026-05-13T12:21:17.261+0700] {dag.py:4180} INFO - Setting next_dagrun for tutorial_taskflow_api_virtualenv to None, run_after=None
[2026-05-13T12:21:17.302+0700] {processor.py:208} INFO - Processing /Users/najma/de_learning/bulan_2/airflow_project/venv_airflow/lib/python3.12/site-packages/airflow/example_dags/tutorial_taskflow_api_virtualenv.py took 0.196 seconds
[2026-05-13T12:22:42.115+0700] {processor.py:186} INFO - Started process (PID=8084) to work on /Users/najma/de_learning/bulan_2/airflow_project/venv_airflow/lib/python3.12/site-packages/airflow/example_dags/tutorial_taskflow_api_virtualenv.py
[2026-05-13T12:22:42.117+0700] {processor.py:914} INFO - Processing file /Users/najma/de_learning/bulan_2/airflow_project/venv_airflow/lib/python3.12/site-packages/airflow/example_dags/tutorial_taskflow_api_virtualenv.py for tasks to queue
[2026-05-13T12:22:42.117+0700] {logging_mixin.py:190} INFO - [2026-05-13T12:22:42.117+0700] {dagbag.py:588} INFO - Filling up the DagBag from /Users/najma/de_learning/bulan_2/airflow_project/venv_airflow/lib/python3.12/site-packages/airflow/example_dags/tutorial_taskflow_api_virtualenv.py
[2026-05-13T12:22:42.142+0700] {processor.py:925} INFO - DAG(s) 'tutorial_taskflow_api_virtualenv' retrieved from /Users/najma/de_learning/bulan_2/airflow_project/venv_airflow/lib/python3.12/site-packages/airflow/example_dags/tutorial_taskflow_api_virtualenv.py
[2026-05-13T12:22:42.254+0700] {logging_mixin.py:190} INFO - [2026-05-13T12:22:42.254+0700] {dag.py:3239} INFO - Sync 1 DAGs
[2026-05-13T12:22:42.260+0700] {logging_mixin.py:190} INFO - [2026-05-13T12:22:42.260+0700] {dag.py:4180} INFO - Setting next_dagrun for tutorial_taskflow_api_virtualenv to None, run_after=None
[2026-05-13T12:22:42.302+0700] {processor.py:208} INFO - Processing /Users/najma/de_learning/bulan_2/airflow_project/venv_airflow/lib/python3.12/site-packages/airflow/example_dags/tutorial_taskflow_api_virtualenv.py took 0.188 seconds
[2026-05-13T12:24:06.876+0700] {processor.py:186} INFO - Started process (PID=8179) to work on /Users/najma/de_learning/bulan_2/airflow_project/venv_airflow/lib/python3.12/site-packages/airflow/example_dags/tutorial_taskflow_api_virtualenv.py
[2026-05-13T12:24:06.878+0700] {processor.py:914} INFO - Processing file /Users/najma/de_learning/bulan_2/airflow_project/venv_airflow/lib/python3.12/site-packages/airflow/example_dags/tutorial_taskflow_api_virtualenv.py for tasks to queue
[2026-05-13T12:24:06.878+0700] {logging_mixin.py:190} INFO - [2026-05-13T12:24:06.878+0700] {dagbag.py:588} INFO - Filling up the DagBag from /Users/najma/de_learning/bulan_2/airflow_project/venv_airflow/lib/python3.12/site-packages/airflow/example_dags/tutorial_taskflow_api_virtualenv.py
[2026-05-13T12:24:06.902+0700] {processor.py:925} INFO - DAG(s) 'tutorial_taskflow_api_virtualenv' retrieved from /Users/najma/de_learning/bulan_2/airflow_project/venv_airflow/lib/python3.12/site-packages/airflow/example_dags/tutorial_taskflow_api_virtualenv.py
[2026-05-13T12:24:07.014+0700] {logging_mixin.py:190} INFO - [2026-05-13T12:24:07.013+0700] {dag.py:3239} INFO - Sync 1 DAGs
[2026-05-13T12:24:07.020+0700] {logging_mixin.py:190} INFO - [2026-05-13T12:24:07.019+0700] {dag.py:4180} INFO - Setting next_dagrun for tutorial_taskflow_api_virtualenv to None, run_after=None
[2026-05-13T12:24:07.060+0700] {processor.py:208} INFO - Processing /Users/najma/de_learning/bulan_2/airflow_project/venv_airflow/lib/python3.12/site-packages/airflow/example_dags/tutorial_taskflow_api_virtualenv.py took 0.186 seconds
