[2026-05-13T12:14:52.550+0700] {processor.py:186} INFO - Started process (PID=6572) to work on /Users/najma/de_learning/bulan_2/airflow_project/venv_airflow/lib/python3.12/site-packages/airflow/example_dags/tutorial_taskflow_api.py
[2026-05-13T12:14:52.551+0700] {processor.py:914} INFO - Processing file /Users/najma/de_learning/bulan_2/airflow_project/venv_airflow/lib/python3.12/site-packages/airflow/example_dags/tutorial_taskflow_api.py for tasks to queue
[2026-05-13T12:14:52.551+0700] {logging_mixin.py:190} INFO - [2026-05-13T12:14:52.551+0700] {dagbag.py:588} INFO - Filling up the DagBag from /Users/najma/de_learning/bulan_2/airflow_project/venv_airflow/lib/python3.12/site-packages/airflow/example_dags/tutorial_taskflow_api.py
[2026-05-13T12:14:52.574+0700] {processor.py:925} INFO - DAG(s) 'tutorial_taskflow_api' retrieved from /Users/najma/de_learning/bulan_2/airflow_project/venv_airflow/lib/python3.12/site-packages/airflow/example_dags/tutorial_taskflow_api.py
[2026-05-13T12:14:52.671+0700] {logging_mixin.py:190} INFO - [2026-05-13T12:14:52.671+0700] {override.py:1911} INFO - Created Permission View: can delete on DAG:tutorial_taskflow_api
[2026-05-13T12:14:52.676+0700] {logging_mixin.py:190} INFO - [2026-05-13T12:14:52.676+0700] {override.py:1911} INFO - Created Permission View: can edit on DAG:tutorial_taskflow_api
[2026-05-13T12:14:52.679+0700] {logging_mixin.py:190} INFO - [2026-05-13T12:14:52.679+0700] {override.py:1911} INFO - Created Permission View: can read on DAG:tutorial_taskflow_api
[2026-05-13T12:14:52.684+0700] {logging_mixin.py:190} INFO - [2026-05-13T12:14:52.684+0700] {override.py:1911} INFO - Created Permission View: can create on DAG Run:tutorial_taskflow_api
[2026-05-13T12:14:52.687+0700] {logging_mixin.py:190} INFO - [2026-05-13T12:14:52.687+0700] {override.py:1911} INFO - Created Permission View: can delete on DAG Run:tutorial_taskflow_api
[2026-05-13T12:14:52.690+0700] {logging_mixin.py:190} INFO - [2026-05-13T12:14:52.690+0700] {override.py:1911} INFO - Created Permission View: menu access on DAG Run:tutorial_taskflow_api
[2026-05-13T12:14:52.693+0700] {logging_mixin.py:190} INFO - [2026-05-13T12:14:52.693+0700] {override.py:1911} INFO - Created Permission View: can read on DAG Run:tutorial_taskflow_api
[2026-05-13T12:14:52.693+0700] {logging_mixin.py:190} INFO - [2026-05-13T12:14:52.693+0700] {dag.py:3239} INFO - Sync 1 DAGs
[2026-05-13T12:14:52.700+0700] {logging_mixin.py:190} INFO - [2026-05-13T12:14:52.700+0700] {dag.py:3262} INFO - Creating ORM DAG for tutorial_taskflow_api
[2026-05-13T12:14:52.700+0700] {logging_mixin.py:190} INFO - [2026-05-13T12:14:52.700+0700] {dag.py:4180} INFO - Setting next_dagrun for tutorial_taskflow_api to None, run_after=None
[2026-05-13T12:14:52.743+0700] {processor.py:208} INFO - Processing /Users/najma/de_learning/bulan_2/airflow_project/venv_airflow/lib/python3.12/site-packages/airflow/example_dags/tutorial_taskflow_api.py took 0.195 seconds
[2026-05-13T12:16:59.323+0700] {processor.py:186} INFO - Started process (PID=7473) to work on /Users/najma/de_learning/bulan_2/airflow_project/venv_airflow/lib/python3.12/site-packages/airflow/example_dags/tutorial_taskflow_api.py
[2026-05-13T12:16:59.324+0700] {processor.py:914} INFO - Processing file /Users/najma/de_learning/bulan_2/airflow_project/venv_airflow/lib/python3.12/site-packages/airflow/example_dags/tutorial_taskflow_api.py for tasks to queue
[2026-05-13T12:16:59.325+0700] {logging_mixin.py:190} INFO - [2026-05-13T12:16:59.324+0700] {dagbag.py:588} INFO - Filling up the DagBag from /Users/najma/de_learning/bulan_2/airflow_project/venv_airflow/lib/python3.12/site-packages/airflow/example_dags/tutorial_taskflow_api.py
[2026-05-13T12:16:59.346+0700] {processor.py:925} INFO - DAG(s) 'tutorial_taskflow_api' retrieved from /Users/najma/de_learning/bulan_2/airflow_project/venv_airflow/lib/python3.12/site-packages/airflow/example_dags/tutorial_taskflow_api.py
[2026-05-13T12:16:59.397+0700] {logging_mixin.py:190} INFO - [2026-05-13T12:16:59.396+0700] {dag.py:3239} INFO - Sync 1 DAGs
[2026-05-13T12:16:59.402+0700] {logging_mixin.py:190} INFO - [2026-05-13T12:16:59.402+0700] {dag.py:4180} INFO - Setting next_dagrun for tutorial_taskflow_api to None, run_after=None
[2026-05-13T12:16:59.411+0700] {processor.py:208} INFO - Processing /Users/najma/de_learning/bulan_2/airflow_project/venv_airflow/lib/python3.12/site-packages/airflow/example_dags/tutorial_taskflow_api.py took 0.090 seconds
[2026-05-13T12:18:25.998+0700] {processor.py:186} INFO - Started process (PID=7575) to work on /Users/najma/de_learning/bulan_2/airflow_project/venv_airflow/lib/python3.12/site-packages/airflow/example_dags/tutorial_taskflow_api.py
[2026-05-13T12:18:25.999+0700] {processor.py:914} INFO - Processing file /Users/najma/de_learning/bulan_2/airflow_project/venv_airflow/lib/python3.12/site-packages/airflow/example_dags/tutorial_taskflow_api.py for tasks to queue
[2026-05-13T12:18:26.000+0700] {logging_mixin.py:190} INFO - [2026-05-13T12:18:26.000+0700] {dagbag.py:588} INFO - Filling up the DagBag from /Users/najma/de_learning/bulan_2/airflow_project/venv_airflow/lib/python3.12/site-packages/airflow/example_dags/tutorial_taskflow_api.py
[2026-05-13T12:18:26.022+0700] {processor.py:925} INFO - DAG(s) 'tutorial_taskflow_api' retrieved from /Users/najma/de_learning/bulan_2/airflow_project/venv_airflow/lib/python3.12/site-packages/airflow/example_dags/tutorial_taskflow_api.py
[2026-05-13T12:18:26.072+0700] {logging_mixin.py:190} INFO - [2026-05-13T12:18:26.072+0700] {dag.py:3239} INFO - Sync 1 DAGs
[2026-05-13T12:18:26.078+0700] {logging_mixin.py:190} INFO - [2026-05-13T12:18:26.078+0700] {dag.py:4180} INFO - Setting next_dagrun for tutorial_taskflow_api to None, run_after=None
[2026-05-13T12:18:26.087+0700] {processor.py:208} INFO - Processing /Users/najma/de_learning/bulan_2/airflow_project/venv_airflow/lib/python3.12/site-packages/airflow/example_dags/tutorial_taskflow_api.py took 0.091 seconds
[2026-05-13T12:19:53.524+0700] {processor.py:186} INFO - Started process (PID=7868) to work on /Users/najma/de_learning/bulan_2/airflow_project/venv_airflow/lib/python3.12/site-packages/airflow/example_dags/tutorial_taskflow_api.py
[2026-05-13T12:19:53.525+0700] {processor.py:914} INFO - Processing file /Users/najma/de_learning/bulan_2/airflow_project/venv_airflow/lib/python3.12/site-packages/airflow/example_dags/tutorial_taskflow_api.py for tasks to queue
[2026-05-13T12:19:53.525+0700] {logging_mixin.py:190} INFO - [2026-05-13T12:19:53.525+0700] {dagbag.py:588} INFO - Filling up the DagBag from /Users/najma/de_learning/bulan_2/airflow_project/venv_airflow/lib/python3.12/site-packages/airflow/example_dags/tutorial_taskflow_api.py
[2026-05-13T12:19:53.547+0700] {processor.py:925} INFO - DAG(s) 'tutorial_taskflow_api' retrieved from /Users/najma/de_learning/bulan_2/airflow_project/venv_airflow/lib/python3.12/site-packages/airflow/example_dags/tutorial_taskflow_api.py
[2026-05-13T12:19:53.598+0700] {logging_mixin.py:190} INFO - [2026-05-13T12:19:53.598+0700] {dag.py:3239} INFO - Sync 1 DAGs
[2026-05-13T12:19:53.604+0700] {logging_mixin.py:190} INFO - [2026-05-13T12:19:53.603+0700] {dag.py:4180} INFO - Setting next_dagrun for tutorial_taskflow_api to None, run_after=None
[2026-05-13T12:19:53.613+0700] {processor.py:208} INFO - Processing /Users/najma/de_learning/bulan_2/airflow_project/venv_airflow/lib/python3.12/site-packages/airflow/example_dags/tutorial_taskflow_api.py took 0.091 seconds
[2026-05-13T12:21:18.782+0700] {processor.py:186} INFO - Started process (PID=7975) to work on /Users/najma/de_learning/bulan_2/airflow_project/venv_airflow/lib/python3.12/site-packages/airflow/example_dags/tutorial_taskflow_api.py
[2026-05-13T12:21:18.783+0700] {processor.py:914} INFO - Processing file /Users/najma/de_learning/bulan_2/airflow_project/venv_airflow/lib/python3.12/site-packages/airflow/example_dags/tutorial_taskflow_api.py for tasks to queue
[2026-05-13T12:21:18.783+0700] {logging_mixin.py:190} INFO - [2026-05-13T12:21:18.783+0700] {dagbag.py:588} INFO - Filling up the DagBag from /Users/najma/de_learning/bulan_2/airflow_project/venv_airflow/lib/python3.12/site-packages/airflow/example_dags/tutorial_taskflow_api.py
[2026-05-13T12:21:18.805+0700] {processor.py:925} INFO - DAG(s) 'tutorial_taskflow_api' retrieved from /Users/najma/de_learning/bulan_2/airflow_project/venv_airflow/lib/python3.12/site-packages/airflow/example_dags/tutorial_taskflow_api.py
[2026-05-13T12:21:18.856+0700] {logging_mixin.py:190} INFO - [2026-05-13T12:21:18.856+0700] {dag.py:3239} INFO - Sync 1 DAGs
[2026-05-13T12:21:18.861+0700] {logging_mixin.py:190} INFO - [2026-05-13T12:21:18.861+0700] {dag.py:4180} INFO - Setting next_dagrun for tutorial_taskflow_api to None, run_after=None
[2026-05-13T12:21:18.871+0700] {processor.py:208} INFO - Processing /Users/najma/de_learning/bulan_2/airflow_project/venv_airflow/lib/python3.12/site-packages/airflow/example_dags/tutorial_taskflow_api.py took 0.091 seconds
[2026-05-13T12:22:44.029+0700] {processor.py:186} INFO - Started process (PID=8086) to work on /Users/najma/de_learning/bulan_2/airflow_project/venv_airflow/lib/python3.12/site-packages/airflow/example_dags/tutorial_taskflow_api.py
[2026-05-13T12:22:44.030+0700] {processor.py:914} INFO - Processing file /Users/najma/de_learning/bulan_2/airflow_project/venv_airflow/lib/python3.12/site-packages/airflow/example_dags/tutorial_taskflow_api.py for tasks to queue
[2026-05-13T12:22:44.031+0700] {logging_mixin.py:190} INFO - [2026-05-13T12:22:44.030+0700] {dagbag.py:588} INFO - Filling up the DagBag from /Users/najma/de_learning/bulan_2/airflow_project/venv_airflow/lib/python3.12/site-packages/airflow/example_dags/tutorial_taskflow_api.py
[2026-05-13T12:22:44.053+0700] {processor.py:925} INFO - DAG(s) 'tutorial_taskflow_api' retrieved from /Users/najma/de_learning/bulan_2/airflow_project/venv_airflow/lib/python3.12/site-packages/airflow/example_dags/tutorial_taskflow_api.py
[2026-05-13T12:22:44.103+0700] {logging_mixin.py:190} INFO - [2026-05-13T12:22:44.103+0700] {dag.py:3239} INFO - Sync 1 DAGs
[2026-05-13T12:22:44.109+0700] {logging_mixin.py:190} INFO - [2026-05-13T12:22:44.109+0700] {dag.py:4180} INFO - Setting next_dagrun for tutorial_taskflow_api to None, run_after=None
[2026-05-13T12:22:44.118+0700] {processor.py:208} INFO - Processing /Users/najma/de_learning/bulan_2/airflow_project/venv_airflow/lib/python3.12/site-packages/airflow/example_dags/tutorial_taskflow_api.py took 0.091 seconds
[2026-05-13T12:24:08.689+0700] {processor.py:186} INFO - Started process (PID=8181) to work on /Users/najma/de_learning/bulan_2/airflow_project/venv_airflow/lib/python3.12/site-packages/airflow/example_dags/tutorial_taskflow_api.py
[2026-05-13T12:24:08.689+0700] {processor.py:914} INFO - Processing file /Users/najma/de_learning/bulan_2/airflow_project/venv_airflow/lib/python3.12/site-packages/airflow/example_dags/tutorial_taskflow_api.py for tasks to queue
[2026-05-13T12:24:08.690+0700] {logging_mixin.py:190} INFO - [2026-05-13T12:24:08.690+0700] {dagbag.py:588} INFO - Filling up the DagBag from /Users/najma/de_learning/bulan_2/airflow_project/venv_airflow/lib/python3.12/site-packages/airflow/example_dags/tutorial_taskflow_api.py
[2026-05-13T12:24:08.712+0700] {processor.py:925} INFO - DAG(s) 'tutorial_taskflow_api' retrieved from /Users/najma/de_learning/bulan_2/airflow_project/venv_airflow/lib/python3.12/site-packages/airflow/example_dags/tutorial_taskflow_api.py
[2026-05-13T12:24:08.763+0700] {logging_mixin.py:190} INFO - [2026-05-13T12:24:08.762+0700] {dag.py:3239} INFO - Sync 1 DAGs
[2026-05-13T12:24:08.768+0700] {logging_mixin.py:190} INFO - [2026-05-13T12:24:08.768+0700] {dag.py:4180} INFO - Setting next_dagrun for tutorial_taskflow_api to None, run_after=None
[2026-05-13T12:24:08.778+0700] {processor.py:208} INFO - Processing /Users/najma/de_learning/bulan_2/airflow_project/venv_airflow/lib/python3.12/site-packages/airflow/example_dags/tutorial_taskflow_api.py took 0.091 seconds
