[2026-05-15T11:54:53.517+0700] {local_task_job_runner.py:123} INFO - ::group::Pre task execution logs
[2026-05-15T11:54:53.539+0700] {taskinstance.py:2613} INFO - Dependencies all met for dep_context=non-requeueable deps ti=<TaskInstance: dag_xcom_practice.log_to_db scheduled__2026-05-14T00:00:00+00:00 [queued]>
[2026-05-15T11:54:53.545+0700] {taskinstance.py:2613} INFO - Dependencies all met for dep_context=requeueable deps ti=<TaskInstance: dag_xcom_practice.log_to_db scheduled__2026-05-14T00:00:00+00:00 [queued]>
[2026-05-15T11:54:53.545+0700] {taskinstance.py:2866} INFO - Starting attempt 1 of 2
[2026-05-15T11:54:53.555+0700] {taskinstance.py:2889} INFO - Executing <Task(PostgresOperator): log_to_db> on 2026-05-14 00:00:00+00:00
[2026-05-15T11:54:53.562+0700] {logging_mixin.py:190} WARNING - /Users/najma/de_learning/bulan_2/airflow_project/venv_airflow/lib/python3.12/site-packages/airflow/task/task_runner/standard_task_runner.py:70 DeprecationWarning: This process (pid=67260) is multi-threaded, use of fork() may lead to deadlocks in the child.
[2026-05-15T11:54:53.561+0700] {standard_task_runner.py:104} INFO - Running: ['airflow', 'tasks', 'run', 'dag_xcom_practice', 'log_to_db', 'scheduled__2026-05-14T00:00:00+00:00', '--job-id', '21', '--raw', '--subdir', 'DAGS_FOLDER/dag_xcom_practice.py', '--cfg-path', '/var/folders/zq/v7f__6w503x14tv39kvk6x580000gq/T/tmp58156p3k']
[2026-05-15T11:54:53.562+0700] {standard_task_runner.py:72} INFO - Started process 67273 to run task
[2026-05-15T11:54:53.562+0700] {standard_task_runner.py:105} INFO - Job 21: Subtask log_to_db
[2026-05-15T11:54:53.622+0700] {task_command.py:467} INFO - Running <TaskInstance: dag_xcom_practice.log_to_db scheduled__2026-05-14T00:00:00+00:00 [running]> on host najmas-mac-air.local
[2026-05-15T11:54:53.695+0700] {taskinstance.py:3132} INFO - Exporting env vars: AIRFLOW_CTX_DAG_OWNER='najma' AIRFLOW_CTX_DAG_ID='dag_xcom_practice' AIRFLOW_CTX_TASK_ID='log_to_db' AIRFLOW_CTX_EXECUTION_DATE='2026-05-14T00:00:00+00:00' AIRFLOW_CTX_TRY_NUMBER='1' AIRFLOW_CTX_DAG_RUN_ID='scheduled__2026-05-14T00:00:00+00:00'
[2026-05-15T11:54:53.696+0700] {logging_mixin.py:190} INFO - Task instance is in running state
[2026-05-15T11:54:53.697+0700] {logging_mixin.py:190} INFO -  Previous state of the Task instance: queued
[2026-05-15T11:54:53.697+0700] {logging_mixin.py:190} INFO - Current task name:log_to_db state:running start_date:2026-05-15 04:54:53.539493+00:00
[2026-05-15T11:54:53.697+0700] {logging_mixin.py:190} INFO - Dag name:dag_xcom_practice and current dag run status:running
[2026-05-15T11:54:53.697+0700] {taskinstance.py:731} INFO - ::endgroup::
[2026-05-15T11:54:53.698+0700] {sql.py:278} INFO - Executing: 
            INSERT INTO pipeline_log (run_date, status)
            VALUES ('2026-05-14', 'XCOM_SUCCESS');
        
[2026-05-15T11:54:53.706+0700] {base.py:84} INFO - Retrieving connection 'postgres_latihan_de'
[2026-05-15T11:54:53.716+0700] {base.py:84} INFO - Retrieving connection 'postgres_latihan_de'
[2026-05-15T11:54:53.722+0700] {sql.py:553} INFO - Running statement: 
            INSERT INTO pipeline_log (run_date, status)
            VALUES ('2026-05-14', 'XCOM_SUCCESS');
        , parameters: None
[2026-05-15T11:54:53.725+0700] {sql.py:562} INFO - Rows affected: 1
[2026-05-15T11:54:53.735+0700] {taskinstance.py:340} INFO - ::group::Post task execution logs
[2026-05-15T11:54:53.736+0700] {taskinstance.py:352} INFO - Marking task as SUCCESS. dag_id=dag_xcom_practice, task_id=log_to_db, run_id=scheduled__2026-05-14T00:00:00+00:00, execution_date=20260514T000000, start_date=20260515T045453, end_date=20260515T045453
[2026-05-15T11:54:53.742+0700] {logging_mixin.py:190} INFO - Task instance in success state
[2026-05-15T11:54:53.743+0700] {logging_mixin.py:190} INFO -  Previous state of the Task instance: running
[2026-05-15T11:54:53.743+0700] {logging_mixin.py:190} INFO - Dag name:dag_xcom_practice queued_at:2026-05-15 04:54:40.878595+00:00
[2026-05-15T11:54:53.743+0700] {logging_mixin.py:190} INFO - Task hostname:najmas-mac-air.local operator:PostgresOperator
[2026-05-15T11:54:53.761+0700] {local_task_job_runner.py:266} INFO - Task exited with return code 0
[2026-05-15T11:54:53.781+0700] {taskinstance.py:3895} INFO - 0 downstream tasks scheduled from follow-on schedule check
[2026-05-15T11:54:53.782+0700] {local_task_job_runner.py:245} INFO - ::endgroup::
