[2026-05-15T09:47:44.075+0700] {local_task_job_runner.py:123} INFO - ::group::Pre task execution logs
[2026-05-15T09:47:44.090+0700] {taskinstance.py:2613} INFO - Dependencies all met for dep_context=non-requeueable deps ti=<TaskInstance: dag_three_operators.insert_run_log scheduled__2026-05-14T00:00:00+00:00 [queued]>
[2026-05-15T09:47:44.096+0700] {taskinstance.py:2613} INFO - Dependencies all met for dep_context=requeueable deps ti=<TaskInstance: dag_three_operators.insert_run_log scheduled__2026-05-14T00:00:00+00:00 [queued]>
[2026-05-15T09:47:44.096+0700] {taskinstance.py:2866} INFO - Starting attempt 1 of 2
[2026-05-15T09:47:44.106+0700] {taskinstance.py:2889} INFO - Executing <Task(PostgresOperator): insert_run_log> on 2026-05-14 00:00:00+00:00
[2026-05-15T09:47:44.112+0700] {standard_task_runner.py:104} INFO - Running: ['airflow', 'tasks', 'run', 'dag_three_operators', 'insert_run_log', 'scheduled__2026-05-14T00:00:00+00:00', '--job-id', '8', '--raw', '--subdir', 'DAGS_FOLDER/dag_three_operators.py', '--cfg-path', '/var/folders/zq/v7f__6w503x14tv39kvk6x580000gq/T/tmpp5rpoyqm']
[2026-05-15T09:47:44.113+0700] {logging_mixin.py:190} WARNING - /Users/najma/de_learning/bulan_2/airflow_project/venv_airflow/lib/python3.12/site-packages/airflow/task/task_runner/standard_task_runner.py:70 DeprecationWarning: This process (pid=35755) is multi-threaded, use of fork() may lead to deadlocks in the child.
[2026-05-15T09:47:44.114+0700] {standard_task_runner.py:105} INFO - Job 8: Subtask insert_run_log
[2026-05-15T09:47:44.114+0700] {standard_task_runner.py:72} INFO - Started process 35769 to run task
[2026-05-15T09:47:44.160+0700] {task_command.py:467} INFO - Running <TaskInstance: dag_three_operators.insert_run_log scheduled__2026-05-14T00:00:00+00:00 [running]> on host najmas-mac-air.local
[2026-05-15T09:47:44.247+0700] {taskinstance.py:3132} INFO - Exporting env vars: AIRFLOW_CTX_DAG_OWNER='najma' AIRFLOW_CTX_DAG_ID='dag_three_operators' AIRFLOW_CTX_TASK_ID='insert_run_log' AIRFLOW_CTX_EXECUTION_DATE='2026-05-14T00:00:00+00:00' AIRFLOW_CTX_TRY_NUMBER='1' AIRFLOW_CTX_DAG_RUN_ID='scheduled__2026-05-14T00:00:00+00:00'
[2026-05-15T09:47:44.248+0700] {logging_mixin.py:190} INFO - Task instance is in running state
[2026-05-15T09:47:44.248+0700] {logging_mixin.py:190} INFO -  Previous state of the Task instance: queued
[2026-05-15T09:47:44.249+0700] {logging_mixin.py:190} INFO - Current task name:insert_run_log state:running start_date:2026-05-15 02:47:44.090495+00:00
[2026-05-15T09:47:44.249+0700] {logging_mixin.py:190} INFO - Dag name:dag_three_operators and current dag run status:running
[2026-05-15T09:47:44.250+0700] {taskinstance.py:731} INFO - ::endgroup::
[2026-05-15T09:47:44.250+0700] {sql.py:278} INFO - Executing: 
            INSERT INTO pipeline_log (run_date, status)
            VALUES ('2026-05-14', 'SUCCESS');
        
[2026-05-15T09:47:44.257+0700] {base.py:84} INFO - Retrieving connection 'postgres_latihan_de'
[2026-05-15T09:47:44.265+0700] {base.py:84} INFO - Retrieving connection 'postgres_latihan_de'
[2026-05-15T09:47:44.268+0700] {sql.py:553} INFO - Running statement: 
            INSERT INTO pipeline_log (run_date, status)
            VALUES ('2026-05-14', 'SUCCESS');
        , parameters: None
[2026-05-15T09:47:44.271+0700] {sql.py:562} INFO - Rows affected: 1
[2026-05-15T09:47:44.281+0700] {taskinstance.py:340} INFO - ::group::Post task execution logs
[2026-05-15T09:47:44.282+0700] {taskinstance.py:352} INFO - Marking task as SUCCESS. dag_id=dag_three_operators, task_id=insert_run_log, run_id=scheduled__2026-05-14T00:00:00+00:00, execution_date=20260514T000000, start_date=20260515T024744, end_date=20260515T024744
[2026-05-15T09:47:44.289+0700] {logging_mixin.py:190} INFO - Task instance in success state
[2026-05-15T09:47:44.289+0700] {logging_mixin.py:190} INFO -  Previous state of the Task instance: running
[2026-05-15T09:47:44.290+0700] {logging_mixin.py:190} INFO - Dag name:dag_three_operators queued_at:2026-05-15 02:47:29.736203+00:00
[2026-05-15T09:47:44.290+0700] {logging_mixin.py:190} INFO - Task hostname:najmas-mac-air.local operator:PostgresOperator
[2026-05-15T09:47:44.313+0700] {local_task_job_runner.py:266} INFO - Task exited with return code 0
[2026-05-15T09:47:44.332+0700] {taskinstance.py:3895} INFO - 0 downstream tasks scheduled from follow-on schedule check
[2026-05-15T09:47:44.333+0700] {local_task_job_runner.py:245} INFO - ::endgroup::
