[2026-05-15T23:00:57.824+0700] {local_task_job_runner.py:123} INFO - ::group::Pre task execution logs
[2026-05-15T23:00:57.839+0700] {taskinstance.py:2613} INFO - Dependencies all met for dep_context=non-requeueable deps ti=<TaskInstance: dag_nyc_taxi_etl.log_result manual__2026-05-15T16:00:49.430126+00:00 [queued]>
[2026-05-15T23:00:57.845+0700] {taskinstance.py:2613} INFO - Dependencies all met for dep_context=requeueable deps ti=<TaskInstance: dag_nyc_taxi_etl.log_result manual__2026-05-15T16:00:49.430126+00:00 [queued]>
[2026-05-15T23:00:57.845+0700] {taskinstance.py:2866} INFO - Starting attempt 1 of 3
[2026-05-15T23:00:57.855+0700] {taskinstance.py:2889} INFO - Executing <Task(PostgresOperator): log_result> on 2026-05-15 16:00:49.430126+00:00
[2026-05-15T23:00:57.860+0700] {standard_task_runner.py:104} INFO - Running: ['airflow', 'tasks', 'run', 'dag_nyc_taxi_etl', 'log_result', 'manual__2026-05-15T16:00:49.430126+00:00', '--job-id', '66', '--raw', '--subdir', 'DAGS_FOLDER/dag_nyc_taxi_etl.py', '--cfg-path', '/var/folders/zq/v7f__6w503x14tv39kvk6x580000gq/T/tmp1sh1hx9r']
[2026-05-15T23:00:57.861+0700] {logging_mixin.py:190} WARNING - /Users/najma/de_learning/bulan_2/airflow_project/venv_airflow/lib/python3.12/site-packages/airflow/task/task_runner/standard_task_runner.py:70 DeprecationWarning: This process (pid=92480) is multi-threaded, use of fork() may lead to deadlocks in the child.
[2026-05-15T23:00:57.861+0700] {standard_task_runner.py:105} INFO - Job 66: Subtask log_result
[2026-05-15T23:00:57.861+0700] {standard_task_runner.py:72} INFO - Started process 92494 to run task
[2026-05-15T23:00:57.901+0700] {task_command.py:467} INFO - Running <TaskInstance: dag_nyc_taxi_etl.log_result manual__2026-05-15T16:00:49.430126+00:00 [running]> on host najmas-mac-air.local
[2026-05-15T23:00:57.964+0700] {taskinstance.py:3132} INFO - Exporting env vars: AIRFLOW_CTX_DAG_OWNER='najma' AIRFLOW_CTX_DAG_ID='dag_nyc_taxi_etl' AIRFLOW_CTX_TASK_ID='log_result' AIRFLOW_CTX_EXECUTION_DATE='2026-05-15T16:00:49.430126+00:00' AIRFLOW_CTX_TRY_NUMBER='1' AIRFLOW_CTX_DAG_RUN_ID='manual__2026-05-15T16:00:49.430126+00:00'
[2026-05-15T23:00:57.965+0700] {logging_mixin.py:190} INFO - Task instance is in running state
[2026-05-15T23:00:57.965+0700] {logging_mixin.py:190} INFO -  Previous state of the Task instance: queued
[2026-05-15T23:00:57.965+0700] {logging_mixin.py:190} INFO - Current task name:log_result state:running start_date:2026-05-15 16:00:57.839674+00:00
[2026-05-15T23:00:57.966+0700] {logging_mixin.py:190} INFO - Dag name:dag_nyc_taxi_etl and current dag run status:running
[2026-05-15T23:00:57.966+0700] {taskinstance.py:731} INFO - ::endgroup::
[2026-05-15T23:00:57.966+0700] {sql.py:278} INFO - Executing: 
            INSERT INTO pipeline_log (run_date, status)
            VALUES ('2026-05-15', 'NYC_TAXI_ETL_COMPLETE');
        
[2026-05-15T23:00:57.973+0700] {base.py:84} INFO - Retrieving connection 'postgres_latihan_de'
[2026-05-15T23:00:57.983+0700] {base.py:84} INFO - Retrieving connection 'postgres_latihan_de'
[2026-05-15T23:00:57.992+0700] {sql.py:553} INFO - Running statement: 
            INSERT INTO pipeline_log (run_date, status)
            VALUES ('2026-05-15', 'NYC_TAXI_ETL_COMPLETE');
        , parameters: None
[2026-05-15T23:00:57.994+0700] {sql.py:562} INFO - Rows affected: 1
[2026-05-15T23:00:58.005+0700] {taskinstance.py:340} INFO - ::group::Post task execution logs
[2026-05-15T23:00:58.006+0700] {taskinstance.py:352} INFO - Marking task as SUCCESS. dag_id=dag_nyc_taxi_etl, task_id=log_result, run_id=manual__2026-05-15T16:00:49.430126+00:00, execution_date=20260515T160049, start_date=20260515T160057, end_date=20260515T160058
[2026-05-15T23:00:58.012+0700] {logging_mixin.py:190} INFO - Task instance in success state
[2026-05-15T23:00:58.012+0700] {logging_mixin.py:190} INFO -  Previous state of the Task instance: running
[2026-05-15T23:00:58.013+0700] {logging_mixin.py:190} INFO - Dag name:dag_nyc_taxi_etl queued_at:2026-05-15 16:00:49.442658+00:00
[2026-05-15T23:00:58.013+0700] {logging_mixin.py:190} INFO - Task hostname:najmas-mac-air.local operator:PostgresOperator
[2026-05-15T23:00:58.015+0700] {local_task_job_runner.py:266} INFO - Task exited with return code 0
[2026-05-15T23:00:58.031+0700] {taskinstance.py:3895} INFO - 0 downstream tasks scheduled from follow-on schedule check
[2026-05-15T23:00:58.032+0700] {local_task_job_runner.py:245} INFO - ::endgroup::
