[2026-05-13T12:14:44.726+0700] {processor.py:186} INFO - Started process (PID=6561) to work on /Users/najma/de_learning/bulan_2/airflow_project/venv_airflow/lib/python3.12/site-packages/airflow/example_dags/plugins/event_listener.py
[2026-05-13T12:14:44.726+0700] {processor.py:914} INFO - Processing file /Users/najma/de_learning/bulan_2/airflow_project/venv_airflow/lib/python3.12/site-packages/airflow/example_dags/plugins/event_listener.py for tasks to queue
[2026-05-13T12:14:44.727+0700] {logging_mixin.py:190} INFO - [2026-05-13T12:14:44.727+0700] {dagbag.py:588} INFO - Filling up the DagBag from /Users/najma/de_learning/bulan_2/airflow_project/venv_airflow/lib/python3.12/site-packages/airflow/example_dags/plugins/event_listener.py
[2026-05-13T12:14:44.728+0700] {processor.py:927} WARNING - No viable dags retrieved from /Users/najma/de_learning/bulan_2/airflow_project/venv_airflow/lib/python3.12/site-packages/airflow/example_dags/plugins/event_listener.py
[2026-05-13T12:14:44.777+0700] {processor.py:208} INFO - Processing /Users/najma/de_learning/bulan_2/airflow_project/venv_airflow/lib/python3.12/site-packages/airflow/example_dags/plugins/event_listener.py took 0.053 seconds
[2026-05-13T12:16:50.883+0700] {processor.py:186} INFO - Started process (PID=7463) to work on /Users/najma/de_learning/bulan_2/airflow_project/venv_airflow/lib/python3.12/site-packages/airflow/example_dags/plugins/event_listener.py
[2026-05-13T12:16:50.884+0700] {processor.py:914} INFO - Processing file /Users/najma/de_learning/bulan_2/airflow_project/venv_airflow/lib/python3.12/site-packages/airflow/example_dags/plugins/event_listener.py for tasks to queue
[2026-05-13T12:16:50.884+0700] {logging_mixin.py:190} INFO - [2026-05-13T12:16:50.884+0700] {dagbag.py:588} INFO - Filling up the DagBag from /Users/najma/de_learning/bulan_2/airflow_project/venv_airflow/lib/python3.12/site-packages/airflow/example_dags/plugins/event_listener.py
[2026-05-13T12:16:50.885+0700] {processor.py:927} WARNING - No viable dags retrieved from /Users/najma/de_learning/bulan_2/airflow_project/venv_airflow/lib/python3.12/site-packages/airflow/example_dags/plugins/event_listener.py
[2026-05-13T12:16:50.932+0700] {processor.py:208} INFO - Processing /Users/najma/de_learning/bulan_2/airflow_project/venv_airflow/lib/python3.12/site-packages/airflow/example_dags/plugins/event_listener.py took 0.051 seconds
[2026-05-13T12:18:17.992+0700] {processor.py:186} INFO - Started process (PID=7566) to work on /Users/najma/de_learning/bulan_2/airflow_project/venv_airflow/lib/python3.12/site-packages/airflow/example_dags/plugins/event_listener.py
[2026-05-13T12:18:17.993+0700] {processor.py:914} INFO - Processing file /Users/najma/de_learning/bulan_2/airflow_project/venv_airflow/lib/python3.12/site-packages/airflow/example_dags/plugins/event_listener.py for tasks to queue
[2026-05-13T12:18:17.993+0700] {logging_mixin.py:190} INFO - [2026-05-13T12:18:17.993+0700] {dagbag.py:588} INFO - Filling up the DagBag from /Users/najma/de_learning/bulan_2/airflow_project/venv_airflow/lib/python3.12/site-packages/airflow/example_dags/plugins/event_listener.py
[2026-05-13T12:18:17.994+0700] {processor.py:927} WARNING - No viable dags retrieved from /Users/najma/de_learning/bulan_2/airflow_project/venv_airflow/lib/python3.12/site-packages/airflow/example_dags/plugins/event_listener.py
[2026-05-13T12:18:18.041+0700] {processor.py:208} INFO - Processing /Users/najma/de_learning/bulan_2/airflow_project/venv_airflow/lib/python3.12/site-packages/airflow/example_dags/plugins/event_listener.py took 0.051 seconds
[2026-05-13T12:19:45.473+0700] {processor.py:186} INFO - Started process (PID=7857) to work on /Users/najma/de_learning/bulan_2/airflow_project/venv_airflow/lib/python3.12/site-packages/airflow/example_dags/plugins/event_listener.py
[2026-05-13T12:19:45.473+0700] {processor.py:914} INFO - Processing file /Users/najma/de_learning/bulan_2/airflow_project/venv_airflow/lib/python3.12/site-packages/airflow/example_dags/plugins/event_listener.py for tasks to queue
[2026-05-13T12:19:45.474+0700] {logging_mixin.py:190} INFO - [2026-05-13T12:19:45.474+0700] {dagbag.py:588} INFO - Filling up the DagBag from /Users/najma/de_learning/bulan_2/airflow_project/venv_airflow/lib/python3.12/site-packages/airflow/example_dags/plugins/event_listener.py
[2026-05-13T12:19:45.475+0700] {processor.py:927} WARNING - No viable dags retrieved from /Users/najma/de_learning/bulan_2/airflow_project/venv_airflow/lib/python3.12/site-packages/airflow/example_dags/plugins/event_listener.py
[2026-05-13T12:19:45.525+0700] {processor.py:208} INFO - Processing /Users/najma/de_learning/bulan_2/airflow_project/venv_airflow/lib/python3.12/site-packages/airflow/example_dags/plugins/event_listener.py took 0.054 seconds
[2026-05-13T12:21:10.893+0700] {processor.py:186} INFO - Started process (PID=7966) to work on /Users/najma/de_learning/bulan_2/airflow_project/venv_airflow/lib/python3.12/site-packages/airflow/example_dags/plugins/event_listener.py
[2026-05-13T12:21:10.894+0700] {processor.py:914} INFO - Processing file /Users/najma/de_learning/bulan_2/airflow_project/venv_airflow/lib/python3.12/site-packages/airflow/example_dags/plugins/event_listener.py for tasks to queue
[2026-05-13T12:21:10.895+0700] {logging_mixin.py:190} INFO - [2026-05-13T12:21:10.894+0700] {dagbag.py:588} INFO - Filling up the DagBag from /Users/najma/de_learning/bulan_2/airflow_project/venv_airflow/lib/python3.12/site-packages/airflow/example_dags/plugins/event_listener.py
[2026-05-13T12:21:10.895+0700] {processor.py:927} WARNING - No viable dags retrieved from /Users/najma/de_learning/bulan_2/airflow_project/venv_airflow/lib/python3.12/site-packages/airflow/example_dags/plugins/event_listener.py
[2026-05-13T12:21:10.952+0700] {processor.py:208} INFO - Processing /Users/najma/de_learning/bulan_2/airflow_project/venv_airflow/lib/python3.12/site-packages/airflow/example_dags/plugins/event_listener.py took 0.062 seconds
[2026-05-13T12:22:36.306+0700] {processor.py:186} INFO - Started process (PID=8077) to work on /Users/najma/de_learning/bulan_2/airflow_project/venv_airflow/lib/python3.12/site-packages/airflow/example_dags/plugins/event_listener.py
[2026-05-13T12:22:36.307+0700] {processor.py:914} INFO - Processing file /Users/najma/de_learning/bulan_2/airflow_project/venv_airflow/lib/python3.12/site-packages/airflow/example_dags/plugins/event_listener.py for tasks to queue
[2026-05-13T12:22:36.307+0700] {logging_mixin.py:190} INFO - [2026-05-13T12:22:36.307+0700] {dagbag.py:588} INFO - Filling up the DagBag from /Users/najma/de_learning/bulan_2/airflow_project/venv_airflow/lib/python3.12/site-packages/airflow/example_dags/plugins/event_listener.py
[2026-05-13T12:22:36.308+0700] {processor.py:927} WARNING - No viable dags retrieved from /Users/najma/de_learning/bulan_2/airflow_project/venv_airflow/lib/python3.12/site-packages/airflow/example_dags/plugins/event_listener.py
[2026-05-13T12:22:36.355+0700] {processor.py:208} INFO - Processing /Users/najma/de_learning/bulan_2/airflow_project/venv_airflow/lib/python3.12/site-packages/airflow/example_dags/plugins/event_listener.py took 0.051 seconds
[2026-05-13T12:24:01.451+0700] {processor.py:186} INFO - Started process (PID=8173) to work on /Users/najma/de_learning/bulan_2/airflow_project/venv_airflow/lib/python3.12/site-packages/airflow/example_dags/plugins/event_listener.py
[2026-05-13T12:24:01.453+0700] {processor.py:914} INFO - Processing file /Users/najma/de_learning/bulan_2/airflow_project/venv_airflow/lib/python3.12/site-packages/airflow/example_dags/plugins/event_listener.py for tasks to queue
[2026-05-13T12:24:01.454+0700] {logging_mixin.py:190} INFO - [2026-05-13T12:24:01.453+0700] {dagbag.py:588} INFO - Filling up the DagBag from /Users/najma/de_learning/bulan_2/airflow_project/venv_airflow/lib/python3.12/site-packages/airflow/example_dags/plugins/event_listener.py
[2026-05-13T12:24:01.454+0700] {processor.py:927} WARNING - No viable dags retrieved from /Users/najma/de_learning/bulan_2/airflow_project/venv_airflow/lib/python3.12/site-packages/airflow/example_dags/plugins/event_listener.py
[2026-05-13T12:24:01.502+0700] {processor.py:208} INFO - Processing /Users/najma/de_learning/bulan_2/airflow_project/venv_airflow/lib/python3.12/site-packages/airflow/example_dags/plugins/event_listener.py took 0.052 seconds
