[2026-05-13T12:14:42.574+0700] {processor.py:186} INFO - Started process (PID=6559) to work on /Users/najma/de_learning/bulan_2/airflow_project/venv_airflow/lib/python3.12/site-packages/airflow/example_dags/plugins/listener_plugin.py
[2026-05-13T12:14:42.575+0700] {processor.py:914} INFO - Processing file /Users/najma/de_learning/bulan_2/airflow_project/venv_airflow/lib/python3.12/site-packages/airflow/example_dags/plugins/listener_plugin.py for tasks to queue
[2026-05-13T12:14:42.575+0700] {logging_mixin.py:190} INFO - [2026-05-13T12:14:42.575+0700] {dagbag.py:588} INFO - Filling up the DagBag from /Users/najma/de_learning/bulan_2/airflow_project/venv_airflow/lib/python3.12/site-packages/airflow/example_dags/plugins/listener_plugin.py
[2026-05-13T12:14:42.576+0700] {processor.py:927} WARNING - No viable dags retrieved from /Users/najma/de_learning/bulan_2/airflow_project/venv_airflow/lib/python3.12/site-packages/airflow/example_dags/plugins/listener_plugin.py
[2026-05-13T12:14:42.624+0700] {processor.py:208} INFO - Processing /Users/najma/de_learning/bulan_2/airflow_project/venv_airflow/lib/python3.12/site-packages/airflow/example_dags/plugins/listener_plugin.py took 0.052 seconds
[2026-05-13T12:16:48.953+0700] {processor.py:186} INFO - Started process (PID=7461) to work on /Users/najma/de_learning/bulan_2/airflow_project/venv_airflow/lib/python3.12/site-packages/airflow/example_dags/plugins/listener_plugin.py
[2026-05-13T12:16:48.954+0700] {processor.py:914} INFO - Processing file /Users/najma/de_learning/bulan_2/airflow_project/venv_airflow/lib/python3.12/site-packages/airflow/example_dags/plugins/listener_plugin.py for tasks to queue
[2026-05-13T12:16:48.955+0700] {logging_mixin.py:190} INFO - [2026-05-13T12:16:48.955+0700] {dagbag.py:588} INFO - Filling up the DagBag from /Users/najma/de_learning/bulan_2/airflow_project/venv_airflow/lib/python3.12/site-packages/airflow/example_dags/plugins/listener_plugin.py
[2026-05-13T12:16:48.957+0700] {processor.py:927} WARNING - No viable dags retrieved from /Users/najma/de_learning/bulan_2/airflow_project/venv_airflow/lib/python3.12/site-packages/airflow/example_dags/plugins/listener_plugin.py
[2026-05-13T12:16:49.005+0700] {processor.py:208} INFO - Processing /Users/najma/de_learning/bulan_2/airflow_project/venv_airflow/lib/python3.12/site-packages/airflow/example_dags/plugins/listener_plugin.py took 0.054 seconds
[2026-05-13T12:18:15.871+0700] {processor.py:186} INFO - Started process (PID=7564) to work on /Users/najma/de_learning/bulan_2/airflow_project/venv_airflow/lib/python3.12/site-packages/airflow/example_dags/plugins/listener_plugin.py
[2026-05-13T12:18:15.873+0700] {processor.py:914} INFO - Processing file /Users/najma/de_learning/bulan_2/airflow_project/venv_airflow/lib/python3.12/site-packages/airflow/example_dags/plugins/listener_plugin.py for tasks to queue
[2026-05-13T12:18:15.873+0700] {logging_mixin.py:190} INFO - [2026-05-13T12:18:15.873+0700] {dagbag.py:588} INFO - Filling up the DagBag from /Users/najma/de_learning/bulan_2/airflow_project/venv_airflow/lib/python3.12/site-packages/airflow/example_dags/plugins/listener_plugin.py
[2026-05-13T12:18:15.875+0700] {processor.py:927} WARNING - No viable dags retrieved from /Users/najma/de_learning/bulan_2/airflow_project/venv_airflow/lib/python3.12/site-packages/airflow/example_dags/plugins/listener_plugin.py
[2026-05-13T12:18:15.922+0700] {processor.py:208} INFO - Processing /Users/najma/de_learning/bulan_2/airflow_project/venv_airflow/lib/python3.12/site-packages/airflow/example_dags/plugins/listener_plugin.py took 0.052 seconds
[2026-05-13T12:19:43.323+0700] {processor.py:186} INFO - Started process (PID=7855) to work on /Users/najma/de_learning/bulan_2/airflow_project/venv_airflow/lib/python3.12/site-packages/airflow/example_dags/plugins/listener_plugin.py
[2026-05-13T12:19:43.324+0700] {processor.py:914} INFO - Processing file /Users/najma/de_learning/bulan_2/airflow_project/venv_airflow/lib/python3.12/site-packages/airflow/example_dags/plugins/listener_plugin.py for tasks to queue
[2026-05-13T12:19:43.325+0700] {logging_mixin.py:190} INFO - [2026-05-13T12:19:43.325+0700] {dagbag.py:588} INFO - Filling up the DagBag from /Users/najma/de_learning/bulan_2/airflow_project/venv_airflow/lib/python3.12/site-packages/airflow/example_dags/plugins/listener_plugin.py
[2026-05-13T12:19:43.326+0700] {processor.py:927} WARNING - No viable dags retrieved from /Users/najma/de_learning/bulan_2/airflow_project/venv_airflow/lib/python3.12/site-packages/airflow/example_dags/plugins/listener_plugin.py
[2026-05-13T12:19:43.374+0700] {processor.py:208} INFO - Processing /Users/najma/de_learning/bulan_2/airflow_project/venv_airflow/lib/python3.12/site-packages/airflow/example_dags/plugins/listener_plugin.py took 0.053 seconds
[2026-05-13T12:21:08.614+0700] {processor.py:186} INFO - Started process (PID=7964) to work on /Users/najma/de_learning/bulan_2/airflow_project/venv_airflow/lib/python3.12/site-packages/airflow/example_dags/plugins/listener_plugin.py
[2026-05-13T12:21:08.615+0700] {processor.py:914} INFO - Processing file /Users/najma/de_learning/bulan_2/airflow_project/venv_airflow/lib/python3.12/site-packages/airflow/example_dags/plugins/listener_plugin.py for tasks to queue
[2026-05-13T12:21:08.616+0700] {logging_mixin.py:190} INFO - [2026-05-13T12:21:08.616+0700] {dagbag.py:588} INFO - Filling up the DagBag from /Users/najma/de_learning/bulan_2/airflow_project/venv_airflow/lib/python3.12/site-packages/airflow/example_dags/plugins/listener_plugin.py
[2026-05-13T12:21:08.617+0700] {processor.py:927} WARNING - No viable dags retrieved from /Users/najma/de_learning/bulan_2/airflow_project/venv_airflow/lib/python3.12/site-packages/airflow/example_dags/plugins/listener_plugin.py
[2026-05-13T12:21:08.665+0700] {processor.py:208} INFO - Processing /Users/najma/de_learning/bulan_2/airflow_project/venv_airflow/lib/python3.12/site-packages/airflow/example_dags/plugins/listener_plugin.py took 0.053 seconds
[2026-05-13T12:22:34.176+0700] {processor.py:186} INFO - Started process (PID=8075) to work on /Users/najma/de_learning/bulan_2/airflow_project/venv_airflow/lib/python3.12/site-packages/airflow/example_dags/plugins/listener_plugin.py
[2026-05-13T12:22:34.177+0700] {processor.py:914} INFO - Processing file /Users/najma/de_learning/bulan_2/airflow_project/venv_airflow/lib/python3.12/site-packages/airflow/example_dags/plugins/listener_plugin.py for tasks to queue
[2026-05-13T12:22:34.178+0700] {logging_mixin.py:190} INFO - [2026-05-13T12:22:34.178+0700] {dagbag.py:588} INFO - Filling up the DagBag from /Users/najma/de_learning/bulan_2/airflow_project/venv_airflow/lib/python3.12/site-packages/airflow/example_dags/plugins/listener_plugin.py
[2026-05-13T12:22:34.180+0700] {processor.py:927} WARNING - No viable dags retrieved from /Users/najma/de_learning/bulan_2/airflow_project/venv_airflow/lib/python3.12/site-packages/airflow/example_dags/plugins/listener_plugin.py
[2026-05-13T12:22:34.227+0700] {processor.py:208} INFO - Processing /Users/najma/de_learning/bulan_2/airflow_project/venv_airflow/lib/python3.12/site-packages/airflow/example_dags/plugins/listener_plugin.py took 0.053 seconds
[2026-05-13T12:24:00.294+0700] {processor.py:186} INFO - Started process (PID=8171) to work on /Users/najma/de_learning/bulan_2/airflow_project/venv_airflow/lib/python3.12/site-packages/airflow/example_dags/plugins/listener_plugin.py
[2026-05-13T12:24:00.295+0700] {processor.py:914} INFO - Processing file /Users/najma/de_learning/bulan_2/airflow_project/venv_airflow/lib/python3.12/site-packages/airflow/example_dags/plugins/listener_plugin.py for tasks to queue
[2026-05-13T12:24:00.296+0700] {logging_mixin.py:190} INFO - [2026-05-13T12:24:00.296+0700] {dagbag.py:588} INFO - Filling up the DagBag from /Users/najma/de_learning/bulan_2/airflow_project/venv_airflow/lib/python3.12/site-packages/airflow/example_dags/plugins/listener_plugin.py
[2026-05-13T12:24:00.297+0700] {processor.py:927} WARNING - No viable dags retrieved from /Users/najma/de_learning/bulan_2/airflow_project/venv_airflow/lib/python3.12/site-packages/airflow/example_dags/plugins/listener_plugin.py
[2026-05-13T12:24:00.345+0700] {processor.py:208} INFO - Processing /Users/najma/de_learning/bulan_2/airflow_project/venv_airflow/lib/python3.12/site-packages/airflow/example_dags/plugins/listener_plugin.py took 0.053 seconds
