[2026-05-13T12:14:40.629+0700] {processor.py:186} INFO - Started process (PID=6555) to work on /Users/najma/de_learning/bulan_2/airflow_project/venv_airflow/lib/python3.12/site-packages/airflow/example_dags/plugins/workday.py
[2026-05-13T12:14:40.630+0700] {processor.py:914} INFO - Processing file /Users/najma/de_learning/bulan_2/airflow_project/venv_airflow/lib/python3.12/site-packages/airflow/example_dags/plugins/workday.py for tasks to queue
[2026-05-13T12:14:40.631+0700] {logging_mixin.py:190} INFO - [2026-05-13T12:14:40.631+0700] {dagbag.py:588} INFO - Filling up the DagBag from /Users/najma/de_learning/bulan_2/airflow_project/venv_airflow/lib/python3.12/site-packages/airflow/example_dags/plugins/workday.py
[2026-05-13T12:14:40.631+0700] {logging_mixin.py:190} INFO - [2026-05-13T12:14:40.631+0700] {workday.py:41} WARNING - Could not import pandas. Holidays will not be considered.
[2026-05-13T12:14:40.632+0700] {processor.py:927} WARNING - No viable dags retrieved from /Users/najma/de_learning/bulan_2/airflow_project/venv_airflow/lib/python3.12/site-packages/airflow/example_dags/plugins/workday.py
[2026-05-13T12:14:40.679+0700] {processor.py:208} INFO - Processing /Users/najma/de_learning/bulan_2/airflow_project/venv_airflow/lib/python3.12/site-packages/airflow/example_dags/plugins/workday.py took 0.051 seconds
[2026-05-13T12:16:46.812+0700] {processor.py:186} INFO - Started process (PID=7458) to work on /Users/najma/de_learning/bulan_2/airflow_project/venv_airflow/lib/python3.12/site-packages/airflow/example_dags/plugins/workday.py
[2026-05-13T12:16:46.813+0700] {processor.py:914} INFO - Processing file /Users/najma/de_learning/bulan_2/airflow_project/venv_airflow/lib/python3.12/site-packages/airflow/example_dags/plugins/workday.py for tasks to queue
[2026-05-13T12:16:46.814+0700] {logging_mixin.py:190} INFO - [2026-05-13T12:16:46.814+0700] {dagbag.py:588} INFO - Filling up the DagBag from /Users/najma/de_learning/bulan_2/airflow_project/venv_airflow/lib/python3.12/site-packages/airflow/example_dags/plugins/workday.py
[2026-05-13T12:16:46.815+0700] {logging_mixin.py:190} INFO - [2026-05-13T12:16:46.815+0700] {workday.py:41} WARNING - Could not import pandas. Holidays will not be considered.
[2026-05-13T12:16:46.815+0700] {processor.py:927} WARNING - No viable dags retrieved from /Users/najma/de_learning/bulan_2/airflow_project/venv_airflow/lib/python3.12/site-packages/airflow/example_dags/plugins/workday.py
[2026-05-13T12:16:46.862+0700] {processor.py:208} INFO - Processing /Users/najma/de_learning/bulan_2/airflow_project/venv_airflow/lib/python3.12/site-packages/airflow/example_dags/plugins/workday.py took 0.052 seconds
[2026-05-13T12:18:13.997+0700] {processor.py:186} INFO - Started process (PID=7562) to work on /Users/najma/de_learning/bulan_2/airflow_project/venv_airflow/lib/python3.12/site-packages/airflow/example_dags/plugins/workday.py
[2026-05-13T12:18:13.998+0700] {processor.py:914} INFO - Processing file /Users/najma/de_learning/bulan_2/airflow_project/venv_airflow/lib/python3.12/site-packages/airflow/example_dags/plugins/workday.py for tasks to queue
[2026-05-13T12:18:13.998+0700] {logging_mixin.py:190} INFO - [2026-05-13T12:18:13.998+0700] {dagbag.py:588} INFO - Filling up the DagBag from /Users/najma/de_learning/bulan_2/airflow_project/venv_airflow/lib/python3.12/site-packages/airflow/example_dags/plugins/workday.py
[2026-05-13T12:18:13.999+0700] {logging_mixin.py:190} INFO - [2026-05-13T12:18:13.999+0700] {workday.py:41} WARNING - Could not import pandas. Holidays will not be considered.
[2026-05-13T12:18:13.999+0700] {processor.py:927} WARNING - No viable dags retrieved from /Users/najma/de_learning/bulan_2/airflow_project/venv_airflow/lib/python3.12/site-packages/airflow/example_dags/plugins/workday.py
[2026-05-13T12:18:14.046+0700] {processor.py:208} INFO - Processing /Users/najma/de_learning/bulan_2/airflow_project/venv_airflow/lib/python3.12/site-packages/airflow/example_dags/plugins/workday.py took 0.051 seconds
[2026-05-13T12:19:41.189+0700] {processor.py:186} INFO - Started process (PID=7853) to work on /Users/najma/de_learning/bulan_2/airflow_project/venv_airflow/lib/python3.12/site-packages/airflow/example_dags/plugins/workday.py
[2026-05-13T12:19:41.190+0700] {processor.py:914} INFO - Processing file /Users/najma/de_learning/bulan_2/airflow_project/venv_airflow/lib/python3.12/site-packages/airflow/example_dags/plugins/workday.py for tasks to queue
[2026-05-13T12:19:41.190+0700] {logging_mixin.py:190} INFO - [2026-05-13T12:19:41.190+0700] {dagbag.py:588} INFO - Filling up the DagBag from /Users/najma/de_learning/bulan_2/airflow_project/venv_airflow/lib/python3.12/site-packages/airflow/example_dags/plugins/workday.py
[2026-05-13T12:19:41.191+0700] {logging_mixin.py:190} INFO - [2026-05-13T12:19:41.191+0700] {workday.py:41} WARNING - Could not import pandas. Holidays will not be considered.
[2026-05-13T12:19:41.191+0700] {processor.py:927} WARNING - No viable dags retrieved from /Users/najma/de_learning/bulan_2/airflow_project/venv_airflow/lib/python3.12/site-packages/airflow/example_dags/plugins/workday.py
[2026-05-13T12:19:41.239+0700] {processor.py:208} INFO - Processing /Users/najma/de_learning/bulan_2/airflow_project/venv_airflow/lib/python3.12/site-packages/airflow/example_dags/plugins/workday.py took 0.052 seconds
[2026-05-13T12:21:06.507+0700] {processor.py:186} INFO - Started process (PID=7962) to work on /Users/najma/de_learning/bulan_2/airflow_project/venv_airflow/lib/python3.12/site-packages/airflow/example_dags/plugins/workday.py
[2026-05-13T12:21:06.509+0700] {processor.py:914} INFO - Processing file /Users/najma/de_learning/bulan_2/airflow_project/venv_airflow/lib/python3.12/site-packages/airflow/example_dags/plugins/workday.py for tasks to queue
[2026-05-13T12:21:06.509+0700] {logging_mixin.py:190} INFO - [2026-05-13T12:21:06.509+0700] {dagbag.py:588} INFO - Filling up the DagBag from /Users/najma/de_learning/bulan_2/airflow_project/venv_airflow/lib/python3.12/site-packages/airflow/example_dags/plugins/workday.py
[2026-05-13T12:21:06.510+0700] {logging_mixin.py:190} INFO - [2026-05-13T12:21:06.510+0700] {workday.py:41} WARNING - Could not import pandas. Holidays will not be considered.
[2026-05-13T12:21:06.510+0700] {processor.py:927} WARNING - No viable dags retrieved from /Users/najma/de_learning/bulan_2/airflow_project/venv_airflow/lib/python3.12/site-packages/airflow/example_dags/plugins/workday.py
[2026-05-13T12:21:06.557+0700] {processor.py:208} INFO - Processing /Users/najma/de_learning/bulan_2/airflow_project/venv_airflow/lib/python3.12/site-packages/airflow/example_dags/plugins/workday.py took 0.052 seconds
[2026-05-13T12:22:32.059+0700] {processor.py:186} INFO - Started process (PID=8073) to work on /Users/najma/de_learning/bulan_2/airflow_project/venv_airflow/lib/python3.12/site-packages/airflow/example_dags/plugins/workday.py
[2026-05-13T12:22:32.060+0700] {processor.py:914} INFO - Processing file /Users/najma/de_learning/bulan_2/airflow_project/venv_airflow/lib/python3.12/site-packages/airflow/example_dags/plugins/workday.py for tasks to queue
[2026-05-13T12:22:32.060+0700] {logging_mixin.py:190} INFO - [2026-05-13T12:22:32.060+0700] {dagbag.py:588} INFO - Filling up the DagBag from /Users/najma/de_learning/bulan_2/airflow_project/venv_airflow/lib/python3.12/site-packages/airflow/example_dags/plugins/workday.py
[2026-05-13T12:22:32.061+0700] {logging_mixin.py:190} INFO - [2026-05-13T12:22:32.061+0700] {workday.py:41} WARNING - Could not import pandas. Holidays will not be considered.
[2026-05-13T12:22:32.061+0700] {processor.py:927} WARNING - No viable dags retrieved from /Users/najma/de_learning/bulan_2/airflow_project/venv_airflow/lib/python3.12/site-packages/airflow/example_dags/plugins/workday.py
[2026-05-13T12:22:32.109+0700] {processor.py:208} INFO - Processing /Users/najma/de_learning/bulan_2/airflow_project/venv_airflow/lib/python3.12/site-packages/airflow/example_dags/plugins/workday.py took 0.052 seconds
[2026-05-13T12:23:58.602+0700] {processor.py:186} INFO - Started process (PID=8168) to work on /Users/najma/de_learning/bulan_2/airflow_project/venv_airflow/lib/python3.12/site-packages/airflow/example_dags/plugins/workday.py
[2026-05-13T12:23:58.603+0700] {processor.py:914} INFO - Processing file /Users/najma/de_learning/bulan_2/airflow_project/venv_airflow/lib/python3.12/site-packages/airflow/example_dags/plugins/workday.py for tasks to queue
[2026-05-13T12:23:58.604+0700] {logging_mixin.py:190} INFO - [2026-05-13T12:23:58.604+0700] {dagbag.py:588} INFO - Filling up the DagBag from /Users/najma/de_learning/bulan_2/airflow_project/venv_airflow/lib/python3.12/site-packages/airflow/example_dags/plugins/workday.py
[2026-05-13T12:23:58.605+0700] {logging_mixin.py:190} INFO - [2026-05-13T12:23:58.605+0700] {workday.py:41} WARNING - Could not import pandas. Holidays will not be considered.
[2026-05-13T12:23:58.605+0700] {processor.py:927} WARNING - No viable dags retrieved from /Users/najma/de_learning/bulan_2/airflow_project/venv_airflow/lib/python3.12/site-packages/airflow/example_dags/plugins/workday.py
[2026-05-13T12:23:58.652+0700] {processor.py:208} INFO - Processing /Users/najma/de_learning/bulan_2/airflow_project/venv_airflow/lib/python3.12/site-packages/airflow/example_dags/plugins/workday.py took 0.052 seconds
