[2026-05-15T10:11:52.549+0700] {local_task_job_runner.py:123} INFO - ::group::Pre task execution logs
[2026-05-15T10:11:52.561+0700] {taskinstance.py:2613} INFO - Dependencies all met for dep_context=non-requeueable deps ti=<TaskInstance: dag_three_operators.check_disk_space manual__2026-05-15T03:11:50.113571+00:00 [queued]>
[2026-05-15T10:11:52.568+0700] {taskinstance.py:2613} INFO - Dependencies all met for dep_context=requeueable deps ti=<TaskInstance: dag_three_operators.check_disk_space manual__2026-05-15T03:11:50.113571+00:00 [queued]>
[2026-05-15T10:11:52.569+0700] {taskinstance.py:2866} INFO - Starting attempt 1 of 2
[2026-05-15T10:11:52.576+0700] {taskinstance.py:2889} INFO - Executing <Task(BashOperator): check_disk_space> on 2026-05-15 03:11:50.113571+00:00
[2026-05-15T10:11:52.581+0700] {standard_task_runner.py:104} INFO - Running: ['airflow', 'tasks', 'run', 'dag_three_operators', 'check_disk_space', 'manual__2026-05-15T03:11:50.113571+00:00', '--job-id', '10', '--raw', '--subdir', 'DAGS_FOLDER/dag_three_operators.py', '--cfg-path', '/var/folders/zq/v7f__6w503x14tv39kvk6x580000gq/T/tmpkc_glbuy']
[2026-05-15T10:11:52.582+0700] {standard_task_runner.py:105} INFO - Job 10: Subtask check_disk_space
[2026-05-15T10:11:52.582+0700] {logging_mixin.py:190} WARNING - /Users/najma/de_learning/bulan_2/airflow_project/venv_airflow/lib/python3.12/site-packages/airflow/task/task_runner/standard_task_runner.py:70 DeprecationWarning: This process (pid=43262) is multi-threaded, use of fork() may lead to deadlocks in the child.
[2026-05-15T10:11:52.582+0700] {standard_task_runner.py:72} INFO - Started process 43277 to run task
[2026-05-15T10:11:52.621+0700] {task_command.py:467} INFO - Running <TaskInstance: dag_three_operators.check_disk_space manual__2026-05-15T03:11:50.113571+00:00 [running]> on host najmas-mac-air.local
[2026-05-15T10:11:52.697+0700] {taskinstance.py:3132} INFO - Exporting env vars: AIRFLOW_CTX_DAG_OWNER='najma' AIRFLOW_CTX_DAG_ID='dag_three_operators' AIRFLOW_CTX_TASK_ID='check_disk_space' AIRFLOW_CTX_EXECUTION_DATE='2026-05-15T03:11:50.113571+00:00' AIRFLOW_CTX_TRY_NUMBER='1' AIRFLOW_CTX_DAG_RUN_ID='manual__2026-05-15T03:11:50.113571+00:00'
[2026-05-15T10:11:52.698+0700] {logging_mixin.py:190} INFO - Task instance is in running state
[2026-05-15T10:11:52.698+0700] {logging_mixin.py:190} INFO -  Previous state of the Task instance: queued
[2026-05-15T10:11:52.698+0700] {logging_mixin.py:190} INFO - Current task name:check_disk_space state:running start_date:2026-05-15 03:11:52.561981+00:00
[2026-05-15T10:11:52.698+0700] {logging_mixin.py:190} INFO - Dag name:dag_three_operators and current dag run status:running
[2026-05-15T10:11:52.699+0700] {taskinstance.py:731} INFO - ::endgroup::
[2026-05-15T10:11:52.704+0700] {subprocess.py:78} INFO - Tmp dir root location: /var/folders/zq/v7f__6w503x14tv39kvk6x580000gq/T
[2026-05-15T10:11:52.704+0700] {subprocess.py:88} INFO - Running command: ['/bin/bash', '-c', 'df -h / | tail -1']
[2026-05-15T10:11:52.710+0700] {subprocess.py:99} INFO - Output:
[2026-05-15T10:11:52.723+0700] {subprocess.py:106} INFO - /dev/disk3s1s1  228Gi   12Gi   31Gi    29%  349475 328250400    0%   /
[2026-05-15T10:11:52.724+0700] {subprocess.py:110} INFO - Command exited with return code 0
[2026-05-15T10:11:52.752+0700] {taskinstance.py:340} INFO - ::group::Post task execution logs
[2026-05-15T10:11:52.753+0700] {taskinstance.py:352} INFO - Marking task as SUCCESS. dag_id=dag_three_operators, task_id=check_disk_space, run_id=manual__2026-05-15T03:11:50.113571+00:00, execution_date=20260515T031150, start_date=20260515T031152, end_date=20260515T031152
[2026-05-15T10:11:52.762+0700] {logging_mixin.py:190} INFO - Task instance in success state
[2026-05-15T10:11:52.762+0700] {logging_mixin.py:190} INFO -  Previous state of the Task instance: running
[2026-05-15T10:11:52.763+0700] {logging_mixin.py:190} INFO - Dag name:dag_three_operators queued_at:2026-05-15 03:11:50.127167+00:00
[2026-05-15T10:11:52.763+0700] {logging_mixin.py:190} INFO - Task hostname:najmas-mac-air.local operator:BashOperator
[2026-05-15T10:11:52.781+0700] {local_task_job_runner.py:266} INFO - Task exited with return code 0
[2026-05-15T10:11:52.808+0700] {taskinstance.py:3895} INFO - 1 downstream tasks scheduled from follow-on schedule check
[2026-05-15T10:11:52.808+0700] {local_task_job_runner.py:245} INFO - ::endgroup::
