[2026-05-13T12:19:39.685+0700] {processor.py:186} INFO - Started process (PID=7850) to work on /Users/najma/de_learning/bulan_2/airflow_project/airflow_home/dags/dags_hello_world.py
[2026-05-13T12:19:39.686+0700] {processor.py:914} INFO - Processing file /Users/najma/de_learning/bulan_2/airflow_project/airflow_home/dags/dags_hello_world.py for tasks to queue
[2026-05-13T12:19:39.686+0700] {logging_mixin.py:190} INFO - [2026-05-13T12:19:39.686+0700] {dagbag.py:588} INFO - Filling up the DagBag from /Users/najma/de_learning/bulan_2/airflow_project/airflow_home/dags/dags_hello_world.py
[2026-05-13T12:19:39.703+0700] {processor.py:925} INFO - DAG(s) 'dag_pertama_ku' retrieved from /Users/najma/de_learning/bulan_2/airflow_project/airflow_home/dags/dags_hello_world.py
[2026-05-13T12:19:39.801+0700] {logging_mixin.py:190} INFO - [2026-05-13T12:19:39.801+0700] {override.py:1911} INFO - Created Permission View: can edit on DAG:dag_pertama_ku
[2026-05-13T12:19:39.806+0700] {logging_mixin.py:190} INFO - [2026-05-13T12:19:39.806+0700] {override.py:1911} INFO - Created Permission View: can read on DAG:dag_pertama_ku
[2026-05-13T12:19:39.809+0700] {logging_mixin.py:190} INFO - [2026-05-13T12:19:39.809+0700] {override.py:1911} INFO - Created Permission View: can delete on DAG:dag_pertama_ku
[2026-05-13T12:19:39.813+0700] {logging_mixin.py:190} INFO - [2026-05-13T12:19:39.813+0700] {override.py:1911} INFO - Created Permission View: menu access on DAG Run:dag_pertama_ku
[2026-05-13T12:19:39.815+0700] {logging_mixin.py:190} INFO - [2026-05-13T12:19:39.815+0700] {override.py:1911} INFO - Created Permission View: can read on DAG Run:dag_pertama_ku
[2026-05-13T12:19:39.818+0700] {logging_mixin.py:190} INFO - [2026-05-13T12:19:39.818+0700] {override.py:1911} INFO - Created Permission View: can create on DAG Run:dag_pertama_ku
[2026-05-13T12:19:39.821+0700] {logging_mixin.py:190} INFO - [2026-05-13T12:19:39.821+0700] {override.py:1911} INFO - Created Permission View: can delete on DAG Run:dag_pertama_ku
[2026-05-13T12:19:39.821+0700] {logging_mixin.py:190} INFO - [2026-05-13T12:19:39.821+0700] {dag.py:3239} INFO - Sync 1 DAGs
[2026-05-13T12:19:39.827+0700] {logging_mixin.py:190} INFO - [2026-05-13T12:19:39.827+0700] {dag.py:3262} INFO - Creating ORM DAG for dag_pertama_ku
[2026-05-13T12:19:39.833+0700] {logging_mixin.py:190} INFO - [2026-05-13T12:19:39.832+0700] {dag.py:4180} INFO - Setting next_dagrun for dag_pertama_ku to 2026-05-12 00:00:00+00:00, run_after=2026-05-13 00:00:00+00:00
[2026-05-13T12:19:39.873+0700] {processor.py:208} INFO - Processing /Users/najma/de_learning/bulan_2/airflow_project/airflow_home/dags/dags_hello_world.py took 0.189 seconds
[2026-05-13T12:21:02.629+0700] {processor.py:186} INFO - Started process (PID=7957) to work on /Users/najma/de_learning/bulan_2/airflow_project/airflow_home/dags/dags_hello_world.py
[2026-05-13T12:21:02.630+0700] {processor.py:914} INFO - Processing file /Users/najma/de_learning/bulan_2/airflow_project/airflow_home/dags/dags_hello_world.py for tasks to queue
[2026-05-13T12:21:02.631+0700] {logging_mixin.py:190} INFO - [2026-05-13T12:21:02.631+0700] {dagbag.py:588} INFO - Filling up the DagBag from /Users/najma/de_learning/bulan_2/airflow_project/airflow_home/dags/dags_hello_world.py
[2026-05-13T12:21:02.648+0700] {processor.py:925} INFO - DAG(s) 'dag_pertama_ku' retrieved from /Users/najma/de_learning/bulan_2/airflow_project/airflow_home/dags/dags_hello_world.py
[2026-05-13T12:21:02.698+0700] {logging_mixin.py:190} INFO - [2026-05-13T12:21:02.698+0700] {dag.py:3239} INFO - Sync 1 DAGs
[2026-05-13T12:21:02.708+0700] {logging_mixin.py:190} INFO - [2026-05-13T12:21:02.708+0700] {dag.py:4180} INFO - Setting next_dagrun for dag_pertama_ku to 2026-05-12 00:00:00+00:00, run_after=2026-05-13 00:00:00+00:00
[2026-05-13T12:21:02.717+0700] {processor.py:208} INFO - Processing /Users/najma/de_learning/bulan_2/airflow_project/airflow_home/dags/dags_hello_world.py took 0.090 seconds
[2026-05-13T12:22:28.041+0700] {processor.py:186} INFO - Started process (PID=8068) to work on /Users/najma/de_learning/bulan_2/airflow_project/airflow_home/dags/dags_hello_world.py
[2026-05-13T12:22:28.042+0700] {processor.py:914} INFO - Processing file /Users/najma/de_learning/bulan_2/airflow_project/airflow_home/dags/dags_hello_world.py for tasks to queue
[2026-05-13T12:22:28.043+0700] {logging_mixin.py:190} INFO - [2026-05-13T12:22:28.043+0700] {dagbag.py:588} INFO - Filling up the DagBag from /Users/najma/de_learning/bulan_2/airflow_project/airflow_home/dags/dags_hello_world.py
[2026-05-13T12:22:28.059+0700] {processor.py:925} INFO - DAG(s) 'dag_pertama_ku' retrieved from /Users/najma/de_learning/bulan_2/airflow_project/airflow_home/dags/dags_hello_world.py
[2026-05-13T12:22:28.109+0700] {logging_mixin.py:190} INFO - [2026-05-13T12:22:28.109+0700] {dag.py:3239} INFO - Sync 1 DAGs
[2026-05-13T12:22:28.118+0700] {logging_mixin.py:190} INFO - [2026-05-13T12:22:28.118+0700] {dag.py:4180} INFO - Setting next_dagrun for dag_pertama_ku to 2026-05-12 00:00:00+00:00, run_after=2026-05-13 00:00:00+00:00
[2026-05-13T12:22:28.128+0700] {processor.py:208} INFO - Processing /Users/najma/de_learning/bulan_2/airflow_project/airflow_home/dags/dags_hello_world.py took 0.088 seconds
[2026-05-13T12:23:54.645+0700] {processor.py:186} INFO - Started process (PID=8164) to work on /Users/najma/de_learning/bulan_2/airflow_project/airflow_home/dags/dags_hello_world.py
[2026-05-13T12:23:54.646+0700] {processor.py:914} INFO - Processing file /Users/najma/de_learning/bulan_2/airflow_project/airflow_home/dags/dags_hello_world.py for tasks to queue
[2026-05-13T12:23:54.647+0700] {logging_mixin.py:190} INFO - [2026-05-13T12:23:54.646+0700] {dagbag.py:588} INFO - Filling up the DagBag from /Users/najma/de_learning/bulan_2/airflow_project/airflow_home/dags/dags_hello_world.py
[2026-05-13T12:23:54.663+0700] {processor.py:925} INFO - DAG(s) 'dag_pertama_ku' retrieved from /Users/najma/de_learning/bulan_2/airflow_project/airflow_home/dags/dags_hello_world.py
[2026-05-13T12:23:54.713+0700] {logging_mixin.py:190} INFO - [2026-05-13T12:23:54.713+0700] {dag.py:3239} INFO - Sync 1 DAGs
[2026-05-13T12:23:54.722+0700] {logging_mixin.py:190} INFO - [2026-05-13T12:23:54.722+0700] {dag.py:4180} INFO - Setting next_dagrun for dag_pertama_ku to 2026-05-12 00:00:00+00:00, run_after=2026-05-13 00:00:00+00:00
[2026-05-13T12:23:54.732+0700] {processor.py:208} INFO - Processing /Users/najma/de_learning/bulan_2/airflow_project/airflow_home/dags/dags_hello_world.py took 0.089 seconds
