[2026-05-15T22:53:03.259+0700] {local_task_job_runner.py:123} INFO - ::group::Pre task execution logs
[2026-05-15T22:53:03.279+0700] {taskinstance.py:2613} INFO - Dependencies all met for dep_context=non-requeueable deps ti=<TaskInstance: dag_nyc_taxi_etl.transform_and_load scheduled__2026-05-14T00:00:00+00:00 [queued]>
[2026-05-15T22:53:03.289+0700] {taskinstance.py:2613} INFO - Dependencies all met for dep_context=requeueable deps ti=<TaskInstance: dag_nyc_taxi_etl.transform_and_load scheduled__2026-05-14T00:00:00+00:00 [queued]>
[2026-05-15T22:53:03.289+0700] {taskinstance.py:2866} INFO - Starting attempt 1 of 3
[2026-05-15T22:53:03.299+0700] {taskinstance.py:2889} INFO - Executing <Task(PythonOperator): transform_and_load> on 2026-05-14 00:00:00+00:00
[2026-05-15T22:53:03.304+0700] {standard_task_runner.py:104} INFO - Running: ['airflow', 'tasks', 'run', 'dag_nyc_taxi_etl', 'transform_and_load', 'scheduled__2026-05-14T00:00:00+00:00', '--job-id', '49', '--raw', '--subdir', 'DAGS_FOLDER/dag_nyc_taxi_etl.py', '--cfg-path', '/var/folders/zq/v7f__6w503x14tv39kvk6x580000gq/T/tmpu8k3ma88']
[2026-05-15T22:53:03.305+0700] {logging_mixin.py:190} WARNING - /Users/najma/de_learning/bulan_2/airflow_project/venv_airflow/lib/python3.12/site-packages/airflow/task/task_runner/standard_task_runner.py:70 DeprecationWarning: This process (pid=89641) is multi-threaded, use of fork() may lead to deadlocks in the child.
[2026-05-15T22:53:03.306+0700] {standard_task_runner.py:72} INFO - Started process 89655 to run task
[2026-05-15T22:53:03.306+0700] {standard_task_runner.py:105} INFO - Job 49: Subtask transform_and_load
[2026-05-15T22:53:03.357+0700] {task_command.py:467} INFO - Running <TaskInstance: dag_nyc_taxi_etl.transform_and_load scheduled__2026-05-14T00:00:00+00:00 [running]> on host najmas-mac-air.local
[2026-05-15T22:53:03.422+0700] {taskinstance.py:3132} INFO - Exporting env vars: AIRFLOW_CTX_DAG_OWNER='najma' AIRFLOW_CTX_DAG_ID='dag_nyc_taxi_etl' AIRFLOW_CTX_TASK_ID='transform_and_load' AIRFLOW_CTX_EXECUTION_DATE='2026-05-14T00:00:00+00:00' AIRFLOW_CTX_TRY_NUMBER='1' AIRFLOW_CTX_DAG_RUN_ID='scheduled__2026-05-14T00:00:00+00:00'
[2026-05-15T22:53:03.423+0700] {logging_mixin.py:190} INFO - Task instance is in running state
[2026-05-15T22:53:03.423+0700] {logging_mixin.py:190} INFO -  Previous state of the Task instance: queued
[2026-05-15T22:53:03.423+0700] {logging_mixin.py:190} INFO - Current task name:transform_and_load state:running start_date:2026-05-15 15:53:03.280152+00:00
[2026-05-15T22:53:03.424+0700] {logging_mixin.py:190} INFO - Dag name:dag_nyc_taxi_etl and current dag run status:running
[2026-05-15T22:53:03.424+0700] {taskinstance.py:731} INFO - ::endgroup::
[2026-05-15T22:53:03.807+0700] {dag_nyc_taxi_etl.py:118} INFO - Inserted: 1500 | Skipped: 0
[2026-05-15T22:53:03.818+0700] {python.py:240} INFO - Done. Returned value was: None
[2026-05-15T22:53:03.825+0700] {taskinstance.py:340} INFO - ::group::Post task execution logs
[2026-05-15T22:53:03.826+0700] {taskinstance.py:352} INFO - Marking task as SUCCESS. dag_id=dag_nyc_taxi_etl, task_id=transform_and_load, run_id=scheduled__2026-05-14T00:00:00+00:00, execution_date=20260514T000000, start_date=20260515T155303, end_date=20260515T155303
[2026-05-15T22:53:03.832+0700] {logging_mixin.py:190} INFO - Task instance in success state
[2026-05-15T22:53:03.832+0700] {logging_mixin.py:190} INFO -  Previous state of the Task instance: running
[2026-05-15T22:53:03.832+0700] {logging_mixin.py:190} INFO - Dag name:dag_nyc_taxi_etl queued_at:2026-05-15 15:52:52.903936+00:00
[2026-05-15T22:53:03.833+0700] {logging_mixin.py:190} INFO - Task hostname:najmas-mac-air.local operator:PythonOperator
[2026-05-15T22:53:03.856+0700] {local_task_job_runner.py:266} INFO - Task exited with return code 0
[2026-05-15T22:53:03.874+0700] {taskinstance.py:3895} INFO - 1 downstream tasks scheduled from follow-on schedule check
[2026-05-15T22:53:03.875+0700] {local_task_job_runner.py:245} INFO - ::endgroup::
