[2026-05-15T22:53:56.359+0700] {local_task_job_runner.py:123} INFO - ::group::Pre task execution logs
[2026-05-15T22:53:56.376+0700] {taskinstance.py:2613} INFO - Dependencies all met for dep_context=non-requeueable deps ti=<TaskInstance: dag_nyc_taxi_etl.log_result manual__2026-05-15T15:53:48.270169+00:00 [queued]>
[2026-05-15T22:53:56.382+0700] {taskinstance.py:2613} INFO - Dependencies all met for dep_context=requeueable deps ti=<TaskInstance: dag_nyc_taxi_etl.log_result manual__2026-05-15T15:53:48.270169+00:00 [queued]>
[2026-05-15T22:53:56.382+0700] {taskinstance.py:2866} INFO - Starting attempt 1 of 3
[2026-05-15T22:53:56.392+0700] {taskinstance.py:2889} INFO - Executing <Task(PostgresOperator): log_result> on 2026-05-15 15:53:48.270169+00:00
[2026-05-15T22:53:56.397+0700] {standard_task_runner.py:104} INFO - Running: ['airflow', 'tasks', 'run', 'dag_nyc_taxi_etl', 'log_result', 'manual__2026-05-15T15:53:48.270169+00:00', '--job-id', '56', '--raw', '--subdir', 'DAGS_FOLDER/dag_nyc_taxi_etl.py', '--cfg-path', '/var/folders/zq/v7f__6w503x14tv39kvk6x580000gq/T/tmpr_ik7sxp']
[2026-05-15T22:53:56.398+0700] {logging_mixin.py:190} WARNING - /Users/najma/de_learning/bulan_2/airflow_project/venv_airflow/lib/python3.12/site-packages/airflow/task/task_runner/standard_task_runner.py:70 DeprecationWarning: This process (pid=90061) is multi-threaded, use of fork() may lead to deadlocks in the child.
[2026-05-15T22:53:56.399+0700] {standard_task_runner.py:105} INFO - Job 56: Subtask log_result
[2026-05-15T22:53:56.399+0700] {standard_task_runner.py:72} INFO - Started process 90078 to run task
[2026-05-15T22:53:56.458+0700] {task_command.py:467} INFO - Running <TaskInstance: dag_nyc_taxi_etl.log_result manual__2026-05-15T15:53:48.270169+00:00 [running]> on host najmas-mac-air.local
[2026-05-15T22:53:56.518+0700] {taskinstance.py:3132} INFO - Exporting env vars: AIRFLOW_CTX_DAG_OWNER='najma' AIRFLOW_CTX_DAG_ID='dag_nyc_taxi_etl' AIRFLOW_CTX_TASK_ID='log_result' AIRFLOW_CTX_EXECUTION_DATE='2026-05-15T15:53:48.270169+00:00' AIRFLOW_CTX_TRY_NUMBER='1' AIRFLOW_CTX_DAG_RUN_ID='manual__2026-05-15T15:53:48.270169+00:00'
[2026-05-15T22:53:56.519+0700] {logging_mixin.py:190} INFO - Task instance is in running state
[2026-05-15T22:53:56.519+0700] {logging_mixin.py:190} INFO -  Previous state of the Task instance: queued
[2026-05-15T22:53:56.520+0700] {logging_mixin.py:190} INFO - Current task name:log_result state:running start_date:2026-05-15 15:53:56.376726+00:00
[2026-05-15T22:53:56.520+0700] {logging_mixin.py:190} INFO - Dag name:dag_nyc_taxi_etl and current dag run status:running
[2026-05-15T22:53:56.520+0700] {taskinstance.py:731} INFO - ::endgroup::
[2026-05-15T22:53:56.520+0700] {sql.py:278} INFO - Executing: 
            INSERT INTO pipeline_log (run_date, status)
            VALUES ('2026-05-15', 'NYC_TAXI_ETL_COMPLETE');
        
[2026-05-15T22:53:56.528+0700] {base.py:84} INFO - Retrieving connection 'postgres_latihan_de'
[2026-05-15T22:53:56.537+0700] {base.py:84} INFO - Retrieving connection 'postgres_latihan_de'
[2026-05-15T22:53:56.541+0700] {sql.py:553} INFO - Running statement: 
            INSERT INTO pipeline_log (run_date, status)
            VALUES ('2026-05-15', 'NYC_TAXI_ETL_COMPLETE');
        , parameters: None
[2026-05-15T22:53:56.542+0700] {taskinstance.py:3311} ERROR - Task failed with exception
Traceback (most recent call last):
  File "/Users/najma/de_learning/bulan_2/airflow_project/venv_airflow/lib/python3.12/site-packages/airflow/models/taskinstance.py", line 767, in _execute_task
    result = _execute_callable(context=context, **execute_callable_kwargs)
             ^^^^^^^^^^^^^^^^^^^^^^^^^^^^^^^^^^^^^^^^^^^^^^^^^^^^^^^^^^^^^
  File "/Users/najma/de_learning/bulan_2/airflow_project/venv_airflow/lib/python3.12/site-packages/airflow/models/taskinstance.py", line 733, in _execute_callable
    return ExecutionCallableRunner(
           ^^^^^^^^^^^^^^^^^^^^^^^^
  File "/Users/najma/de_learning/bulan_2/airflow_project/venv_airflow/lib/python3.12/site-packages/airflow/utils/operator_helpers.py", line 252, in run
    return self.func(*args, **kwargs)
           ^^^^^^^^^^^^^^^^^^^^^^^^^^
  File "/Users/najma/de_learning/bulan_2/airflow_project/venv_airflow/lib/python3.12/site-packages/airflow/models/baseoperator.py", line 422, in wrapper
    return func(self, *args, **kwargs)
           ^^^^^^^^^^^^^^^^^^^^^^^^^^^
  File "/Users/najma/de_learning/bulan_2/airflow_project/venv_airflow/lib/python3.12/site-packages/airflow/providers/common/sql/operators/sql.py", line 284, in execute
    output = hook.run(
             ^^^^^^^^^
  File "/Users/najma/de_learning/bulan_2/airflow_project/venv_airflow/lib/python3.12/site-packages/airflow/providers/common/sql/hooks/sql.py", line 498, in run
    self._run_command(cur, sql_statement, parameters)
  File "/Users/najma/de_learning/bulan_2/airflow_project/venv_airflow/lib/python3.12/site-packages/airflow/providers/common/sql/hooks/sql.py", line 558, in _run_command
    cur.execute(sql_statement)
psycopg2.errors.StringDataRightTruncation: value too long for type character varying(20)

[2026-05-15T22:53:56.556+0700] {logging_mixin.py:190} INFO - Task instance in failure state
[2026-05-15T22:53:56.557+0700] {logging_mixin.py:190} INFO - Task start:2026-05-15 15:53:56.376726+00:00 end:2026-05-15 15:53:56.556491+00:00 duration:0.179765
[2026-05-15T22:53:56.557+0700] {logging_mixin.py:190} INFO - Task:<Task(PostgresOperator): log_result> dag:<DAG: dag_nyc_taxi_etl> dagrun:<DagRun dag_nyc_taxi_etl @ 2026-05-15 15:53:48.270169+00:00: manual__2026-05-15T15:53:48.270169+00:00, state:running, queued_at: 2026-05-15 15:53:48.281252+00:00. externally triggered: True>
[2026-05-15T22:53:56.557+0700] {logging_mixin.py:190} INFO - Failure caused by value too long for type character varying(20)
[2026-05-15T22:53:56.558+0700] {taskinstance.py:1225} INFO - Marking task as UP_FOR_RETRY. dag_id=dag_nyc_taxi_etl, task_id=log_result, run_id=manual__2026-05-15T15:53:48.270169+00:00, execution_date=20260515T155348, start_date=20260515T155356, end_date=20260515T155356
[2026-05-15T22:53:56.571+0700] {taskinstance.py:340} INFO - ::group::Post task execution logs
[2026-05-15T22:53:56.572+0700] {standard_task_runner.py:124} ERROR - Failed to execute job 56 for task log_result (value too long for type character varying(20)
; 90078)
Traceback (most recent call last):
  File "/Users/najma/de_learning/bulan_2/airflow_project/venv_airflow/lib/python3.12/site-packages/airflow/task/task_runner/standard_task_runner.py", line 117, in _start_by_fork
    ret = args.func(args, dag=self.dag)
          ^^^^^^^^^^^^^^^^^^^^^^^^^^^^^
  File "/Users/najma/de_learning/bulan_2/airflow_project/venv_airflow/lib/python3.12/site-packages/airflow/cli/cli_config.py", line 49, in command
    return func(*args, **kwargs)
           ^^^^^^^^^^^^^^^^^^^^^
  File "/Users/najma/de_learning/bulan_2/airflow_project/venv_airflow/lib/python3.12/site-packages/airflow/utils/cli.py", line 116, in wrapper
    return f(*args, **kwargs)
           ^^^^^^^^^^^^^^^^^^
  File "/Users/najma/de_learning/bulan_2/airflow_project/venv_airflow/lib/python3.12/site-packages/airflow/cli/commands/task_command.py", line 483, in task_run
    task_return_code = _run_task_by_selected_method(args, _dag, ti)
                       ^^^^^^^^^^^^^^^^^^^^^^^^^^^^^^^^^^^^^^^^^^^^
  File "/Users/najma/de_learning/bulan_2/airflow_project/venv_airflow/lib/python3.12/site-packages/airflow/cli/commands/task_command.py", line 256, in _run_task_by_selected_method
    return _run_raw_task(args, ti)
           ^^^^^^^^^^^^^^^^^^^^^^^
  File "/Users/najma/de_learning/bulan_2/airflow_project/venv_airflow/lib/python3.12/site-packages/airflow/cli/commands/task_command.py", line 341, in _run_raw_task
    return ti._run_raw_task(
           ^^^^^^^^^^^^^^^^^
  File "/Users/najma/de_learning/bulan_2/airflow_project/venv_airflow/lib/python3.12/site-packages/airflow/utils/session.py", line 97, in wrapper
    return func(*args, session=session, **kwargs)
           ^^^^^^^^^^^^^^^^^^^^^^^^^^^^^^^^^^^^^^
  File "/Users/najma/de_learning/bulan_2/airflow_project/venv_airflow/lib/python3.12/site-packages/airflow/models/taskinstance.py", line 3005, in _run_raw_task
    return _run_raw_task(
           ^^^^^^^^^^^^^^
  File "/Users/najma/de_learning/bulan_2/airflow_project/venv_airflow/lib/python3.12/site-packages/airflow/models/taskinstance.py", line 273, in _run_raw_task
    TaskInstance._execute_task_with_callbacks(
  File "/Users/najma/de_learning/bulan_2/airflow_project/venv_airflow/lib/python3.12/site-packages/airflow/models/taskinstance.py", line 3159, in _execute_task_with_callbacks
    result = self._execute_task(context, task_orig)
             ^^^^^^^^^^^^^^^^^^^^^^^^^^^^^^^^^^^^^^
  File "/Users/najma/de_learning/bulan_2/airflow_project/venv_airflow/lib/python3.12/site-packages/airflow/models/taskinstance.py", line 3183, in _execute_task
    return _execute_task(self, context, task_orig)
           ^^^^^^^^^^^^^^^^^^^^^^^^^^^^^^^^^^^^^^^
  File "/Users/najma/de_learning/bulan_2/airflow_project/venv_airflow/lib/python3.12/site-packages/airflow/models/taskinstance.py", line 767, in _execute_task
    result = _execute_callable(context=context, **execute_callable_kwargs)
             ^^^^^^^^^^^^^^^^^^^^^^^^^^^^^^^^^^^^^^^^^^^^^^^^^^^^^^^^^^^^^
  File "/Users/najma/de_learning/bulan_2/airflow_project/venv_airflow/lib/python3.12/site-packages/airflow/models/taskinstance.py", line 733, in _execute_callable
    return ExecutionCallableRunner(
           ^^^^^^^^^^^^^^^^^^^^^^^^
  File "/Users/najma/de_learning/bulan_2/airflow_project/venv_airflow/lib/python3.12/site-packages/airflow/utils/operator_helpers.py", line 252, in run
    return self.func(*args, **kwargs)
           ^^^^^^^^^^^^^^^^^^^^^^^^^^
  File "/Users/najma/de_learning/bulan_2/airflow_project/venv_airflow/lib/python3.12/site-packages/airflow/models/baseoperator.py", line 422, in wrapper
    return func(self, *args, **kwargs)
           ^^^^^^^^^^^^^^^^^^^^^^^^^^^
  File "/Users/najma/de_learning/bulan_2/airflow_project/venv_airflow/lib/python3.12/site-packages/airflow/providers/common/sql/operators/sql.py", line 284, in execute
    output = hook.run(
             ^^^^^^^^^
  File "/Users/najma/de_learning/bulan_2/airflow_project/venv_airflow/lib/python3.12/site-packages/airflow/providers/common/sql/hooks/sql.py", line 498, in run
    self._run_command(cur, sql_statement, parameters)
  File "/Users/najma/de_learning/bulan_2/airflow_project/venv_airflow/lib/python3.12/site-packages/airflow/providers/common/sql/hooks/sql.py", line 558, in _run_command
    cur.execute(sql_statement)
psycopg2.errors.StringDataRightTruncation: value too long for type character varying(20)

[2026-05-15T22:53:56.598+0700] {local_task_job_runner.py:266} INFO - Task exited with return code 1
[2026-05-15T22:53:56.617+0700] {taskinstance.py:3895} INFO - 0 downstream tasks scheduled from follow-on schedule check
[2026-05-15T22:53:56.618+0700] {local_task_job_runner.py:245} INFO - ::endgroup::
