[2026-05-15T23:00:51.859+0700] {local_task_job_runner.py:123} INFO - ::group::Pre task execution logs
[2026-05-15T23:00:51.880+0700] {taskinstance.py:2613} INFO - Dependencies all met for dep_context=non-requeueable deps ti=<TaskInstance: dag_nyc_taxi_etl.extract manual__2026-05-15T16:00:49.430126+00:00 [queued]>
[2026-05-15T23:00:51.885+0700] {taskinstance.py:2613} INFO - Dependencies all met for dep_context=requeueable deps ti=<TaskInstance: dag_nyc_taxi_etl.extract manual__2026-05-15T16:00:49.430126+00:00 [queued]>
[2026-05-15T23:00:51.885+0700] {taskinstance.py:2866} INFO - Starting attempt 1 of 3
[2026-05-15T23:00:51.895+0700] {taskinstance.py:2889} INFO - Executing <Task(PythonOperator): extract> on 2026-05-15 16:00:49.430126+00:00
[2026-05-15T23:00:51.901+0700] {logging_mixin.py:190} WARNING - /Users/najma/de_learning/bulan_2/airflow_project/venv_airflow/lib/python3.12/site-packages/airflow/task/task_runner/standard_task_runner.py:70 DeprecationWarning: This process (pid=92387) is multi-threaded, use of fork() may lead to deadlocks in the child.
[2026-05-15T23:00:51.902+0700] {standard_task_runner.py:72} INFO - Started process 92403 to run task
[2026-05-15T23:00:51.900+0700] {standard_task_runner.py:104} INFO - Running: ['airflow', 'tasks', 'run', 'dag_nyc_taxi_etl', 'extract', 'manual__2026-05-15T16:00:49.430126+00:00', '--job-id', '63', '--raw', '--subdir', 'DAGS_FOLDER/dag_nyc_taxi_etl.py', '--cfg-path', '/var/folders/zq/v7f__6w503x14tv39kvk6x580000gq/T/tmpcjcccvta']
[2026-05-15T23:00:51.902+0700] {standard_task_runner.py:105} INFO - Job 63: Subtask extract
[2026-05-15T23:00:51.958+0700] {task_command.py:467} INFO - Running <TaskInstance: dag_nyc_taxi_etl.extract manual__2026-05-15T16:00:49.430126+00:00 [running]> on host najmas-mac-air.local
[2026-05-15T23:00:52.040+0700] {taskinstance.py:3132} INFO - Exporting env vars: AIRFLOW_CTX_DAG_OWNER='najma' AIRFLOW_CTX_DAG_ID='dag_nyc_taxi_etl' AIRFLOW_CTX_TASK_ID='extract' AIRFLOW_CTX_EXECUTION_DATE='2026-05-15T16:00:49.430126+00:00' AIRFLOW_CTX_TRY_NUMBER='1' AIRFLOW_CTX_DAG_RUN_ID='manual__2026-05-15T16:00:49.430126+00:00'
[2026-05-15T23:00:52.041+0700] {logging_mixin.py:190} INFO - Task instance is in running state
[2026-05-15T23:00:52.041+0700] {logging_mixin.py:190} INFO -  Previous state of the Task instance: queued
[2026-05-15T23:00:52.042+0700] {logging_mixin.py:190} INFO - Current task name:extract state:running start_date:2026-05-15 16:00:51.880396+00:00
[2026-05-15T23:00:52.042+0700] {logging_mixin.py:190} INFO - Dag name:dag_nyc_taxi_etl and current dag run status:running
[2026-05-15T23:00:52.042+0700] {taskinstance.py:731} INFO - ::endgroup::
[2026-05-15T23:00:52.048+0700] {dag_nyc_taxi_etl.py:50} INFO - Extracted 1500 rows from CSV
[2026-05-15T23:00:52.064+0700] {python.py:240} INFO - Done. Returned value was: 1500
[2026-05-15T23:00:52.088+0700] {taskinstance.py:340} INFO - ::group::Post task execution logs
[2026-05-15T23:00:52.089+0700] {taskinstance.py:352} INFO - Marking task as SUCCESS. dag_id=dag_nyc_taxi_etl, task_id=extract, run_id=manual__2026-05-15T16:00:49.430126+00:00, execution_date=20260515T160049, start_date=20260515T160051, end_date=20260515T160052
[2026-05-15T23:00:52.102+0700] {logging_mixin.py:190} INFO - Task instance in success state
[2026-05-15T23:00:52.102+0700] {logging_mixin.py:190} INFO -  Previous state of the Task instance: running
[2026-05-15T23:00:52.103+0700] {logging_mixin.py:190} INFO - Dag name:dag_nyc_taxi_etl queued_at:2026-05-15 16:00:49.442658+00:00
[2026-05-15T23:00:52.103+0700] {logging_mixin.py:190} INFO - Task hostname:najmas-mac-air.local operator:PythonOperator
[2026-05-15T23:00:52.146+0700] {local_task_job_runner.py:266} INFO - Task exited with return code 0
[2026-05-15T23:00:52.172+0700] {taskinstance.py:3895} INFO - 1 downstream tasks scheduled from follow-on schedule check
[2026-05-15T23:00:52.173+0700] {local_task_job_runner.py:245} INFO - ::endgroup::
