[2026-05-15T09:47:33.360+0700] {local_task_job_runner.py:123} INFO - ::group::Pre task execution logs
[2026-05-15T09:47:33.375+0700] {taskinstance.py:2613} INFO - Dependencies all met for dep_context=non-requeueable deps ti=<TaskInstance: dag_three_operators.check_disk_space manual__2026-05-15T02:47:28.968584+00:00 [queued]>
[2026-05-15T09:47:33.388+0700] {taskinstance.py:2613} INFO - Dependencies all met for dep_context=requeueable deps ti=<TaskInstance: dag_three_operators.check_disk_space manual__2026-05-15T02:47:28.968584+00:00 [queued]>
[2026-05-15T09:47:33.388+0700] {taskinstance.py:2866} INFO - Starting attempt 1 of 2
[2026-05-15T09:47:33.396+0700] {taskinstance.py:2889} INFO - Executing <Task(BashOperator): check_disk_space> on 2026-05-15 02:47:28.968584+00:00
[2026-05-15T09:47:33.401+0700] {standard_task_runner.py:104} INFO - Running: ['airflow', 'tasks', 'run', 'dag_three_operators', 'check_disk_space', 'manual__2026-05-15T02:47:28.968584+00:00', '--job-id', '3', '--raw', '--subdir', 'DAGS_FOLDER/dag_three_operators.py', '--cfg-path', '/var/folders/zq/v7f__6w503x14tv39kvk6x580000gq/T/tmp3ubshumm']
[2026-05-15T09:47:33.401+0700] {logging_mixin.py:190} WARNING - /Users/najma/de_learning/bulan_2/airflow_project/venv_airflow/lib/python3.12/site-packages/airflow/task/task_runner/standard_task_runner.py:70 DeprecationWarning: This process (pid=35599) is multi-threaded, use of fork() may lead to deadlocks in the child.
[2026-05-15T09:47:33.402+0700] {standard_task_runner.py:105} INFO - Job 3: Subtask check_disk_space
[2026-05-15T09:47:33.402+0700] {standard_task_runner.py:72} INFO - Started process 35617 to run task
[2026-05-15T09:47:33.442+0700] {task_command.py:467} INFO - Running <TaskInstance: dag_three_operators.check_disk_space manual__2026-05-15T02:47:28.968584+00:00 [running]> on host najmas-mac-air.local
[2026-05-15T09:47:33.505+0700] {taskinstance.py:3132} INFO - Exporting env vars: AIRFLOW_CTX_DAG_OWNER='najma' AIRFLOW_CTX_DAG_ID='dag_three_operators' AIRFLOW_CTX_TASK_ID='check_disk_space' AIRFLOW_CTX_EXECUTION_DATE='2026-05-15T02:47:28.968584+00:00' AIRFLOW_CTX_TRY_NUMBER='1' AIRFLOW_CTX_DAG_RUN_ID='manual__2026-05-15T02:47:28.968584+00:00'
[2026-05-15T09:47:33.506+0700] {logging_mixin.py:190} INFO - Task instance is in running state
[2026-05-15T09:47:33.506+0700] {logging_mixin.py:190} INFO -  Previous state of the Task instance: queued
[2026-05-15T09:47:33.506+0700] {logging_mixin.py:190} INFO - Current task name:check_disk_space state:running start_date:2026-05-15 02:47:33.375660+00:00
[2026-05-15T09:47:33.506+0700] {logging_mixin.py:190} INFO - Dag name:dag_three_operators and current dag run status:running
[2026-05-15T09:47:33.507+0700] {taskinstance.py:731} INFO - ::endgroup::
[2026-05-15T09:47:33.507+0700] {subprocess.py:78} INFO - Tmp dir root location: /var/folders/zq/v7f__6w503x14tv39kvk6x580000gq/T
[2026-05-15T09:47:33.508+0700] {subprocess.py:88} INFO - Running command: ['/bin/bash', '-c', 'df -h / | tail -1']
[2026-05-15T09:47:33.512+0700] {subprocess.py:99} INFO - Output:
[2026-05-15T09:47:33.517+0700] {subprocess.py:106} INFO - /dev/disk3s1s1  228Gi   12Gi   32Gi    28%  349475 337354000    0%   /
[2026-05-15T09:47:33.517+0700] {subprocess.py:110} INFO - Command exited with return code 0
[2026-05-15T09:47:33.545+0700] {taskinstance.py:340} INFO - ::group::Post task execution logs
[2026-05-15T09:47:33.546+0700] {taskinstance.py:352} INFO - Marking task as SUCCESS. dag_id=dag_three_operators, task_id=check_disk_space, run_id=manual__2026-05-15T02:47:28.968584+00:00, execution_date=20260515T024728, start_date=20260515T024733, end_date=20260515T024733
[2026-05-15T09:47:33.556+0700] {logging_mixin.py:190} INFO - Task instance in success state
[2026-05-15T09:47:33.556+0700] {logging_mixin.py:190} INFO -  Previous state of the Task instance: running
[2026-05-15T09:47:33.557+0700] {logging_mixin.py:190} INFO - Dag name:dag_three_operators queued_at:2026-05-15 02:47:28.987606+00:00
[2026-05-15T09:47:33.557+0700] {logging_mixin.py:190} INFO - Task hostname:najmas-mac-air.local operator:BashOperator
[2026-05-15T09:47:33.601+0700] {local_task_job_runner.py:266} INFO - Task exited with return code 0
[2026-05-15T09:47:33.625+0700] {taskinstance.py:3895} INFO - 1 downstream tasks scheduled from follow-on schedule check
[2026-05-15T09:47:33.625+0700] {local_task_job_runner.py:245} INFO - ::endgroup::
