[2026-05-13T12:14:38.492+0700] {processor.py:186} INFO - Started process (PID=6552) to work on /Users/najma/de_learning/bulan_2/airflow_project/venv_airflow/lib/python3.12/site-packages/airflow/example_dags/subdags/subdag.py
[2026-05-13T12:14:38.492+0700] {processor.py:914} INFO - Processing file /Users/najma/de_learning/bulan_2/airflow_project/venv_airflow/lib/python3.12/site-packages/airflow/example_dags/subdags/subdag.py for tasks to queue
[2026-05-13T12:14:38.493+0700] {logging_mixin.py:190} INFO - [2026-05-13T12:14:38.493+0700] {dagbag.py:588} INFO - Filling up the DagBag from /Users/najma/de_learning/bulan_2/airflow_project/venv_airflow/lib/python3.12/site-packages/airflow/example_dags/subdags/subdag.py
[2026-05-13T12:14:38.494+0700] {processor.py:927} WARNING - No viable dags retrieved from /Users/najma/de_learning/bulan_2/airflow_project/venv_airflow/lib/python3.12/site-packages/airflow/example_dags/subdags/subdag.py
[2026-05-13T12:14:38.541+0700] {processor.py:208} INFO - Processing /Users/najma/de_learning/bulan_2/airflow_project/venv_airflow/lib/python3.12/site-packages/airflow/example_dags/subdags/subdag.py took 0.051 seconds
[2026-05-13T12:16:44.761+0700] {processor.py:186} INFO - Started process (PID=7456) to work on /Users/najma/de_learning/bulan_2/airflow_project/venv_airflow/lib/python3.12/site-packages/airflow/example_dags/subdags/subdag.py
[2026-05-13T12:16:44.762+0700] {processor.py:914} INFO - Processing file /Users/najma/de_learning/bulan_2/airflow_project/venv_airflow/lib/python3.12/site-packages/airflow/example_dags/subdags/subdag.py for tasks to queue
[2026-05-13T12:16:44.763+0700] {logging_mixin.py:190} INFO - [2026-05-13T12:16:44.763+0700] {dagbag.py:588} INFO - Filling up the DagBag from /Users/najma/de_learning/bulan_2/airflow_project/venv_airflow/lib/python3.12/site-packages/airflow/example_dags/subdags/subdag.py
[2026-05-13T12:16:44.764+0700] {processor.py:927} WARNING - No viable dags retrieved from /Users/najma/de_learning/bulan_2/airflow_project/venv_airflow/lib/python3.12/site-packages/airflow/example_dags/subdags/subdag.py
[2026-05-13T12:16:44.812+0700] {processor.py:208} INFO - Processing /Users/najma/de_learning/bulan_2/airflow_project/venv_airflow/lib/python3.12/site-packages/airflow/example_dags/subdags/subdag.py took 0.052 seconds
[2026-05-13T12:18:11.874+0700] {processor.py:186} INFO - Started process (PID=7558) to work on /Users/najma/de_learning/bulan_2/airflow_project/venv_airflow/lib/python3.12/site-packages/airflow/example_dags/subdags/subdag.py
[2026-05-13T12:18:11.875+0700] {processor.py:914} INFO - Processing file /Users/najma/de_learning/bulan_2/airflow_project/venv_airflow/lib/python3.12/site-packages/airflow/example_dags/subdags/subdag.py for tasks to queue
[2026-05-13T12:18:11.876+0700] {logging_mixin.py:190} INFO - [2026-05-13T12:18:11.876+0700] {dagbag.py:588} INFO - Filling up the DagBag from /Users/najma/de_learning/bulan_2/airflow_project/venv_airflow/lib/python3.12/site-packages/airflow/example_dags/subdags/subdag.py
[2026-05-13T12:18:11.877+0700] {processor.py:927} WARNING - No viable dags retrieved from /Users/najma/de_learning/bulan_2/airflow_project/venv_airflow/lib/python3.12/site-packages/airflow/example_dags/subdags/subdag.py
[2026-05-13T12:18:11.925+0700] {processor.py:208} INFO - Processing /Users/najma/de_learning/bulan_2/airflow_project/venv_airflow/lib/python3.12/site-packages/airflow/example_dags/subdags/subdag.py took 0.053 seconds
[2026-05-13T12:19:37.547+0700] {processor.py:186} INFO - Started process (PID=7847) to work on /Users/najma/de_learning/bulan_2/airflow_project/venv_airflow/lib/python3.12/site-packages/airflow/example_dags/subdags/subdag.py
[2026-05-13T12:19:37.548+0700] {processor.py:914} INFO - Processing file /Users/najma/de_learning/bulan_2/airflow_project/venv_airflow/lib/python3.12/site-packages/airflow/example_dags/subdags/subdag.py for tasks to queue
[2026-05-13T12:19:37.549+0700] {logging_mixin.py:190} INFO - [2026-05-13T12:19:37.549+0700] {dagbag.py:588} INFO - Filling up the DagBag from /Users/najma/de_learning/bulan_2/airflow_project/venv_airflow/lib/python3.12/site-packages/airflow/example_dags/subdags/subdag.py
[2026-05-13T12:19:37.550+0700] {processor.py:927} WARNING - No viable dags retrieved from /Users/najma/de_learning/bulan_2/airflow_project/venv_airflow/lib/python3.12/site-packages/airflow/example_dags/subdags/subdag.py
[2026-05-13T12:19:37.597+0700] {processor.py:208} INFO - Processing /Users/najma/de_learning/bulan_2/airflow_project/venv_airflow/lib/python3.12/site-packages/airflow/example_dags/subdags/subdag.py took 0.052 seconds
[2026-05-13T12:21:04.400+0700] {processor.py:186} INFO - Started process (PID=7959) to work on /Users/najma/de_learning/bulan_2/airflow_project/venv_airflow/lib/python3.12/site-packages/airflow/example_dags/subdags/subdag.py
[2026-05-13T12:21:04.401+0700] {processor.py:914} INFO - Processing file /Users/najma/de_learning/bulan_2/airflow_project/venv_airflow/lib/python3.12/site-packages/airflow/example_dags/subdags/subdag.py for tasks to queue
[2026-05-13T12:21:04.402+0700] {logging_mixin.py:190} INFO - [2026-05-13T12:21:04.402+0700] {dagbag.py:588} INFO - Filling up the DagBag from /Users/najma/de_learning/bulan_2/airflow_project/venv_airflow/lib/python3.12/site-packages/airflow/example_dags/subdags/subdag.py
[2026-05-13T12:21:04.403+0700] {processor.py:927} WARNING - No viable dags retrieved from /Users/najma/de_learning/bulan_2/airflow_project/venv_airflow/lib/python3.12/site-packages/airflow/example_dags/subdags/subdag.py
[2026-05-13T12:21:04.450+0700] {processor.py:208} INFO - Processing /Users/najma/de_learning/bulan_2/airflow_project/venv_airflow/lib/python3.12/site-packages/airflow/example_dags/subdags/subdag.py took 0.052 seconds
[2026-05-13T12:22:30.214+0700] {processor.py:186} INFO - Started process (PID=8071) to work on /Users/najma/de_learning/bulan_2/airflow_project/venv_airflow/lib/python3.12/site-packages/airflow/example_dags/subdags/subdag.py
[2026-05-13T12:22:30.216+0700] {processor.py:914} INFO - Processing file /Users/najma/de_learning/bulan_2/airflow_project/venv_airflow/lib/python3.12/site-packages/airflow/example_dags/subdags/subdag.py for tasks to queue
[2026-05-13T12:22:30.216+0700] {logging_mixin.py:190} INFO - [2026-05-13T12:22:30.216+0700] {dagbag.py:588} INFO - Filling up the DagBag from /Users/najma/de_learning/bulan_2/airflow_project/venv_airflow/lib/python3.12/site-packages/airflow/example_dags/subdags/subdag.py
[2026-05-13T12:22:30.218+0700] {processor.py:927} WARNING - No viable dags retrieved from /Users/najma/de_learning/bulan_2/airflow_project/venv_airflow/lib/python3.12/site-packages/airflow/example_dags/subdags/subdag.py
[2026-05-13T12:22:30.265+0700] {processor.py:208} INFO - Processing /Users/najma/de_learning/bulan_2/airflow_project/venv_airflow/lib/python3.12/site-packages/airflow/example_dags/subdags/subdag.py took 0.052 seconds
[2026-05-13T12:23:56.477+0700] {processor.py:186} INFO - Started process (PID=8166) to work on /Users/najma/de_learning/bulan_2/airflow_project/venv_airflow/lib/python3.12/site-packages/airflow/example_dags/subdags/subdag.py
[2026-05-13T12:23:56.478+0700] {processor.py:914} INFO - Processing file /Users/najma/de_learning/bulan_2/airflow_project/venv_airflow/lib/python3.12/site-packages/airflow/example_dags/subdags/subdag.py for tasks to queue
[2026-05-13T12:23:56.479+0700] {logging_mixin.py:190} INFO - [2026-05-13T12:23:56.479+0700] {dagbag.py:588} INFO - Filling up the DagBag from /Users/najma/de_learning/bulan_2/airflow_project/venv_airflow/lib/python3.12/site-packages/airflow/example_dags/subdags/subdag.py
[2026-05-13T12:23:56.480+0700] {processor.py:927} WARNING - No viable dags retrieved from /Users/najma/de_learning/bulan_2/airflow_project/venv_airflow/lib/python3.12/site-packages/airflow/example_dags/subdags/subdag.py
[2026-05-13T12:23:56.527+0700] {processor.py:208} INFO - Processing /Users/najma/de_learning/bulan_2/airflow_project/venv_airflow/lib/python3.12/site-packages/airflow/example_dags/subdags/subdag.py took 0.051 seconds
