[2026-05-15T12:32:39.075+0700] {local_task_job_runner.py:123} INFO - ::group::Pre task execution logs
[2026-05-15T12:32:39.090+0700] {taskinstance.py:2613} INFO - Dependencies all met for dep_context=non-requeueable deps ti=<TaskInstance: dag_branch_practice.check_data_quality manual__2026-05-15T05:32:34.843133+00:00 [queued]>
[2026-05-15T12:32:39.096+0700] {taskinstance.py:2613} INFO - Dependencies all met for dep_context=requeueable deps ti=<TaskInstance: dag_branch_practice.check_data_quality manual__2026-05-15T05:32:34.843133+00:00 [queued]>
[2026-05-15T12:32:39.097+0700] {taskinstance.py:2866} INFO - Starting attempt 1 of 3
[2026-05-15T12:32:39.107+0700] {taskinstance.py:2889} INFO - Executing <Task(BranchPythonOperator): check_data_quality> on 2026-05-15 05:32:34.843133+00:00
[2026-05-15T12:32:39.112+0700] {standard_task_runner.py:104} INFO - Running: ['airflow', 'tasks', 'run', 'dag_branch_practice', 'check_data_quality', 'manual__2026-05-15T05:32:34.843133+00:00', '--job-id', '40', '--raw', '--subdir', 'DAGS_FOLDER/dag_branch_practice.py', '--cfg-path', '/var/folders/zq/v7f__6w503x14tv39kvk6x580000gq/T/tmpyaqjm15c']
[2026-05-15T12:32:39.113+0700] {logging_mixin.py:190} WARNING - /Users/najma/de_learning/bulan_2/airflow_project/venv_airflow/lib/python3.12/site-packages/airflow/task/task_runner/standard_task_runner.py:70 DeprecationWarning: This process (pid=79378) is multi-threaded, use of fork() may lead to deadlocks in the child.
[2026-05-15T12:32:39.114+0700] {standard_task_runner.py:72} INFO - Started process 79391 to run task
[2026-05-15T12:32:39.113+0700] {standard_task_runner.py:105} INFO - Job 40: Subtask check_data_quality
[2026-05-15T12:32:39.160+0700] {task_command.py:467} INFO - Running <TaskInstance: dag_branch_practice.check_data_quality manual__2026-05-15T05:32:34.843133+00:00 [running]> on host najmas-mac-air.local
[2026-05-15T12:32:39.239+0700] {taskinstance.py:3132} INFO - Exporting env vars: AIRFLOW_CTX_DAG_OWNER='najma' AIRFLOW_CTX_DAG_ID='dag_branch_practice' AIRFLOW_CTX_TASK_ID='check_data_quality' AIRFLOW_CTX_EXECUTION_DATE='2026-05-15T05:32:34.843133+00:00' AIRFLOW_CTX_TRY_NUMBER='1' AIRFLOW_CTX_DAG_RUN_ID='manual__2026-05-15T05:32:34.843133+00:00'
[2026-05-15T12:32:39.240+0700] {logging_mixin.py:190} INFO - Task instance is in running state
[2026-05-15T12:32:39.240+0700] {logging_mixin.py:190} INFO -  Previous state of the Task instance: queued
[2026-05-15T12:32:39.240+0700] {logging_mixin.py:190} INFO - Current task name:check_data_quality state:running start_date:2026-05-15 05:32:39.090266+00:00
[2026-05-15T12:32:39.241+0700] {logging_mixin.py:190} INFO - Dag name:dag_branch_practice and current dag run status:running
[2026-05-15T12:32:39.241+0700] {taskinstance.py:731} INFO - ::endgroup::
[2026-05-15T12:32:39.241+0700] {baseoperator.py:421} WARNING - BranchPythonOperator.execute cannot be called outside TaskInstance!
[2026-05-15T12:32:39.251+0700] {dag_branch_practice.py:48} INFO - Checking quality: 500 rows
[2026-05-15T12:32:39.252+0700] {python.py:240} INFO - Done. Returned value was: handle_empty_data
[2026-05-15T12:32:39.252+0700] {branch.py:38} INFO - Branch into handle_empty_data
[2026-05-15T12:32:39.252+0700] {skipmixin.py:230} INFO - Following branch ('handle_empty_data',)
[2026-05-15T12:32:39.262+0700] {skipmixin.py:278} INFO - Skipping tasks [('process_data', -1)]
[2026-05-15T12:32:39.293+0700] {taskinstance.py:340} INFO - ::group::Post task execution logs
[2026-05-15T12:32:39.293+0700] {taskinstance.py:352} INFO - Marking task as SUCCESS. dag_id=dag_branch_practice, task_id=check_data_quality, run_id=manual__2026-05-15T05:32:34.843133+00:00, execution_date=20260515T053234, start_date=20260515T053239, end_date=20260515T053239
[2026-05-15T12:32:39.300+0700] {logging_mixin.py:190} INFO - Task instance in success state
[2026-05-15T12:32:39.301+0700] {logging_mixin.py:190} INFO -  Previous state of the Task instance: running
[2026-05-15T12:32:39.301+0700] {logging_mixin.py:190} INFO - Dag name:dag_branch_practice queued_at:2026-05-15 05:32:34.849380+00:00
[2026-05-15T12:32:39.301+0700] {logging_mixin.py:190} INFO - Task hostname:najmas-mac-air.local operator:BranchPythonOperator
[2026-05-15T12:32:39.313+0700] {local_task_job_runner.py:266} INFO - Task exited with return code 0
[2026-05-15T12:32:39.343+0700] {taskinstance.py:3895} INFO - 1 downstream tasks scheduled from follow-on schedule check
[2026-05-15T12:32:39.343+0700] {local_task_job_runner.py:245} INFO - ::endgroup::
